[2023-06-11T03:00:56.942+0000] {processor.py:153} INFO - Started process (PID=7749) to work on /usr/local/python/3.10.4/lib/python3.10/site-packages/airflow/example_dags/plugins/workday.py
[2023-06-11T03:00:56.944+0000] {processor.py:743} INFO - Processing file /usr/local/python/3.10.4/lib/python3.10/site-packages/airflow/example_dags/plugins/workday.py for tasks to queue
[2023-06-11T03:00:56.944+0000] {logging_mixin.py:137} INFO - [2023-06-11T03:00:56.944+0000] {dagbag.py:538} INFO - Filling up the DagBag from /usr/local/python/3.10.4/lib/python3.10/site-packages/airflow/example_dags/plugins/workday.py
[2023-06-11T03:00:56.947+0000] {processor.py:755} WARNING - No viable dags retrieved from /usr/local/python/3.10.4/lib/python3.10/site-packages/airflow/example_dags/plugins/workday.py
[2023-06-11T03:00:56.959+0000] {processor.py:175} INFO - Processing /usr/local/python/3.10.4/lib/python3.10/site-packages/airflow/example_dags/plugins/workday.py took 0.021 seconds
[2023-06-11T03:01:48.776+0000] {processor.py:153} INFO - Started process (PID=8116) to work on /usr/local/python/3.10.4/lib/python3.10/site-packages/airflow/example_dags/plugins/workday.py
[2023-06-11T03:01:48.777+0000] {processor.py:743} INFO - Processing file /usr/local/python/3.10.4/lib/python3.10/site-packages/airflow/example_dags/plugins/workday.py for tasks to queue
[2023-06-11T03:01:48.778+0000] {logging_mixin.py:137} INFO - [2023-06-11T03:01:48.778+0000] {dagbag.py:538} INFO - Filling up the DagBag from /usr/local/python/3.10.4/lib/python3.10/site-packages/airflow/example_dags/plugins/workday.py
[2023-06-11T03:01:48.780+0000] {processor.py:755} WARNING - No viable dags retrieved from /usr/local/python/3.10.4/lib/python3.10/site-packages/airflow/example_dags/plugins/workday.py
[2023-06-11T03:01:48.790+0000] {processor.py:175} INFO - Processing /usr/local/python/3.10.4/lib/python3.10/site-packages/airflow/example_dags/plugins/workday.py took 0.017 seconds
[2023-06-11T03:02:20.317+0000] {processor.py:153} INFO - Started process (PID=8337) to work on /usr/local/python/3.10.4/lib/python3.10/site-packages/airflow/example_dags/plugins/workday.py
[2023-06-11T03:02:20.318+0000] {processor.py:743} INFO - Processing file /usr/local/python/3.10.4/lib/python3.10/site-packages/airflow/example_dags/plugins/workday.py for tasks to queue
[2023-06-11T03:02:20.319+0000] {logging_mixin.py:137} INFO - [2023-06-11T03:02:20.319+0000] {dagbag.py:538} INFO - Filling up the DagBag from /usr/local/python/3.10.4/lib/python3.10/site-packages/airflow/example_dags/plugins/workday.py
[2023-06-11T03:02:20.321+0000] {processor.py:755} WARNING - No viable dags retrieved from /usr/local/python/3.10.4/lib/python3.10/site-packages/airflow/example_dags/plugins/workday.py
[2023-06-11T03:02:20.330+0000] {processor.py:175} INFO - Processing /usr/local/python/3.10.4/lib/python3.10/site-packages/airflow/example_dags/plugins/workday.py took 0.016 seconds
[2023-06-11T03:02:57.104+0000] {processor.py:153} INFO - Started process (PID=8618) to work on /usr/local/python/3.10.4/lib/python3.10/site-packages/airflow/example_dags/plugins/workday.py
[2023-06-11T03:02:57.105+0000] {processor.py:743} INFO - Processing file /usr/local/python/3.10.4/lib/python3.10/site-packages/airflow/example_dags/plugins/workday.py for tasks to queue
[2023-06-11T03:02:57.106+0000] {logging_mixin.py:137} INFO - [2023-06-11T03:02:57.106+0000] {dagbag.py:538} INFO - Filling up the DagBag from /usr/local/python/3.10.4/lib/python3.10/site-packages/airflow/example_dags/plugins/workday.py
[2023-06-11T03:02:57.108+0000] {processor.py:755} WARNING - No viable dags retrieved from /usr/local/python/3.10.4/lib/python3.10/site-packages/airflow/example_dags/plugins/workday.py
[2023-06-11T03:02:57.118+0000] {processor.py:175} INFO - Processing /usr/local/python/3.10.4/lib/python3.10/site-packages/airflow/example_dags/plugins/workday.py took 0.020 seconds
[2023-06-11T03:03:29.036+0000] {processor.py:153} INFO - Started process (PID=8847) to work on /usr/local/python/3.10.4/lib/python3.10/site-packages/airflow/example_dags/plugins/workday.py
[2023-06-11T03:03:29.037+0000] {processor.py:743} INFO - Processing file /usr/local/python/3.10.4/lib/python3.10/site-packages/airflow/example_dags/plugins/workday.py for tasks to queue
[2023-06-11T03:03:29.037+0000] {logging_mixin.py:137} INFO - [2023-06-11T03:03:29.037+0000] {dagbag.py:538} INFO - Filling up the DagBag from /usr/local/python/3.10.4/lib/python3.10/site-packages/airflow/example_dags/plugins/workday.py
[2023-06-11T03:03:29.039+0000] {processor.py:755} WARNING - No viable dags retrieved from /usr/local/python/3.10.4/lib/python3.10/site-packages/airflow/example_dags/plugins/workday.py
[2023-06-11T03:03:29.049+0000] {processor.py:175} INFO - Processing /usr/local/python/3.10.4/lib/python3.10/site-packages/airflow/example_dags/plugins/workday.py took 0.016 seconds
[2023-06-11T03:04:08.787+0000] {processor.py:153} INFO - Started process (PID=9146) to work on /usr/local/python/3.10.4/lib/python3.10/site-packages/airflow/example_dags/plugins/workday.py
[2023-06-11T03:04:08.788+0000] {processor.py:743} INFO - Processing file /usr/local/python/3.10.4/lib/python3.10/site-packages/airflow/example_dags/plugins/workday.py for tasks to queue
[2023-06-11T03:04:08.789+0000] {logging_mixin.py:137} INFO - [2023-06-11T03:04:08.789+0000] {dagbag.py:538} INFO - Filling up the DagBag from /usr/local/python/3.10.4/lib/python3.10/site-packages/airflow/example_dags/plugins/workday.py
[2023-06-11T03:04:08.791+0000] {processor.py:755} WARNING - No viable dags retrieved from /usr/local/python/3.10.4/lib/python3.10/site-packages/airflow/example_dags/plugins/workday.py
[2023-06-11T03:04:08.802+0000] {processor.py:175} INFO - Processing /usr/local/python/3.10.4/lib/python3.10/site-packages/airflow/example_dags/plugins/workday.py took 0.019 seconds
[2023-06-11T03:04:44.163+0000] {processor.py:153} INFO - Started process (PID=9399) to work on /usr/local/python/3.10.4/lib/python3.10/site-packages/airflow/example_dags/plugins/workday.py
[2023-06-11T03:04:44.164+0000] {processor.py:743} INFO - Processing file /usr/local/python/3.10.4/lib/python3.10/site-packages/airflow/example_dags/plugins/workday.py for tasks to queue
[2023-06-11T03:04:44.164+0000] {logging_mixin.py:137} INFO - [2023-06-11T03:04:44.164+0000] {dagbag.py:538} INFO - Filling up the DagBag from /usr/local/python/3.10.4/lib/python3.10/site-packages/airflow/example_dags/plugins/workday.py
[2023-06-11T03:04:44.166+0000] {processor.py:755} WARNING - No viable dags retrieved from /usr/local/python/3.10.4/lib/python3.10/site-packages/airflow/example_dags/plugins/workday.py
[2023-06-11T03:04:44.178+0000] {processor.py:175} INFO - Processing /usr/local/python/3.10.4/lib/python3.10/site-packages/airflow/example_dags/plugins/workday.py took 0.018 seconds
[2023-06-11T03:05:19.677+0000] {processor.py:153} INFO - Started process (PID=9779) to work on /usr/local/python/3.10.4/lib/python3.10/site-packages/airflow/example_dags/plugins/workday.py
[2023-06-11T03:05:19.678+0000] {processor.py:743} INFO - Processing file /usr/local/python/3.10.4/lib/python3.10/site-packages/airflow/example_dags/plugins/workday.py for tasks to queue
[2023-06-11T03:05:19.678+0000] {logging_mixin.py:137} INFO - [2023-06-11T03:05:19.678+0000] {dagbag.py:538} INFO - Filling up the DagBag from /usr/local/python/3.10.4/lib/python3.10/site-packages/airflow/example_dags/plugins/workday.py
[2023-06-11T03:05:19.681+0000] {processor.py:755} WARNING - No viable dags retrieved from /usr/local/python/3.10.4/lib/python3.10/site-packages/airflow/example_dags/plugins/workday.py
[2023-06-11T03:05:19.693+0000] {processor.py:175} INFO - Processing /usr/local/python/3.10.4/lib/python3.10/site-packages/airflow/example_dags/plugins/workday.py took 0.020 seconds
[2023-06-11T03:05:54.891+0000] {processor.py:153} INFO - Started process (PID=10042) to work on /usr/local/python/3.10.4/lib/python3.10/site-packages/airflow/example_dags/plugins/workday.py
[2023-06-11T03:05:54.892+0000] {processor.py:743} INFO - Processing file /usr/local/python/3.10.4/lib/python3.10/site-packages/airflow/example_dags/plugins/workday.py for tasks to queue
[2023-06-11T03:05:54.893+0000] {logging_mixin.py:137} INFO - [2023-06-11T03:05:54.893+0000] {dagbag.py:538} INFO - Filling up the DagBag from /usr/local/python/3.10.4/lib/python3.10/site-packages/airflow/example_dags/plugins/workday.py
[2023-06-11T03:05:54.895+0000] {processor.py:755} WARNING - No viable dags retrieved from /usr/local/python/3.10.4/lib/python3.10/site-packages/airflow/example_dags/plugins/workday.py
[2023-06-11T03:05:54.906+0000] {processor.py:175} INFO - Processing /usr/local/python/3.10.4/lib/python3.10/site-packages/airflow/example_dags/plugins/workday.py took 0.018 seconds
[2023-06-11T03:06:30.449+0000] {processor.py:153} INFO - Started process (PID=10428) to work on /usr/local/python/3.10.4/lib/python3.10/site-packages/airflow/example_dags/plugins/workday.py
[2023-06-11T03:06:30.449+0000] {processor.py:743} INFO - Processing file /usr/local/python/3.10.4/lib/python3.10/site-packages/airflow/example_dags/plugins/workday.py for tasks to queue
[2023-06-11T03:06:30.450+0000] {logging_mixin.py:137} INFO - [2023-06-11T03:06:30.450+0000] {dagbag.py:538} INFO - Filling up the DagBag from /usr/local/python/3.10.4/lib/python3.10/site-packages/airflow/example_dags/plugins/workday.py
[2023-06-11T03:06:30.452+0000] {processor.py:755} WARNING - No viable dags retrieved from /usr/local/python/3.10.4/lib/python3.10/site-packages/airflow/example_dags/plugins/workday.py
[2023-06-11T03:06:30.463+0000] {processor.py:175} INFO - Processing /usr/local/python/3.10.4/lib/python3.10/site-packages/airflow/example_dags/plugins/workday.py took 0.018 seconds
[2023-06-11T03:07:09.946+0000] {processor.py:153} INFO - Started process (PID=10811) to work on /usr/local/python/3.10.4/lib/python3.10/site-packages/airflow/example_dags/plugins/workday.py
[2023-06-11T03:07:09.947+0000] {processor.py:743} INFO - Processing file /usr/local/python/3.10.4/lib/python3.10/site-packages/airflow/example_dags/plugins/workday.py for tasks to queue
[2023-06-11T03:07:09.948+0000] {logging_mixin.py:137} INFO - [2023-06-11T03:07:09.948+0000] {dagbag.py:538} INFO - Filling up the DagBag from /usr/local/python/3.10.4/lib/python3.10/site-packages/airflow/example_dags/plugins/workday.py
[2023-06-11T03:07:09.950+0000] {processor.py:755} WARNING - No viable dags retrieved from /usr/local/python/3.10.4/lib/python3.10/site-packages/airflow/example_dags/plugins/workday.py
[2023-06-11T03:07:09.962+0000] {processor.py:175} INFO - Processing /usr/local/python/3.10.4/lib/python3.10/site-packages/airflow/example_dags/plugins/workday.py took 0.019 seconds
[2023-06-11T03:07:44.552+0000] {processor.py:153} INFO - Started process (PID=11121) to work on /usr/local/python/3.10.4/lib/python3.10/site-packages/airflow/example_dags/plugins/workday.py
[2023-06-11T03:07:44.553+0000] {processor.py:743} INFO - Processing file /usr/local/python/3.10.4/lib/python3.10/site-packages/airflow/example_dags/plugins/workday.py for tasks to queue
[2023-06-11T03:07:44.554+0000] {logging_mixin.py:137} INFO - [2023-06-11T03:07:44.553+0000] {dagbag.py:538} INFO - Filling up the DagBag from /usr/local/python/3.10.4/lib/python3.10/site-packages/airflow/example_dags/plugins/workday.py
[2023-06-11T03:07:44.555+0000] {processor.py:755} WARNING - No viable dags retrieved from /usr/local/python/3.10.4/lib/python3.10/site-packages/airflow/example_dags/plugins/workday.py
[2023-06-11T03:07:44.567+0000] {processor.py:175} INFO - Processing /usr/local/python/3.10.4/lib/python3.10/site-packages/airflow/example_dags/plugins/workday.py took 0.018 seconds
[2023-06-11T03:08:21.116+0000] {processor.py:153} INFO - Started process (PID=11397) to work on /usr/local/python/3.10.4/lib/python3.10/site-packages/airflow/example_dags/plugins/workday.py
[2023-06-11T03:08:21.117+0000] {processor.py:743} INFO - Processing file /usr/local/python/3.10.4/lib/python3.10/site-packages/airflow/example_dags/plugins/workday.py for tasks to queue
[2023-06-11T03:08:21.118+0000] {logging_mixin.py:137} INFO - [2023-06-11T03:08:21.118+0000] {dagbag.py:538} INFO - Filling up the DagBag from /usr/local/python/3.10.4/lib/python3.10/site-packages/airflow/example_dags/plugins/workday.py
[2023-06-11T03:08:21.120+0000] {processor.py:755} WARNING - No viable dags retrieved from /usr/local/python/3.10.4/lib/python3.10/site-packages/airflow/example_dags/plugins/workday.py
[2023-06-11T03:08:21.132+0000] {processor.py:175} INFO - Processing /usr/local/python/3.10.4/lib/python3.10/site-packages/airflow/example_dags/plugins/workday.py took 0.019 seconds
[2023-06-11T03:09:06.394+0000] {processor.py:153} INFO - Started process (PID=11727) to work on /usr/local/python/3.10.4/lib/python3.10/site-packages/airflow/example_dags/plugins/workday.py
[2023-06-11T03:09:06.395+0000] {processor.py:743} INFO - Processing file /usr/local/python/3.10.4/lib/python3.10/site-packages/airflow/example_dags/plugins/workday.py for tasks to queue
[2023-06-11T03:09:06.395+0000] {logging_mixin.py:137} INFO - [2023-06-11T03:09:06.395+0000] {dagbag.py:538} INFO - Filling up the DagBag from /usr/local/python/3.10.4/lib/python3.10/site-packages/airflow/example_dags/plugins/workday.py
[2023-06-11T03:09:06.397+0000] {processor.py:755} WARNING - No viable dags retrieved from /usr/local/python/3.10.4/lib/python3.10/site-packages/airflow/example_dags/plugins/workday.py
[2023-06-11T03:09:06.408+0000] {processor.py:175} INFO - Processing /usr/local/python/3.10.4/lib/python3.10/site-packages/airflow/example_dags/plugins/workday.py took 0.018 seconds
[2023-06-11T03:09:37.228+0000] {processor.py:153} INFO - Started process (PID=11950) to work on /usr/local/python/3.10.4/lib/python3.10/site-packages/airflow/example_dags/plugins/workday.py
[2023-06-11T03:09:37.229+0000] {processor.py:743} INFO - Processing file /usr/local/python/3.10.4/lib/python3.10/site-packages/airflow/example_dags/plugins/workday.py for tasks to queue
[2023-06-11T03:09:37.230+0000] {logging_mixin.py:137} INFO - [2023-06-11T03:09:37.230+0000] {dagbag.py:538} INFO - Filling up the DagBag from /usr/local/python/3.10.4/lib/python3.10/site-packages/airflow/example_dags/plugins/workday.py
[2023-06-11T03:09:37.232+0000] {processor.py:755} WARNING - No viable dags retrieved from /usr/local/python/3.10.4/lib/python3.10/site-packages/airflow/example_dags/plugins/workday.py
[2023-06-11T03:09:37.242+0000] {processor.py:175} INFO - Processing /usr/local/python/3.10.4/lib/python3.10/site-packages/airflow/example_dags/plugins/workday.py took 0.018 seconds
[2023-06-11T03:10:09.152+0000] {processor.py:153} INFO - Started process (PID=12174) to work on /usr/local/python/3.10.4/lib/python3.10/site-packages/airflow/example_dags/plugins/workday.py
[2023-06-11T03:10:09.153+0000] {processor.py:743} INFO - Processing file /usr/local/python/3.10.4/lib/python3.10/site-packages/airflow/example_dags/plugins/workday.py for tasks to queue
[2023-06-11T03:10:09.154+0000] {logging_mixin.py:137} INFO - [2023-06-11T03:10:09.154+0000] {dagbag.py:538} INFO - Filling up the DagBag from /usr/local/python/3.10.4/lib/python3.10/site-packages/airflow/example_dags/plugins/workday.py
[2023-06-11T03:10:09.156+0000] {processor.py:755} WARNING - No viable dags retrieved from /usr/local/python/3.10.4/lib/python3.10/site-packages/airflow/example_dags/plugins/workday.py
[2023-06-11T03:10:09.167+0000] {processor.py:175} INFO - Processing /usr/local/python/3.10.4/lib/python3.10/site-packages/airflow/example_dags/plugins/workday.py took 0.019 seconds
[2023-06-11T03:10:45.114+0000] {processor.py:153} INFO - Started process (PID=12442) to work on /usr/local/python/3.10.4/lib/python3.10/site-packages/airflow/example_dags/plugins/workday.py
[2023-06-11T03:10:45.115+0000] {processor.py:743} INFO - Processing file /usr/local/python/3.10.4/lib/python3.10/site-packages/airflow/example_dags/plugins/workday.py for tasks to queue
[2023-06-11T03:10:45.116+0000] {logging_mixin.py:137} INFO - [2023-06-11T03:10:45.116+0000] {dagbag.py:538} INFO - Filling up the DagBag from /usr/local/python/3.10.4/lib/python3.10/site-packages/airflow/example_dags/plugins/workday.py
[2023-06-11T03:10:45.118+0000] {processor.py:755} WARNING - No viable dags retrieved from /usr/local/python/3.10.4/lib/python3.10/site-packages/airflow/example_dags/plugins/workday.py
[2023-06-11T03:10:45.130+0000] {processor.py:175} INFO - Processing /usr/local/python/3.10.4/lib/python3.10/site-packages/airflow/example_dags/plugins/workday.py took 0.020 seconds
