[2023-06-11T03:01:19.738+0000] {processor.py:153} INFO - Started process (PID=7916) to work on /usr/local/python/3.10.4/lib/python3.10/site-packages/airflow/example_dags/example_datasets.py
[2023-06-11T03:01:19.740+0000] {processor.py:743} INFO - Processing file /usr/local/python/3.10.4/lib/python3.10/site-packages/airflow/example_dags/example_datasets.py for tasks to queue
[2023-06-11T03:01:19.740+0000] {logging_mixin.py:137} INFO - [2023-06-11T03:01:19.740+0000] {dagbag.py:538} INFO - Filling up the DagBag from /usr/local/python/3.10.4/lib/python3.10/site-packages/airflow/example_dags/example_datasets.py
[2023-06-11T03:01:19.759+0000] {processor.py:753} INFO - DAG(s) dict_keys(['dataset_produces_1', 'dataset_consumes_1_never_scheduled', 'dataset_consumes_1', 'dataset_consumes_1_and_2', 'dataset_consumes_unknown_never_scheduled', 'dataset_produces_2']) retrieved from /usr/local/python/3.10.4/lib/python3.10/site-packages/airflow/example_dags/example_datasets.py
[2023-06-11T03:01:19.915+0000] {logging_mixin.py:137} INFO - [2023-06-11T03:01:19.914+0000] {manager.py:504} INFO - Created Permission View: can delete on DAG:dataset_produces_1
[2023-06-11T03:01:19.951+0000] {logging_mixin.py:137} INFO - [2023-06-11T03:01:19.951+0000] {manager.py:504} INFO - Created Permission View: can edit on DAG:dataset_produces_1
[2023-06-11T03:01:19.986+0000] {logging_mixin.py:137} INFO - [2023-06-11T03:01:19.986+0000] {manager.py:504} INFO - Created Permission View: can read on DAG:dataset_produces_1
[2023-06-11T03:01:20.053+0000] {logging_mixin.py:137} INFO - [2023-06-11T03:01:20.053+0000] {manager.py:504} INFO - Created Permission View: can delete on DAG:dataset_consumes_1_never_scheduled
[2023-06-11T03:01:20.086+0000] {logging_mixin.py:137} INFO - [2023-06-11T03:01:20.086+0000] {manager.py:504} INFO - Created Permission View: can edit on DAG:dataset_consumes_1_never_scheduled
[2023-06-11T03:01:20.130+0000] {logging_mixin.py:137} INFO - [2023-06-11T03:01:20.129+0000] {manager.py:504} INFO - Created Permission View: can read on DAG:dataset_consumes_1_never_scheduled
[2023-06-11T03:01:20.209+0000] {logging_mixin.py:137} INFO - [2023-06-11T03:01:20.209+0000] {manager.py:504} INFO - Created Permission View: can delete on DAG:dataset_consumes_1
[2023-06-11T03:01:20.245+0000] {logging_mixin.py:137} INFO - [2023-06-11T03:01:20.245+0000] {manager.py:504} INFO - Created Permission View: can edit on DAG:dataset_consumes_1
[2023-06-11T03:01:20.278+0000] {logging_mixin.py:137} INFO - [2023-06-11T03:01:20.278+0000] {manager.py:504} INFO - Created Permission View: can read on DAG:dataset_consumes_1
[2023-06-11T03:01:20.350+0000] {logging_mixin.py:137} INFO - [2023-06-11T03:01:20.350+0000] {manager.py:504} INFO - Created Permission View: can delete on DAG:dataset_consumes_1_and_2
[2023-06-11T03:01:20.382+0000] {logging_mixin.py:137} INFO - [2023-06-11T03:01:20.382+0000] {manager.py:504} INFO - Created Permission View: can edit on DAG:dataset_consumes_1_and_2
[2023-06-11T03:01:20.416+0000] {logging_mixin.py:137} INFO - [2023-06-11T03:01:20.416+0000] {manager.py:504} INFO - Created Permission View: can read on DAG:dataset_consumes_1_and_2
[2023-06-11T03:01:20.494+0000] {logging_mixin.py:137} INFO - [2023-06-11T03:01:20.494+0000] {manager.py:504} INFO - Created Permission View: can delete on DAG:dataset_consumes_unknown_never_scheduled
[2023-06-11T03:01:20.531+0000] {logging_mixin.py:137} INFO - [2023-06-11T03:01:20.531+0000] {manager.py:504} INFO - Created Permission View: can edit on DAG:dataset_consumes_unknown_never_scheduled
[2023-06-11T03:01:20.573+0000] {logging_mixin.py:137} INFO - [2023-06-11T03:01:20.572+0000] {manager.py:504} INFO - Created Permission View: can read on DAG:dataset_consumes_unknown_never_scheduled
[2023-06-11T03:01:20.656+0000] {logging_mixin.py:137} INFO - [2023-06-11T03:01:20.656+0000] {manager.py:504} INFO - Created Permission View: can delete on DAG:dataset_produces_2
[2023-06-11T03:01:20.700+0000] {logging_mixin.py:137} INFO - [2023-06-11T03:01:20.700+0000] {manager.py:504} INFO - Created Permission View: can edit on DAG:dataset_produces_2
[2023-06-11T03:01:20.743+0000] {logging_mixin.py:137} INFO - [2023-06-11T03:01:20.742+0000] {manager.py:504} INFO - Created Permission View: can read on DAG:dataset_produces_2
[2023-06-11T03:01:20.743+0000] {logging_mixin.py:137} INFO - [2023-06-11T03:01:20.743+0000] {dag.py:2690} INFO - Sync 6 DAGs
[2023-06-11T03:01:20.762+0000] {logging_mixin.py:137} INFO - [2023-06-11T03:01:20.762+0000] {dag.py:2711} INFO - Creating ORM DAG for dataset_consumes_1
[2023-06-11T03:01:20.763+0000] {logging_mixin.py:137} INFO - [2023-06-11T03:01:20.763+0000] {dag.py:2711} INFO - Creating ORM DAG for dataset_produces_2
[2023-06-11T03:01:20.764+0000] {logging_mixin.py:137} INFO - [2023-06-11T03:01:20.764+0000] {dag.py:2711} INFO - Creating ORM DAG for dataset_consumes_unknown_never_scheduled
[2023-06-11T03:01:20.765+0000] {logging_mixin.py:137} INFO - [2023-06-11T03:01:20.764+0000] {dag.py:2711} INFO - Creating ORM DAG for dataset_produces_1
[2023-06-11T03:01:20.765+0000] {logging_mixin.py:137} INFO - [2023-06-11T03:01:20.765+0000] {dag.py:2711} INFO - Creating ORM DAG for dataset_consumes_1_and_2
[2023-06-11T03:01:20.766+0000] {logging_mixin.py:137} INFO - [2023-06-11T03:01:20.766+0000] {dag.py:2711} INFO - Creating ORM DAG for dataset_consumes_1_never_scheduled
[2023-06-11T03:01:20.782+0000] {logging_mixin.py:137} INFO - [2023-06-11T03:01:20.780+0000] {dag.py:3437} INFO - Setting next_dagrun for dataset_consumes_1 to None, run_after=None
[2023-06-11T03:01:20.785+0000] {logging_mixin.py:137} INFO - [2023-06-11T03:01:20.785+0000] {dag.py:3437} INFO - Setting next_dagrun for dataset_consumes_1_and_2 to None, run_after=None
[2023-06-11T03:01:20.792+0000] {logging_mixin.py:137} INFO - [2023-06-11T03:01:20.792+0000] {dag.py:3437} INFO - Setting next_dagrun for dataset_consumes_1_never_scheduled to None, run_after=None
[2023-06-11T03:01:20.793+0000] {logging_mixin.py:137} INFO - [2023-06-11T03:01:20.793+0000] {dag.py:3437} INFO - Setting next_dagrun for dataset_consumes_unknown_never_scheduled to None, run_after=None
[2023-06-11T03:01:20.795+0000] {logging_mixin.py:137} INFO - [2023-06-11T03:01:20.795+0000] {dag.py:3437} INFO - Setting next_dagrun for dataset_produces_1 to 2023-06-10T00:00:00+00:00, run_after=2023-06-11T00:00:00+00:00
[2023-06-11T03:01:20.796+0000] {logging_mixin.py:137} INFO - [2023-06-11T03:01:20.796+0000] {dag.py:3437} INFO - Setting next_dagrun for dataset_produces_2 to None, run_after=None
[2023-06-11T03:01:20.871+0000] {processor.py:175} INFO - Processing /usr/local/python/3.10.4/lib/python3.10/site-packages/airflow/example_dags/example_datasets.py took 1.136 seconds
[2023-06-11T03:02:07.689+0000] {processor.py:153} INFO - Started process (PID=8245) to work on /usr/local/python/3.10.4/lib/python3.10/site-packages/airflow/example_dags/example_datasets.py
[2023-06-11T03:02:07.690+0000] {processor.py:743} INFO - Processing file /usr/local/python/3.10.4/lib/python3.10/site-packages/airflow/example_dags/example_datasets.py for tasks to queue
[2023-06-11T03:02:07.691+0000] {logging_mixin.py:137} INFO - [2023-06-11T03:02:07.691+0000] {dagbag.py:538} INFO - Filling up the DagBag from /usr/local/python/3.10.4/lib/python3.10/site-packages/airflow/example_dags/example_datasets.py
[2023-06-11T03:02:07.711+0000] {processor.py:753} INFO - DAG(s) dict_keys(['dataset_produces_1', 'dataset_consumes_unknown_never_scheduled', 'dataset_consumes_1', 'dataset_consumes_1_never_scheduled', 'dataset_consumes_1_and_2', 'dataset_produces_2']) retrieved from /usr/local/python/3.10.4/lib/python3.10/site-packages/airflow/example_dags/example_datasets.py
[2023-06-11T03:02:07.744+0000] {logging_mixin.py:137} INFO - [2023-06-11T03:02:07.744+0000] {dag.py:2690} INFO - Sync 6 DAGs
[2023-06-11T03:02:07.768+0000] {logging_mixin.py:137} INFO - [2023-06-11T03:02:07.768+0000] {dag.py:3437} INFO - Setting next_dagrun for dataset_consumes_1 to None, run_after=None
[2023-06-11T03:02:07.771+0000] {logging_mixin.py:137} INFO - [2023-06-11T03:02:07.771+0000] {dag.py:3437} INFO - Setting next_dagrun for dataset_consumes_1_and_2 to None, run_after=None
[2023-06-11T03:02:07.772+0000] {logging_mixin.py:137} INFO - [2023-06-11T03:02:07.772+0000] {dag.py:3437} INFO - Setting next_dagrun for dataset_consumes_1_never_scheduled to None, run_after=None
[2023-06-11T03:02:07.772+0000] {logging_mixin.py:137} INFO - [2023-06-11T03:02:07.772+0000] {dag.py:3437} INFO - Setting next_dagrun for dataset_consumes_unknown_never_scheduled to None, run_after=None
[2023-06-11T03:02:07.775+0000] {logging_mixin.py:137} INFO - [2023-06-11T03:02:07.775+0000] {dag.py:3437} INFO - Setting next_dagrun for dataset_produces_1 to 2023-06-10T00:00:00+00:00, run_after=2023-06-11T00:00:00+00:00
[2023-06-11T03:02:07.775+0000] {logging_mixin.py:137} INFO - [2023-06-11T03:02:07.775+0000] {dag.py:3437} INFO - Setting next_dagrun for dataset_produces_2 to None, run_after=None
[2023-06-11T03:02:07.837+0000] {processor.py:175} INFO - Processing /usr/local/python/3.10.4/lib/python3.10/site-packages/airflow/example_dags/example_datasets.py took 0.151 seconds
[2023-06-11T03:02:49.762+0000] {processor.py:153} INFO - Started process (PID=8550) to work on /usr/local/python/3.10.4/lib/python3.10/site-packages/airflow/example_dags/example_datasets.py
[2023-06-11T03:02:49.763+0000] {processor.py:743} INFO - Processing file /usr/local/python/3.10.4/lib/python3.10/site-packages/airflow/example_dags/example_datasets.py for tasks to queue
[2023-06-11T03:02:49.764+0000] {logging_mixin.py:137} INFO - [2023-06-11T03:02:49.764+0000] {dagbag.py:538} INFO - Filling up the DagBag from /usr/local/python/3.10.4/lib/python3.10/site-packages/airflow/example_dags/example_datasets.py
[2023-06-11T03:02:49.784+0000] {processor.py:753} INFO - DAG(s) dict_keys(['dataset_consumes_unknown_never_scheduled', 'dataset_produces_1', 'dataset_consumes_1_and_2', 'dataset_produces_2', 'dataset_consumes_1_never_scheduled', 'dataset_consumes_1']) retrieved from /usr/local/python/3.10.4/lib/python3.10/site-packages/airflow/example_dags/example_datasets.py
[2023-06-11T03:02:49.814+0000] {logging_mixin.py:137} INFO - [2023-06-11T03:02:49.814+0000] {dag.py:2690} INFO - Sync 6 DAGs
[2023-06-11T03:02:49.834+0000] {logging_mixin.py:137} INFO - [2023-06-11T03:02:49.834+0000] {dag.py:3437} INFO - Setting next_dagrun for dataset_consumes_1 to None, run_after=None
[2023-06-11T03:02:49.837+0000] {logging_mixin.py:137} INFO - [2023-06-11T03:02:49.837+0000] {dag.py:3437} INFO - Setting next_dagrun for dataset_consumes_1_and_2 to None, run_after=None
[2023-06-11T03:02:49.838+0000] {logging_mixin.py:137} INFO - [2023-06-11T03:02:49.838+0000] {dag.py:3437} INFO - Setting next_dagrun for dataset_consumes_1_never_scheduled to None, run_after=None
[2023-06-11T03:02:49.839+0000] {logging_mixin.py:137} INFO - [2023-06-11T03:02:49.839+0000] {dag.py:3437} INFO - Setting next_dagrun for dataset_consumes_unknown_never_scheduled to None, run_after=None
[2023-06-11T03:02:49.841+0000] {logging_mixin.py:137} INFO - [2023-06-11T03:02:49.841+0000] {dag.py:3437} INFO - Setting next_dagrun for dataset_produces_1 to 2023-06-10T00:00:00+00:00, run_after=2023-06-11T00:00:00+00:00
[2023-06-11T03:02:49.842+0000] {logging_mixin.py:137} INFO - [2023-06-11T03:02:49.842+0000] {dag.py:3437} INFO - Setting next_dagrun for dataset_produces_2 to None, run_after=None
[2023-06-11T03:02:49.895+0000] {processor.py:175} INFO - Processing /usr/local/python/3.10.4/lib/python3.10/site-packages/airflow/example_dags/example_datasets.py took 0.136 seconds
[2023-06-11T03:03:30.768+0000] {processor.py:153} INFO - Started process (PID=8856) to work on /usr/local/python/3.10.4/lib/python3.10/site-packages/airflow/example_dags/example_datasets.py
[2023-06-11T03:03:30.769+0000] {processor.py:743} INFO - Processing file /usr/local/python/3.10.4/lib/python3.10/site-packages/airflow/example_dags/example_datasets.py for tasks to queue
[2023-06-11T03:03:30.770+0000] {logging_mixin.py:137} INFO - [2023-06-11T03:03:30.769+0000] {dagbag.py:538} INFO - Filling up the DagBag from /usr/local/python/3.10.4/lib/python3.10/site-packages/airflow/example_dags/example_datasets.py
[2023-06-11T03:03:30.789+0000] {processor.py:753} INFO - DAG(s) dict_keys(['dataset_consumes_1', 'dataset_produces_2', 'dataset_consumes_unknown_never_scheduled', 'dataset_consumes_1_and_2', 'dataset_consumes_1_never_scheduled', 'dataset_produces_1']) retrieved from /usr/local/python/3.10.4/lib/python3.10/site-packages/airflow/example_dags/example_datasets.py
[2023-06-11T03:03:30.818+0000] {logging_mixin.py:137} INFO - [2023-06-11T03:03:30.818+0000] {dag.py:2690} INFO - Sync 6 DAGs
[2023-06-11T03:03:30.838+0000] {logging_mixin.py:137} INFO - [2023-06-11T03:03:30.838+0000] {dag.py:3437} INFO - Setting next_dagrun for dataset_consumes_1 to None, run_after=None
[2023-06-11T03:03:30.841+0000] {logging_mixin.py:137} INFO - [2023-06-11T03:03:30.841+0000] {dag.py:3437} INFO - Setting next_dagrun for dataset_consumes_1_and_2 to None, run_after=None
[2023-06-11T03:03:30.842+0000] {logging_mixin.py:137} INFO - [2023-06-11T03:03:30.841+0000] {dag.py:3437} INFO - Setting next_dagrun for dataset_consumes_1_never_scheduled to None, run_after=None
[2023-06-11T03:03:30.842+0000] {logging_mixin.py:137} INFO - [2023-06-11T03:03:30.842+0000] {dag.py:3437} INFO - Setting next_dagrun for dataset_consumes_unknown_never_scheduled to None, run_after=None
[2023-06-11T03:03:30.845+0000] {logging_mixin.py:137} INFO - [2023-06-11T03:03:30.845+0000] {dag.py:3437} INFO - Setting next_dagrun for dataset_produces_1 to 2023-06-10T00:00:00+00:00, run_after=2023-06-11T00:00:00+00:00
[2023-06-11T03:03:30.845+0000] {logging_mixin.py:137} INFO - [2023-06-11T03:03:30.845+0000] {dag.py:3437} INFO - Setting next_dagrun for dataset_produces_2 to None, run_after=None
[2023-06-11T03:03:30.899+0000] {processor.py:175} INFO - Processing /usr/local/python/3.10.4/lib/python3.10/site-packages/airflow/example_dags/example_datasets.py took 0.135 seconds
[2023-06-11T03:04:12.606+0000] {processor.py:153} INFO - Started process (PID=9165) to work on /usr/local/python/3.10.4/lib/python3.10/site-packages/airflow/example_dags/example_datasets.py
[2023-06-11T03:04:12.608+0000] {processor.py:743} INFO - Processing file /usr/local/python/3.10.4/lib/python3.10/site-packages/airflow/example_dags/example_datasets.py for tasks to queue
[2023-06-11T03:04:12.609+0000] {logging_mixin.py:137} INFO - [2023-06-11T03:04:12.608+0000] {dagbag.py:538} INFO - Filling up the DagBag from /usr/local/python/3.10.4/lib/python3.10/site-packages/airflow/example_dags/example_datasets.py
[2023-06-11T03:04:12.628+0000] {processor.py:753} INFO - DAG(s) dict_keys(['dataset_consumes_1_and_2', 'dataset_consumes_1_never_scheduled', 'dataset_produces_1', 'dataset_consumes_unknown_never_scheduled', 'dataset_consumes_1', 'dataset_produces_2']) retrieved from /usr/local/python/3.10.4/lib/python3.10/site-packages/airflow/example_dags/example_datasets.py
[2023-06-11T03:04:12.661+0000] {logging_mixin.py:137} INFO - [2023-06-11T03:04:12.661+0000] {dag.py:2690} INFO - Sync 6 DAGs
[2023-06-11T03:04:12.681+0000] {logging_mixin.py:137} INFO - [2023-06-11T03:04:12.681+0000] {dag.py:3437} INFO - Setting next_dagrun for dataset_consumes_1 to None, run_after=None
[2023-06-11T03:04:12.686+0000] {logging_mixin.py:137} INFO - [2023-06-11T03:04:12.685+0000] {dag.py:3437} INFO - Setting next_dagrun for dataset_consumes_1_and_2 to None, run_after=None
[2023-06-11T03:04:12.687+0000] {logging_mixin.py:137} INFO - [2023-06-11T03:04:12.686+0000] {dag.py:3437} INFO - Setting next_dagrun for dataset_consumes_1_never_scheduled to None, run_after=None
[2023-06-11T03:04:12.687+0000] {logging_mixin.py:137} INFO - [2023-06-11T03:04:12.687+0000] {dag.py:3437} INFO - Setting next_dagrun for dataset_consumes_unknown_never_scheduled to None, run_after=None
[2023-06-11T03:04:12.690+0000] {logging_mixin.py:137} INFO - [2023-06-11T03:04:12.690+0000] {dag.py:3437} INFO - Setting next_dagrun for dataset_produces_1 to 2023-06-10T00:00:00+00:00, run_after=2023-06-11T00:00:00+00:00
[2023-06-11T03:04:12.691+0000] {logging_mixin.py:137} INFO - [2023-06-11T03:04:12.690+0000] {dag.py:3437} INFO - Setting next_dagrun for dataset_produces_2 to None, run_after=None
[2023-06-11T03:04:12.746+0000] {processor.py:175} INFO - Processing /usr/local/python/3.10.4/lib/python3.10/site-packages/airflow/example_dags/example_datasets.py took 0.144 seconds
[2023-06-11T03:04:54.622+0000] {processor.py:153} INFO - Started process (PID=9532) to work on /usr/local/python/3.10.4/lib/python3.10/site-packages/airflow/example_dags/example_datasets.py
[2023-06-11T03:04:54.623+0000] {processor.py:743} INFO - Processing file /usr/local/python/3.10.4/lib/python3.10/site-packages/airflow/example_dags/example_datasets.py for tasks to queue
[2023-06-11T03:04:54.624+0000] {logging_mixin.py:137} INFO - [2023-06-11T03:04:54.624+0000] {dagbag.py:538} INFO - Filling up the DagBag from /usr/local/python/3.10.4/lib/python3.10/site-packages/airflow/example_dags/example_datasets.py
[2023-06-11T03:04:54.642+0000] {processor.py:753} INFO - DAG(s) dict_keys(['dataset_consumes_unknown_never_scheduled', 'dataset_consumes_1_and_2', 'dataset_produces_1', 'dataset_consumes_1', 'dataset_produces_2', 'dataset_consumes_1_never_scheduled']) retrieved from /usr/local/python/3.10.4/lib/python3.10/site-packages/airflow/example_dags/example_datasets.py
[2023-06-11T03:04:54.675+0000] {logging_mixin.py:137} INFO - [2023-06-11T03:04:54.674+0000] {dag.py:2690} INFO - Sync 6 DAGs
[2023-06-11T03:04:54.696+0000] {logging_mixin.py:137} INFO - [2023-06-11T03:04:54.696+0000] {dag.py:3437} INFO - Setting next_dagrun for dataset_consumes_1 to None, run_after=None
[2023-06-11T03:04:54.699+0000] {logging_mixin.py:137} INFO - [2023-06-11T03:04:54.699+0000] {dag.py:3437} INFO - Setting next_dagrun for dataset_consumes_1_and_2 to None, run_after=None
[2023-06-11T03:04:54.700+0000] {logging_mixin.py:137} INFO - [2023-06-11T03:04:54.700+0000] {dag.py:3437} INFO - Setting next_dagrun for dataset_consumes_1_never_scheduled to None, run_after=None
[2023-06-11T03:04:54.701+0000] {logging_mixin.py:137} INFO - [2023-06-11T03:04:54.701+0000] {dag.py:3437} INFO - Setting next_dagrun for dataset_consumes_unknown_never_scheduled to None, run_after=None
[2023-06-11T03:04:54.703+0000] {logging_mixin.py:137} INFO - [2023-06-11T03:04:54.703+0000] {dag.py:3437} INFO - Setting next_dagrun for dataset_produces_1 to 2023-06-10T00:00:00+00:00, run_after=2023-06-11T00:00:00+00:00
[2023-06-11T03:04:54.704+0000] {logging_mixin.py:137} INFO - [2023-06-11T03:04:54.704+0000] {dag.py:3437} INFO - Setting next_dagrun for dataset_produces_2 to None, run_after=None
[2023-06-11T03:04:54.757+0000] {processor.py:175} INFO - Processing /usr/local/python/3.10.4/lib/python3.10/site-packages/airflow/example_dags/example_datasets.py took 0.138 seconds
[2023-06-11T03:05:39.070+0000] {processor.py:153} INFO - Started process (PID=9924) to work on /usr/local/python/3.10.4/lib/python3.10/site-packages/airflow/example_dags/example_datasets.py
[2023-06-11T03:05:39.071+0000] {processor.py:743} INFO - Processing file /usr/local/python/3.10.4/lib/python3.10/site-packages/airflow/example_dags/example_datasets.py for tasks to queue
[2023-06-11T03:05:39.072+0000] {logging_mixin.py:137} INFO - [2023-06-11T03:05:39.072+0000] {dagbag.py:538} INFO - Filling up the DagBag from /usr/local/python/3.10.4/lib/python3.10/site-packages/airflow/example_dags/example_datasets.py
[2023-06-11T03:05:39.090+0000] {processor.py:753} INFO - DAG(s) dict_keys(['dataset_consumes_1', 'dataset_consumes_unknown_never_scheduled', 'dataset_produces_1', 'dataset_consumes_1_never_scheduled', 'dataset_consumes_1_and_2', 'dataset_produces_2']) retrieved from /usr/local/python/3.10.4/lib/python3.10/site-packages/airflow/example_dags/example_datasets.py
[2023-06-11T03:05:39.121+0000] {logging_mixin.py:137} INFO - [2023-06-11T03:05:39.121+0000] {dag.py:2690} INFO - Sync 6 DAGs
[2023-06-11T03:05:39.141+0000] {logging_mixin.py:137} INFO - [2023-06-11T03:05:39.141+0000] {dag.py:3437} INFO - Setting next_dagrun for dataset_consumes_1 to None, run_after=None
[2023-06-11T03:05:39.144+0000] {logging_mixin.py:137} INFO - [2023-06-11T03:05:39.144+0000] {dag.py:3437} INFO - Setting next_dagrun for dataset_consumes_1_and_2 to None, run_after=None
[2023-06-11T03:05:39.145+0000] {logging_mixin.py:137} INFO - [2023-06-11T03:05:39.145+0000] {dag.py:3437} INFO - Setting next_dagrun for dataset_consumes_1_never_scheduled to None, run_after=None
[2023-06-11T03:05:39.146+0000] {logging_mixin.py:137} INFO - [2023-06-11T03:05:39.146+0000] {dag.py:3437} INFO - Setting next_dagrun for dataset_consumes_unknown_never_scheduled to None, run_after=None
[2023-06-11T03:05:39.148+0000] {logging_mixin.py:137} INFO - [2023-06-11T03:05:39.148+0000] {dag.py:3437} INFO - Setting next_dagrun for dataset_produces_1 to 2023-06-10T00:00:00+00:00, run_after=2023-06-11T00:00:00+00:00
[2023-06-11T03:05:39.149+0000] {logging_mixin.py:137} INFO - [2023-06-11T03:05:39.149+0000] {dag.py:3437} INFO - Setting next_dagrun for dataset_produces_2 to None, run_after=None
[2023-06-11T03:05:39.202+0000] {processor.py:175} INFO - Processing /usr/local/python/3.10.4/lib/python3.10/site-packages/airflow/example_dags/example_datasets.py took 0.136 seconds
[2023-06-11T03:06:25.145+0000] {processor.py:153} INFO - Started process (PID=10347) to work on /usr/local/python/3.10.4/lib/python3.10/site-packages/airflow/example_dags/example_datasets.py
[2023-06-11T03:06:25.146+0000] {processor.py:743} INFO - Processing file /usr/local/python/3.10.4/lib/python3.10/site-packages/airflow/example_dags/example_datasets.py for tasks to queue
[2023-06-11T03:06:25.147+0000] {logging_mixin.py:137} INFO - [2023-06-11T03:06:25.147+0000] {dagbag.py:538} INFO - Filling up the DagBag from /usr/local/python/3.10.4/lib/python3.10/site-packages/airflow/example_dags/example_datasets.py
[2023-06-11T03:06:25.166+0000] {processor.py:753} INFO - DAG(s) dict_keys(['dataset_consumes_1_never_scheduled', 'dataset_consumes_1_and_2', 'dataset_consumes_unknown_never_scheduled', 'dataset_consumes_1', 'dataset_produces_1', 'dataset_produces_2']) retrieved from /usr/local/python/3.10.4/lib/python3.10/site-packages/airflow/example_dags/example_datasets.py
[2023-06-11T03:06:25.196+0000] {logging_mixin.py:137} INFO - [2023-06-11T03:06:25.196+0000] {dag.py:2690} INFO - Sync 6 DAGs
[2023-06-11T03:06:25.216+0000] {logging_mixin.py:137} INFO - [2023-06-11T03:06:25.216+0000] {dag.py:3437} INFO - Setting next_dagrun for dataset_consumes_1 to None, run_after=None
[2023-06-11T03:06:25.219+0000] {logging_mixin.py:137} INFO - [2023-06-11T03:06:25.219+0000] {dag.py:3437} INFO - Setting next_dagrun for dataset_consumes_1_and_2 to None, run_after=None
[2023-06-11T03:06:25.220+0000] {logging_mixin.py:137} INFO - [2023-06-11T03:06:25.220+0000] {dag.py:3437} INFO - Setting next_dagrun for dataset_consumes_1_never_scheduled to None, run_after=None
[2023-06-11T03:06:25.220+0000] {logging_mixin.py:137} INFO - [2023-06-11T03:06:25.220+0000] {dag.py:3437} INFO - Setting next_dagrun for dataset_consumes_unknown_never_scheduled to None, run_after=None
[2023-06-11T03:06:25.223+0000] {logging_mixin.py:137} INFO - [2023-06-11T03:06:25.223+0000] {dag.py:3437} INFO - Setting next_dagrun for dataset_produces_1 to 2023-06-10T00:00:00+00:00, run_after=2023-06-11T00:00:00+00:00
[2023-06-11T03:06:25.224+0000] {logging_mixin.py:137} INFO - [2023-06-11T03:06:25.223+0000] {dag.py:3437} INFO - Setting next_dagrun for dataset_produces_2 to None, run_after=None
[2023-06-11T03:06:25.277+0000] {processor.py:175} INFO - Processing /usr/local/python/3.10.4/lib/python3.10/site-packages/airflow/example_dags/example_datasets.py took 0.135 seconds
[2023-06-11T03:07:03.588+0000] {processor.py:153} INFO - Started process (PID=10758) to work on /usr/local/python/3.10.4/lib/python3.10/site-packages/airflow/example_dags/example_datasets.py
[2023-06-11T03:07:03.589+0000] {processor.py:743} INFO - Processing file /usr/local/python/3.10.4/lib/python3.10/site-packages/airflow/example_dags/example_datasets.py for tasks to queue
[2023-06-11T03:07:03.590+0000] {logging_mixin.py:137} INFO - [2023-06-11T03:07:03.590+0000] {dagbag.py:538} INFO - Filling up the DagBag from /usr/local/python/3.10.4/lib/python3.10/site-packages/airflow/example_dags/example_datasets.py
[2023-06-11T03:07:03.608+0000] {processor.py:753} INFO - DAG(s) dict_keys(['dataset_consumes_1', 'dataset_consumes_1_never_scheduled', 'dataset_consumes_unknown_never_scheduled', 'dataset_produces_1', 'dataset_produces_2', 'dataset_consumes_1_and_2']) retrieved from /usr/local/python/3.10.4/lib/python3.10/site-packages/airflow/example_dags/example_datasets.py
[2023-06-11T03:07:03.639+0000] {logging_mixin.py:137} INFO - [2023-06-11T03:07:03.639+0000] {dag.py:2690} INFO - Sync 6 DAGs
[2023-06-11T03:07:03.659+0000] {logging_mixin.py:137} INFO - [2023-06-11T03:07:03.659+0000] {dag.py:3437} INFO - Setting next_dagrun for dataset_consumes_1 to None, run_after=None
[2023-06-11T03:07:03.662+0000] {logging_mixin.py:137} INFO - [2023-06-11T03:07:03.662+0000] {dag.py:3437} INFO - Setting next_dagrun for dataset_consumes_1_and_2 to None, run_after=None
[2023-06-11T03:07:03.663+0000] {logging_mixin.py:137} INFO - [2023-06-11T03:07:03.663+0000] {dag.py:3437} INFO - Setting next_dagrun for dataset_consumes_1_never_scheduled to None, run_after=None
[2023-06-11T03:07:03.664+0000] {logging_mixin.py:137} INFO - [2023-06-11T03:07:03.664+0000] {dag.py:3437} INFO - Setting next_dagrun for dataset_consumes_unknown_never_scheduled to None, run_after=None
[2023-06-11T03:07:03.666+0000] {logging_mixin.py:137} INFO - [2023-06-11T03:07:03.666+0000] {dag.py:3437} INFO - Setting next_dagrun for dataset_produces_1 to 2023-06-10T00:00:00+00:00, run_after=2023-06-11T00:00:00+00:00
[2023-06-11T03:07:03.667+0000] {logging_mixin.py:137} INFO - [2023-06-11T03:07:03.667+0000] {dag.py:3437} INFO - Setting next_dagrun for dataset_produces_2 to None, run_after=None
[2023-06-11T03:07:03.720+0000] {processor.py:175} INFO - Processing /usr/local/python/3.10.4/lib/python3.10/site-packages/airflow/example_dags/example_datasets.py took 0.135 seconds
[2023-06-11T03:07:50.171+0000] {processor.py:153} INFO - Started process (PID=11165) to work on /usr/local/python/3.10.4/lib/python3.10/site-packages/airflow/example_dags/example_datasets.py
[2023-06-11T03:07:50.177+0000] {processor.py:743} INFO - Processing file /usr/local/python/3.10.4/lib/python3.10/site-packages/airflow/example_dags/example_datasets.py for tasks to queue
[2023-06-11T03:07:50.179+0000] {logging_mixin.py:137} INFO - [2023-06-11T03:07:50.179+0000] {dagbag.py:538} INFO - Filling up the DagBag from /usr/local/python/3.10.4/lib/python3.10/site-packages/airflow/example_dags/example_datasets.py
[2023-06-11T03:07:50.205+0000] {processor.py:753} INFO - DAG(s) dict_keys(['dataset_produces_1', 'dataset_consumes_1', 'dataset_produces_2', 'dataset_consumes_1_and_2', 'dataset_consumes_1_never_scheduled', 'dataset_consumes_unknown_never_scheduled']) retrieved from /usr/local/python/3.10.4/lib/python3.10/site-packages/airflow/example_dags/example_datasets.py
[2023-06-11T03:07:50.256+0000] {logging_mixin.py:137} INFO - [2023-06-11T03:07:50.256+0000] {dag.py:2690} INFO - Sync 6 DAGs
[2023-06-11T03:07:50.281+0000] {logging_mixin.py:137} INFO - [2023-06-11T03:07:50.281+0000] {dag.py:3437} INFO - Setting next_dagrun for dataset_consumes_1 to None, run_after=None
[2023-06-11T03:07:50.287+0000] {logging_mixin.py:137} INFO - [2023-06-11T03:07:50.287+0000] {dag.py:3437} INFO - Setting next_dagrun for dataset_consumes_1_and_2 to None, run_after=None
[2023-06-11T03:07:50.288+0000] {logging_mixin.py:137} INFO - [2023-06-11T03:07:50.288+0000] {dag.py:3437} INFO - Setting next_dagrun for dataset_consumes_1_never_scheduled to None, run_after=None
[2023-06-11T03:07:50.290+0000] {logging_mixin.py:137} INFO - [2023-06-11T03:07:50.290+0000] {dag.py:3437} INFO - Setting next_dagrun for dataset_consumes_unknown_never_scheduled to None, run_after=None
[2023-06-11T03:07:50.292+0000] {logging_mixin.py:137} INFO - [2023-06-11T03:07:50.292+0000] {dag.py:3437} INFO - Setting next_dagrun for dataset_produces_1 to 2023-06-10T00:00:00+00:00, run_after=2023-06-11T00:00:00+00:00
[2023-06-11T03:07:50.293+0000] {logging_mixin.py:137} INFO - [2023-06-11T03:07:50.293+0000] {dag.py:3437} INFO - Setting next_dagrun for dataset_produces_2 to None, run_after=None
[2023-06-11T03:07:50.346+0000] {processor.py:175} INFO - Processing /usr/local/python/3.10.4/lib/python3.10/site-packages/airflow/example_dags/example_datasets.py took 0.181 seconds
[2023-06-11T03:08:28.415+0000] {processor.py:153} INFO - Started process (PID=11437) to work on /usr/local/python/3.10.4/lib/python3.10/site-packages/airflow/example_dags/example_datasets.py
[2023-06-11T03:08:28.417+0000] {processor.py:743} INFO - Processing file /usr/local/python/3.10.4/lib/python3.10/site-packages/airflow/example_dags/example_datasets.py for tasks to queue
[2023-06-11T03:08:28.417+0000] {logging_mixin.py:137} INFO - [2023-06-11T03:08:28.417+0000] {dagbag.py:538} INFO - Filling up the DagBag from /usr/local/python/3.10.4/lib/python3.10/site-packages/airflow/example_dags/example_datasets.py
[2023-06-11T03:08:28.440+0000] {processor.py:753} INFO - DAG(s) dict_keys(['dataset_produces_1', 'dataset_consumes_1', 'dataset_consumes_unknown_never_scheduled', 'dataset_consumes_1_never_scheduled', 'dataset_produces_2', 'dataset_consumes_1_and_2']) retrieved from /usr/local/python/3.10.4/lib/python3.10/site-packages/airflow/example_dags/example_datasets.py
[2023-06-11T03:08:28.471+0000] {logging_mixin.py:137} INFO - [2023-06-11T03:08:28.471+0000] {dag.py:2690} INFO - Sync 6 DAGs
[2023-06-11T03:08:28.494+0000] {logging_mixin.py:137} INFO - [2023-06-11T03:08:28.493+0000] {dag.py:3437} INFO - Setting next_dagrun for dataset_consumes_1 to None, run_after=None
[2023-06-11T03:08:28.497+0000] {logging_mixin.py:137} INFO - [2023-06-11T03:08:28.496+0000] {dag.py:3437} INFO - Setting next_dagrun for dataset_consumes_1_and_2 to None, run_after=None
[2023-06-11T03:08:28.497+0000] {logging_mixin.py:137} INFO - [2023-06-11T03:08:28.497+0000] {dag.py:3437} INFO - Setting next_dagrun for dataset_consumes_1_never_scheduled to None, run_after=None
[2023-06-11T03:08:28.498+0000] {logging_mixin.py:137} INFO - [2023-06-11T03:08:28.498+0000] {dag.py:3437} INFO - Setting next_dagrun for dataset_consumes_unknown_never_scheduled to None, run_after=None
[2023-06-11T03:08:28.501+0000] {logging_mixin.py:137} INFO - [2023-06-11T03:08:28.500+0000] {dag.py:3437} INFO - Setting next_dagrun for dataset_produces_1 to 2023-06-10T00:00:00+00:00, run_after=2023-06-11T00:00:00+00:00
[2023-06-11T03:08:28.501+0000] {logging_mixin.py:137} INFO - [2023-06-11T03:08:28.501+0000] {dag.py:3437} INFO - Setting next_dagrun for dataset_produces_2 to None, run_after=None
[2023-06-11T03:08:28.704+0000] {processor.py:175} INFO - Processing /usr/local/python/3.10.4/lib/python3.10/site-packages/airflow/example_dags/example_datasets.py took 0.293 seconds
[2023-06-11T03:09:15.549+0000] {processor.py:153} INFO - Started process (PID=11791) to work on /usr/local/python/3.10.4/lib/python3.10/site-packages/airflow/example_dags/example_datasets.py
[2023-06-11T03:09:15.550+0000] {processor.py:743} INFO - Processing file /usr/local/python/3.10.4/lib/python3.10/site-packages/airflow/example_dags/example_datasets.py for tasks to queue
[2023-06-11T03:09:15.551+0000] {logging_mixin.py:137} INFO - [2023-06-11T03:09:15.551+0000] {dagbag.py:538} INFO - Filling up the DagBag from /usr/local/python/3.10.4/lib/python3.10/site-packages/airflow/example_dags/example_datasets.py
[2023-06-11T03:09:15.569+0000] {processor.py:753} INFO - DAG(s) dict_keys(['dataset_consumes_1', 'dataset_consumes_1_and_2', 'dataset_consumes_1_never_scheduled', 'dataset_consumes_unknown_never_scheduled', 'dataset_produces_1', 'dataset_produces_2']) retrieved from /usr/local/python/3.10.4/lib/python3.10/site-packages/airflow/example_dags/example_datasets.py
[2023-06-11T03:09:15.599+0000] {logging_mixin.py:137} INFO - [2023-06-11T03:09:15.598+0000] {dag.py:2690} INFO - Sync 6 DAGs
[2023-06-11T03:09:15.620+0000] {logging_mixin.py:137} INFO - [2023-06-11T03:09:15.620+0000] {dag.py:3437} INFO - Setting next_dagrun for dataset_consumes_1 to None, run_after=None
[2023-06-11T03:09:15.759+0000] {logging_mixin.py:137} INFO - [2023-06-11T03:09:15.758+0000] {dag.py:3437} INFO - Setting next_dagrun for dataset_consumes_1_and_2 to None, run_after=None
[2023-06-11T03:09:15.760+0000] {logging_mixin.py:137} INFO - [2023-06-11T03:09:15.760+0000] {dag.py:3437} INFO - Setting next_dagrun for dataset_consumes_1_never_scheduled to None, run_after=None
[2023-06-11T03:09:15.760+0000] {logging_mixin.py:137} INFO - [2023-06-11T03:09:15.760+0000] {dag.py:3437} INFO - Setting next_dagrun for dataset_consumes_unknown_never_scheduled to None, run_after=None
[2023-06-11T03:09:15.763+0000] {logging_mixin.py:137} INFO - [2023-06-11T03:09:15.763+0000] {dag.py:3437} INFO - Setting next_dagrun for dataset_produces_1 to 2023-06-10T00:00:00+00:00, run_after=2023-06-11T00:00:00+00:00
[2023-06-11T03:09:15.764+0000] {logging_mixin.py:137} INFO - [2023-06-11T03:09:15.763+0000] {dag.py:3437} INFO - Setting next_dagrun for dataset_produces_2 to None, run_after=None
[2023-06-11T03:09:15.821+0000] {processor.py:175} INFO - Processing /usr/local/python/3.10.4/lib/python3.10/site-packages/airflow/example_dags/example_datasets.py took 0.275 seconds
[2023-06-11T03:10:04.026+0000] {processor.py:153} INFO - Started process (PID=12148) to work on /usr/local/python/3.10.4/lib/python3.10/site-packages/airflow/example_dags/example_datasets.py
[2023-06-11T03:10:04.027+0000] {processor.py:743} INFO - Processing file /usr/local/python/3.10.4/lib/python3.10/site-packages/airflow/example_dags/example_datasets.py for tasks to queue
[2023-06-11T03:10:04.028+0000] {logging_mixin.py:137} INFO - [2023-06-11T03:10:04.028+0000] {dagbag.py:538} INFO - Filling up the DagBag from /usr/local/python/3.10.4/lib/python3.10/site-packages/airflow/example_dags/example_datasets.py
[2023-06-11T03:10:04.046+0000] {processor.py:753} INFO - DAG(s) dict_keys(['dataset_consumes_1_never_scheduled', 'dataset_produces_2', 'dataset_consumes_1_and_2', 'dataset_produces_1', 'dataset_consumes_unknown_never_scheduled', 'dataset_consumes_1']) retrieved from /usr/local/python/3.10.4/lib/python3.10/site-packages/airflow/example_dags/example_datasets.py
[2023-06-11T03:10:04.076+0000] {logging_mixin.py:137} INFO - [2023-06-11T03:10:04.076+0000] {dag.py:2690} INFO - Sync 6 DAGs
[2023-06-11T03:10:04.244+0000] {logging_mixin.py:137} INFO - [2023-06-11T03:10:04.244+0000] {dag.py:3437} INFO - Setting next_dagrun for dataset_consumes_1 to None, run_after=None
[2023-06-11T03:10:04.247+0000] {logging_mixin.py:137} INFO - [2023-06-11T03:10:04.247+0000] {dag.py:3437} INFO - Setting next_dagrun for dataset_consumes_1_and_2 to None, run_after=None
[2023-06-11T03:10:04.248+0000] {logging_mixin.py:137} INFO - [2023-06-11T03:10:04.248+0000] {dag.py:3437} INFO - Setting next_dagrun for dataset_consumes_1_never_scheduled to None, run_after=None
[2023-06-11T03:10:04.249+0000] {logging_mixin.py:137} INFO - [2023-06-11T03:10:04.249+0000] {dag.py:3437} INFO - Setting next_dagrun for dataset_consumes_unknown_never_scheduled to None, run_after=None
[2023-06-11T03:10:04.251+0000] {logging_mixin.py:137} INFO - [2023-06-11T03:10:04.251+0000] {dag.py:3437} INFO - Setting next_dagrun for dataset_produces_1 to 2023-06-10T00:00:00+00:00, run_after=2023-06-11T00:00:00+00:00
[2023-06-11T03:10:04.252+0000] {logging_mixin.py:137} INFO - [2023-06-11T03:10:04.252+0000] {dag.py:3437} INFO - Setting next_dagrun for dataset_produces_2 to None, run_after=None
[2023-06-11T03:10:04.305+0000] {processor.py:175} INFO - Processing /usr/local/python/3.10.4/lib/python3.10/site-packages/airflow/example_dags/example_datasets.py took 0.283 seconds
[2023-06-11T03:10:57.875+0000] {processor.py:153} INFO - Started process (PID=12573) to work on /usr/local/python/3.10.4/lib/python3.10/site-packages/airflow/example_dags/example_datasets.py
[2023-06-11T03:10:57.875+0000] {processor.py:743} INFO - Processing file /usr/local/python/3.10.4/lib/python3.10/site-packages/airflow/example_dags/example_datasets.py for tasks to queue
[2023-06-11T03:10:57.876+0000] {logging_mixin.py:137} INFO - [2023-06-11T03:10:57.876+0000] {dagbag.py:538} INFO - Filling up the DagBag from /usr/local/python/3.10.4/lib/python3.10/site-packages/airflow/example_dags/example_datasets.py
[2023-06-11T03:10:57.897+0000] {processor.py:753} INFO - DAG(s) dict_keys(['dataset_produces_2', 'dataset_produces_1', 'dataset_consumes_1_and_2', 'dataset_consumes_unknown_never_scheduled', 'dataset_consumes_1_never_scheduled', 'dataset_consumes_1']) retrieved from /usr/local/python/3.10.4/lib/python3.10/site-packages/airflow/example_dags/example_datasets.py
[2023-06-11T03:10:58.277+0000] {logging_mixin.py:137} INFO - [2023-06-11T03:10:58.277+0000] {dag.py:2690} INFO - Sync 6 DAGs
[2023-06-11T03:10:58.295+0000] {logging_mixin.py:137} INFO - [2023-06-11T03:10:58.295+0000] {dag.py:3437} INFO - Setting next_dagrun for dataset_consumes_1 to None, run_after=None
[2023-06-11T03:10:58.297+0000] {logging_mixin.py:137} INFO - [2023-06-11T03:10:58.297+0000] {dag.py:3437} INFO - Setting next_dagrun for dataset_consumes_1_and_2 to None, run_after=None
[2023-06-11T03:10:58.298+0000] {logging_mixin.py:137} INFO - [2023-06-11T03:10:58.298+0000] {dag.py:3437} INFO - Setting next_dagrun for dataset_consumes_1_never_scheduled to None, run_after=None
[2023-06-11T03:10:58.299+0000] {logging_mixin.py:137} INFO - [2023-06-11T03:10:58.299+0000] {dag.py:3437} INFO - Setting next_dagrun for dataset_consumes_unknown_never_scheduled to None, run_after=None
[2023-06-11T03:10:58.302+0000] {logging_mixin.py:137} INFO - [2023-06-11T03:10:58.301+0000] {dag.py:3437} INFO - Setting next_dagrun for dataset_produces_1 to 2023-06-10T00:00:00+00:00, run_after=2023-06-11T00:00:00+00:00
[2023-06-11T03:10:58.302+0000] {logging_mixin.py:137} INFO - [2023-06-11T03:10:58.302+0000] {dag.py:3437} INFO - Setting next_dagrun for dataset_produces_2 to None, run_after=None
[2023-06-11T03:10:58.355+0000] {processor.py:175} INFO - Processing /usr/local/python/3.10.4/lib/python3.10/site-packages/airflow/example_dags/example_datasets.py took 0.484 seconds
