[2023-06-11T03:01:33.571+0000] {processor.py:153} INFO - Started process (PID=8026) to work on /usr/local/python/3.10.4/lib/python3.10/site-packages/airflow/example_dags/example_short_circuit_decorator.py
[2023-06-11T03:01:33.572+0000] {processor.py:743} INFO - Processing file /usr/local/python/3.10.4/lib/python3.10/site-packages/airflow/example_dags/example_short_circuit_decorator.py for tasks to queue
[2023-06-11T03:01:33.573+0000] {logging_mixin.py:137} INFO - [2023-06-11T03:01:33.573+0000] {dagbag.py:538} INFO - Filling up the DagBag from /usr/local/python/3.10.4/lib/python3.10/site-packages/airflow/example_dags/example_short_circuit_decorator.py
[2023-06-11T03:01:33.603+0000] {processor.py:753} INFO - DAG(s) dict_keys(['example_short_circuit_decorator']) retrieved from /usr/local/python/3.10.4/lib/python3.10/site-packages/airflow/example_dags/example_short_circuit_decorator.py
[2023-06-11T03:01:33.766+0000] {logging_mixin.py:137} INFO - [2023-06-11T03:01:33.765+0000] {manager.py:504} INFO - Created Permission View: can delete on DAG:example_short_circuit_decorator
[2023-06-11T03:01:33.801+0000] {logging_mixin.py:137} INFO - [2023-06-11T03:01:33.800+0000] {manager.py:504} INFO - Created Permission View: can edit on DAG:example_short_circuit_decorator
[2023-06-11T03:01:33.833+0000] {logging_mixin.py:137} INFO - [2023-06-11T03:01:33.833+0000] {manager.py:504} INFO - Created Permission View: can read on DAG:example_short_circuit_decorator
[2023-06-11T03:01:33.834+0000] {logging_mixin.py:137} INFO - [2023-06-11T03:01:33.833+0000] {dag.py:2690} INFO - Sync 1 DAGs
[2023-06-11T03:01:33.844+0000] {logging_mixin.py:137} INFO - [2023-06-11T03:01:33.843+0000] {dag.py:2711} INFO - Creating ORM DAG for example_short_circuit_decorator
[2023-06-11T03:01:33.853+0000] {logging_mixin.py:137} INFO - [2023-06-11T03:01:33.852+0000] {dag.py:3437} INFO - Setting next_dagrun for example_short_circuit_decorator to 2023-06-10T03:01:33.852674+00:00, run_after=2023-06-11T03:01:33.852674+00:00
[2023-06-11T03:01:33.905+0000] {processor.py:175} INFO - Processing /usr/local/python/3.10.4/lib/python3.10/site-packages/airflow/example_dags/example_short_circuit_decorator.py took 0.337 seconds
[2023-06-11T03:02:17.246+0000] {processor.py:153} INFO - Started process (PID=8322) to work on /usr/local/python/3.10.4/lib/python3.10/site-packages/airflow/example_dags/example_short_circuit_decorator.py
[2023-06-11T03:02:17.248+0000] {processor.py:743} INFO - Processing file /usr/local/python/3.10.4/lib/python3.10/site-packages/airflow/example_dags/example_short_circuit_decorator.py for tasks to queue
[2023-06-11T03:02:17.248+0000] {logging_mixin.py:137} INFO - [2023-06-11T03:02:17.248+0000] {dagbag.py:538} INFO - Filling up the DagBag from /usr/local/python/3.10.4/lib/python3.10/site-packages/airflow/example_dags/example_short_circuit_decorator.py
[2023-06-11T03:02:17.280+0000] {processor.py:753} INFO - DAG(s) dict_keys(['example_short_circuit_decorator']) retrieved from /usr/local/python/3.10.4/lib/python3.10/site-packages/airflow/example_dags/example_short_circuit_decorator.py
[2023-06-11T03:02:17.300+0000] {logging_mixin.py:137} INFO - [2023-06-11T03:02:17.300+0000] {dag.py:2690} INFO - Sync 1 DAGs
[2023-06-11T03:02:17.320+0000] {logging_mixin.py:137} INFO - [2023-06-11T03:02:17.320+0000] {dag.py:3437} INFO - Setting next_dagrun for example_short_circuit_decorator to 2023-06-10T03:02:17.319783+00:00, run_after=2023-06-11T03:02:17.319783+00:00
[2023-06-11T03:02:17.365+0000] {processor.py:175} INFO - Processing /usr/local/python/3.10.4/lib/python3.10/site-packages/airflow/example_dags/example_short_circuit_decorator.py took 0.124 seconds
[2023-06-11T03:03:00.001+0000] {processor.py:153} INFO - Started process (PID=8628) to work on /usr/local/python/3.10.4/lib/python3.10/site-packages/airflow/example_dags/example_short_circuit_decorator.py
[2023-06-11T03:03:00.002+0000] {processor.py:743} INFO - Processing file /usr/local/python/3.10.4/lib/python3.10/site-packages/airflow/example_dags/example_short_circuit_decorator.py for tasks to queue
[2023-06-11T03:03:00.003+0000] {logging_mixin.py:137} INFO - [2023-06-11T03:03:00.003+0000] {dagbag.py:538} INFO - Filling up the DagBag from /usr/local/python/3.10.4/lib/python3.10/site-packages/airflow/example_dags/example_short_circuit_decorator.py
[2023-06-11T03:03:00.033+0000] {processor.py:753} INFO - DAG(s) dict_keys(['example_short_circuit_decorator']) retrieved from /usr/local/python/3.10.4/lib/python3.10/site-packages/airflow/example_dags/example_short_circuit_decorator.py
[2023-06-11T03:03:00.054+0000] {logging_mixin.py:137} INFO - [2023-06-11T03:03:00.054+0000] {dag.py:2690} INFO - Sync 1 DAGs
[2023-06-11T03:03:00.073+0000] {logging_mixin.py:137} INFO - [2023-06-11T03:03:00.073+0000] {dag.py:3437} INFO - Setting next_dagrun for example_short_circuit_decorator to 2023-06-10T03:03:00.073314+00:00, run_after=2023-06-11T03:03:00.073314+00:00
[2023-06-11T03:03:00.118+0000] {processor.py:175} INFO - Processing /usr/local/python/3.10.4/lib/python3.10/site-packages/airflow/example_dags/example_short_circuit_decorator.py took 0.121 seconds
[2023-06-11T03:03:41.320+0000] {processor.py:153} INFO - Started process (PID=8934) to work on /usr/local/python/3.10.4/lib/python3.10/site-packages/airflow/example_dags/example_short_circuit_decorator.py
[2023-06-11T03:03:41.321+0000] {processor.py:743} INFO - Processing file /usr/local/python/3.10.4/lib/python3.10/site-packages/airflow/example_dags/example_short_circuit_decorator.py for tasks to queue
[2023-06-11T03:03:41.321+0000] {logging_mixin.py:137} INFO - [2023-06-11T03:03:41.321+0000] {dagbag.py:538} INFO - Filling up the DagBag from /usr/local/python/3.10.4/lib/python3.10/site-packages/airflow/example_dags/example_short_circuit_decorator.py
[2023-06-11T03:03:41.349+0000] {processor.py:753} INFO - DAG(s) dict_keys(['example_short_circuit_decorator']) retrieved from /usr/local/python/3.10.4/lib/python3.10/site-packages/airflow/example_dags/example_short_circuit_decorator.py
[2023-06-11T03:03:41.369+0000] {logging_mixin.py:137} INFO - [2023-06-11T03:03:41.369+0000] {dag.py:2690} INFO - Sync 1 DAGs
[2023-06-11T03:03:41.391+0000] {logging_mixin.py:137} INFO - [2023-06-11T03:03:41.391+0000] {dag.py:3437} INFO - Setting next_dagrun for example_short_circuit_decorator to 2023-06-10T03:03:41.391449+00:00, run_after=2023-06-11T03:03:41.391449+00:00
[2023-06-11T03:03:41.438+0000] {processor.py:175} INFO - Processing /usr/local/python/3.10.4/lib/python3.10/site-packages/airflow/example_dags/example_short_circuit_decorator.py took 0.122 seconds
[2023-06-11T03:04:25.532+0000] {processor.py:153} INFO - Started process (PID=9280) to work on /usr/local/python/3.10.4/lib/python3.10/site-packages/airflow/example_dags/example_short_circuit_decorator.py
[2023-06-11T03:04:25.533+0000] {processor.py:743} INFO - Processing file /usr/local/python/3.10.4/lib/python3.10/site-packages/airflow/example_dags/example_short_circuit_decorator.py for tasks to queue
[2023-06-11T03:04:25.534+0000] {logging_mixin.py:137} INFO - [2023-06-11T03:04:25.534+0000] {dagbag.py:538} INFO - Filling up the DagBag from /usr/local/python/3.10.4/lib/python3.10/site-packages/airflow/example_dags/example_short_circuit_decorator.py
[2023-06-11T03:04:25.560+0000] {processor.py:753} INFO - DAG(s) dict_keys(['example_short_circuit_decorator']) retrieved from /usr/local/python/3.10.4/lib/python3.10/site-packages/airflow/example_dags/example_short_circuit_decorator.py
[2023-06-11T03:04:25.580+0000] {logging_mixin.py:137} INFO - [2023-06-11T03:04:25.580+0000] {dag.py:2690} INFO - Sync 1 DAGs
[2023-06-11T03:04:25.600+0000] {logging_mixin.py:137} INFO - [2023-06-11T03:04:25.600+0000] {dag.py:3437} INFO - Setting next_dagrun for example_short_circuit_decorator to 2023-06-10T03:04:25.600256+00:00, run_after=2023-06-11T03:04:25.600256+00:00
[2023-06-11T03:04:25.653+0000] {processor.py:175} INFO - Processing /usr/local/python/3.10.4/lib/python3.10/site-packages/airflow/example_dags/example_short_circuit_decorator.py took 0.125 seconds
[2023-06-11T03:05:07.514+0000] {processor.py:153} INFO - Started process (PID=9690) to work on /usr/local/python/3.10.4/lib/python3.10/site-packages/airflow/example_dags/example_short_circuit_decorator.py
[2023-06-11T03:05:07.515+0000] {processor.py:743} INFO - Processing file /usr/local/python/3.10.4/lib/python3.10/site-packages/airflow/example_dags/example_short_circuit_decorator.py for tasks to queue
[2023-06-11T03:05:07.515+0000] {logging_mixin.py:137} INFO - [2023-06-11T03:05:07.515+0000] {dagbag.py:538} INFO - Filling up the DagBag from /usr/local/python/3.10.4/lib/python3.10/site-packages/airflow/example_dags/example_short_circuit_decorator.py
[2023-06-11T03:05:07.542+0000] {processor.py:753} INFO - DAG(s) dict_keys(['example_short_circuit_decorator']) retrieved from /usr/local/python/3.10.4/lib/python3.10/site-packages/airflow/example_dags/example_short_circuit_decorator.py
[2023-06-11T03:05:07.562+0000] {logging_mixin.py:137} INFO - [2023-06-11T03:05:07.562+0000] {dag.py:2690} INFO - Sync 1 DAGs
[2023-06-11T03:05:07.583+0000] {logging_mixin.py:137} INFO - [2023-06-11T03:05:07.582+0000] {dag.py:3437} INFO - Setting next_dagrun for example_short_circuit_decorator to 2023-06-10T03:05:07.582704+00:00, run_after=2023-06-11T03:05:07.582704+00:00
[2023-06-11T03:05:07.628+0000] {processor.py:175} INFO - Processing /usr/local/python/3.10.4/lib/python3.10/site-packages/airflow/example_dags/example_short_circuit_decorator.py took 0.117 seconds
[2023-06-11T03:05:53.456+0000] {processor.py:153} INFO - Started process (PID=10020) to work on /usr/local/python/3.10.4/lib/python3.10/site-packages/airflow/example_dags/example_short_circuit_decorator.py
[2023-06-11T03:05:53.458+0000] {processor.py:743} INFO - Processing file /usr/local/python/3.10.4/lib/python3.10/site-packages/airflow/example_dags/example_short_circuit_decorator.py for tasks to queue
[2023-06-11T03:05:53.459+0000] {logging_mixin.py:137} INFO - [2023-06-11T03:05:53.458+0000] {dagbag.py:538} INFO - Filling up the DagBag from /usr/local/python/3.10.4/lib/python3.10/site-packages/airflow/example_dags/example_short_circuit_decorator.py
[2023-06-11T03:05:53.602+0000] {processor.py:753} INFO - DAG(s) dict_keys(['example_short_circuit_decorator']) retrieved from /usr/local/python/3.10.4/lib/python3.10/site-packages/airflow/example_dags/example_short_circuit_decorator.py
[2023-06-11T03:05:53.654+0000] {logging_mixin.py:137} INFO - [2023-06-11T03:05:53.654+0000] {dag.py:2690} INFO - Sync 1 DAGs
[2023-06-11T03:05:53.682+0000] {logging_mixin.py:137} INFO - [2023-06-11T03:05:53.682+0000] {dag.py:3437} INFO - Setting next_dagrun for example_short_circuit_decorator to 2023-06-10T03:05:53.682021+00:00, run_after=2023-06-11T03:05:53.682021+00:00
[2023-06-11T03:05:53.753+0000] {processor.py:175} INFO - Processing /usr/local/python/3.10.4/lib/python3.10/site-packages/airflow/example_dags/example_short_circuit_decorator.py took 0.302 seconds
[2023-06-11T03:06:42.157+0000] {processor.py:153} INFO - Started process (PID=10551) to work on /usr/local/python/3.10.4/lib/python3.10/site-packages/airflow/example_dags/example_short_circuit_decorator.py
[2023-06-11T03:06:42.158+0000] {processor.py:743} INFO - Processing file /usr/local/python/3.10.4/lib/python3.10/site-packages/airflow/example_dags/example_short_circuit_decorator.py for tasks to queue
[2023-06-11T03:06:42.159+0000] {logging_mixin.py:137} INFO - [2023-06-11T03:06:42.159+0000] {dagbag.py:538} INFO - Filling up the DagBag from /usr/local/python/3.10.4/lib/python3.10/site-packages/airflow/example_dags/example_short_circuit_decorator.py
[2023-06-11T03:06:42.191+0000] {processor.py:753} INFO - DAG(s) dict_keys(['example_short_circuit_decorator']) retrieved from /usr/local/python/3.10.4/lib/python3.10/site-packages/airflow/example_dags/example_short_circuit_decorator.py
[2023-06-11T03:06:42.221+0000] {logging_mixin.py:137} INFO - [2023-06-11T03:06:42.221+0000] {dag.py:2690} INFO - Sync 1 DAGs
[2023-06-11T03:06:42.250+0000] {logging_mixin.py:137} INFO - [2023-06-11T03:06:42.250+0000] {dag.py:3437} INFO - Setting next_dagrun for example_short_circuit_decorator to 2023-06-10T03:06:42.250359+00:00, run_after=2023-06-11T03:06:42.250359+00:00
[2023-06-11T03:06:42.314+0000] {processor.py:175} INFO - Processing /usr/local/python/3.10.4/lib/python3.10/site-packages/airflow/example_dags/example_short_circuit_decorator.py took 0.160 seconds
[2023-06-11T03:07:29.680+0000] {processor.py:153} INFO - Started process (PID=10970) to work on /usr/local/python/3.10.4/lib/python3.10/site-packages/airflow/example_dags/example_short_circuit_decorator.py
[2023-06-11T03:07:29.681+0000] {processor.py:743} INFO - Processing file /usr/local/python/3.10.4/lib/python3.10/site-packages/airflow/example_dags/example_short_circuit_decorator.py for tasks to queue
[2023-06-11T03:07:29.685+0000] {logging_mixin.py:137} INFO - [2023-06-11T03:07:29.685+0000] {dagbag.py:538} INFO - Filling up the DagBag from /usr/local/python/3.10.4/lib/python3.10/site-packages/airflow/example_dags/example_short_circuit_decorator.py
[2023-06-11T03:07:29.743+0000] {processor.py:753} INFO - DAG(s) dict_keys(['example_short_circuit_decorator']) retrieved from /usr/local/python/3.10.4/lib/python3.10/site-packages/airflow/example_dags/example_short_circuit_decorator.py
[2023-06-11T03:07:29.779+0000] {logging_mixin.py:137} INFO - [2023-06-11T03:07:29.779+0000] {dag.py:2690} INFO - Sync 1 DAGs
[2023-06-11T03:07:29.803+0000] {logging_mixin.py:137} INFO - [2023-06-11T03:07:29.802+0000] {dag.py:3437} INFO - Setting next_dagrun for example_short_circuit_decorator to 2023-06-10T03:07:29.802703+00:00, run_after=2023-06-11T03:07:29.802703+00:00
[2023-06-11T03:07:29.849+0000] {processor.py:175} INFO - Processing /usr/local/python/3.10.4/lib/python3.10/site-packages/airflow/example_dags/example_short_circuit_decorator.py took 0.174 seconds
[2023-06-11T03:08:17.035+0000] {processor.py:153} INFO - Started process (PID=11353) to work on /usr/local/python/3.10.4/lib/python3.10/site-packages/airflow/example_dags/example_short_circuit_decorator.py
[2023-06-11T03:08:17.036+0000] {processor.py:743} INFO - Processing file /usr/local/python/3.10.4/lib/python3.10/site-packages/airflow/example_dags/example_short_circuit_decorator.py for tasks to queue
[2023-06-11T03:08:17.037+0000] {logging_mixin.py:137} INFO - [2023-06-11T03:08:17.037+0000] {dagbag.py:538} INFO - Filling up the DagBag from /usr/local/python/3.10.4/lib/python3.10/site-packages/airflow/example_dags/example_short_circuit_decorator.py
[2023-06-11T03:08:17.065+0000] {processor.py:753} INFO - DAG(s) dict_keys(['example_short_circuit_decorator']) retrieved from /usr/local/python/3.10.4/lib/python3.10/site-packages/airflow/example_dags/example_short_circuit_decorator.py
[2023-06-11T03:08:17.087+0000] {logging_mixin.py:137} INFO - [2023-06-11T03:08:17.086+0000] {dag.py:2690} INFO - Sync 1 DAGs
[2023-06-11T03:08:17.106+0000] {logging_mixin.py:137} INFO - [2023-06-11T03:08:17.106+0000] {dag.py:3437} INFO - Setting next_dagrun for example_short_circuit_decorator to 2023-06-10T03:08:17.106121+00:00, run_after=2023-06-11T03:08:17.106121+00:00
[2023-06-11T03:08:17.305+0000] {processor.py:175} INFO - Processing /usr/local/python/3.10.4/lib/python3.10/site-packages/airflow/example_dags/example_short_circuit_decorator.py took 0.275 seconds
[2023-06-11T03:09:02.394+0000] {processor.py:153} INFO - Started process (PID=11703) to work on /usr/local/python/3.10.4/lib/python3.10/site-packages/airflow/example_dags/example_short_circuit_decorator.py
[2023-06-11T03:09:02.395+0000] {processor.py:743} INFO - Processing file /usr/local/python/3.10.4/lib/python3.10/site-packages/airflow/example_dags/example_short_circuit_decorator.py for tasks to queue
[2023-06-11T03:09:02.396+0000] {logging_mixin.py:137} INFO - [2023-06-11T03:09:02.396+0000] {dagbag.py:538} INFO - Filling up the DagBag from /usr/local/python/3.10.4/lib/python3.10/site-packages/airflow/example_dags/example_short_circuit_decorator.py
[2023-06-11T03:09:02.424+0000] {processor.py:753} INFO - DAG(s) dict_keys(['example_short_circuit_decorator']) retrieved from /usr/local/python/3.10.4/lib/python3.10/site-packages/airflow/example_dags/example_short_circuit_decorator.py
[2023-06-11T03:09:02.444+0000] {logging_mixin.py:137} INFO - [2023-06-11T03:09:02.443+0000] {dag.py:2690} INFO - Sync 1 DAGs
[2023-06-11T03:09:02.628+0000] {logging_mixin.py:137} INFO - [2023-06-11T03:09:02.628+0000] {dag.py:3437} INFO - Setting next_dagrun for example_short_circuit_decorator to 2023-06-10T03:09:02.628591+00:00, run_after=2023-06-11T03:09:02.628591+00:00
[2023-06-11T03:09:02.674+0000] {processor.py:175} INFO - Processing /usr/local/python/3.10.4/lib/python3.10/site-packages/airflow/example_dags/example_short_circuit_decorator.py took 0.283 seconds
[2023-06-11T03:09:48.468+0000] {processor.py:153} INFO - Started process (PID=12024) to work on /usr/local/python/3.10.4/lib/python3.10/site-packages/airflow/example_dags/example_short_circuit_decorator.py
[2023-06-11T03:09:48.469+0000] {processor.py:743} INFO - Processing file /usr/local/python/3.10.4/lib/python3.10/site-packages/airflow/example_dags/example_short_circuit_decorator.py for tasks to queue
[2023-06-11T03:09:48.470+0000] {logging_mixin.py:137} INFO - [2023-06-11T03:09:48.470+0000] {dagbag.py:538} INFO - Filling up the DagBag from /usr/local/python/3.10.4/lib/python3.10/site-packages/airflow/example_dags/example_short_circuit_decorator.py
[2023-06-11T03:09:48.497+0000] {processor.py:753} INFO - DAG(s) dict_keys(['example_short_circuit_decorator']) retrieved from /usr/local/python/3.10.4/lib/python3.10/site-packages/airflow/example_dags/example_short_circuit_decorator.py
[2023-06-11T03:09:48.517+0000] {logging_mixin.py:137} INFO - [2023-06-11T03:09:48.517+0000] {dag.py:2690} INFO - Sync 1 DAGs
[2023-06-11T03:09:48.684+0000] {logging_mixin.py:137} INFO - [2023-06-11T03:09:48.684+0000] {dag.py:3437} INFO - Setting next_dagrun for example_short_circuit_decorator to 2023-06-10T03:09:48.683973+00:00, run_after=2023-06-11T03:09:48.683973+00:00
[2023-06-11T03:09:48.735+0000] {processor.py:175} INFO - Processing /usr/local/python/3.10.4/lib/python3.10/site-packages/airflow/example_dags/example_short_circuit_decorator.py took 0.271 seconds
[2023-06-11T03:10:39.716+0000] {processor.py:153} INFO - Started process (PID=12398) to work on /usr/local/python/3.10.4/lib/python3.10/site-packages/airflow/example_dags/example_short_circuit_decorator.py
[2023-06-11T03:10:39.717+0000] {processor.py:743} INFO - Processing file /usr/local/python/3.10.4/lib/python3.10/site-packages/airflow/example_dags/example_short_circuit_decorator.py for tasks to queue
[2023-06-11T03:10:39.717+0000] {logging_mixin.py:137} INFO - [2023-06-11T03:10:39.717+0000] {dagbag.py:538} INFO - Filling up the DagBag from /usr/local/python/3.10.4/lib/python3.10/site-packages/airflow/example_dags/example_short_circuit_decorator.py
[2023-06-11T03:10:39.745+0000] {processor.py:753} INFO - DAG(s) dict_keys(['example_short_circuit_decorator']) retrieved from /usr/local/python/3.10.4/lib/python3.10/site-packages/airflow/example_dags/example_short_circuit_decorator.py
[2023-06-11T03:10:39.766+0000] {logging_mixin.py:137} INFO - [2023-06-11T03:10:39.766+0000] {dag.py:2690} INFO - Sync 1 DAGs
[2023-06-11T03:10:39.925+0000] {logging_mixin.py:137} INFO - [2023-06-11T03:10:39.925+0000] {dag.py:3437} INFO - Setting next_dagrun for example_short_circuit_decorator to 2023-06-10T03:10:39.925586+00:00, run_after=2023-06-11T03:10:39.925586+00:00
[2023-06-11T03:10:39.971+0000] {processor.py:175} INFO - Processing /usr/local/python/3.10.4/lib/python3.10/site-packages/airflow/example_dags/example_short_circuit_decorator.py took 0.259 seconds
