[2023-06-11T03:01:40.111+0000] {processor.py:153} INFO - Started process (PID=8055) to work on /usr/local/python/3.10.4/lib/python3.10/site-packages/airflow/example_dags/example_complex.py
[2023-06-11T03:01:40.112+0000] {processor.py:743} INFO - Processing file /usr/local/python/3.10.4/lib/python3.10/site-packages/airflow/example_dags/example_complex.py for tasks to queue
[2023-06-11T03:01:40.112+0000] {logging_mixin.py:137} INFO - [2023-06-11T03:01:40.112+0000] {dagbag.py:538} INFO - Filling up the DagBag from /usr/local/python/3.10.4/lib/python3.10/site-packages/airflow/example_dags/example_complex.py
[2023-06-11T03:01:40.124+0000] {logging_mixin.py:137} INFO - [2023-06-11T03:01:40.123+0000] {taskmixin.py:205} WARNING - Dependency <Task(BashOperator): create_entry_group>, delete_entry_group already registered for DAG: example_complex
[2023-06-11T03:01:40.124+0000] {logging_mixin.py:137} INFO - [2023-06-11T03:01:40.124+0000] {taskmixin.py:205} WARNING - Dependency <Task(BashOperator): delete_entry_group>, create_entry_group already registered for DAG: example_complex
[2023-06-11T03:01:40.124+0000] {logging_mixin.py:137} INFO - [2023-06-11T03:01:40.124+0000] {taskmixin.py:205} WARNING - Dependency <Task(BashOperator): create_entry_gcs>, delete_entry already registered for DAG: example_complex
[2023-06-11T03:01:40.124+0000] {logging_mixin.py:137} INFO - [2023-06-11T03:01:40.124+0000] {taskmixin.py:205} WARNING - Dependency <Task(BashOperator): delete_entry>, create_entry_gcs already registered for DAG: example_complex
[2023-06-11T03:01:40.125+0000] {logging_mixin.py:137} INFO - [2023-06-11T03:01:40.125+0000] {taskmixin.py:205} WARNING - Dependency <Task(BashOperator): create_tag>, delete_tag already registered for DAG: example_complex
[2023-06-11T03:01:40.125+0000] {logging_mixin.py:137} INFO - [2023-06-11T03:01:40.125+0000] {taskmixin.py:205} WARNING - Dependency <Task(BashOperator): delete_tag>, create_tag already registered for DAG: example_complex
[2023-06-11T03:01:40.133+0000] {processor.py:753} INFO - DAG(s) dict_keys(['example_complex']) retrieved from /usr/local/python/3.10.4/lib/python3.10/site-packages/airflow/example_dags/example_complex.py
[2023-06-11T03:01:40.298+0000] {logging_mixin.py:137} INFO - [2023-06-11T03:01:40.298+0000] {manager.py:504} INFO - Created Permission View: can delete on DAG:example_complex
[2023-06-11T03:01:40.336+0000] {logging_mixin.py:137} INFO - [2023-06-11T03:01:40.335+0000] {manager.py:504} INFO - Created Permission View: can edit on DAG:example_complex
[2023-06-11T03:01:40.367+0000] {logging_mixin.py:137} INFO - [2023-06-11T03:01:40.367+0000] {manager.py:504} INFO - Created Permission View: can read on DAG:example_complex
[2023-06-11T03:01:40.367+0000] {logging_mixin.py:137} INFO - [2023-06-11T03:01:40.367+0000] {dag.py:2690} INFO - Sync 1 DAGs
[2023-06-11T03:01:40.378+0000] {logging_mixin.py:137} INFO - [2023-06-11T03:01:40.377+0000] {dag.py:2711} INFO - Creating ORM DAG for example_complex
[2023-06-11T03:01:40.386+0000] {logging_mixin.py:137} INFO - [2023-06-11T03:01:40.386+0000] {dag.py:3437} INFO - Setting next_dagrun for example_complex to None, run_after=None
[2023-06-11T03:01:40.437+0000] {processor.py:175} INFO - Processing /usr/local/python/3.10.4/lib/python3.10/site-packages/airflow/example_dags/example_complex.py took 0.329 seconds
[2023-06-11T03:02:25.004+0000] {processor.py:153} INFO - Started process (PID=8381) to work on /usr/local/python/3.10.4/lib/python3.10/site-packages/airflow/example_dags/example_complex.py
[2023-06-11T03:02:25.005+0000] {processor.py:743} INFO - Processing file /usr/local/python/3.10.4/lib/python3.10/site-packages/airflow/example_dags/example_complex.py for tasks to queue
[2023-06-11T03:02:25.006+0000] {logging_mixin.py:137} INFO - [2023-06-11T03:02:25.006+0000] {dagbag.py:538} INFO - Filling up the DagBag from /usr/local/python/3.10.4/lib/python3.10/site-packages/airflow/example_dags/example_complex.py
[2023-06-11T03:02:25.017+0000] {logging_mixin.py:137} INFO - [2023-06-11T03:02:25.017+0000] {taskmixin.py:205} WARNING - Dependency <Task(BashOperator): create_entry_group>, delete_entry_group already registered for DAG: example_complex
[2023-06-11T03:02:25.018+0000] {logging_mixin.py:137} INFO - [2023-06-11T03:02:25.017+0000] {taskmixin.py:205} WARNING - Dependency <Task(BashOperator): delete_entry_group>, create_entry_group already registered for DAG: example_complex
[2023-06-11T03:02:25.018+0000] {logging_mixin.py:137} INFO - [2023-06-11T03:02:25.018+0000] {taskmixin.py:205} WARNING - Dependency <Task(BashOperator): create_entry_gcs>, delete_entry already registered for DAG: example_complex
[2023-06-11T03:02:25.018+0000] {logging_mixin.py:137} INFO - [2023-06-11T03:02:25.018+0000] {taskmixin.py:205} WARNING - Dependency <Task(BashOperator): delete_entry>, create_entry_gcs already registered for DAG: example_complex
[2023-06-11T03:02:25.019+0000] {logging_mixin.py:137} INFO - [2023-06-11T03:02:25.019+0000] {taskmixin.py:205} WARNING - Dependency <Task(BashOperator): create_tag>, delete_tag already registered for DAG: example_complex
[2023-06-11T03:02:25.019+0000] {logging_mixin.py:137} INFO - [2023-06-11T03:02:25.019+0000] {taskmixin.py:205} WARNING - Dependency <Task(BashOperator): delete_tag>, create_tag already registered for DAG: example_complex
[2023-06-11T03:02:25.027+0000] {processor.py:753} INFO - DAG(s) dict_keys(['example_complex']) retrieved from /usr/local/python/3.10.4/lib/python3.10/site-packages/airflow/example_dags/example_complex.py
[2023-06-11T03:02:25.054+0000] {logging_mixin.py:137} INFO - [2023-06-11T03:02:25.054+0000] {dag.py:2690} INFO - Sync 1 DAGs
[2023-06-11T03:02:25.073+0000] {logging_mixin.py:137} INFO - [2023-06-11T03:02:25.073+0000] {dag.py:3437} INFO - Setting next_dagrun for example_complex to None, run_after=None
[2023-06-11T03:02:25.119+0000] {processor.py:175} INFO - Processing /usr/local/python/3.10.4/lib/python3.10/site-packages/airflow/example_dags/example_complex.py took 0.118 seconds
[2023-06-11T03:03:05.736+0000] {processor.py:153} INFO - Started process (PID=8677) to work on /usr/local/python/3.10.4/lib/python3.10/site-packages/airflow/example_dags/example_complex.py
[2023-06-11T03:03:05.737+0000] {processor.py:743} INFO - Processing file /usr/local/python/3.10.4/lib/python3.10/site-packages/airflow/example_dags/example_complex.py for tasks to queue
[2023-06-11T03:03:05.737+0000] {logging_mixin.py:137} INFO - [2023-06-11T03:03:05.737+0000] {dagbag.py:538} INFO - Filling up the DagBag from /usr/local/python/3.10.4/lib/python3.10/site-packages/airflow/example_dags/example_complex.py
[2023-06-11T03:03:05.749+0000] {logging_mixin.py:137} INFO - [2023-06-11T03:03:05.749+0000] {taskmixin.py:205} WARNING - Dependency <Task(BashOperator): create_entry_group>, delete_entry_group already registered for DAG: example_complex
[2023-06-11T03:03:05.749+0000] {logging_mixin.py:137} INFO - [2023-06-11T03:03:05.749+0000] {taskmixin.py:205} WARNING - Dependency <Task(BashOperator): delete_entry_group>, create_entry_group already registered for DAG: example_complex
[2023-06-11T03:03:05.749+0000] {logging_mixin.py:137} INFO - [2023-06-11T03:03:05.749+0000] {taskmixin.py:205} WARNING - Dependency <Task(BashOperator): create_entry_gcs>, delete_entry already registered for DAG: example_complex
[2023-06-11T03:03:05.749+0000] {logging_mixin.py:137} INFO - [2023-06-11T03:03:05.749+0000] {taskmixin.py:205} WARNING - Dependency <Task(BashOperator): delete_entry>, create_entry_gcs already registered for DAG: example_complex
[2023-06-11T03:03:05.750+0000] {logging_mixin.py:137} INFO - [2023-06-11T03:03:05.750+0000] {taskmixin.py:205} WARNING - Dependency <Task(BashOperator): create_tag>, delete_tag already registered for DAG: example_complex
[2023-06-11T03:03:05.750+0000] {logging_mixin.py:137} INFO - [2023-06-11T03:03:05.750+0000] {taskmixin.py:205} WARNING - Dependency <Task(BashOperator): delete_tag>, create_tag already registered for DAG: example_complex
[2023-06-11T03:03:05.759+0000] {processor.py:753} INFO - DAG(s) dict_keys(['example_complex']) retrieved from /usr/local/python/3.10.4/lib/python3.10/site-packages/airflow/example_dags/example_complex.py
[2023-06-11T03:03:05.784+0000] {logging_mixin.py:137} INFO - [2023-06-11T03:03:05.784+0000] {dag.py:2690} INFO - Sync 1 DAGs
[2023-06-11T03:03:05.805+0000] {logging_mixin.py:137} INFO - [2023-06-11T03:03:05.804+0000] {dag.py:3437} INFO - Setting next_dagrun for example_complex to None, run_after=None
[2023-06-11T03:03:05.850+0000] {processor.py:175} INFO - Processing /usr/local/python/3.10.4/lib/python3.10/site-packages/airflow/example_dags/example_complex.py took 0.118 seconds
[2023-06-11T03:03:46.595+0000] {processor.py:153} INFO - Started process (PID=8984) to work on /usr/local/python/3.10.4/lib/python3.10/site-packages/airflow/example_dags/example_complex.py
[2023-06-11T03:03:46.597+0000] {processor.py:743} INFO - Processing file /usr/local/python/3.10.4/lib/python3.10/site-packages/airflow/example_dags/example_complex.py for tasks to queue
[2023-06-11T03:03:46.601+0000] {logging_mixin.py:137} INFO - [2023-06-11T03:03:46.601+0000] {dagbag.py:538} INFO - Filling up the DagBag from /usr/local/python/3.10.4/lib/python3.10/site-packages/airflow/example_dags/example_complex.py
[2023-06-11T03:03:46.612+0000] {logging_mixin.py:137} INFO - [2023-06-11T03:03:46.612+0000] {taskmixin.py:205} WARNING - Dependency <Task(BashOperator): create_entry_group>, delete_entry_group already registered for DAG: example_complex
[2023-06-11T03:03:46.612+0000] {logging_mixin.py:137} INFO - [2023-06-11T03:03:46.612+0000] {taskmixin.py:205} WARNING - Dependency <Task(BashOperator): delete_entry_group>, create_entry_group already registered for DAG: example_complex
[2023-06-11T03:03:46.612+0000] {logging_mixin.py:137} INFO - [2023-06-11T03:03:46.612+0000] {taskmixin.py:205} WARNING - Dependency <Task(BashOperator): create_entry_gcs>, delete_entry already registered for DAG: example_complex
[2023-06-11T03:03:46.612+0000] {logging_mixin.py:137} INFO - [2023-06-11T03:03:46.612+0000] {taskmixin.py:205} WARNING - Dependency <Task(BashOperator): delete_entry>, create_entry_gcs already registered for DAG: example_complex
[2023-06-11T03:03:46.613+0000] {logging_mixin.py:137} INFO - [2023-06-11T03:03:46.613+0000] {taskmixin.py:205} WARNING - Dependency <Task(BashOperator): create_tag>, delete_tag already registered for DAG: example_complex
[2023-06-11T03:03:46.613+0000] {logging_mixin.py:137} INFO - [2023-06-11T03:03:46.613+0000] {taskmixin.py:205} WARNING - Dependency <Task(BashOperator): delete_tag>, create_tag already registered for DAG: example_complex
[2023-06-11T03:03:46.621+0000] {processor.py:753} INFO - DAG(s) dict_keys(['example_complex']) retrieved from /usr/local/python/3.10.4/lib/python3.10/site-packages/airflow/example_dags/example_complex.py
[2023-06-11T03:03:46.646+0000] {logging_mixin.py:137} INFO - [2023-06-11T03:03:46.646+0000] {dag.py:2690} INFO - Sync 1 DAGs
[2023-06-11T03:03:46.666+0000] {logging_mixin.py:137} INFO - [2023-06-11T03:03:46.666+0000] {dag.py:3437} INFO - Setting next_dagrun for example_complex to None, run_after=None
[2023-06-11T03:03:46.712+0000] {processor.py:175} INFO - Processing /usr/local/python/3.10.4/lib/python3.10/site-packages/airflow/example_dags/example_complex.py took 0.121 seconds
[2023-06-11T03:04:30.617+0000] {processor.py:153} INFO - Started process (PID=9306) to work on /usr/local/python/3.10.4/lib/python3.10/site-packages/airflow/example_dags/example_complex.py
[2023-06-11T03:04:30.618+0000] {processor.py:743} INFO - Processing file /usr/local/python/3.10.4/lib/python3.10/site-packages/airflow/example_dags/example_complex.py for tasks to queue
[2023-06-11T03:04:30.619+0000] {logging_mixin.py:137} INFO - [2023-06-11T03:04:30.619+0000] {dagbag.py:538} INFO - Filling up the DagBag from /usr/local/python/3.10.4/lib/python3.10/site-packages/airflow/example_dags/example_complex.py
[2023-06-11T03:04:30.631+0000] {logging_mixin.py:137} INFO - [2023-06-11T03:04:30.631+0000] {taskmixin.py:205} WARNING - Dependency <Task(BashOperator): create_entry_group>, delete_entry_group already registered for DAG: example_complex
[2023-06-11T03:04:30.631+0000] {logging_mixin.py:137} INFO - [2023-06-11T03:04:30.631+0000] {taskmixin.py:205} WARNING - Dependency <Task(BashOperator): delete_entry_group>, create_entry_group already registered for DAG: example_complex
[2023-06-11T03:04:30.631+0000] {logging_mixin.py:137} INFO - [2023-06-11T03:04:30.631+0000] {taskmixin.py:205} WARNING - Dependency <Task(BashOperator): create_entry_gcs>, delete_entry already registered for DAG: example_complex
[2023-06-11T03:04:30.632+0000] {logging_mixin.py:137} INFO - [2023-06-11T03:04:30.632+0000] {taskmixin.py:205} WARNING - Dependency <Task(BashOperator): delete_entry>, create_entry_gcs already registered for DAG: example_complex
[2023-06-11T03:04:30.632+0000] {logging_mixin.py:137} INFO - [2023-06-11T03:04:30.632+0000] {taskmixin.py:205} WARNING - Dependency <Task(BashOperator): create_tag>, delete_tag already registered for DAG: example_complex
[2023-06-11T03:04:30.632+0000] {logging_mixin.py:137} INFO - [2023-06-11T03:04:30.632+0000] {taskmixin.py:205} WARNING - Dependency <Task(BashOperator): delete_tag>, create_tag already registered for DAG: example_complex
[2023-06-11T03:04:30.640+0000] {processor.py:753} INFO - DAG(s) dict_keys(['example_complex']) retrieved from /usr/local/python/3.10.4/lib/python3.10/site-packages/airflow/example_dags/example_complex.py
[2023-06-11T03:04:30.668+0000] {logging_mixin.py:137} INFO - [2023-06-11T03:04:30.667+0000] {dag.py:2690} INFO - Sync 1 DAGs
[2023-06-11T03:04:30.688+0000] {logging_mixin.py:137} INFO - [2023-06-11T03:04:30.688+0000] {dag.py:3437} INFO - Setting next_dagrun for example_complex to None, run_after=None
[2023-06-11T03:04:30.734+0000] {processor.py:175} INFO - Processing /usr/local/python/3.10.4/lib/python3.10/site-packages/airflow/example_dags/example_complex.py took 0.120 seconds
[2023-06-11T03:05:19.174+0000] {processor.py:153} INFO - Started process (PID=9772) to work on /usr/local/python/3.10.4/lib/python3.10/site-packages/airflow/example_dags/example_complex.py
[2023-06-11T03:05:19.175+0000] {processor.py:743} INFO - Processing file /usr/local/python/3.10.4/lib/python3.10/site-packages/airflow/example_dags/example_complex.py for tasks to queue
[2023-06-11T03:05:19.175+0000] {logging_mixin.py:137} INFO - [2023-06-11T03:05:19.175+0000] {dagbag.py:538} INFO - Filling up the DagBag from /usr/local/python/3.10.4/lib/python3.10/site-packages/airflow/example_dags/example_complex.py
[2023-06-11T03:05:19.187+0000] {logging_mixin.py:137} INFO - [2023-06-11T03:05:19.187+0000] {taskmixin.py:205} WARNING - Dependency <Task(BashOperator): create_entry_group>, delete_entry_group already registered for DAG: example_complex
[2023-06-11T03:05:19.188+0000] {logging_mixin.py:137} INFO - [2023-06-11T03:05:19.187+0000] {taskmixin.py:205} WARNING - Dependency <Task(BashOperator): delete_entry_group>, create_entry_group already registered for DAG: example_complex
[2023-06-11T03:05:19.188+0000] {logging_mixin.py:137} INFO - [2023-06-11T03:05:19.188+0000] {taskmixin.py:205} WARNING - Dependency <Task(BashOperator): create_entry_gcs>, delete_entry already registered for DAG: example_complex
[2023-06-11T03:05:19.188+0000] {logging_mixin.py:137} INFO - [2023-06-11T03:05:19.188+0000] {taskmixin.py:205} WARNING - Dependency <Task(BashOperator): delete_entry>, create_entry_gcs already registered for DAG: example_complex
[2023-06-11T03:05:19.188+0000] {logging_mixin.py:137} INFO - [2023-06-11T03:05:19.188+0000] {taskmixin.py:205} WARNING - Dependency <Task(BashOperator): create_tag>, delete_tag already registered for DAG: example_complex
[2023-06-11T03:05:19.188+0000] {logging_mixin.py:137} INFO - [2023-06-11T03:05:19.188+0000] {taskmixin.py:205} WARNING - Dependency <Task(BashOperator): delete_tag>, create_tag already registered for DAG: example_complex
[2023-06-11T03:05:19.196+0000] {processor.py:753} INFO - DAG(s) dict_keys(['example_complex']) retrieved from /usr/local/python/3.10.4/lib/python3.10/site-packages/airflow/example_dags/example_complex.py
[2023-06-11T03:05:19.225+0000] {logging_mixin.py:137} INFO - [2023-06-11T03:05:19.225+0000] {dag.py:2690} INFO - Sync 1 DAGs
[2023-06-11T03:05:19.254+0000] {logging_mixin.py:137} INFO - [2023-06-11T03:05:19.254+0000] {dag.py:3437} INFO - Setting next_dagrun for example_complex to None, run_after=None
[2023-06-11T03:05:19.305+0000] {processor.py:175} INFO - Processing /usr/local/python/3.10.4/lib/python3.10/site-packages/airflow/example_dags/example_complex.py took 0.135 seconds
[2023-06-11T03:06:04.970+0000] {processor.py:153} INFO - Started process (PID=10132) to work on /usr/local/python/3.10.4/lib/python3.10/site-packages/airflow/example_dags/example_complex.py
[2023-06-11T03:06:04.972+0000] {processor.py:743} INFO - Processing file /usr/local/python/3.10.4/lib/python3.10/site-packages/airflow/example_dags/example_complex.py for tasks to queue
[2023-06-11T03:06:04.973+0000] {logging_mixin.py:137} INFO - [2023-06-11T03:06:04.972+0000] {dagbag.py:538} INFO - Filling up the DagBag from /usr/local/python/3.10.4/lib/python3.10/site-packages/airflow/example_dags/example_complex.py
[2023-06-11T03:06:04.985+0000] {logging_mixin.py:137} INFO - [2023-06-11T03:06:04.985+0000] {taskmixin.py:205} WARNING - Dependency <Task(BashOperator): create_entry_group>, delete_entry_group already registered for DAG: example_complex
[2023-06-11T03:06:04.985+0000] {logging_mixin.py:137} INFO - [2023-06-11T03:06:04.985+0000] {taskmixin.py:205} WARNING - Dependency <Task(BashOperator): delete_entry_group>, create_entry_group already registered for DAG: example_complex
[2023-06-11T03:06:04.985+0000] {logging_mixin.py:137} INFO - [2023-06-11T03:06:04.985+0000] {taskmixin.py:205} WARNING - Dependency <Task(BashOperator): create_entry_gcs>, delete_entry already registered for DAG: example_complex
[2023-06-11T03:06:04.985+0000] {logging_mixin.py:137} INFO - [2023-06-11T03:06:04.985+0000] {taskmixin.py:205} WARNING - Dependency <Task(BashOperator): delete_entry>, create_entry_gcs already registered for DAG: example_complex
[2023-06-11T03:06:04.986+0000] {logging_mixin.py:137} INFO - [2023-06-11T03:06:04.986+0000] {taskmixin.py:205} WARNING - Dependency <Task(BashOperator): create_tag>, delete_tag already registered for DAG: example_complex
[2023-06-11T03:06:04.986+0000] {logging_mixin.py:137} INFO - [2023-06-11T03:06:04.986+0000] {taskmixin.py:205} WARNING - Dependency <Task(BashOperator): delete_tag>, create_tag already registered for DAG: example_complex
[2023-06-11T03:06:04.994+0000] {processor.py:753} INFO - DAG(s) dict_keys(['example_complex']) retrieved from /usr/local/python/3.10.4/lib/python3.10/site-packages/airflow/example_dags/example_complex.py
[2023-06-11T03:06:05.019+0000] {logging_mixin.py:137} INFO - [2023-06-11T03:06:05.019+0000] {dag.py:2690} INFO - Sync 1 DAGs
[2023-06-11T03:06:05.039+0000] {logging_mixin.py:137} INFO - [2023-06-11T03:06:05.039+0000] {dag.py:3437} INFO - Setting next_dagrun for example_complex to None, run_after=None
[2023-06-11T03:06:05.084+0000] {processor.py:175} INFO - Processing /usr/local/python/3.10.4/lib/python3.10/site-packages/airflow/example_dags/example_complex.py took 0.118 seconds
[2023-06-11T03:06:53.345+0000] {processor.py:153} INFO - Started process (PID=10683) to work on /usr/local/python/3.10.4/lib/python3.10/site-packages/airflow/example_dags/example_complex.py
[2023-06-11T03:06:53.346+0000] {processor.py:743} INFO - Processing file /usr/local/python/3.10.4/lib/python3.10/site-packages/airflow/example_dags/example_complex.py for tasks to queue
[2023-06-11T03:06:53.347+0000] {logging_mixin.py:137} INFO - [2023-06-11T03:06:53.347+0000] {dagbag.py:538} INFO - Filling up the DagBag from /usr/local/python/3.10.4/lib/python3.10/site-packages/airflow/example_dags/example_complex.py
[2023-06-11T03:06:53.358+0000] {logging_mixin.py:137} INFO - [2023-06-11T03:06:53.358+0000] {taskmixin.py:205} WARNING - Dependency <Task(BashOperator): create_entry_group>, delete_entry_group already registered for DAG: example_complex
[2023-06-11T03:06:53.358+0000] {logging_mixin.py:137} INFO - [2023-06-11T03:06:53.358+0000] {taskmixin.py:205} WARNING - Dependency <Task(BashOperator): delete_entry_group>, create_entry_group already registered for DAG: example_complex
[2023-06-11T03:06:53.359+0000] {logging_mixin.py:137} INFO - [2023-06-11T03:06:53.359+0000] {taskmixin.py:205} WARNING - Dependency <Task(BashOperator): create_entry_gcs>, delete_entry already registered for DAG: example_complex
[2023-06-11T03:06:53.359+0000] {logging_mixin.py:137} INFO - [2023-06-11T03:06:53.359+0000] {taskmixin.py:205} WARNING - Dependency <Task(BashOperator): delete_entry>, create_entry_gcs already registered for DAG: example_complex
[2023-06-11T03:06:53.359+0000] {logging_mixin.py:137} INFO - [2023-06-11T03:06:53.359+0000] {taskmixin.py:205} WARNING - Dependency <Task(BashOperator): create_tag>, delete_tag already registered for DAG: example_complex
[2023-06-11T03:06:53.359+0000] {logging_mixin.py:137} INFO - [2023-06-11T03:06:53.359+0000] {taskmixin.py:205} WARNING - Dependency <Task(BashOperator): delete_tag>, create_tag already registered for DAG: example_complex
[2023-06-11T03:06:53.367+0000] {processor.py:753} INFO - DAG(s) dict_keys(['example_complex']) retrieved from /usr/local/python/3.10.4/lib/python3.10/site-packages/airflow/example_dags/example_complex.py
[2023-06-11T03:06:53.392+0000] {logging_mixin.py:137} INFO - [2023-06-11T03:06:53.392+0000] {dag.py:2690} INFO - Sync 1 DAGs
[2023-06-11T03:06:53.411+0000] {logging_mixin.py:137} INFO - [2023-06-11T03:06:53.411+0000] {dag.py:3437} INFO - Setting next_dagrun for example_complex to None, run_after=None
[2023-06-11T03:06:53.455+0000] {processor.py:175} INFO - Processing /usr/local/python/3.10.4/lib/python3.10/site-packages/airflow/example_dags/example_complex.py took 0.113 seconds
[2023-06-11T03:07:41.715+0000] {processor.py:153} INFO - Started process (PID=11091) to work on /usr/local/python/3.10.4/lib/python3.10/site-packages/airflow/example_dags/example_complex.py
[2023-06-11T03:07:41.716+0000] {processor.py:743} INFO - Processing file /usr/local/python/3.10.4/lib/python3.10/site-packages/airflow/example_dags/example_complex.py for tasks to queue
[2023-06-11T03:07:41.717+0000] {logging_mixin.py:137} INFO - [2023-06-11T03:07:41.717+0000] {dagbag.py:538} INFO - Filling up the DagBag from /usr/local/python/3.10.4/lib/python3.10/site-packages/airflow/example_dags/example_complex.py
[2023-06-11T03:07:41.729+0000] {logging_mixin.py:137} INFO - [2023-06-11T03:07:41.729+0000] {taskmixin.py:205} WARNING - Dependency <Task(BashOperator): create_entry_group>, delete_entry_group already registered for DAG: example_complex
[2023-06-11T03:07:41.729+0000] {logging_mixin.py:137} INFO - [2023-06-11T03:07:41.729+0000] {taskmixin.py:205} WARNING - Dependency <Task(BashOperator): delete_entry_group>, create_entry_group already registered for DAG: example_complex
[2023-06-11T03:07:41.729+0000] {logging_mixin.py:137} INFO - [2023-06-11T03:07:41.729+0000] {taskmixin.py:205} WARNING - Dependency <Task(BashOperator): create_entry_gcs>, delete_entry already registered for DAG: example_complex
[2023-06-11T03:07:41.730+0000] {logging_mixin.py:137} INFO - [2023-06-11T03:07:41.729+0000] {taskmixin.py:205} WARNING - Dependency <Task(BashOperator): delete_entry>, create_entry_gcs already registered for DAG: example_complex
[2023-06-11T03:07:41.730+0000] {logging_mixin.py:137} INFO - [2023-06-11T03:07:41.730+0000] {taskmixin.py:205} WARNING - Dependency <Task(BashOperator): create_tag>, delete_tag already registered for DAG: example_complex
[2023-06-11T03:07:41.730+0000] {logging_mixin.py:137} INFO - [2023-06-11T03:07:41.730+0000] {taskmixin.py:205} WARNING - Dependency <Task(BashOperator): delete_tag>, create_tag already registered for DAG: example_complex
[2023-06-11T03:07:41.738+0000] {processor.py:753} INFO - DAG(s) dict_keys(['example_complex']) retrieved from /usr/local/python/3.10.4/lib/python3.10/site-packages/airflow/example_dags/example_complex.py
[2023-06-11T03:07:41.762+0000] {logging_mixin.py:137} INFO - [2023-06-11T03:07:41.762+0000] {dag.py:2690} INFO - Sync 1 DAGs
[2023-06-11T03:07:41.781+0000] {logging_mixin.py:137} INFO - [2023-06-11T03:07:41.781+0000] {dag.py:3437} INFO - Setting next_dagrun for example_complex to None, run_after=None
[2023-06-11T03:07:41.824+0000] {processor.py:175} INFO - Processing /usr/local/python/3.10.4/lib/python3.10/site-packages/airflow/example_dags/example_complex.py took 0.113 seconds
[2023-06-11T03:08:30.629+0000] {processor.py:153} INFO - Started process (PID=11448) to work on /usr/local/python/3.10.4/lib/python3.10/site-packages/airflow/example_dags/example_complex.py
[2023-06-11T03:08:30.630+0000] {processor.py:743} INFO - Processing file /usr/local/python/3.10.4/lib/python3.10/site-packages/airflow/example_dags/example_complex.py for tasks to queue
[2023-06-11T03:08:30.631+0000] {logging_mixin.py:137} INFO - [2023-06-11T03:08:30.631+0000] {dagbag.py:538} INFO - Filling up the DagBag from /usr/local/python/3.10.4/lib/python3.10/site-packages/airflow/example_dags/example_complex.py
[2023-06-11T03:08:30.643+0000] {logging_mixin.py:137} INFO - [2023-06-11T03:08:30.642+0000] {taskmixin.py:205} WARNING - Dependency <Task(BashOperator): create_entry_group>, delete_entry_group already registered for DAG: example_complex
[2023-06-11T03:08:30.643+0000] {logging_mixin.py:137} INFO - [2023-06-11T03:08:30.643+0000] {taskmixin.py:205} WARNING - Dependency <Task(BashOperator): delete_entry_group>, create_entry_group already registered for DAG: example_complex
[2023-06-11T03:08:30.643+0000] {logging_mixin.py:137} INFO - [2023-06-11T03:08:30.643+0000] {taskmixin.py:205} WARNING - Dependency <Task(BashOperator): create_entry_gcs>, delete_entry already registered for DAG: example_complex
[2023-06-11T03:08:30.643+0000] {logging_mixin.py:137} INFO - [2023-06-11T03:08:30.643+0000] {taskmixin.py:205} WARNING - Dependency <Task(BashOperator): delete_entry>, create_entry_gcs already registered for DAG: example_complex
[2023-06-11T03:08:30.644+0000] {logging_mixin.py:137} INFO - [2023-06-11T03:08:30.644+0000] {taskmixin.py:205} WARNING - Dependency <Task(BashOperator): create_tag>, delete_tag already registered for DAG: example_complex
[2023-06-11T03:08:30.644+0000] {logging_mixin.py:137} INFO - [2023-06-11T03:08:30.644+0000] {taskmixin.py:205} WARNING - Dependency <Task(BashOperator): delete_tag>, create_tag already registered for DAG: example_complex
[2023-06-11T03:08:30.652+0000] {processor.py:753} INFO - DAG(s) dict_keys(['example_complex']) retrieved from /usr/local/python/3.10.4/lib/python3.10/site-packages/airflow/example_dags/example_complex.py
[2023-06-11T03:08:30.677+0000] {logging_mixin.py:137} INFO - [2023-06-11T03:08:30.677+0000] {dag.py:2690} INFO - Sync 1 DAGs
[2023-06-11T03:08:30.696+0000] {logging_mixin.py:137} INFO - [2023-06-11T03:08:30.696+0000] {dag.py:3437} INFO - Setting next_dagrun for example_complex to None, run_after=None
[2023-06-11T03:08:30.742+0000] {processor.py:175} INFO - Processing /usr/local/python/3.10.4/lib/python3.10/site-packages/airflow/example_dags/example_complex.py took 0.117 seconds
[2023-06-11T03:09:17.410+0000] {processor.py:153} INFO - Started process (PID=11802) to work on /usr/local/python/3.10.4/lib/python3.10/site-packages/airflow/example_dags/example_complex.py
[2023-06-11T03:09:17.411+0000] {processor.py:743} INFO - Processing file /usr/local/python/3.10.4/lib/python3.10/site-packages/airflow/example_dags/example_complex.py for tasks to queue
[2023-06-11T03:09:17.412+0000] {logging_mixin.py:137} INFO - [2023-06-11T03:09:17.411+0000] {dagbag.py:538} INFO - Filling up the DagBag from /usr/local/python/3.10.4/lib/python3.10/site-packages/airflow/example_dags/example_complex.py
[2023-06-11T03:09:17.423+0000] {logging_mixin.py:137} INFO - [2023-06-11T03:09:17.423+0000] {taskmixin.py:205} WARNING - Dependency <Task(BashOperator): create_entry_group>, delete_entry_group already registered for DAG: example_complex
[2023-06-11T03:09:17.424+0000] {logging_mixin.py:137} INFO - [2023-06-11T03:09:17.424+0000] {taskmixin.py:205} WARNING - Dependency <Task(BashOperator): delete_entry_group>, create_entry_group already registered for DAG: example_complex
[2023-06-11T03:09:17.424+0000] {logging_mixin.py:137} INFO - [2023-06-11T03:09:17.424+0000] {taskmixin.py:205} WARNING - Dependency <Task(BashOperator): create_entry_gcs>, delete_entry already registered for DAG: example_complex
[2023-06-11T03:09:17.424+0000] {logging_mixin.py:137} INFO - [2023-06-11T03:09:17.424+0000] {taskmixin.py:205} WARNING - Dependency <Task(BashOperator): delete_entry>, create_entry_gcs already registered for DAG: example_complex
[2023-06-11T03:09:17.424+0000] {logging_mixin.py:137} INFO - [2023-06-11T03:09:17.424+0000] {taskmixin.py:205} WARNING - Dependency <Task(BashOperator): create_tag>, delete_tag already registered for DAG: example_complex
[2023-06-11T03:09:17.425+0000] {logging_mixin.py:137} INFO - [2023-06-11T03:09:17.425+0000] {taskmixin.py:205} WARNING - Dependency <Task(BashOperator): delete_tag>, create_tag already registered for DAG: example_complex
[2023-06-11T03:09:17.432+0000] {processor.py:753} INFO - DAG(s) dict_keys(['example_complex']) retrieved from /usr/local/python/3.10.4/lib/python3.10/site-packages/airflow/example_dags/example_complex.py
[2023-06-11T03:09:17.458+0000] {logging_mixin.py:137} INFO - [2023-06-11T03:09:17.458+0000] {dag.py:2690} INFO - Sync 1 DAGs
[2023-06-11T03:09:17.478+0000] {logging_mixin.py:137} INFO - [2023-06-11T03:09:17.478+0000] {dag.py:3437} INFO - Setting next_dagrun for example_complex to None, run_after=None
[2023-06-11T03:09:17.664+0000] {processor.py:175} INFO - Processing /usr/local/python/3.10.4/lib/python3.10/site-packages/airflow/example_dags/example_complex.py took 0.258 seconds
[2023-06-11T03:10:05.540+0000] {processor.py:153} INFO - Started process (PID=12156) to work on /usr/local/python/3.10.4/lib/python3.10/site-packages/airflow/example_dags/example_complex.py
[2023-06-11T03:10:05.541+0000] {processor.py:743} INFO - Processing file /usr/local/python/3.10.4/lib/python3.10/site-packages/airflow/example_dags/example_complex.py for tasks to queue
[2023-06-11T03:10:05.542+0000] {logging_mixin.py:137} INFO - [2023-06-11T03:10:05.541+0000] {dagbag.py:538} INFO - Filling up the DagBag from /usr/local/python/3.10.4/lib/python3.10/site-packages/airflow/example_dags/example_complex.py
[2023-06-11T03:10:05.553+0000] {logging_mixin.py:137} INFO - [2023-06-11T03:10:05.553+0000] {taskmixin.py:205} WARNING - Dependency <Task(BashOperator): create_entry_group>, delete_entry_group already registered for DAG: example_complex
[2023-06-11T03:10:05.553+0000] {logging_mixin.py:137} INFO - [2023-06-11T03:10:05.553+0000] {taskmixin.py:205} WARNING - Dependency <Task(BashOperator): delete_entry_group>, create_entry_group already registered for DAG: example_complex
[2023-06-11T03:10:05.554+0000] {logging_mixin.py:137} INFO - [2023-06-11T03:10:05.554+0000] {taskmixin.py:205} WARNING - Dependency <Task(BashOperator): create_entry_gcs>, delete_entry already registered for DAG: example_complex
[2023-06-11T03:10:05.554+0000] {logging_mixin.py:137} INFO - [2023-06-11T03:10:05.554+0000] {taskmixin.py:205} WARNING - Dependency <Task(BashOperator): delete_entry>, create_entry_gcs already registered for DAG: example_complex
[2023-06-11T03:10:05.554+0000] {logging_mixin.py:137} INFO - [2023-06-11T03:10:05.554+0000] {taskmixin.py:205} WARNING - Dependency <Task(BashOperator): create_tag>, delete_tag already registered for DAG: example_complex
[2023-06-11T03:10:05.555+0000] {logging_mixin.py:137} INFO - [2023-06-11T03:10:05.554+0000] {taskmixin.py:205} WARNING - Dependency <Task(BashOperator): delete_tag>, create_tag already registered for DAG: example_complex
[2023-06-11T03:10:05.562+0000] {processor.py:753} INFO - DAG(s) dict_keys(['example_complex']) retrieved from /usr/local/python/3.10.4/lib/python3.10/site-packages/airflow/example_dags/example_complex.py
[2023-06-11T03:10:05.589+0000] {logging_mixin.py:137} INFO - [2023-06-11T03:10:05.589+0000] {dag.py:2690} INFO - Sync 1 DAGs
[2023-06-11T03:10:05.745+0000] {logging_mixin.py:137} INFO - [2023-06-11T03:10:05.745+0000] {dag.py:3437} INFO - Setting next_dagrun for example_complex to None, run_after=None
[2023-06-11T03:10:05.788+0000] {processor.py:175} INFO - Processing /usr/local/python/3.10.4/lib/python3.10/site-packages/airflow/example_dags/example_complex.py took 0.252 seconds
[2023-06-11T03:11:00.793+0000] {processor.py:153} INFO - Started process (PID=12587) to work on /usr/local/python/3.10.4/lib/python3.10/site-packages/airflow/example_dags/example_complex.py
[2023-06-11T03:11:00.794+0000] {processor.py:743} INFO - Processing file /usr/local/python/3.10.4/lib/python3.10/site-packages/airflow/example_dags/example_complex.py for tasks to queue
[2023-06-11T03:11:00.795+0000] {logging_mixin.py:137} INFO - [2023-06-11T03:11:00.795+0000] {dagbag.py:538} INFO - Filling up the DagBag from /usr/local/python/3.10.4/lib/python3.10/site-packages/airflow/example_dags/example_complex.py
[2023-06-11T03:11:00.806+0000] {logging_mixin.py:137} INFO - [2023-06-11T03:11:00.806+0000] {taskmixin.py:205} WARNING - Dependency <Task(BashOperator): create_entry_group>, delete_entry_group already registered for DAG: example_complex
[2023-06-11T03:11:00.807+0000] {logging_mixin.py:137} INFO - [2023-06-11T03:11:00.806+0000] {taskmixin.py:205} WARNING - Dependency <Task(BashOperator): delete_entry_group>, create_entry_group already registered for DAG: example_complex
[2023-06-11T03:11:00.807+0000] {logging_mixin.py:137} INFO - [2023-06-11T03:11:00.807+0000] {taskmixin.py:205} WARNING - Dependency <Task(BashOperator): create_entry_gcs>, delete_entry already registered for DAG: example_complex
[2023-06-11T03:11:00.807+0000] {logging_mixin.py:137} INFO - [2023-06-11T03:11:00.807+0000] {taskmixin.py:205} WARNING - Dependency <Task(BashOperator): delete_entry>, create_entry_gcs already registered for DAG: example_complex
[2023-06-11T03:11:00.807+0000] {logging_mixin.py:137} INFO - [2023-06-11T03:11:00.807+0000] {taskmixin.py:205} WARNING - Dependency <Task(BashOperator): create_tag>, delete_tag already registered for DAG: example_complex
[2023-06-11T03:11:00.808+0000] {logging_mixin.py:137} INFO - [2023-06-11T03:11:00.807+0000] {taskmixin.py:205} WARNING - Dependency <Task(BashOperator): delete_tag>, create_tag already registered for DAG: example_complex
[2023-06-11T03:11:00.815+0000] {processor.py:753} INFO - DAG(s) dict_keys(['example_complex']) retrieved from /usr/local/python/3.10.4/lib/python3.10/site-packages/airflow/example_dags/example_complex.py
[2023-06-11T03:11:00.984+0000] {logging_mixin.py:137} INFO - [2023-06-11T03:11:00.984+0000] {dag.py:2690} INFO - Sync 1 DAGs
[2023-06-11T03:11:01.001+0000] {logging_mixin.py:137} INFO - [2023-06-11T03:11:01.001+0000] {dag.py:3437} INFO - Setting next_dagrun for example_complex to None, run_after=None
[2023-06-11T03:11:01.044+0000] {processor.py:175} INFO - Processing /usr/local/python/3.10.4/lib/python3.10/site-packages/airflow/example_dags/example_complex.py took 0.254 seconds
