[2023-06-11T03:01:45.410+0000] {processor.py:153} INFO - Started process (PID=8095) to work on /usr/local/python/3.10.4/lib/python3.10/site-packages/airflow/example_dags/example_branch_operator.py
[2023-06-11T03:01:45.411+0000] {processor.py:743} INFO - Processing file /usr/local/python/3.10.4/lib/python3.10/site-packages/airflow/example_dags/example_branch_operator.py for tasks to queue
[2023-06-11T03:01:45.411+0000] {logging_mixin.py:137} INFO - [2023-06-11T03:01:45.411+0000] {dagbag.py:538} INFO - Filling up the DagBag from /usr/local/python/3.10.4/lib/python3.10/site-packages/airflow/example_dags/example_branch_operator.py
[2023-06-11T03:01:45.430+0000] {processor.py:753} INFO - DAG(s) dict_keys(['example_branch_operator']) retrieved from /usr/local/python/3.10.4/lib/python3.10/site-packages/airflow/example_dags/example_branch_operator.py
[2023-06-11T03:01:45.594+0000] {logging_mixin.py:137} INFO - [2023-06-11T03:01:45.593+0000] {manager.py:504} INFO - Created Permission View: can delete on DAG:example_branch_operator
[2023-06-11T03:01:45.632+0000] {logging_mixin.py:137} INFO - [2023-06-11T03:01:45.631+0000] {manager.py:504} INFO - Created Permission View: can edit on DAG:example_branch_operator
[2023-06-11T03:01:45.664+0000] {logging_mixin.py:137} INFO - [2023-06-11T03:01:45.664+0000] {manager.py:504} INFO - Created Permission View: can read on DAG:example_branch_operator
[2023-06-11T03:01:45.664+0000] {logging_mixin.py:137} INFO - [2023-06-11T03:01:45.664+0000] {dag.py:2690} INFO - Sync 1 DAGs
[2023-06-11T03:01:45.675+0000] {logging_mixin.py:137} INFO - [2023-06-11T03:01:45.674+0000] {dag.py:2711} INFO - Creating ORM DAG for example_branch_operator
[2023-06-11T03:01:45.684+0000] {logging_mixin.py:137} INFO - [2023-06-11T03:01:45.684+0000] {dag.py:3437} INFO - Setting next_dagrun for example_branch_operator to 2023-06-10T00:00:00+00:00, run_after=2023-06-11T00:00:00+00:00
[2023-06-11T03:01:45.746+0000] {processor.py:175} INFO - Processing /usr/local/python/3.10.4/lib/python3.10/site-packages/airflow/example_dags/example_branch_operator.py took 0.340 seconds
[2023-06-11T03:02:28.133+0000] {processor.py:153} INFO - Started process (PID=8400) to work on /usr/local/python/3.10.4/lib/python3.10/site-packages/airflow/example_dags/example_branch_operator.py
[2023-06-11T03:02:28.134+0000] {processor.py:743} INFO - Processing file /usr/local/python/3.10.4/lib/python3.10/site-packages/airflow/example_dags/example_branch_operator.py for tasks to queue
[2023-06-11T03:02:28.135+0000] {logging_mixin.py:137} INFO - [2023-06-11T03:02:28.135+0000] {dagbag.py:538} INFO - Filling up the DagBag from /usr/local/python/3.10.4/lib/python3.10/site-packages/airflow/example_dags/example_branch_operator.py
[2023-06-11T03:02:28.154+0000] {processor.py:753} INFO - DAG(s) dict_keys(['example_branch_operator']) retrieved from /usr/local/python/3.10.4/lib/python3.10/site-packages/airflow/example_dags/example_branch_operator.py
[2023-06-11T03:02:28.178+0000] {logging_mixin.py:137} INFO - [2023-06-11T03:02:28.177+0000] {dag.py:2690} INFO - Sync 1 DAGs
[2023-06-11T03:02:28.201+0000] {logging_mixin.py:137} INFO - [2023-06-11T03:02:28.200+0000] {dag.py:3437} INFO - Setting next_dagrun for example_branch_operator to 2023-06-10T00:00:00+00:00, run_after=2023-06-11T00:00:00+00:00
[2023-06-11T03:02:28.244+0000] {processor.py:175} INFO - Processing /usr/local/python/3.10.4/lib/python3.10/site-packages/airflow/example_dags/example_branch_operator.py took 0.115 seconds
[2023-06-11T03:03:15.037+0000] {processor.py:153} INFO - Started process (PID=8753) to work on /usr/local/python/3.10.4/lib/python3.10/site-packages/airflow/example_dags/example_branch_operator.py
[2023-06-11T03:03:15.038+0000] {processor.py:743} INFO - Processing file /usr/local/python/3.10.4/lib/python3.10/site-packages/airflow/example_dags/example_branch_operator.py for tasks to queue
[2023-06-11T03:03:15.039+0000] {logging_mixin.py:137} INFO - [2023-06-11T03:03:15.039+0000] {dagbag.py:538} INFO - Filling up the DagBag from /usr/local/python/3.10.4/lib/python3.10/site-packages/airflow/example_dags/example_branch_operator.py
[2023-06-11T03:03:15.060+0000] {processor.py:753} INFO - DAG(s) dict_keys(['example_branch_operator']) retrieved from /usr/local/python/3.10.4/lib/python3.10/site-packages/airflow/example_dags/example_branch_operator.py
[2023-06-11T03:03:15.081+0000] {logging_mixin.py:137} INFO - [2023-06-11T03:03:15.080+0000] {dag.py:2690} INFO - Sync 1 DAGs
[2023-06-11T03:03:15.101+0000] {logging_mixin.py:137} INFO - [2023-06-11T03:03:15.101+0000] {dag.py:3437} INFO - Setting next_dagrun for example_branch_operator to 2023-06-10T00:00:00+00:00, run_after=2023-06-11T00:00:00+00:00
[2023-06-11T03:03:15.145+0000] {processor.py:175} INFO - Processing /usr/local/python/3.10.4/lib/python3.10/site-packages/airflow/example_dags/example_branch_operator.py took 0.111 seconds
[2023-06-11T03:03:56.096+0000] {processor.py:153} INFO - Started process (PID=9054) to work on /usr/local/python/3.10.4/lib/python3.10/site-packages/airflow/example_dags/example_branch_operator.py
[2023-06-11T03:03:56.098+0000] {processor.py:743} INFO - Processing file /usr/local/python/3.10.4/lib/python3.10/site-packages/airflow/example_dags/example_branch_operator.py for tasks to queue
[2023-06-11T03:03:56.098+0000] {logging_mixin.py:137} INFO - [2023-06-11T03:03:56.098+0000] {dagbag.py:538} INFO - Filling up the DagBag from /usr/local/python/3.10.4/lib/python3.10/site-packages/airflow/example_dags/example_branch_operator.py
[2023-06-11T03:03:56.117+0000] {processor.py:753} INFO - DAG(s) dict_keys(['example_branch_operator']) retrieved from /usr/local/python/3.10.4/lib/python3.10/site-packages/airflow/example_dags/example_branch_operator.py
[2023-06-11T03:03:56.138+0000] {logging_mixin.py:137} INFO - [2023-06-11T03:03:56.138+0000] {dag.py:2690} INFO - Sync 1 DAGs
[2023-06-11T03:03:56.158+0000] {logging_mixin.py:137} INFO - [2023-06-11T03:03:56.158+0000] {dag.py:3437} INFO - Setting next_dagrun for example_branch_operator to 2023-06-10T00:00:00+00:00, run_after=2023-06-11T00:00:00+00:00
[2023-06-11T03:03:56.205+0000] {processor.py:175} INFO - Processing /usr/local/python/3.10.4/lib/python3.10/site-packages/airflow/example_dags/example_branch_operator.py took 0.112 seconds
[2023-06-11T03:04:42.127+0000] {processor.py:153} INFO - Started process (PID=9388) to work on /usr/local/python/3.10.4/lib/python3.10/site-packages/airflow/example_dags/example_branch_operator.py
[2023-06-11T03:04:42.129+0000] {processor.py:743} INFO - Processing file /usr/local/python/3.10.4/lib/python3.10/site-packages/airflow/example_dags/example_branch_operator.py for tasks to queue
[2023-06-11T03:04:42.130+0000] {logging_mixin.py:137} INFO - [2023-06-11T03:04:42.129+0000] {dagbag.py:538} INFO - Filling up the DagBag from /usr/local/python/3.10.4/lib/python3.10/site-packages/airflow/example_dags/example_branch_operator.py
[2023-06-11T03:04:42.186+0000] {processor.py:753} INFO - DAG(s) dict_keys(['example_branch_operator']) retrieved from /usr/local/python/3.10.4/lib/python3.10/site-packages/airflow/example_dags/example_branch_operator.py
[2023-06-11T03:04:42.207+0000] {logging_mixin.py:137} INFO - [2023-06-11T03:04:42.207+0000] {dag.py:2690} INFO - Sync 1 DAGs
[2023-06-11T03:04:42.236+0000] {logging_mixin.py:137} INFO - [2023-06-11T03:04:42.236+0000] {dag.py:3437} INFO - Setting next_dagrun for example_branch_operator to 2023-06-10T00:00:00+00:00, run_after=2023-06-11T00:00:00+00:00
[2023-06-11T03:04:42.292+0000] {processor.py:175} INFO - Processing /usr/local/python/3.10.4/lib/python3.10/site-packages/airflow/example_dags/example_branch_operator.py took 0.170 seconds
[2023-06-11T03:05:29.873+0000] {processor.py:153} INFO - Started process (PID=9855) to work on /usr/local/python/3.10.4/lib/python3.10/site-packages/airflow/example_dags/example_branch_operator.py
[2023-06-11T03:05:29.874+0000] {processor.py:743} INFO - Processing file /usr/local/python/3.10.4/lib/python3.10/site-packages/airflow/example_dags/example_branch_operator.py for tasks to queue
[2023-06-11T03:05:29.875+0000] {logging_mixin.py:137} INFO - [2023-06-11T03:05:29.875+0000] {dagbag.py:538} INFO - Filling up the DagBag from /usr/local/python/3.10.4/lib/python3.10/site-packages/airflow/example_dags/example_branch_operator.py
[2023-06-11T03:05:29.893+0000] {processor.py:753} INFO - DAG(s) dict_keys(['example_branch_operator']) retrieved from /usr/local/python/3.10.4/lib/python3.10/site-packages/airflow/example_dags/example_branch_operator.py
[2023-06-11T03:05:29.913+0000] {logging_mixin.py:137} INFO - [2023-06-11T03:05:29.912+0000] {dag.py:2690} INFO - Sync 1 DAGs
[2023-06-11T03:05:29.933+0000] {logging_mixin.py:137} INFO - [2023-06-11T03:05:29.933+0000] {dag.py:3437} INFO - Setting next_dagrun for example_branch_operator to 2023-06-10T00:00:00+00:00, run_after=2023-06-11T00:00:00+00:00
[2023-06-11T03:05:29.977+0000] {processor.py:175} INFO - Processing /usr/local/python/3.10.4/lib/python3.10/site-packages/airflow/example_dags/example_branch_operator.py took 0.107 seconds
[2023-06-11T03:06:15.185+0000] {processor.py:153} INFO - Started process (PID=10237) to work on /usr/local/python/3.10.4/lib/python3.10/site-packages/airflow/example_dags/example_branch_operator.py
[2023-06-11T03:06:15.186+0000] {processor.py:743} INFO - Processing file /usr/local/python/3.10.4/lib/python3.10/site-packages/airflow/example_dags/example_branch_operator.py for tasks to queue
[2023-06-11T03:06:15.187+0000] {logging_mixin.py:137} INFO - [2023-06-11T03:06:15.187+0000] {dagbag.py:538} INFO - Filling up the DagBag from /usr/local/python/3.10.4/lib/python3.10/site-packages/airflow/example_dags/example_branch_operator.py
[2023-06-11T03:06:15.214+0000] {processor.py:753} INFO - DAG(s) dict_keys(['example_branch_operator']) retrieved from /usr/local/python/3.10.4/lib/python3.10/site-packages/airflow/example_dags/example_branch_operator.py
[2023-06-11T03:06:15.244+0000] {logging_mixin.py:137} INFO - [2023-06-11T03:06:15.244+0000] {dag.py:2690} INFO - Sync 1 DAGs
[2023-06-11T03:06:15.299+0000] {logging_mixin.py:137} INFO - [2023-06-11T03:06:15.298+0000] {dag.py:3437} INFO - Setting next_dagrun for example_branch_operator to 2023-06-10T00:00:00+00:00, run_after=2023-06-11T00:00:00+00:00
[2023-06-11T03:06:15.408+0000] {processor.py:175} INFO - Processing /usr/local/python/3.10.4/lib/python3.10/site-packages/airflow/example_dags/example_branch_operator.py took 0.229 seconds
[2023-06-11T03:07:07.356+0000] {processor.py:153} INFO - Started process (PID=10782) to work on /usr/local/python/3.10.4/lib/python3.10/site-packages/airflow/example_dags/example_branch_operator.py
[2023-06-11T03:07:07.357+0000] {processor.py:743} INFO - Processing file /usr/local/python/3.10.4/lib/python3.10/site-packages/airflow/example_dags/example_branch_operator.py for tasks to queue
[2023-06-11T03:07:07.358+0000] {logging_mixin.py:137} INFO - [2023-06-11T03:07:07.357+0000] {dagbag.py:538} INFO - Filling up the DagBag from /usr/local/python/3.10.4/lib/python3.10/site-packages/airflow/example_dags/example_branch_operator.py
[2023-06-11T03:07:07.377+0000] {processor.py:753} INFO - DAG(s) dict_keys(['example_branch_operator']) retrieved from /usr/local/python/3.10.4/lib/python3.10/site-packages/airflow/example_dags/example_branch_operator.py
[2023-06-11T03:07:07.397+0000] {logging_mixin.py:137} INFO - [2023-06-11T03:07:07.397+0000] {dag.py:2690} INFO - Sync 1 DAGs
[2023-06-11T03:07:07.431+0000] {logging_mixin.py:137} INFO - [2023-06-11T03:07:07.431+0000] {dag.py:3437} INFO - Setting next_dagrun for example_branch_operator to 2023-06-10T00:00:00+00:00, run_after=2023-06-11T00:00:00+00:00
[2023-06-11T03:07:07.480+0000] {processor.py:175} INFO - Processing /usr/local/python/3.10.4/lib/python3.10/site-packages/airflow/example_dags/example_branch_operator.py took 0.128 seconds
[2023-06-11T03:07:53.481+0000] {processor.py:153} INFO - Started process (PID=11186) to work on /usr/local/python/3.10.4/lib/python3.10/site-packages/airflow/example_dags/example_branch_operator.py
[2023-06-11T03:07:53.482+0000] {processor.py:743} INFO - Processing file /usr/local/python/3.10.4/lib/python3.10/site-packages/airflow/example_dags/example_branch_operator.py for tasks to queue
[2023-06-11T03:07:53.482+0000] {logging_mixin.py:137} INFO - [2023-06-11T03:07:53.482+0000] {dagbag.py:538} INFO - Filling up the DagBag from /usr/local/python/3.10.4/lib/python3.10/site-packages/airflow/example_dags/example_branch_operator.py
[2023-06-11T03:07:53.501+0000] {processor.py:753} INFO - DAG(s) dict_keys(['example_branch_operator']) retrieved from /usr/local/python/3.10.4/lib/python3.10/site-packages/airflow/example_dags/example_branch_operator.py
[2023-06-11T03:07:53.521+0000] {logging_mixin.py:137} INFO - [2023-06-11T03:07:53.521+0000] {dag.py:2690} INFO - Sync 1 DAGs
[2023-06-11T03:07:53.541+0000] {logging_mixin.py:137} INFO - [2023-06-11T03:07:53.541+0000] {dag.py:3437} INFO - Setting next_dagrun for example_branch_operator to 2023-06-10T00:00:00+00:00, run_after=2023-06-11T00:00:00+00:00
[2023-06-11T03:07:53.585+0000] {processor.py:175} INFO - Processing /usr/local/python/3.10.4/lib/python3.10/site-packages/airflow/example_dags/example_branch_operator.py took 0.108 seconds
[2023-06-11T03:08:48.759+0000] {processor.py:153} INFO - Started process (PID=11593) to work on /usr/local/python/3.10.4/lib/python3.10/site-packages/airflow/example_dags/example_branch_operator.py
[2023-06-11T03:08:48.760+0000] {processor.py:743} INFO - Processing file /usr/local/python/3.10.4/lib/python3.10/site-packages/airflow/example_dags/example_branch_operator.py for tasks to queue
[2023-06-11T03:08:48.761+0000] {logging_mixin.py:137} INFO - [2023-06-11T03:08:48.760+0000] {dagbag.py:538} INFO - Filling up the DagBag from /usr/local/python/3.10.4/lib/python3.10/site-packages/airflow/example_dags/example_branch_operator.py
[2023-06-11T03:08:48.780+0000] {processor.py:753} INFO - DAG(s) dict_keys(['example_branch_operator']) retrieved from /usr/local/python/3.10.4/lib/python3.10/site-packages/airflow/example_dags/example_branch_operator.py
[2023-06-11T03:08:48.801+0000] {logging_mixin.py:137} INFO - [2023-06-11T03:08:48.800+0000] {dag.py:2690} INFO - Sync 1 DAGs
[2023-06-11T03:08:48.823+0000] {logging_mixin.py:137} INFO - [2023-06-11T03:08:48.823+0000] {dag.py:3437} INFO - Setting next_dagrun for example_branch_operator to 2023-06-10T00:00:00+00:00, run_after=2023-06-11T00:00:00+00:00
[2023-06-11T03:08:49.035+0000] {processor.py:175} INFO - Processing /usr/local/python/3.10.4/lib/python3.10/site-packages/airflow/example_dags/example_branch_operator.py took 0.280 seconds
[2023-06-11T03:09:34.506+0000] {processor.py:153} INFO - Started process (PID=11933) to work on /usr/local/python/3.10.4/lib/python3.10/site-packages/airflow/example_dags/example_branch_operator.py
[2023-06-11T03:09:34.507+0000] {processor.py:743} INFO - Processing file /usr/local/python/3.10.4/lib/python3.10/site-packages/airflow/example_dags/example_branch_operator.py for tasks to queue
[2023-06-11T03:09:34.508+0000] {logging_mixin.py:137} INFO - [2023-06-11T03:09:34.507+0000] {dagbag.py:538} INFO - Filling up the DagBag from /usr/local/python/3.10.4/lib/python3.10/site-packages/airflow/example_dags/example_branch_operator.py
[2023-06-11T03:09:34.530+0000] {processor.py:753} INFO - DAG(s) dict_keys(['example_branch_operator']) retrieved from /usr/local/python/3.10.4/lib/python3.10/site-packages/airflow/example_dags/example_branch_operator.py
[2023-06-11T03:09:34.562+0000] {logging_mixin.py:137} INFO - [2023-06-11T03:09:34.562+0000] {dag.py:2690} INFO - Sync 1 DAGs
[2023-06-11T03:09:34.729+0000] {logging_mixin.py:137} INFO - [2023-06-11T03:09:34.729+0000] {dag.py:3437} INFO - Setting next_dagrun for example_branch_operator to 2023-06-10T00:00:00+00:00, run_after=2023-06-11T00:00:00+00:00
[2023-06-11T03:09:34.775+0000] {processor.py:175} INFO - Processing /usr/local/python/3.10.4/lib/python3.10/site-packages/airflow/example_dags/example_branch_operator.py took 0.273 seconds
[2023-06-11T03:10:24.413+0000] {processor.py:153} INFO - Started process (PID=12296) to work on /usr/local/python/3.10.4/lib/python3.10/site-packages/airflow/example_dags/example_branch_operator.py
[2023-06-11T03:10:24.414+0000] {processor.py:743} INFO - Processing file /usr/local/python/3.10.4/lib/python3.10/site-packages/airflow/example_dags/example_branch_operator.py for tasks to queue
[2023-06-11T03:10:24.415+0000] {logging_mixin.py:137} INFO - [2023-06-11T03:10:24.415+0000] {dagbag.py:538} INFO - Filling up the DagBag from /usr/local/python/3.10.4/lib/python3.10/site-packages/airflow/example_dags/example_branch_operator.py
[2023-06-11T03:10:24.440+0000] {processor.py:753} INFO - DAG(s) dict_keys(['example_branch_operator']) retrieved from /usr/local/python/3.10.4/lib/python3.10/site-packages/airflow/example_dags/example_branch_operator.py
[2023-06-11T03:10:24.460+0000] {logging_mixin.py:137} INFO - [2023-06-11T03:10:24.460+0000] {dag.py:2690} INFO - Sync 1 DAGs
[2023-06-11T03:10:24.621+0000] {logging_mixin.py:137} INFO - [2023-06-11T03:10:24.621+0000] {dag.py:3437} INFO - Setting next_dagrun for example_branch_operator to 2023-06-10T00:00:00+00:00, run_after=2023-06-11T00:00:00+00:00
[2023-06-11T03:10:24.663+0000] {processor.py:175} INFO - Processing /usr/local/python/3.10.4/lib/python3.10/site-packages/airflow/example_dags/example_branch_operator.py took 0.255 seconds
