[2023-06-11T03:01:43.637+0000] {processor.py:153} INFO - Started process (PID=8088) to work on /usr/local/python/3.10.4/lib/python3.10/site-packages/airflow/example_dags/example_branch_datetime_operator.py
[2023-06-11T03:01:43.638+0000] {processor.py:743} INFO - Processing file /usr/local/python/3.10.4/lib/python3.10/site-packages/airflow/example_dags/example_branch_datetime_operator.py for tasks to queue
[2023-06-11T03:01:43.639+0000] {logging_mixin.py:137} INFO - [2023-06-11T03:01:43.639+0000] {dagbag.py:538} INFO - Filling up the DagBag from /usr/local/python/3.10.4/lib/python3.10/site-packages/airflow/example_dags/example_branch_datetime_operator.py
[2023-06-11T03:01:43.658+0000] {processor.py:753} INFO - DAG(s) dict_keys(['example_branch_datetime_operator_3', 'example_branch_datetime_operator_2', 'example_branch_datetime_operator']) retrieved from /usr/local/python/3.10.4/lib/python3.10/site-packages/airflow/example_dags/example_branch_datetime_operator.py
[2023-06-11T03:01:43.846+0000] {logging_mixin.py:137} INFO - [2023-06-11T03:01:43.846+0000] {manager.py:504} INFO - Created Permission View: can delete on DAG:example_branch_datetime_operator_3
[2023-06-11T03:01:43.880+0000] {logging_mixin.py:137} INFO - [2023-06-11T03:01:43.880+0000] {manager.py:504} INFO - Created Permission View: can edit on DAG:example_branch_datetime_operator_3
[2023-06-11T03:01:43.918+0000] {logging_mixin.py:137} INFO - [2023-06-11T03:01:43.918+0000] {manager.py:504} INFO - Created Permission View: can read on DAG:example_branch_datetime_operator_3
[2023-06-11T03:01:43.989+0000] {logging_mixin.py:137} INFO - [2023-06-11T03:01:43.989+0000] {manager.py:504} INFO - Created Permission View: can delete on DAG:example_branch_datetime_operator_2
[2023-06-11T03:01:44.021+0000] {logging_mixin.py:137} INFO - [2023-06-11T03:01:44.021+0000] {manager.py:504} INFO - Created Permission View: can edit on DAG:example_branch_datetime_operator_2
[2023-06-11T03:01:44.055+0000] {logging_mixin.py:137} INFO - [2023-06-11T03:01:44.054+0000] {manager.py:504} INFO - Created Permission View: can read on DAG:example_branch_datetime_operator_2
[2023-06-11T03:01:44.129+0000] {logging_mixin.py:137} INFO - [2023-06-11T03:01:44.129+0000] {manager.py:504} INFO - Created Permission View: can delete on DAG:example_branch_datetime_operator
[2023-06-11T03:01:44.164+0000] {logging_mixin.py:137} INFO - [2023-06-11T03:01:44.163+0000] {manager.py:504} INFO - Created Permission View: can edit on DAG:example_branch_datetime_operator
[2023-06-11T03:01:44.196+0000] {logging_mixin.py:137} INFO - [2023-06-11T03:01:44.196+0000] {manager.py:504} INFO - Created Permission View: can read on DAG:example_branch_datetime_operator
[2023-06-11T03:01:44.197+0000] {logging_mixin.py:137} INFO - [2023-06-11T03:01:44.197+0000] {dag.py:2690} INFO - Sync 3 DAGs
[2023-06-11T03:01:44.207+0000] {logging_mixin.py:137} INFO - [2023-06-11T03:01:44.206+0000] {dag.py:2711} INFO - Creating ORM DAG for example_branch_datetime_operator_3
[2023-06-11T03:01:44.207+0000] {logging_mixin.py:137} INFO - [2023-06-11T03:01:44.207+0000] {dag.py:2711} INFO - Creating ORM DAG for example_branch_datetime_operator
[2023-06-11T03:01:44.208+0000] {logging_mixin.py:137} INFO - [2023-06-11T03:01:44.207+0000] {dag.py:2711} INFO - Creating ORM DAG for example_branch_datetime_operator_2
[2023-06-11T03:01:44.217+0000] {logging_mixin.py:137} INFO - [2023-06-11T03:01:44.217+0000] {dag.py:3437} INFO - Setting next_dagrun for example_branch_datetime_operator to 2023-06-10T00:00:00+00:00, run_after=2023-06-11T00:00:00+00:00
[2023-06-11T03:01:44.219+0000] {logging_mixin.py:137} INFO - [2023-06-11T03:01:44.219+0000] {dag.py:3437} INFO - Setting next_dagrun for example_branch_datetime_operator_2 to 2023-06-10T00:00:00+00:00, run_after=2023-06-11T00:00:00+00:00
[2023-06-11T03:01:44.221+0000] {logging_mixin.py:137} INFO - [2023-06-11T03:01:44.221+0000] {dag.py:3437} INFO - Setting next_dagrun for example_branch_datetime_operator_3 to 2023-06-10T00:00:00+00:00, run_after=2023-06-11T00:00:00+00:00
[2023-06-11T03:01:44.271+0000] {processor.py:175} INFO - Processing /usr/local/python/3.10.4/lib/python3.10/site-packages/airflow/example_dags/example_branch_datetime_operator.py took 0.637 seconds
[2023-06-11T03:02:27.796+0000] {processor.py:153} INFO - Started process (PID=8399) to work on /usr/local/python/3.10.4/lib/python3.10/site-packages/airflow/example_dags/example_branch_datetime_operator.py
[2023-06-11T03:02:27.797+0000] {processor.py:743} INFO - Processing file /usr/local/python/3.10.4/lib/python3.10/site-packages/airflow/example_dags/example_branch_datetime_operator.py for tasks to queue
[2023-06-11T03:02:27.798+0000] {logging_mixin.py:137} INFO - [2023-06-11T03:02:27.798+0000] {dagbag.py:538} INFO - Filling up the DagBag from /usr/local/python/3.10.4/lib/python3.10/site-packages/airflow/example_dags/example_branch_datetime_operator.py
[2023-06-11T03:02:27.820+0000] {processor.py:753} INFO - DAG(s) dict_keys(['example_branch_datetime_operator', 'example_branch_datetime_operator_3', 'example_branch_datetime_operator_2']) retrieved from /usr/local/python/3.10.4/lib/python3.10/site-packages/airflow/example_dags/example_branch_datetime_operator.py
[2023-06-11T03:02:27.848+0000] {logging_mixin.py:137} INFO - [2023-06-11T03:02:27.848+0000] {dag.py:2690} INFO - Sync 3 DAGs
[2023-06-11T03:02:27.870+0000] {logging_mixin.py:137} INFO - [2023-06-11T03:02:27.870+0000] {dag.py:3437} INFO - Setting next_dagrun for example_branch_datetime_operator to 2023-06-10T00:00:00+00:00, run_after=2023-06-11T00:00:00+00:00
[2023-06-11T03:02:27.875+0000] {logging_mixin.py:137} INFO - [2023-06-11T03:02:27.874+0000] {dag.py:3437} INFO - Setting next_dagrun for example_branch_datetime_operator_2 to 2023-06-10T00:00:00+00:00, run_after=2023-06-11T00:00:00+00:00
[2023-06-11T03:02:27.877+0000] {logging_mixin.py:137} INFO - [2023-06-11T03:02:27.877+0000] {dag.py:3437} INFO - Setting next_dagrun for example_branch_datetime_operator_3 to 2023-06-10T00:00:00+00:00, run_after=2023-06-11T00:00:00+00:00
[2023-06-11T03:02:27.928+0000] {processor.py:175} INFO - Processing /usr/local/python/3.10.4/lib/python3.10/site-packages/airflow/example_dags/example_branch_datetime_operator.py took 0.135 seconds
[2023-06-11T03:03:13.762+0000] {processor.py:153} INFO - Started process (PID=8746) to work on /usr/local/python/3.10.4/lib/python3.10/site-packages/airflow/example_dags/example_branch_datetime_operator.py
[2023-06-11T03:03:13.763+0000] {processor.py:743} INFO - Processing file /usr/local/python/3.10.4/lib/python3.10/site-packages/airflow/example_dags/example_branch_datetime_operator.py for tasks to queue
[2023-06-11T03:03:13.764+0000] {logging_mixin.py:137} INFO - [2023-06-11T03:03:13.763+0000] {dagbag.py:538} INFO - Filling up the DagBag from /usr/local/python/3.10.4/lib/python3.10/site-packages/airflow/example_dags/example_branch_datetime_operator.py
[2023-06-11T03:03:13.784+0000] {processor.py:753} INFO - DAG(s) dict_keys(['example_branch_datetime_operator_3', 'example_branch_datetime_operator', 'example_branch_datetime_operator_2']) retrieved from /usr/local/python/3.10.4/lib/python3.10/site-packages/airflow/example_dags/example_branch_datetime_operator.py
[2023-06-11T03:03:13.808+0000] {logging_mixin.py:137} INFO - [2023-06-11T03:03:13.807+0000] {dag.py:2690} INFO - Sync 3 DAGs
[2023-06-11T03:03:13.830+0000] {logging_mixin.py:137} INFO - [2023-06-11T03:03:13.829+0000] {dag.py:3437} INFO - Setting next_dagrun for example_branch_datetime_operator to 2023-06-10T00:00:00+00:00, run_after=2023-06-11T00:00:00+00:00
[2023-06-11T03:03:13.834+0000] {logging_mixin.py:137} INFO - [2023-06-11T03:03:13.833+0000] {dag.py:3437} INFO - Setting next_dagrun for example_branch_datetime_operator_2 to 2023-06-10T00:00:00+00:00, run_after=2023-06-11T00:00:00+00:00
[2023-06-11T03:03:13.836+0000] {logging_mixin.py:137} INFO - [2023-06-11T03:03:13.836+0000] {dag.py:3437} INFO - Setting next_dagrun for example_branch_datetime_operator_3 to 2023-06-10T00:00:00+00:00, run_after=2023-06-11T00:00:00+00:00
[2023-06-11T03:03:13.881+0000] {processor.py:175} INFO - Processing /usr/local/python/3.10.4/lib/python3.10/site-packages/airflow/example_dags/example_branch_datetime_operator.py took 0.123 seconds
[2023-06-11T03:03:55.718+0000] {processor.py:153} INFO - Started process (PID=9053) to work on /usr/local/python/3.10.4/lib/python3.10/site-packages/airflow/example_dags/example_branch_datetime_operator.py
[2023-06-11T03:03:55.719+0000] {processor.py:743} INFO - Processing file /usr/local/python/3.10.4/lib/python3.10/site-packages/airflow/example_dags/example_branch_datetime_operator.py for tasks to queue
[2023-06-11T03:03:55.720+0000] {logging_mixin.py:137} INFO - [2023-06-11T03:03:55.720+0000] {dagbag.py:538} INFO - Filling up the DagBag from /usr/local/python/3.10.4/lib/python3.10/site-packages/airflow/example_dags/example_branch_datetime_operator.py
[2023-06-11T03:03:55.740+0000] {processor.py:753} INFO - DAG(s) dict_keys(['example_branch_datetime_operator_2', 'example_branch_datetime_operator', 'example_branch_datetime_operator_3']) retrieved from /usr/local/python/3.10.4/lib/python3.10/site-packages/airflow/example_dags/example_branch_datetime_operator.py
[2023-06-11T03:03:55.764+0000] {logging_mixin.py:137} INFO - [2023-06-11T03:03:55.764+0000] {dag.py:2690} INFO - Sync 3 DAGs
[2023-06-11T03:03:55.786+0000] {logging_mixin.py:137} INFO - [2023-06-11T03:03:55.786+0000] {dag.py:3437} INFO - Setting next_dagrun for example_branch_datetime_operator to 2023-06-10T00:00:00+00:00, run_after=2023-06-11T00:00:00+00:00
[2023-06-11T03:03:55.790+0000] {logging_mixin.py:137} INFO - [2023-06-11T03:03:55.790+0000] {dag.py:3437} INFO - Setting next_dagrun for example_branch_datetime_operator_2 to 2023-06-10T00:00:00+00:00, run_after=2023-06-11T00:00:00+00:00
[2023-06-11T03:03:55.793+0000] {logging_mixin.py:137} INFO - [2023-06-11T03:03:55.793+0000] {dag.py:3437} INFO - Setting next_dagrun for example_branch_datetime_operator_3 to 2023-06-10T00:00:00+00:00, run_after=2023-06-11T00:00:00+00:00
[2023-06-11T03:03:55.837+0000] {processor.py:175} INFO - Processing /usr/local/python/3.10.4/lib/python3.10/site-packages/airflow/example_dags/example_branch_datetime_operator.py took 0.122 seconds
[2023-06-11T03:04:40.860+0000] {processor.py:153} INFO - Started process (PID=9381) to work on /usr/local/python/3.10.4/lib/python3.10/site-packages/airflow/example_dags/example_branch_datetime_operator.py
[2023-06-11T03:04:40.861+0000] {processor.py:743} INFO - Processing file /usr/local/python/3.10.4/lib/python3.10/site-packages/airflow/example_dags/example_branch_datetime_operator.py for tasks to queue
[2023-06-11T03:04:40.862+0000] {logging_mixin.py:137} INFO - [2023-06-11T03:04:40.862+0000] {dagbag.py:538} INFO - Filling up the DagBag from /usr/local/python/3.10.4/lib/python3.10/site-packages/airflow/example_dags/example_branch_datetime_operator.py
[2023-06-11T03:04:40.881+0000] {processor.py:753} INFO - DAG(s) dict_keys(['example_branch_datetime_operator', 'example_branch_datetime_operator_3', 'example_branch_datetime_operator_2']) retrieved from /usr/local/python/3.10.4/lib/python3.10/site-packages/airflow/example_dags/example_branch_datetime_operator.py
[2023-06-11T03:04:40.906+0000] {logging_mixin.py:137} INFO - [2023-06-11T03:04:40.905+0000] {dag.py:2690} INFO - Sync 3 DAGs
[2023-06-11T03:04:40.930+0000] {logging_mixin.py:137} INFO - [2023-06-11T03:04:40.930+0000] {dag.py:3437} INFO - Setting next_dagrun for example_branch_datetime_operator to 2023-06-10T00:00:00+00:00, run_after=2023-06-11T00:00:00+00:00
[2023-06-11T03:04:40.934+0000] {logging_mixin.py:137} INFO - [2023-06-11T03:04:40.934+0000] {dag.py:3437} INFO - Setting next_dagrun for example_branch_datetime_operator_2 to 2023-06-10T00:00:00+00:00, run_after=2023-06-11T00:00:00+00:00
[2023-06-11T03:04:40.936+0000] {logging_mixin.py:137} INFO - [2023-06-11T03:04:40.936+0000] {dag.py:3437} INFO - Setting next_dagrun for example_branch_datetime_operator_3 to 2023-06-10T00:00:00+00:00, run_after=2023-06-11T00:00:00+00:00
[2023-06-11T03:04:40.981+0000] {processor.py:175} INFO - Processing /usr/local/python/3.10.4/lib/python3.10/site-packages/airflow/example_dags/example_branch_datetime_operator.py took 0.124 seconds
[2023-06-11T03:05:28.636+0000] {processor.py:153} INFO - Started process (PID=9848) to work on /usr/local/python/3.10.4/lib/python3.10/site-packages/airflow/example_dags/example_branch_datetime_operator.py
[2023-06-11T03:05:28.637+0000] {processor.py:743} INFO - Processing file /usr/local/python/3.10.4/lib/python3.10/site-packages/airflow/example_dags/example_branch_datetime_operator.py for tasks to queue
[2023-06-11T03:05:28.637+0000] {logging_mixin.py:137} INFO - [2023-06-11T03:05:28.637+0000] {dagbag.py:538} INFO - Filling up the DagBag from /usr/local/python/3.10.4/lib/python3.10/site-packages/airflow/example_dags/example_branch_datetime_operator.py
[2023-06-11T03:05:28.657+0000] {processor.py:753} INFO - DAG(s) dict_keys(['example_branch_datetime_operator', 'example_branch_datetime_operator_3', 'example_branch_datetime_operator_2']) retrieved from /usr/local/python/3.10.4/lib/python3.10/site-packages/airflow/example_dags/example_branch_datetime_operator.py
[2023-06-11T03:05:28.681+0000] {logging_mixin.py:137} INFO - [2023-06-11T03:05:28.681+0000] {dag.py:2690} INFO - Sync 3 DAGs
[2023-06-11T03:05:28.704+0000] {logging_mixin.py:137} INFO - [2023-06-11T03:05:28.704+0000] {dag.py:3437} INFO - Setting next_dagrun for example_branch_datetime_operator to 2023-06-10T00:00:00+00:00, run_after=2023-06-11T00:00:00+00:00
[2023-06-11T03:05:28.708+0000] {logging_mixin.py:137} INFO - [2023-06-11T03:05:28.708+0000] {dag.py:3437} INFO - Setting next_dagrun for example_branch_datetime_operator_2 to 2023-06-10T00:00:00+00:00, run_after=2023-06-11T00:00:00+00:00
[2023-06-11T03:05:28.710+0000] {logging_mixin.py:137} INFO - [2023-06-11T03:05:28.710+0000] {dag.py:3437} INFO - Setting next_dagrun for example_branch_datetime_operator_3 to 2023-06-10T00:00:00+00:00, run_after=2023-06-11T00:00:00+00:00
[2023-06-11T03:05:28.753+0000] {processor.py:175} INFO - Processing /usr/local/python/3.10.4/lib/python3.10/site-packages/airflow/example_dags/example_branch_datetime_operator.py took 0.121 seconds
[2023-06-11T03:06:13.939+0000] {processor.py:153} INFO - Started process (PID=10227) to work on /usr/local/python/3.10.4/lib/python3.10/site-packages/airflow/example_dags/example_branch_datetime_operator.py
[2023-06-11T03:06:13.940+0000] {processor.py:743} INFO - Processing file /usr/local/python/3.10.4/lib/python3.10/site-packages/airflow/example_dags/example_branch_datetime_operator.py for tasks to queue
[2023-06-11T03:06:13.942+0000] {logging_mixin.py:137} INFO - [2023-06-11T03:06:13.942+0000] {dagbag.py:538} INFO - Filling up the DagBag from /usr/local/python/3.10.4/lib/python3.10/site-packages/airflow/example_dags/example_branch_datetime_operator.py
[2023-06-11T03:06:13.960+0000] {processor.py:753} INFO - DAG(s) dict_keys(['example_branch_datetime_operator_2', 'example_branch_datetime_operator_3', 'example_branch_datetime_operator']) retrieved from /usr/local/python/3.10.4/lib/python3.10/site-packages/airflow/example_dags/example_branch_datetime_operator.py
[2023-06-11T03:06:13.988+0000] {logging_mixin.py:137} INFO - [2023-06-11T03:06:13.987+0000] {dag.py:2690} INFO - Sync 3 DAGs
[2023-06-11T03:06:14.009+0000] {logging_mixin.py:137} INFO - [2023-06-11T03:06:14.008+0000] {dag.py:3437} INFO - Setting next_dagrun for example_branch_datetime_operator to 2023-06-10T00:00:00+00:00, run_after=2023-06-11T00:00:00+00:00
[2023-06-11T03:06:14.013+0000] {logging_mixin.py:137} INFO - [2023-06-11T03:06:14.013+0000] {dag.py:3437} INFO - Setting next_dagrun for example_branch_datetime_operator_2 to 2023-06-10T00:00:00+00:00, run_after=2023-06-11T00:00:00+00:00
[2023-06-11T03:06:14.015+0000] {logging_mixin.py:137} INFO - [2023-06-11T03:06:14.015+0000] {dag.py:3437} INFO - Setting next_dagrun for example_branch_datetime_operator_3 to 2023-06-10T00:00:00+00:00, run_after=2023-06-11T00:00:00+00:00
[2023-06-11T03:06:14.058+0000] {processor.py:175} INFO - Processing /usr/local/python/3.10.4/lib/python3.10/site-packages/airflow/example_dags/example_branch_datetime_operator.py took 0.122 seconds
[2023-06-11T03:07:06.112+0000] {processor.py:153} INFO - Started process (PID=10769) to work on /usr/local/python/3.10.4/lib/python3.10/site-packages/airflow/example_dags/example_branch_datetime_operator.py
[2023-06-11T03:07:06.113+0000] {processor.py:743} INFO - Processing file /usr/local/python/3.10.4/lib/python3.10/site-packages/airflow/example_dags/example_branch_datetime_operator.py for tasks to queue
[2023-06-11T03:07:06.114+0000] {logging_mixin.py:137} INFO - [2023-06-11T03:07:06.114+0000] {dagbag.py:538} INFO - Filling up the DagBag from /usr/local/python/3.10.4/lib/python3.10/site-packages/airflow/example_dags/example_branch_datetime_operator.py
[2023-06-11T03:07:06.136+0000] {processor.py:753} INFO - DAG(s) dict_keys(['example_branch_datetime_operator', 'example_branch_datetime_operator_3', 'example_branch_datetime_operator_2']) retrieved from /usr/local/python/3.10.4/lib/python3.10/site-packages/airflow/example_dags/example_branch_datetime_operator.py
[2023-06-11T03:07:06.162+0000] {logging_mixin.py:137} INFO - [2023-06-11T03:07:06.162+0000] {dag.py:2690} INFO - Sync 3 DAGs
[2023-06-11T03:07:06.183+0000] {logging_mixin.py:137} INFO - [2023-06-11T03:07:06.182+0000] {dag.py:3437} INFO - Setting next_dagrun for example_branch_datetime_operator to 2023-06-10T00:00:00+00:00, run_after=2023-06-11T00:00:00+00:00
[2023-06-11T03:07:06.187+0000] {logging_mixin.py:137} INFO - [2023-06-11T03:07:06.187+0000] {dag.py:3437} INFO - Setting next_dagrun for example_branch_datetime_operator_2 to 2023-06-10T00:00:00+00:00, run_after=2023-06-11T00:00:00+00:00
[2023-06-11T03:07:06.189+0000] {logging_mixin.py:137} INFO - [2023-06-11T03:07:06.189+0000] {dag.py:3437} INFO - Setting next_dagrun for example_branch_datetime_operator_3 to 2023-06-10T00:00:00+00:00, run_after=2023-06-11T00:00:00+00:00
[2023-06-11T03:07:06.231+0000] {processor.py:175} INFO - Processing /usr/local/python/3.10.4/lib/python3.10/site-packages/airflow/example_dags/example_branch_datetime_operator.py took 0.123 seconds
[2023-06-11T03:07:52.208+0000] {processor.py:153} INFO - Started process (PID=11179) to work on /usr/local/python/3.10.4/lib/python3.10/site-packages/airflow/example_dags/example_branch_datetime_operator.py
[2023-06-11T03:07:52.209+0000] {processor.py:743} INFO - Processing file /usr/local/python/3.10.4/lib/python3.10/site-packages/airflow/example_dags/example_branch_datetime_operator.py for tasks to queue
[2023-06-11T03:07:52.209+0000] {logging_mixin.py:137} INFO - [2023-06-11T03:07:52.209+0000] {dagbag.py:538} INFO - Filling up the DagBag from /usr/local/python/3.10.4/lib/python3.10/site-packages/airflow/example_dags/example_branch_datetime_operator.py
[2023-06-11T03:07:52.229+0000] {processor.py:753} INFO - DAG(s) dict_keys(['example_branch_datetime_operator_3', 'example_branch_datetime_operator', 'example_branch_datetime_operator_2']) retrieved from /usr/local/python/3.10.4/lib/python3.10/site-packages/airflow/example_dags/example_branch_datetime_operator.py
[2023-06-11T03:07:52.253+0000] {logging_mixin.py:137} INFO - [2023-06-11T03:07:52.253+0000] {dag.py:2690} INFO - Sync 3 DAGs
[2023-06-11T03:07:52.275+0000] {logging_mixin.py:137} INFO - [2023-06-11T03:07:52.275+0000] {dag.py:3437} INFO - Setting next_dagrun for example_branch_datetime_operator to 2023-06-10T00:00:00+00:00, run_after=2023-06-11T00:00:00+00:00
[2023-06-11T03:07:52.280+0000] {logging_mixin.py:137} INFO - [2023-06-11T03:07:52.280+0000] {dag.py:3437} INFO - Setting next_dagrun for example_branch_datetime_operator_2 to 2023-06-10T00:00:00+00:00, run_after=2023-06-11T00:00:00+00:00
[2023-06-11T03:07:52.282+0000] {logging_mixin.py:137} INFO - [2023-06-11T03:07:52.282+0000] {dag.py:3437} INFO - Setting next_dagrun for example_branch_datetime_operator_3 to 2023-06-10T00:00:00+00:00, run_after=2023-06-11T00:00:00+00:00
[2023-06-11T03:07:52.324+0000] {processor.py:175} INFO - Processing /usr/local/python/3.10.4/lib/python3.10/site-packages/airflow/example_dags/example_branch_datetime_operator.py took 0.120 seconds
[2023-06-11T03:08:47.722+0000] {processor.py:153} INFO - Started process (PID=11589) to work on /usr/local/python/3.10.4/lib/python3.10/site-packages/airflow/example_dags/example_branch_datetime_operator.py
[2023-06-11T03:08:47.723+0000] {processor.py:743} INFO - Processing file /usr/local/python/3.10.4/lib/python3.10/site-packages/airflow/example_dags/example_branch_datetime_operator.py for tasks to queue
[2023-06-11T03:08:47.723+0000] {logging_mixin.py:137} INFO - [2023-06-11T03:08:47.723+0000] {dagbag.py:538} INFO - Filling up the DagBag from /usr/local/python/3.10.4/lib/python3.10/site-packages/airflow/example_dags/example_branch_datetime_operator.py
[2023-06-11T03:08:47.743+0000] {processor.py:753} INFO - DAG(s) dict_keys(['example_branch_datetime_operator', 'example_branch_datetime_operator_2', 'example_branch_datetime_operator_3']) retrieved from /usr/local/python/3.10.4/lib/python3.10/site-packages/airflow/example_dags/example_branch_datetime_operator.py
[2023-06-11T03:08:47.767+0000] {logging_mixin.py:137} INFO - [2023-06-11T03:08:47.767+0000] {dag.py:2690} INFO - Sync 3 DAGs
[2023-06-11T03:08:47.789+0000] {logging_mixin.py:137} INFO - [2023-06-11T03:08:47.789+0000] {dag.py:3437} INFO - Setting next_dagrun for example_branch_datetime_operator to 2023-06-10T00:00:00+00:00, run_after=2023-06-11T00:00:00+00:00
[2023-06-11T03:08:47.793+0000] {logging_mixin.py:137} INFO - [2023-06-11T03:08:47.793+0000] {dag.py:3437} INFO - Setting next_dagrun for example_branch_datetime_operator_2 to 2023-06-10T00:00:00+00:00, run_after=2023-06-11T00:00:00+00:00
[2023-06-11T03:08:47.795+0000] {logging_mixin.py:137} INFO - [2023-06-11T03:08:47.795+0000] {dag.py:3437} INFO - Setting next_dagrun for example_branch_datetime_operator_3 to 2023-06-10T00:00:00+00:00, run_after=2023-06-11T00:00:00+00:00
[2023-06-11T03:08:47.840+0000] {processor.py:175} INFO - Processing /usr/local/python/3.10.4/lib/python3.10/site-packages/airflow/example_dags/example_branch_datetime_operator.py took 0.122 seconds
[2023-06-11T03:09:33.124+0000] {processor.py:153} INFO - Started process (PID=11926) to work on /usr/local/python/3.10.4/lib/python3.10/site-packages/airflow/example_dags/example_branch_datetime_operator.py
[2023-06-11T03:09:33.125+0000] {processor.py:743} INFO - Processing file /usr/local/python/3.10.4/lib/python3.10/site-packages/airflow/example_dags/example_branch_datetime_operator.py for tasks to queue
[2023-06-11T03:09:33.125+0000] {logging_mixin.py:137} INFO - [2023-06-11T03:09:33.125+0000] {dagbag.py:538} INFO - Filling up the DagBag from /usr/local/python/3.10.4/lib/python3.10/site-packages/airflow/example_dags/example_branch_datetime_operator.py
[2023-06-11T03:09:33.145+0000] {processor.py:753} INFO - DAG(s) dict_keys(['example_branch_datetime_operator_3', 'example_branch_datetime_operator_2', 'example_branch_datetime_operator']) retrieved from /usr/local/python/3.10.4/lib/python3.10/site-packages/airflow/example_dags/example_branch_datetime_operator.py
[2023-06-11T03:09:33.170+0000] {logging_mixin.py:137} INFO - [2023-06-11T03:09:33.170+0000] {dag.py:2690} INFO - Sync 3 DAGs
[2023-06-11T03:09:33.192+0000] {logging_mixin.py:137} INFO - [2023-06-11T03:09:33.192+0000] {dag.py:3437} INFO - Setting next_dagrun for example_branch_datetime_operator to 2023-06-10T00:00:00+00:00, run_after=2023-06-11T00:00:00+00:00
[2023-06-11T03:09:33.330+0000] {logging_mixin.py:137} INFO - [2023-06-11T03:09:33.330+0000] {dag.py:3437} INFO - Setting next_dagrun for example_branch_datetime_operator_2 to 2023-06-10T00:00:00+00:00, run_after=2023-06-11T00:00:00+00:00
[2023-06-11T03:09:33.332+0000] {logging_mixin.py:137} INFO - [2023-06-11T03:09:33.332+0000] {dag.py:3437} INFO - Setting next_dagrun for example_branch_datetime_operator_3 to 2023-06-10T00:00:00+00:00, run_after=2023-06-11T00:00:00+00:00
[2023-06-11T03:09:33.376+0000] {processor.py:175} INFO - Processing /usr/local/python/3.10.4/lib/python3.10/site-packages/airflow/example_dags/example_branch_datetime_operator.py took 0.257 seconds
[2023-06-11T03:10:23.066+0000] {processor.py:153} INFO - Started process (PID=12274) to work on /usr/local/python/3.10.4/lib/python3.10/site-packages/airflow/example_dags/example_branch_datetime_operator.py
[2023-06-11T03:10:23.067+0000] {processor.py:743} INFO - Processing file /usr/local/python/3.10.4/lib/python3.10/site-packages/airflow/example_dags/example_branch_datetime_operator.py for tasks to queue
[2023-06-11T03:10:23.067+0000] {logging_mixin.py:137} INFO - [2023-06-11T03:10:23.067+0000] {dagbag.py:538} INFO - Filling up the DagBag from /usr/local/python/3.10.4/lib/python3.10/site-packages/airflow/example_dags/example_branch_datetime_operator.py
[2023-06-11T03:10:23.085+0000] {processor.py:753} INFO - DAG(s) dict_keys(['example_branch_datetime_operator_2', 'example_branch_datetime_operator', 'example_branch_datetime_operator_3']) retrieved from /usr/local/python/3.10.4/lib/python3.10/site-packages/airflow/example_dags/example_branch_datetime_operator.py
[2023-06-11T03:10:23.110+0000] {logging_mixin.py:137} INFO - [2023-06-11T03:10:23.110+0000] {dag.py:2690} INFO - Sync 3 DAGs
[2023-06-11T03:10:23.262+0000] {logging_mixin.py:137} INFO - [2023-06-11T03:10:23.262+0000] {dag.py:3437} INFO - Setting next_dagrun for example_branch_datetime_operator to 2023-06-10T00:00:00+00:00, run_after=2023-06-11T00:00:00+00:00
[2023-06-11T03:10:23.266+0000] {logging_mixin.py:137} INFO - [2023-06-11T03:10:23.266+0000] {dag.py:3437} INFO - Setting next_dagrun for example_branch_datetime_operator_2 to 2023-06-10T00:00:00+00:00, run_after=2023-06-11T00:00:00+00:00
[2023-06-11T03:10:23.268+0000] {logging_mixin.py:137} INFO - [2023-06-11T03:10:23.268+0000] {dag.py:3437} INFO - Setting next_dagrun for example_branch_datetime_operator_3 to 2023-06-10T00:00:00+00:00, run_after=2023-06-11T00:00:00+00:00
[2023-06-11T03:10:23.313+0000] {processor.py:175} INFO - Processing /usr/local/python/3.10.4/lib/python3.10/site-packages/airflow/example_dags/example_branch_datetime_operator.py took 0.252 seconds
