[2023-06-11T03:01:32.150+0000] {processor.py:153} INFO - Started process (PID=8019) to work on /usr/local/python/3.10.4/lib/python3.10/site-packages/airflow/example_dags/example_python_operator.py
[2023-06-11T03:01:32.151+0000] {processor.py:743} INFO - Processing file /usr/local/python/3.10.4/lib/python3.10/site-packages/airflow/example_dags/example_python_operator.py for tasks to queue
[2023-06-11T03:01:32.152+0000] {logging_mixin.py:137} INFO - [2023-06-11T03:01:32.152+0000] {dagbag.py:538} INFO - Filling up the DagBag from /usr/local/python/3.10.4/lib/python3.10/site-packages/airflow/example_dags/example_python_operator.py
[2023-06-11T03:01:32.171+0000] {logging_mixin.py:137} INFO - [2023-06-11T03:01:32.171+0000] {taskmixin.py:205} WARNING - Dependency <Task(_PythonDecoratedOperator): print_the_context>, log_sql_query already registered for DAG: example_python_operator
[2023-06-11T03:01:32.172+0000] {logging_mixin.py:137} INFO - [2023-06-11T03:01:32.172+0000] {taskmixin.py:205} WARNING - Dependency <Task(_PythonDecoratedOperator): log_sql_query>, print_the_context already registered for DAG: example_python_operator
[2023-06-11T03:01:32.172+0000] {logging_mixin.py:137} INFO - [2023-06-11T03:01:32.172+0000] {taskmixin.py:205} WARNING - Dependency <Task(_PythonDecoratedOperator): print_the_context>, log_sql_query already registered for DAG: example_python_operator
[2023-06-11T03:01:32.172+0000] {logging_mixin.py:137} INFO - [2023-06-11T03:01:32.172+0000] {taskmixin.py:205} WARNING - Dependency <Task(_PythonDecoratedOperator): log_sql_query>, print_the_context already registered for DAG: example_python_operator
[2023-06-11T03:01:32.173+0000] {logging_mixin.py:137} INFO - [2023-06-11T03:01:32.173+0000] {taskmixin.py:205} WARNING - Dependency <Task(_PythonDecoratedOperator): print_the_context>, log_sql_query already registered for DAG: example_python_operator
[2023-06-11T03:01:32.173+0000] {logging_mixin.py:137} INFO - [2023-06-11T03:01:32.173+0000] {taskmixin.py:205} WARNING - Dependency <Task(_PythonDecoratedOperator): log_sql_query>, print_the_context already registered for DAG: example_python_operator
[2023-06-11T03:01:32.174+0000] {logging_mixin.py:137} INFO - [2023-06-11T03:01:32.174+0000] {taskmixin.py:205} WARNING - Dependency <Task(_PythonDecoratedOperator): print_the_context>, log_sql_query already registered for DAG: example_python_operator
[2023-06-11T03:01:32.174+0000] {logging_mixin.py:137} INFO - [2023-06-11T03:01:32.174+0000] {taskmixin.py:205} WARNING - Dependency <Task(_PythonDecoratedOperator): log_sql_query>, print_the_context already registered for DAG: example_python_operator
[2023-06-11T03:01:32.181+0000] {processor.py:753} INFO - DAG(s) dict_keys(['example_python_operator']) retrieved from /usr/local/python/3.10.4/lib/python3.10/site-packages/airflow/example_dags/example_python_operator.py
[2023-06-11T03:01:32.357+0000] {logging_mixin.py:137} INFO - [2023-06-11T03:01:32.356+0000] {manager.py:504} INFO - Created Permission View: can delete on DAG:example_python_operator
[2023-06-11T03:01:32.390+0000] {logging_mixin.py:137} INFO - [2023-06-11T03:01:32.390+0000] {manager.py:504} INFO - Created Permission View: can edit on DAG:example_python_operator
[2023-06-11T03:01:32.422+0000] {logging_mixin.py:137} INFO - [2023-06-11T03:01:32.422+0000] {manager.py:504} INFO - Created Permission View: can read on DAG:example_python_operator
[2023-06-11T03:01:32.422+0000] {logging_mixin.py:137} INFO - [2023-06-11T03:01:32.422+0000] {dag.py:2690} INFO - Sync 1 DAGs
[2023-06-11T03:01:32.432+0000] {logging_mixin.py:137} INFO - [2023-06-11T03:01:32.432+0000] {dag.py:2711} INFO - Creating ORM DAG for example_python_operator
[2023-06-11T03:01:32.440+0000] {logging_mixin.py:137} INFO - [2023-06-11T03:01:32.440+0000] {dag.py:3437} INFO - Setting next_dagrun for example_python_operator to None, run_after=None
[2023-06-11T03:01:32.492+0000] {processor.py:175} INFO - Processing /usr/local/python/3.10.4/lib/python3.10/site-packages/airflow/example_dags/example_python_operator.py took 0.345 seconds
[2023-06-11T03:02:15.967+0000] {processor.py:153} INFO - Started process (PID=8315) to work on /usr/local/python/3.10.4/lib/python3.10/site-packages/airflow/example_dags/example_python_operator.py
[2023-06-11T03:02:15.968+0000] {processor.py:743} INFO - Processing file /usr/local/python/3.10.4/lib/python3.10/site-packages/airflow/example_dags/example_python_operator.py for tasks to queue
[2023-06-11T03:02:15.969+0000] {logging_mixin.py:137} INFO - [2023-06-11T03:02:15.969+0000] {dagbag.py:538} INFO - Filling up the DagBag from /usr/local/python/3.10.4/lib/python3.10/site-packages/airflow/example_dags/example_python_operator.py
[2023-06-11T03:02:15.991+0000] {logging_mixin.py:137} INFO - [2023-06-11T03:02:15.990+0000] {taskmixin.py:205} WARNING - Dependency <Task(_PythonDecoratedOperator): print_the_context>, log_sql_query already registered for DAG: example_python_operator
[2023-06-11T03:02:15.991+0000] {logging_mixin.py:137} INFO - [2023-06-11T03:02:15.991+0000] {taskmixin.py:205} WARNING - Dependency <Task(_PythonDecoratedOperator): log_sql_query>, print_the_context already registered for DAG: example_python_operator
[2023-06-11T03:02:15.991+0000] {logging_mixin.py:137} INFO - [2023-06-11T03:02:15.991+0000] {taskmixin.py:205} WARNING - Dependency <Task(_PythonDecoratedOperator): print_the_context>, log_sql_query already registered for DAG: example_python_operator
[2023-06-11T03:02:15.992+0000] {logging_mixin.py:137} INFO - [2023-06-11T03:02:15.992+0000] {taskmixin.py:205} WARNING - Dependency <Task(_PythonDecoratedOperator): log_sql_query>, print_the_context already registered for DAG: example_python_operator
[2023-06-11T03:02:15.992+0000] {logging_mixin.py:137} INFO - [2023-06-11T03:02:15.992+0000] {taskmixin.py:205} WARNING - Dependency <Task(_PythonDecoratedOperator): print_the_context>, log_sql_query already registered for DAG: example_python_operator
[2023-06-11T03:02:15.992+0000] {logging_mixin.py:137} INFO - [2023-06-11T03:02:15.992+0000] {taskmixin.py:205} WARNING - Dependency <Task(_PythonDecoratedOperator): log_sql_query>, print_the_context already registered for DAG: example_python_operator
[2023-06-11T03:02:15.993+0000] {logging_mixin.py:137} INFO - [2023-06-11T03:02:15.993+0000] {taskmixin.py:205} WARNING - Dependency <Task(_PythonDecoratedOperator): print_the_context>, log_sql_query already registered for DAG: example_python_operator
[2023-06-11T03:02:15.993+0000] {logging_mixin.py:137} INFO - [2023-06-11T03:02:15.993+0000] {taskmixin.py:205} WARNING - Dependency <Task(_PythonDecoratedOperator): log_sql_query>, print_the_context already registered for DAG: example_python_operator
[2023-06-11T03:02:16.003+0000] {processor.py:753} INFO - DAG(s) dict_keys(['example_python_operator']) retrieved from /usr/local/python/3.10.4/lib/python3.10/site-packages/airflow/example_dags/example_python_operator.py
[2023-06-11T03:02:16.024+0000] {logging_mixin.py:137} INFO - [2023-06-11T03:02:16.024+0000] {dag.py:2690} INFO - Sync 1 DAGs
[2023-06-11T03:02:16.043+0000] {logging_mixin.py:137} INFO - [2023-06-11T03:02:16.043+0000] {dag.py:3437} INFO - Setting next_dagrun for example_python_operator to None, run_after=None
[2023-06-11T03:02:16.090+0000] {processor.py:175} INFO - Processing /usr/local/python/3.10.4/lib/python3.10/site-packages/airflow/example_dags/example_python_operator.py took 0.126 seconds
[2023-06-11T03:02:58.761+0000] {processor.py:153} INFO - Started process (PID=8627) to work on /usr/local/python/3.10.4/lib/python3.10/site-packages/airflow/example_dags/example_python_operator.py
[2023-06-11T03:02:58.762+0000] {processor.py:743} INFO - Processing file /usr/local/python/3.10.4/lib/python3.10/site-packages/airflow/example_dags/example_python_operator.py for tasks to queue
[2023-06-11T03:02:58.763+0000] {logging_mixin.py:137} INFO - [2023-06-11T03:02:58.763+0000] {dagbag.py:538} INFO - Filling up the DagBag from /usr/local/python/3.10.4/lib/python3.10/site-packages/airflow/example_dags/example_python_operator.py
[2023-06-11T03:02:58.785+0000] {logging_mixin.py:137} INFO - [2023-06-11T03:02:58.785+0000] {taskmixin.py:205} WARNING - Dependency <Task(_PythonDecoratedOperator): print_the_context>, log_sql_query already registered for DAG: example_python_operator
[2023-06-11T03:02:58.786+0000] {logging_mixin.py:137} INFO - [2023-06-11T03:02:58.785+0000] {taskmixin.py:205} WARNING - Dependency <Task(_PythonDecoratedOperator): log_sql_query>, print_the_context already registered for DAG: example_python_operator
[2023-06-11T03:02:58.786+0000] {logging_mixin.py:137} INFO - [2023-06-11T03:02:58.786+0000] {taskmixin.py:205} WARNING - Dependency <Task(_PythonDecoratedOperator): print_the_context>, log_sql_query already registered for DAG: example_python_operator
[2023-06-11T03:02:58.786+0000] {logging_mixin.py:137} INFO - [2023-06-11T03:02:58.786+0000] {taskmixin.py:205} WARNING - Dependency <Task(_PythonDecoratedOperator): log_sql_query>, print_the_context already registered for DAG: example_python_operator
[2023-06-11T03:02:58.787+0000] {logging_mixin.py:137} INFO - [2023-06-11T03:02:58.787+0000] {taskmixin.py:205} WARNING - Dependency <Task(_PythonDecoratedOperator): print_the_context>, log_sql_query already registered for DAG: example_python_operator
[2023-06-11T03:02:58.787+0000] {logging_mixin.py:137} INFO - [2023-06-11T03:02:58.787+0000] {taskmixin.py:205} WARNING - Dependency <Task(_PythonDecoratedOperator): log_sql_query>, print_the_context already registered for DAG: example_python_operator
[2023-06-11T03:02:58.788+0000] {logging_mixin.py:137} INFO - [2023-06-11T03:02:58.788+0000] {taskmixin.py:205} WARNING - Dependency <Task(_PythonDecoratedOperator): print_the_context>, log_sql_query already registered for DAG: example_python_operator
[2023-06-11T03:02:58.788+0000] {logging_mixin.py:137} INFO - [2023-06-11T03:02:58.788+0000] {taskmixin.py:205} WARNING - Dependency <Task(_PythonDecoratedOperator): log_sql_query>, print_the_context already registered for DAG: example_python_operator
[2023-06-11T03:02:58.796+0000] {processor.py:753} INFO - DAG(s) dict_keys(['example_python_operator']) retrieved from /usr/local/python/3.10.4/lib/python3.10/site-packages/airflow/example_dags/example_python_operator.py
[2023-06-11T03:02:58.817+0000] {logging_mixin.py:137} INFO - [2023-06-11T03:02:58.816+0000] {dag.py:2690} INFO - Sync 1 DAGs
[2023-06-11T03:02:58.836+0000] {logging_mixin.py:137} INFO - [2023-06-11T03:02:58.836+0000] {dag.py:3437} INFO - Setting next_dagrun for example_python_operator to None, run_after=None
[2023-06-11T03:02:58.884+0000] {processor.py:175} INFO - Processing /usr/local/python/3.10.4/lib/python3.10/site-packages/airflow/example_dags/example_python_operator.py took 0.127 seconds
[2023-06-11T03:03:40.043+0000] {processor.py:153} INFO - Started process (PID=8933) to work on /usr/local/python/3.10.4/lib/python3.10/site-packages/airflow/example_dags/example_python_operator.py
[2023-06-11T03:03:40.044+0000] {processor.py:743} INFO - Processing file /usr/local/python/3.10.4/lib/python3.10/site-packages/airflow/example_dags/example_python_operator.py for tasks to queue
[2023-06-11T03:03:40.045+0000] {logging_mixin.py:137} INFO - [2023-06-11T03:03:40.044+0000] {dagbag.py:538} INFO - Filling up the DagBag from /usr/local/python/3.10.4/lib/python3.10/site-packages/airflow/example_dags/example_python_operator.py
[2023-06-11T03:03:40.066+0000] {logging_mixin.py:137} INFO - [2023-06-11T03:03:40.066+0000] {taskmixin.py:205} WARNING - Dependency <Task(_PythonDecoratedOperator): print_the_context>, log_sql_query already registered for DAG: example_python_operator
[2023-06-11T03:03:40.066+0000] {logging_mixin.py:137} INFO - [2023-06-11T03:03:40.066+0000] {taskmixin.py:205} WARNING - Dependency <Task(_PythonDecoratedOperator): log_sql_query>, print_the_context already registered for DAG: example_python_operator
[2023-06-11T03:03:40.067+0000] {logging_mixin.py:137} INFO - [2023-06-11T03:03:40.067+0000] {taskmixin.py:205} WARNING - Dependency <Task(_PythonDecoratedOperator): print_the_context>, log_sql_query already registered for DAG: example_python_operator
[2023-06-11T03:03:40.067+0000] {logging_mixin.py:137} INFO - [2023-06-11T03:03:40.067+0000] {taskmixin.py:205} WARNING - Dependency <Task(_PythonDecoratedOperator): log_sql_query>, print_the_context already registered for DAG: example_python_operator
[2023-06-11T03:03:40.067+0000] {logging_mixin.py:137} INFO - [2023-06-11T03:03:40.067+0000] {taskmixin.py:205} WARNING - Dependency <Task(_PythonDecoratedOperator): print_the_context>, log_sql_query already registered for DAG: example_python_operator
[2023-06-11T03:03:40.068+0000] {logging_mixin.py:137} INFO - [2023-06-11T03:03:40.068+0000] {taskmixin.py:205} WARNING - Dependency <Task(_PythonDecoratedOperator): log_sql_query>, print_the_context already registered for DAG: example_python_operator
[2023-06-11T03:03:40.068+0000] {logging_mixin.py:137} INFO - [2023-06-11T03:03:40.068+0000] {taskmixin.py:205} WARNING - Dependency <Task(_PythonDecoratedOperator): print_the_context>, log_sql_query already registered for DAG: example_python_operator
[2023-06-11T03:03:40.068+0000] {logging_mixin.py:137} INFO - [2023-06-11T03:03:40.068+0000] {taskmixin.py:205} WARNING - Dependency <Task(_PythonDecoratedOperator): log_sql_query>, print_the_context already registered for DAG: example_python_operator
[2023-06-11T03:03:40.076+0000] {processor.py:753} INFO - DAG(s) dict_keys(['example_python_operator']) retrieved from /usr/local/python/3.10.4/lib/python3.10/site-packages/airflow/example_dags/example_python_operator.py
[2023-06-11T03:03:40.097+0000] {logging_mixin.py:137} INFO - [2023-06-11T03:03:40.096+0000] {dag.py:2690} INFO - Sync 1 DAGs
[2023-06-11T03:03:40.115+0000] {logging_mixin.py:137} INFO - [2023-06-11T03:03:40.115+0000] {dag.py:3437} INFO - Setting next_dagrun for example_python_operator to None, run_after=None
[2023-06-11T03:03:40.162+0000] {processor.py:175} INFO - Processing /usr/local/python/3.10.4/lib/python3.10/site-packages/airflow/example_dags/example_python_operator.py took 0.123 seconds
[2023-06-11T03:04:24.291+0000] {processor.py:153} INFO - Started process (PID=9249) to work on /usr/local/python/3.10.4/lib/python3.10/site-packages/airflow/example_dags/example_python_operator.py
[2023-06-11T03:04:24.292+0000] {processor.py:743} INFO - Processing file /usr/local/python/3.10.4/lib/python3.10/site-packages/airflow/example_dags/example_python_operator.py for tasks to queue
[2023-06-11T03:04:24.293+0000] {logging_mixin.py:137} INFO - [2023-06-11T03:04:24.293+0000] {dagbag.py:538} INFO - Filling up the DagBag from /usr/local/python/3.10.4/lib/python3.10/site-packages/airflow/example_dags/example_python_operator.py
[2023-06-11T03:04:24.313+0000] {logging_mixin.py:137} INFO - [2023-06-11T03:04:24.313+0000] {taskmixin.py:205} WARNING - Dependency <Task(_PythonDecoratedOperator): print_the_context>, log_sql_query already registered for DAG: example_python_operator
[2023-06-11T03:04:24.313+0000] {logging_mixin.py:137} INFO - [2023-06-11T03:04:24.313+0000] {taskmixin.py:205} WARNING - Dependency <Task(_PythonDecoratedOperator): log_sql_query>, print_the_context already registered for DAG: example_python_operator
[2023-06-11T03:04:24.314+0000] {logging_mixin.py:137} INFO - [2023-06-11T03:04:24.314+0000] {taskmixin.py:205} WARNING - Dependency <Task(_PythonDecoratedOperator): print_the_context>, log_sql_query already registered for DAG: example_python_operator
[2023-06-11T03:04:24.314+0000] {logging_mixin.py:137} INFO - [2023-06-11T03:04:24.314+0000] {taskmixin.py:205} WARNING - Dependency <Task(_PythonDecoratedOperator): log_sql_query>, print_the_context already registered for DAG: example_python_operator
[2023-06-11T03:04:24.314+0000] {logging_mixin.py:137} INFO - [2023-06-11T03:04:24.314+0000] {taskmixin.py:205} WARNING - Dependency <Task(_PythonDecoratedOperator): print_the_context>, log_sql_query already registered for DAG: example_python_operator
[2023-06-11T03:04:24.315+0000] {logging_mixin.py:137} INFO - [2023-06-11T03:04:24.315+0000] {taskmixin.py:205} WARNING - Dependency <Task(_PythonDecoratedOperator): log_sql_query>, print_the_context already registered for DAG: example_python_operator
[2023-06-11T03:04:24.315+0000] {logging_mixin.py:137} INFO - [2023-06-11T03:04:24.315+0000] {taskmixin.py:205} WARNING - Dependency <Task(_PythonDecoratedOperator): print_the_context>, log_sql_query already registered for DAG: example_python_operator
[2023-06-11T03:04:24.315+0000] {logging_mixin.py:137} INFO - [2023-06-11T03:04:24.315+0000] {taskmixin.py:205} WARNING - Dependency <Task(_PythonDecoratedOperator): log_sql_query>, print_the_context already registered for DAG: example_python_operator
[2023-06-11T03:04:24.324+0000] {processor.py:753} INFO - DAG(s) dict_keys(['example_python_operator']) retrieved from /usr/local/python/3.10.4/lib/python3.10/site-packages/airflow/example_dags/example_python_operator.py
[2023-06-11T03:04:24.345+0000] {logging_mixin.py:137} INFO - [2023-06-11T03:04:24.345+0000] {dag.py:2690} INFO - Sync 1 DAGs
[2023-06-11T03:04:24.367+0000] {logging_mixin.py:137} INFO - [2023-06-11T03:04:24.367+0000] {dag.py:3437} INFO - Setting next_dagrun for example_python_operator to None, run_after=None
[2023-06-11T03:04:24.414+0000] {processor.py:175} INFO - Processing /usr/local/python/3.10.4/lib/python3.10/site-packages/airflow/example_dags/example_python_operator.py took 0.126 seconds
[2023-06-11T03:05:06.275+0000] {processor.py:153} INFO - Started process (PID=9677) to work on /usr/local/python/3.10.4/lib/python3.10/site-packages/airflow/example_dags/example_python_operator.py
[2023-06-11T03:05:06.276+0000] {processor.py:743} INFO - Processing file /usr/local/python/3.10.4/lib/python3.10/site-packages/airflow/example_dags/example_python_operator.py for tasks to queue
[2023-06-11T03:05:06.277+0000] {logging_mixin.py:137} INFO - [2023-06-11T03:05:06.277+0000] {dagbag.py:538} INFO - Filling up the DagBag from /usr/local/python/3.10.4/lib/python3.10/site-packages/airflow/example_dags/example_python_operator.py
[2023-06-11T03:05:06.298+0000] {logging_mixin.py:137} INFO - [2023-06-11T03:05:06.298+0000] {taskmixin.py:205} WARNING - Dependency <Task(_PythonDecoratedOperator): print_the_context>, log_sql_query already registered for DAG: example_python_operator
[2023-06-11T03:05:06.298+0000] {logging_mixin.py:137} INFO - [2023-06-11T03:05:06.298+0000] {taskmixin.py:205} WARNING - Dependency <Task(_PythonDecoratedOperator): log_sql_query>, print_the_context already registered for DAG: example_python_operator
[2023-06-11T03:05:06.299+0000] {logging_mixin.py:137} INFO - [2023-06-11T03:05:06.298+0000] {taskmixin.py:205} WARNING - Dependency <Task(_PythonDecoratedOperator): print_the_context>, log_sql_query already registered for DAG: example_python_operator
[2023-06-11T03:05:06.299+0000] {logging_mixin.py:137} INFO - [2023-06-11T03:05:06.299+0000] {taskmixin.py:205} WARNING - Dependency <Task(_PythonDecoratedOperator): log_sql_query>, print_the_context already registered for DAG: example_python_operator
[2023-06-11T03:05:06.300+0000] {logging_mixin.py:137} INFO - [2023-06-11T03:05:06.299+0000] {taskmixin.py:205} WARNING - Dependency <Task(_PythonDecoratedOperator): print_the_context>, log_sql_query already registered for DAG: example_python_operator
[2023-06-11T03:05:06.300+0000] {logging_mixin.py:137} INFO - [2023-06-11T03:05:06.300+0000] {taskmixin.py:205} WARNING - Dependency <Task(_PythonDecoratedOperator): log_sql_query>, print_the_context already registered for DAG: example_python_operator
[2023-06-11T03:05:06.300+0000] {logging_mixin.py:137} INFO - [2023-06-11T03:05:06.300+0000] {taskmixin.py:205} WARNING - Dependency <Task(_PythonDecoratedOperator): print_the_context>, log_sql_query already registered for DAG: example_python_operator
[2023-06-11T03:05:06.300+0000] {logging_mixin.py:137} INFO - [2023-06-11T03:05:06.300+0000] {taskmixin.py:205} WARNING - Dependency <Task(_PythonDecoratedOperator): log_sql_query>, print_the_context already registered for DAG: example_python_operator
[2023-06-11T03:05:06.309+0000] {processor.py:753} INFO - DAG(s) dict_keys(['example_python_operator']) retrieved from /usr/local/python/3.10.4/lib/python3.10/site-packages/airflow/example_dags/example_python_operator.py
[2023-06-11T03:05:06.332+0000] {logging_mixin.py:137} INFO - [2023-06-11T03:05:06.332+0000] {dag.py:2690} INFO - Sync 1 DAGs
[2023-06-11T03:05:06.352+0000] {logging_mixin.py:137} INFO - [2023-06-11T03:05:06.352+0000] {dag.py:3437} INFO - Setting next_dagrun for example_python_operator to None, run_after=None
[2023-06-11T03:05:06.398+0000] {processor.py:175} INFO - Processing /usr/local/python/3.10.4/lib/python3.10/site-packages/airflow/example_dags/example_python_operator.py took 0.126 seconds
[2023-06-11T03:05:52.206+0000] {processor.py:153} INFO - Started process (PID=10010) to work on /usr/local/python/3.10.4/lib/python3.10/site-packages/airflow/example_dags/example_python_operator.py
[2023-06-11T03:05:52.208+0000] {processor.py:743} INFO - Processing file /usr/local/python/3.10.4/lib/python3.10/site-packages/airflow/example_dags/example_python_operator.py for tasks to queue
[2023-06-11T03:05:52.209+0000] {logging_mixin.py:137} INFO - [2023-06-11T03:05:52.208+0000] {dagbag.py:538} INFO - Filling up the DagBag from /usr/local/python/3.10.4/lib/python3.10/site-packages/airflow/example_dags/example_python_operator.py
[2023-06-11T03:05:52.232+0000] {logging_mixin.py:137} INFO - [2023-06-11T03:05:52.232+0000] {taskmixin.py:205} WARNING - Dependency <Task(_PythonDecoratedOperator): print_the_context>, log_sql_query already registered for DAG: example_python_operator
[2023-06-11T03:05:52.233+0000] {logging_mixin.py:137} INFO - [2023-06-11T03:05:52.232+0000] {taskmixin.py:205} WARNING - Dependency <Task(_PythonDecoratedOperator): log_sql_query>, print_the_context already registered for DAG: example_python_operator
[2023-06-11T03:05:52.233+0000] {logging_mixin.py:137} INFO - [2023-06-11T03:05:52.233+0000] {taskmixin.py:205} WARNING - Dependency <Task(_PythonDecoratedOperator): print_the_context>, log_sql_query already registered for DAG: example_python_operator
[2023-06-11T03:05:52.233+0000] {logging_mixin.py:137} INFO - [2023-06-11T03:05:52.233+0000] {taskmixin.py:205} WARNING - Dependency <Task(_PythonDecoratedOperator): log_sql_query>, print_the_context already registered for DAG: example_python_operator
[2023-06-11T03:05:52.234+0000] {logging_mixin.py:137} INFO - [2023-06-11T03:05:52.234+0000] {taskmixin.py:205} WARNING - Dependency <Task(_PythonDecoratedOperator): print_the_context>, log_sql_query already registered for DAG: example_python_operator
[2023-06-11T03:05:52.234+0000] {logging_mixin.py:137} INFO - [2023-06-11T03:05:52.234+0000] {taskmixin.py:205} WARNING - Dependency <Task(_PythonDecoratedOperator): log_sql_query>, print_the_context already registered for DAG: example_python_operator
[2023-06-11T03:05:52.235+0000] {logging_mixin.py:137} INFO - [2023-06-11T03:05:52.235+0000] {taskmixin.py:205} WARNING - Dependency <Task(_PythonDecoratedOperator): print_the_context>, log_sql_query already registered for DAG: example_python_operator
[2023-06-11T03:05:52.235+0000] {logging_mixin.py:137} INFO - [2023-06-11T03:05:52.235+0000] {taskmixin.py:205} WARNING - Dependency <Task(_PythonDecoratedOperator): log_sql_query>, print_the_context already registered for DAG: example_python_operator
[2023-06-11T03:05:52.242+0000] {processor.py:753} INFO - DAG(s) dict_keys(['example_python_operator']) retrieved from /usr/local/python/3.10.4/lib/python3.10/site-packages/airflow/example_dags/example_python_operator.py
[2023-06-11T03:05:52.265+0000] {logging_mixin.py:137} INFO - [2023-06-11T03:05:52.265+0000] {dag.py:2690} INFO - Sync 1 DAGs
[2023-06-11T03:05:52.287+0000] {logging_mixin.py:137} INFO - [2023-06-11T03:05:52.286+0000] {dag.py:3437} INFO - Setting next_dagrun for example_python_operator to None, run_after=None
[2023-06-11T03:05:52.348+0000] {processor.py:175} INFO - Processing /usr/local/python/3.10.4/lib/python3.10/site-packages/airflow/example_dags/example_python_operator.py took 0.145 seconds
[2023-06-11T03:06:40.918+0000] {processor.py:153} INFO - Started process (PID=10544) to work on /usr/local/python/3.10.4/lib/python3.10/site-packages/airflow/example_dags/example_python_operator.py
[2023-06-11T03:06:40.919+0000] {processor.py:743} INFO - Processing file /usr/local/python/3.10.4/lib/python3.10/site-packages/airflow/example_dags/example_python_operator.py for tasks to queue
[2023-06-11T03:06:40.919+0000] {logging_mixin.py:137} INFO - [2023-06-11T03:06:40.919+0000] {dagbag.py:538} INFO - Filling up the DagBag from /usr/local/python/3.10.4/lib/python3.10/site-packages/airflow/example_dags/example_python_operator.py
[2023-06-11T03:06:40.939+0000] {logging_mixin.py:137} INFO - [2023-06-11T03:06:40.939+0000] {taskmixin.py:205} WARNING - Dependency <Task(_PythonDecoratedOperator): print_the_context>, log_sql_query already registered for DAG: example_python_operator
[2023-06-11T03:06:40.939+0000] {logging_mixin.py:137} INFO - [2023-06-11T03:06:40.939+0000] {taskmixin.py:205} WARNING - Dependency <Task(_PythonDecoratedOperator): log_sql_query>, print_the_context already registered for DAG: example_python_operator
[2023-06-11T03:06:40.940+0000] {logging_mixin.py:137} INFO - [2023-06-11T03:06:40.940+0000] {taskmixin.py:205} WARNING - Dependency <Task(_PythonDecoratedOperator): print_the_context>, log_sql_query already registered for DAG: example_python_operator
[2023-06-11T03:06:40.940+0000] {logging_mixin.py:137} INFO - [2023-06-11T03:06:40.940+0000] {taskmixin.py:205} WARNING - Dependency <Task(_PythonDecoratedOperator): log_sql_query>, print_the_context already registered for DAG: example_python_operator
[2023-06-11T03:06:40.940+0000] {logging_mixin.py:137} INFO - [2023-06-11T03:06:40.940+0000] {taskmixin.py:205} WARNING - Dependency <Task(_PythonDecoratedOperator): print_the_context>, log_sql_query already registered for DAG: example_python_operator
[2023-06-11T03:06:40.941+0000] {logging_mixin.py:137} INFO - [2023-06-11T03:06:40.941+0000] {taskmixin.py:205} WARNING - Dependency <Task(_PythonDecoratedOperator): log_sql_query>, print_the_context already registered for DAG: example_python_operator
[2023-06-11T03:06:40.941+0000] {logging_mixin.py:137} INFO - [2023-06-11T03:06:40.941+0000] {taskmixin.py:205} WARNING - Dependency <Task(_PythonDecoratedOperator): print_the_context>, log_sql_query already registered for DAG: example_python_operator
[2023-06-11T03:06:40.941+0000] {logging_mixin.py:137} INFO - [2023-06-11T03:06:40.941+0000] {taskmixin.py:205} WARNING - Dependency <Task(_PythonDecoratedOperator): log_sql_query>, print_the_context already registered for DAG: example_python_operator
[2023-06-11T03:06:40.950+0000] {processor.py:753} INFO - DAG(s) dict_keys(['example_python_operator']) retrieved from /usr/local/python/3.10.4/lib/python3.10/site-packages/airflow/example_dags/example_python_operator.py
[2023-06-11T03:06:40.971+0000] {logging_mixin.py:137} INFO - [2023-06-11T03:06:40.971+0000] {dag.py:2690} INFO - Sync 1 DAGs
[2023-06-11T03:06:40.990+0000] {logging_mixin.py:137} INFO - [2023-06-11T03:06:40.990+0000] {dag.py:3437} INFO - Setting next_dagrun for example_python_operator to None, run_after=None
[2023-06-11T03:06:41.034+0000] {processor.py:175} INFO - Processing /usr/local/python/3.10.4/lib/python3.10/site-packages/airflow/example_dags/example_python_operator.py took 0.120 seconds
[2023-06-11T03:07:28.409+0000] {processor.py:153} INFO - Started process (PID=10946) to work on /usr/local/python/3.10.4/lib/python3.10/site-packages/airflow/example_dags/example_python_operator.py
[2023-06-11T03:07:28.410+0000] {processor.py:743} INFO - Processing file /usr/local/python/3.10.4/lib/python3.10/site-packages/airflow/example_dags/example_python_operator.py for tasks to queue
[2023-06-11T03:07:28.411+0000] {logging_mixin.py:137} INFO - [2023-06-11T03:07:28.411+0000] {dagbag.py:538} INFO - Filling up the DagBag from /usr/local/python/3.10.4/lib/python3.10/site-packages/airflow/example_dags/example_python_operator.py
[2023-06-11T03:07:28.439+0000] {logging_mixin.py:137} INFO - [2023-06-11T03:07:28.438+0000] {taskmixin.py:205} WARNING - Dependency <Task(_PythonDecoratedOperator): print_the_context>, log_sql_query already registered for DAG: example_python_operator
[2023-06-11T03:07:28.439+0000] {logging_mixin.py:137} INFO - [2023-06-11T03:07:28.439+0000] {taskmixin.py:205} WARNING - Dependency <Task(_PythonDecoratedOperator): log_sql_query>, print_the_context already registered for DAG: example_python_operator
[2023-06-11T03:07:28.440+0000] {logging_mixin.py:137} INFO - [2023-06-11T03:07:28.440+0000] {taskmixin.py:205} WARNING - Dependency <Task(_PythonDecoratedOperator): print_the_context>, log_sql_query already registered for DAG: example_python_operator
[2023-06-11T03:07:28.440+0000] {logging_mixin.py:137} INFO - [2023-06-11T03:07:28.440+0000] {taskmixin.py:205} WARNING - Dependency <Task(_PythonDecoratedOperator): log_sql_query>, print_the_context already registered for DAG: example_python_operator
[2023-06-11T03:07:28.441+0000] {logging_mixin.py:137} INFO - [2023-06-11T03:07:28.441+0000] {taskmixin.py:205} WARNING - Dependency <Task(_PythonDecoratedOperator): print_the_context>, log_sql_query already registered for DAG: example_python_operator
[2023-06-11T03:07:28.441+0000] {logging_mixin.py:137} INFO - [2023-06-11T03:07:28.441+0000] {taskmixin.py:205} WARNING - Dependency <Task(_PythonDecoratedOperator): log_sql_query>, print_the_context already registered for DAG: example_python_operator
[2023-06-11T03:07:28.442+0000] {logging_mixin.py:137} INFO - [2023-06-11T03:07:28.441+0000] {taskmixin.py:205} WARNING - Dependency <Task(_PythonDecoratedOperator): print_the_context>, log_sql_query already registered for DAG: example_python_operator
[2023-06-11T03:07:28.442+0000] {logging_mixin.py:137} INFO - [2023-06-11T03:07:28.442+0000] {taskmixin.py:205} WARNING - Dependency <Task(_PythonDecoratedOperator): log_sql_query>, print_the_context already registered for DAG: example_python_operator
[2023-06-11T03:07:28.450+0000] {processor.py:753} INFO - DAG(s) dict_keys(['example_python_operator']) retrieved from /usr/local/python/3.10.4/lib/python3.10/site-packages/airflow/example_dags/example_python_operator.py
[2023-06-11T03:07:28.470+0000] {logging_mixin.py:137} INFO - [2023-06-11T03:07:28.469+0000] {dag.py:2690} INFO - Sync 1 DAGs
[2023-06-11T03:07:28.488+0000] {logging_mixin.py:137} INFO - [2023-06-11T03:07:28.487+0000] {dag.py:3437} INFO - Setting next_dagrun for example_python_operator to None, run_after=None
[2023-06-11T03:07:28.532+0000] {processor.py:175} INFO - Processing /usr/local/python/3.10.4/lib/python3.10/site-packages/airflow/example_dags/example_python_operator.py took 0.126 seconds
[2023-06-11T03:08:15.689+0000] {processor.py:153} INFO - Started process (PID=11352) to work on /usr/local/python/3.10.4/lib/python3.10/site-packages/airflow/example_dags/example_python_operator.py
[2023-06-11T03:08:15.690+0000] {processor.py:743} INFO - Processing file /usr/local/python/3.10.4/lib/python3.10/site-packages/airflow/example_dags/example_python_operator.py for tasks to queue
[2023-06-11T03:08:15.691+0000] {logging_mixin.py:137} INFO - [2023-06-11T03:08:15.691+0000] {dagbag.py:538} INFO - Filling up the DagBag from /usr/local/python/3.10.4/lib/python3.10/site-packages/airflow/example_dags/example_python_operator.py
[2023-06-11T03:08:15.712+0000] {logging_mixin.py:137} INFO - [2023-06-11T03:08:15.712+0000] {taskmixin.py:205} WARNING - Dependency <Task(_PythonDecoratedOperator): print_the_context>, log_sql_query already registered for DAG: example_python_operator
[2023-06-11T03:08:15.713+0000] {logging_mixin.py:137} INFO - [2023-06-11T03:08:15.712+0000] {taskmixin.py:205} WARNING - Dependency <Task(_PythonDecoratedOperator): log_sql_query>, print_the_context already registered for DAG: example_python_operator
[2023-06-11T03:08:15.713+0000] {logging_mixin.py:137} INFO - [2023-06-11T03:08:15.713+0000] {taskmixin.py:205} WARNING - Dependency <Task(_PythonDecoratedOperator): print_the_context>, log_sql_query already registered for DAG: example_python_operator
[2023-06-11T03:08:15.713+0000] {logging_mixin.py:137} INFO - [2023-06-11T03:08:15.713+0000] {taskmixin.py:205} WARNING - Dependency <Task(_PythonDecoratedOperator): log_sql_query>, print_the_context already registered for DAG: example_python_operator
[2023-06-11T03:08:15.714+0000] {logging_mixin.py:137} INFO - [2023-06-11T03:08:15.714+0000] {taskmixin.py:205} WARNING - Dependency <Task(_PythonDecoratedOperator): print_the_context>, log_sql_query already registered for DAG: example_python_operator
[2023-06-11T03:08:15.714+0000] {logging_mixin.py:137} INFO - [2023-06-11T03:08:15.714+0000] {taskmixin.py:205} WARNING - Dependency <Task(_PythonDecoratedOperator): log_sql_query>, print_the_context already registered for DAG: example_python_operator
[2023-06-11T03:08:15.715+0000] {logging_mixin.py:137} INFO - [2023-06-11T03:08:15.715+0000] {taskmixin.py:205} WARNING - Dependency <Task(_PythonDecoratedOperator): print_the_context>, log_sql_query already registered for DAG: example_python_operator
[2023-06-11T03:08:15.715+0000] {logging_mixin.py:137} INFO - [2023-06-11T03:08:15.715+0000] {taskmixin.py:205} WARNING - Dependency <Task(_PythonDecoratedOperator): log_sql_query>, print_the_context already registered for DAG: example_python_operator
[2023-06-11T03:08:15.723+0000] {processor.py:753} INFO - DAG(s) dict_keys(['example_python_operator']) retrieved from /usr/local/python/3.10.4/lib/python3.10/site-packages/airflow/example_dags/example_python_operator.py
[2023-06-11T03:08:15.744+0000] {logging_mixin.py:137} INFO - [2023-06-11T03:08:15.744+0000] {dag.py:2690} INFO - Sync 1 DAGs
[2023-06-11T03:08:15.765+0000] {logging_mixin.py:137} INFO - [2023-06-11T03:08:15.765+0000] {dag.py:3437} INFO - Setting next_dagrun for example_python_operator to None, run_after=None
[2023-06-11T03:08:15.957+0000] {processor.py:175} INFO - Processing /usr/local/python/3.10.4/lib/python3.10/site-packages/airflow/example_dags/example_python_operator.py took 0.271 seconds
[2023-06-11T03:09:01.013+0000] {processor.py:153} INFO - Started process (PID=11678) to work on /usr/local/python/3.10.4/lib/python3.10/site-packages/airflow/example_dags/example_python_operator.py
[2023-06-11T03:09:01.014+0000] {processor.py:743} INFO - Processing file /usr/local/python/3.10.4/lib/python3.10/site-packages/airflow/example_dags/example_python_operator.py for tasks to queue
[2023-06-11T03:09:01.015+0000] {logging_mixin.py:137} INFO - [2023-06-11T03:09:01.015+0000] {dagbag.py:538} INFO - Filling up the DagBag from /usr/local/python/3.10.4/lib/python3.10/site-packages/airflow/example_dags/example_python_operator.py
[2023-06-11T03:09:01.036+0000] {logging_mixin.py:137} INFO - [2023-06-11T03:09:01.036+0000] {taskmixin.py:205} WARNING - Dependency <Task(_PythonDecoratedOperator): print_the_context>, log_sql_query already registered for DAG: example_python_operator
[2023-06-11T03:09:01.036+0000] {logging_mixin.py:137} INFO - [2023-06-11T03:09:01.036+0000] {taskmixin.py:205} WARNING - Dependency <Task(_PythonDecoratedOperator): log_sql_query>, print_the_context already registered for DAG: example_python_operator
[2023-06-11T03:09:01.037+0000] {logging_mixin.py:137} INFO - [2023-06-11T03:09:01.037+0000] {taskmixin.py:205} WARNING - Dependency <Task(_PythonDecoratedOperator): print_the_context>, log_sql_query already registered for DAG: example_python_operator
[2023-06-11T03:09:01.037+0000] {logging_mixin.py:137} INFO - [2023-06-11T03:09:01.037+0000] {taskmixin.py:205} WARNING - Dependency <Task(_PythonDecoratedOperator): log_sql_query>, print_the_context already registered for DAG: example_python_operator
[2023-06-11T03:09:01.038+0000] {logging_mixin.py:137} INFO - [2023-06-11T03:09:01.037+0000] {taskmixin.py:205} WARNING - Dependency <Task(_PythonDecoratedOperator): print_the_context>, log_sql_query already registered for DAG: example_python_operator
[2023-06-11T03:09:01.038+0000] {logging_mixin.py:137} INFO - [2023-06-11T03:09:01.038+0000] {taskmixin.py:205} WARNING - Dependency <Task(_PythonDecoratedOperator): log_sql_query>, print_the_context already registered for DAG: example_python_operator
[2023-06-11T03:09:01.038+0000] {logging_mixin.py:137} INFO - [2023-06-11T03:09:01.038+0000] {taskmixin.py:205} WARNING - Dependency <Task(_PythonDecoratedOperator): print_the_context>, log_sql_query already registered for DAG: example_python_operator
[2023-06-11T03:09:01.039+0000] {logging_mixin.py:137} INFO - [2023-06-11T03:09:01.038+0000] {taskmixin.py:205} WARNING - Dependency <Task(_PythonDecoratedOperator): log_sql_query>, print_the_context already registered for DAG: example_python_operator
[2023-06-11T03:09:01.046+0000] {processor.py:753} INFO - DAG(s) dict_keys(['example_python_operator']) retrieved from /usr/local/python/3.10.4/lib/python3.10/site-packages/airflow/example_dags/example_python_operator.py
[2023-06-11T03:09:01.067+0000] {logging_mixin.py:137} INFO - [2023-06-11T03:09:01.067+0000] {dag.py:2690} INFO - Sync 1 DAGs
[2023-06-11T03:09:01.237+0000] {logging_mixin.py:137} INFO - [2023-06-11T03:09:01.237+0000] {dag.py:3437} INFO - Setting next_dagrun for example_python_operator to None, run_after=None
[2023-06-11T03:09:01.282+0000] {processor.py:175} INFO - Processing /usr/local/python/3.10.4/lib/python3.10/site-packages/airflow/example_dags/example_python_operator.py took 0.272 seconds
[2023-06-11T03:09:47.845+0000] {processor.py:153} INFO - Started process (PID=12023) to work on /usr/local/python/3.10.4/lib/python3.10/site-packages/airflow/example_dags/example_python_operator.py
[2023-06-11T03:09:47.846+0000] {processor.py:743} INFO - Processing file /usr/local/python/3.10.4/lib/python3.10/site-packages/airflow/example_dags/example_python_operator.py for tasks to queue
[2023-06-11T03:09:47.847+0000] {logging_mixin.py:137} INFO - [2023-06-11T03:09:47.846+0000] {dagbag.py:538} INFO - Filling up the DagBag from /usr/local/python/3.10.4/lib/python3.10/site-packages/airflow/example_dags/example_python_operator.py
[2023-06-11T03:09:47.868+0000] {logging_mixin.py:137} INFO - [2023-06-11T03:09:47.867+0000] {taskmixin.py:205} WARNING - Dependency <Task(_PythonDecoratedOperator): print_the_context>, log_sql_query already registered for DAG: example_python_operator
[2023-06-11T03:09:47.868+0000] {logging_mixin.py:137} INFO - [2023-06-11T03:09:47.868+0000] {taskmixin.py:205} WARNING - Dependency <Task(_PythonDecoratedOperator): log_sql_query>, print_the_context already registered for DAG: example_python_operator
[2023-06-11T03:09:47.869+0000] {logging_mixin.py:137} INFO - [2023-06-11T03:09:47.868+0000] {taskmixin.py:205} WARNING - Dependency <Task(_PythonDecoratedOperator): print_the_context>, log_sql_query already registered for DAG: example_python_operator
[2023-06-11T03:09:47.869+0000] {logging_mixin.py:137} INFO - [2023-06-11T03:09:47.869+0000] {taskmixin.py:205} WARNING - Dependency <Task(_PythonDecoratedOperator): log_sql_query>, print_the_context already registered for DAG: example_python_operator
[2023-06-11T03:09:47.869+0000] {logging_mixin.py:137} INFO - [2023-06-11T03:09:47.869+0000] {taskmixin.py:205} WARNING - Dependency <Task(_PythonDecoratedOperator): print_the_context>, log_sql_query already registered for DAG: example_python_operator
[2023-06-11T03:09:47.870+0000] {logging_mixin.py:137} INFO - [2023-06-11T03:09:47.869+0000] {taskmixin.py:205} WARNING - Dependency <Task(_PythonDecoratedOperator): log_sql_query>, print_the_context already registered for DAG: example_python_operator
[2023-06-11T03:09:47.870+0000] {logging_mixin.py:137} INFO - [2023-06-11T03:09:47.870+0000] {taskmixin.py:205} WARNING - Dependency <Task(_PythonDecoratedOperator): print_the_context>, log_sql_query already registered for DAG: example_python_operator
[2023-06-11T03:09:47.871+0000] {logging_mixin.py:137} INFO - [2023-06-11T03:09:47.871+0000] {taskmixin.py:205} WARNING - Dependency <Task(_PythonDecoratedOperator): log_sql_query>, print_the_context already registered for DAG: example_python_operator
[2023-06-11T03:09:47.879+0000] {processor.py:753} INFO - DAG(s) dict_keys(['example_python_operator']) retrieved from /usr/local/python/3.10.4/lib/python3.10/site-packages/airflow/example_dags/example_python_operator.py
[2023-06-11T03:09:47.900+0000] {logging_mixin.py:137} INFO - [2023-06-11T03:09:47.899+0000] {dag.py:2690} INFO - Sync 1 DAGs
[2023-06-11T03:09:48.070+0000] {logging_mixin.py:137} INFO - [2023-06-11T03:09:48.070+0000] {dag.py:3437} INFO - Setting next_dagrun for example_python_operator to None, run_after=None
[2023-06-11T03:09:48.116+0000] {processor.py:175} INFO - Processing /usr/local/python/3.10.4/lib/python3.10/site-packages/airflow/example_dags/example_python_operator.py took 0.276 seconds
[2023-06-11T03:10:38.609+0000] {processor.py:153} INFO - Started process (PID=12391) to work on /usr/local/python/3.10.4/lib/python3.10/site-packages/airflow/example_dags/example_python_operator.py
[2023-06-11T03:10:38.610+0000] {processor.py:743} INFO - Processing file /usr/local/python/3.10.4/lib/python3.10/site-packages/airflow/example_dags/example_python_operator.py for tasks to queue
[2023-06-11T03:10:38.611+0000] {logging_mixin.py:137} INFO - [2023-06-11T03:10:38.611+0000] {dagbag.py:538} INFO - Filling up the DagBag from /usr/local/python/3.10.4/lib/python3.10/site-packages/airflow/example_dags/example_python_operator.py
[2023-06-11T03:10:38.632+0000] {logging_mixin.py:137} INFO - [2023-06-11T03:10:38.632+0000] {taskmixin.py:205} WARNING - Dependency <Task(_PythonDecoratedOperator): print_the_context>, log_sql_query already registered for DAG: example_python_operator
[2023-06-11T03:10:38.632+0000] {logging_mixin.py:137} INFO - [2023-06-11T03:10:38.632+0000] {taskmixin.py:205} WARNING - Dependency <Task(_PythonDecoratedOperator): log_sql_query>, print_the_context already registered for DAG: example_python_operator
[2023-06-11T03:10:38.633+0000] {logging_mixin.py:137} INFO - [2023-06-11T03:10:38.633+0000] {taskmixin.py:205} WARNING - Dependency <Task(_PythonDecoratedOperator): print_the_context>, log_sql_query already registered for DAG: example_python_operator
[2023-06-11T03:10:38.633+0000] {logging_mixin.py:137} INFO - [2023-06-11T03:10:38.633+0000] {taskmixin.py:205} WARNING - Dependency <Task(_PythonDecoratedOperator): log_sql_query>, print_the_context already registered for DAG: example_python_operator
[2023-06-11T03:10:38.633+0000] {logging_mixin.py:137} INFO - [2023-06-11T03:10:38.633+0000] {taskmixin.py:205} WARNING - Dependency <Task(_PythonDecoratedOperator): print_the_context>, log_sql_query already registered for DAG: example_python_operator
[2023-06-11T03:10:38.634+0000] {logging_mixin.py:137} INFO - [2023-06-11T03:10:38.634+0000] {taskmixin.py:205} WARNING - Dependency <Task(_PythonDecoratedOperator): log_sql_query>, print_the_context already registered for DAG: example_python_operator
[2023-06-11T03:10:38.634+0000] {logging_mixin.py:137} INFO - [2023-06-11T03:10:38.634+0000] {taskmixin.py:205} WARNING - Dependency <Task(_PythonDecoratedOperator): print_the_context>, log_sql_query already registered for DAG: example_python_operator
[2023-06-11T03:10:38.634+0000] {logging_mixin.py:137} INFO - [2023-06-11T03:10:38.634+0000] {taskmixin.py:205} WARNING - Dependency <Task(_PythonDecoratedOperator): log_sql_query>, print_the_context already registered for DAG: example_python_operator
[2023-06-11T03:10:38.643+0000] {processor.py:753} INFO - DAG(s) dict_keys(['example_python_operator']) retrieved from /usr/local/python/3.10.4/lib/python3.10/site-packages/airflow/example_dags/example_python_operator.py
[2023-06-11T03:10:38.800+0000] {logging_mixin.py:137} INFO - [2023-06-11T03:10:38.800+0000] {dag.py:2690} INFO - Sync 1 DAGs
[2023-06-11T03:10:38.817+0000] {logging_mixin.py:137} INFO - [2023-06-11T03:10:38.817+0000] {dag.py:3437} INFO - Setting next_dagrun for example_python_operator to None, run_after=None
[2023-06-11T03:10:38.861+0000] {processor.py:175} INFO - Processing /usr/local/python/3.10.4/lib/python3.10/site-packages/airflow/example_dags/example_python_operator.py took 0.255 seconds
