[2023-06-11T03:01:10.530+0000] {processor.py:153} INFO - Started process (PID=7856) to work on /usr/local/python/3.10.4/lib/python3.10/site-packages/airflow/example_dags/example_time_delta_sensor_async.py
[2023-06-11T03:01:10.532+0000] {processor.py:743} INFO - Processing file /usr/local/python/3.10.4/lib/python3.10/site-packages/airflow/example_dags/example_time_delta_sensor_async.py for tasks to queue
[2023-06-11T03:01:10.533+0000] {logging_mixin.py:137} INFO - [2023-06-11T03:01:10.532+0000] {dagbag.py:538} INFO - Filling up the DagBag from /usr/local/python/3.10.4/lib/python3.10/site-packages/airflow/example_dags/example_time_delta_sensor_async.py
[2023-06-11T03:01:10.549+0000] {processor.py:753} INFO - DAG(s) dict_keys(['example_time_delta_sensor_async']) retrieved from /usr/local/python/3.10.4/lib/python3.10/site-packages/airflow/example_dags/example_time_delta_sensor_async.py
[2023-06-11T03:01:10.761+0000] {logging_mixin.py:137} INFO - [2023-06-11T03:01:10.760+0000] {manager.py:504} INFO - Created Permission View: can delete on DAG:example_time_delta_sensor_async
[2023-06-11T03:01:10.801+0000] {logging_mixin.py:137} INFO - [2023-06-11T03:01:10.800+0000] {manager.py:504} INFO - Created Permission View: can edit on DAG:example_time_delta_sensor_async
[2023-06-11T03:01:10.839+0000] {logging_mixin.py:137} INFO - [2023-06-11T03:01:10.839+0000] {manager.py:504} INFO - Created Permission View: can read on DAG:example_time_delta_sensor_async
[2023-06-11T03:01:10.839+0000] {logging_mixin.py:137} INFO - [2023-06-11T03:01:10.839+0000] {dag.py:2690} INFO - Sync 1 DAGs
[2023-06-11T03:01:10.852+0000] {logging_mixin.py:137} INFO - [2023-06-11T03:01:10.852+0000] {dag.py:2711} INFO - Creating ORM DAG for example_time_delta_sensor_async
[2023-06-11T03:01:10.862+0000] {logging_mixin.py:137} INFO - [2023-06-11T03:01:10.861+0000] {dag.py:3437} INFO - Setting next_dagrun for example_time_delta_sensor_async to None, run_after=None
[2023-06-11T03:01:10.919+0000] {processor.py:175} INFO - Processing /usr/local/python/3.10.4/lib/python3.10/site-packages/airflow/example_dags/example_time_delta_sensor_async.py took 0.392 seconds
[2023-06-11T03:01:59.958+0000] {processor.py:153} INFO - Started process (PID=8188) to work on /usr/local/python/3.10.4/lib/python3.10/site-packages/airflow/example_dags/example_time_delta_sensor_async.py
[2023-06-11T03:01:59.959+0000] {processor.py:743} INFO - Processing file /usr/local/python/3.10.4/lib/python3.10/site-packages/airflow/example_dags/example_time_delta_sensor_async.py for tasks to queue
[2023-06-11T03:01:59.960+0000] {logging_mixin.py:137} INFO - [2023-06-11T03:01:59.960+0000] {dagbag.py:538} INFO - Filling up the DagBag from /usr/local/python/3.10.4/lib/python3.10/site-packages/airflow/example_dags/example_time_delta_sensor_async.py
[2023-06-11T03:01:59.974+0000] {processor.py:753} INFO - DAG(s) dict_keys(['example_time_delta_sensor_async']) retrieved from /usr/local/python/3.10.4/lib/python3.10/site-packages/airflow/example_dags/example_time_delta_sensor_async.py
[2023-06-11T03:01:59.995+0000] {logging_mixin.py:137} INFO - [2023-06-11T03:01:59.995+0000] {dag.py:2690} INFO - Sync 1 DAGs
[2023-06-11T03:02:00.014+0000] {logging_mixin.py:137} INFO - [2023-06-11T03:02:00.014+0000] {dag.py:3437} INFO - Setting next_dagrun for example_time_delta_sensor_async to None, run_after=None
[2023-06-11T03:02:00.063+0000] {processor.py:175} INFO - Processing /usr/local/python/3.10.4/lib/python3.10/site-packages/airflow/example_dags/example_time_delta_sensor_async.py took 0.108 seconds
[2023-06-11T03:02:42.111+0000] {processor.py:153} INFO - Started process (PID=8498) to work on /usr/local/python/3.10.4/lib/python3.10/site-packages/airflow/example_dags/example_time_delta_sensor_async.py
[2023-06-11T03:02:42.112+0000] {processor.py:743} INFO - Processing file /usr/local/python/3.10.4/lib/python3.10/site-packages/airflow/example_dags/example_time_delta_sensor_async.py for tasks to queue
[2023-06-11T03:02:42.112+0000] {logging_mixin.py:137} INFO - [2023-06-11T03:02:42.112+0000] {dagbag.py:538} INFO - Filling up the DagBag from /usr/local/python/3.10.4/lib/python3.10/site-packages/airflow/example_dags/example_time_delta_sensor_async.py
[2023-06-11T03:02:42.126+0000] {processor.py:753} INFO - DAG(s) dict_keys(['example_time_delta_sensor_async']) retrieved from /usr/local/python/3.10.4/lib/python3.10/site-packages/airflow/example_dags/example_time_delta_sensor_async.py
[2023-06-11T03:02:42.146+0000] {logging_mixin.py:137} INFO - [2023-06-11T03:02:42.146+0000] {dag.py:2690} INFO - Sync 1 DAGs
[2023-06-11T03:02:42.164+0000] {logging_mixin.py:137} INFO - [2023-06-11T03:02:42.164+0000] {dag.py:3437} INFO - Setting next_dagrun for example_time_delta_sensor_async to None, run_after=None
[2023-06-11T03:02:42.207+0000] {processor.py:175} INFO - Processing /usr/local/python/3.10.4/lib/python3.10/site-packages/airflow/example_dags/example_time_delta_sensor_async.py took 0.099 seconds
[2023-06-11T03:03:22.801+0000] {processor.py:153} INFO - Started process (PID=8796) to work on /usr/local/python/3.10.4/lib/python3.10/site-packages/airflow/example_dags/example_time_delta_sensor_async.py
[2023-06-11T03:03:22.802+0000] {processor.py:743} INFO - Processing file /usr/local/python/3.10.4/lib/python3.10/site-packages/airflow/example_dags/example_time_delta_sensor_async.py for tasks to queue
[2023-06-11T03:03:22.803+0000] {logging_mixin.py:137} INFO - [2023-06-11T03:03:22.803+0000] {dagbag.py:538} INFO - Filling up the DagBag from /usr/local/python/3.10.4/lib/python3.10/site-packages/airflow/example_dags/example_time_delta_sensor_async.py
[2023-06-11T03:03:22.819+0000] {processor.py:753} INFO - DAG(s) dict_keys(['example_time_delta_sensor_async']) retrieved from /usr/local/python/3.10.4/lib/python3.10/site-packages/airflow/example_dags/example_time_delta_sensor_async.py
[2023-06-11T03:03:22.837+0000] {logging_mixin.py:137} INFO - [2023-06-11T03:03:22.837+0000] {dag.py:2690} INFO - Sync 1 DAGs
[2023-06-11T03:03:22.856+0000] {logging_mixin.py:137} INFO - [2023-06-11T03:03:22.856+0000] {dag.py:3437} INFO - Setting next_dagrun for example_time_delta_sensor_async to None, run_after=None
[2023-06-11T03:03:22.900+0000] {processor.py:175} INFO - Processing /usr/local/python/3.10.4/lib/python3.10/site-packages/airflow/example_dags/example_time_delta_sensor_async.py took 0.102 seconds
[2023-06-11T03:04:03.512+0000] {processor.py:153} INFO - Started process (PID=9096) to work on /usr/local/python/3.10.4/lib/python3.10/site-packages/airflow/example_dags/example_time_delta_sensor_async.py
[2023-06-11T03:04:03.513+0000] {processor.py:743} INFO - Processing file /usr/local/python/3.10.4/lib/python3.10/site-packages/airflow/example_dags/example_time_delta_sensor_async.py for tasks to queue
[2023-06-11T03:04:03.514+0000] {logging_mixin.py:137} INFO - [2023-06-11T03:04:03.514+0000] {dagbag.py:538} INFO - Filling up the DagBag from /usr/local/python/3.10.4/lib/python3.10/site-packages/airflow/example_dags/example_time_delta_sensor_async.py
[2023-06-11T03:04:03.528+0000] {processor.py:753} INFO - DAG(s) dict_keys(['example_time_delta_sensor_async']) retrieved from /usr/local/python/3.10.4/lib/python3.10/site-packages/airflow/example_dags/example_time_delta_sensor_async.py
[2023-06-11T03:04:03.551+0000] {logging_mixin.py:137} INFO - [2023-06-11T03:04:03.551+0000] {dag.py:2690} INFO - Sync 1 DAGs
[2023-06-11T03:04:03.571+0000] {logging_mixin.py:137} INFO - [2023-06-11T03:04:03.571+0000] {dag.py:3437} INFO - Setting next_dagrun for example_time_delta_sensor_async to None, run_after=None
[2023-06-11T03:04:03.622+0000] {processor.py:175} INFO - Processing /usr/local/python/3.10.4/lib/python3.10/site-packages/airflow/example_dags/example_time_delta_sensor_async.py took 0.113 seconds
[2023-06-11T03:04:47.445+0000] {processor.py:153} INFO - Started process (PID=9459) to work on /usr/local/python/3.10.4/lib/python3.10/site-packages/airflow/example_dags/example_time_delta_sensor_async.py
[2023-06-11T03:04:47.446+0000] {processor.py:743} INFO - Processing file /usr/local/python/3.10.4/lib/python3.10/site-packages/airflow/example_dags/example_time_delta_sensor_async.py for tasks to queue
[2023-06-11T03:04:47.447+0000] {logging_mixin.py:137} INFO - [2023-06-11T03:04:47.447+0000] {dagbag.py:538} INFO - Filling up the DagBag from /usr/local/python/3.10.4/lib/python3.10/site-packages/airflow/example_dags/example_time_delta_sensor_async.py
[2023-06-11T03:04:47.461+0000] {processor.py:753} INFO - DAG(s) dict_keys(['example_time_delta_sensor_async']) retrieved from /usr/local/python/3.10.4/lib/python3.10/site-packages/airflow/example_dags/example_time_delta_sensor_async.py
[2023-06-11T03:04:47.479+0000] {logging_mixin.py:137} INFO - [2023-06-11T03:04:47.479+0000] {dag.py:2690} INFO - Sync 1 DAGs
[2023-06-11T03:04:47.496+0000] {logging_mixin.py:137} INFO - [2023-06-11T03:04:47.496+0000] {dag.py:3437} INFO - Setting next_dagrun for example_time_delta_sensor_async to None, run_after=None
[2023-06-11T03:04:47.548+0000] {processor.py:175} INFO - Processing /usr/local/python/3.10.4/lib/python3.10/site-packages/airflow/example_dags/example_time_delta_sensor_async.py took 0.106 seconds
[2023-06-11T03:05:23.104+0000] {processor.py:153} INFO - Started process (PID=9796) to work on /usr/local/python/3.10.4/lib/python3.10/site-packages/airflow/example_dags/example_time_delta_sensor_async.py
[2023-06-11T03:05:23.105+0000] {processor.py:743} INFO - Processing file /usr/local/python/3.10.4/lib/python3.10/site-packages/airflow/example_dags/example_time_delta_sensor_async.py for tasks to queue
[2023-06-11T03:05:23.106+0000] {logging_mixin.py:137} INFO - [2023-06-11T03:05:23.106+0000] {dagbag.py:538} INFO - Filling up the DagBag from /usr/local/python/3.10.4/lib/python3.10/site-packages/airflow/example_dags/example_time_delta_sensor_async.py
[2023-06-11T03:05:23.120+0000] {processor.py:753} INFO - DAG(s) dict_keys(['example_time_delta_sensor_async']) retrieved from /usr/local/python/3.10.4/lib/python3.10/site-packages/airflow/example_dags/example_time_delta_sensor_async.py
[2023-06-11T03:05:23.144+0000] {logging_mixin.py:137} INFO - [2023-06-11T03:05:23.144+0000] {dag.py:2690} INFO - Sync 1 DAGs
[2023-06-11T03:05:23.165+0000] {logging_mixin.py:137} INFO - [2023-06-11T03:05:23.164+0000] {dag.py:3437} INFO - Setting next_dagrun for example_time_delta_sensor_async to None, run_after=None
[2023-06-11T03:05:23.210+0000] {processor.py:175} INFO - Processing /usr/local/python/3.10.4/lib/python3.10/site-packages/airflow/example_dags/example_time_delta_sensor_async.py took 0.109 seconds
[2023-06-11T03:05:58.919+0000] {processor.py:153} INFO - Started process (PID=10093) to work on /usr/local/python/3.10.4/lib/python3.10/site-packages/airflow/example_dags/example_time_delta_sensor_async.py
[2023-06-11T03:05:58.920+0000] {processor.py:743} INFO - Processing file /usr/local/python/3.10.4/lib/python3.10/site-packages/airflow/example_dags/example_time_delta_sensor_async.py for tasks to queue
[2023-06-11T03:05:58.921+0000] {logging_mixin.py:137} INFO - [2023-06-11T03:05:58.921+0000] {dagbag.py:538} INFO - Filling up the DagBag from /usr/local/python/3.10.4/lib/python3.10/site-packages/airflow/example_dags/example_time_delta_sensor_async.py
[2023-06-11T03:05:58.936+0000] {processor.py:753} INFO - DAG(s) dict_keys(['example_time_delta_sensor_async']) retrieved from /usr/local/python/3.10.4/lib/python3.10/site-packages/airflow/example_dags/example_time_delta_sensor_async.py
[2023-06-11T03:05:58.954+0000] {logging_mixin.py:137} INFO - [2023-06-11T03:05:58.954+0000] {dag.py:2690} INFO - Sync 1 DAGs
[2023-06-11T03:05:58.975+0000] {logging_mixin.py:137} INFO - [2023-06-11T03:05:58.975+0000] {dag.py:3437} INFO - Setting next_dagrun for example_time_delta_sensor_async to None, run_after=None
[2023-06-11T03:05:59.028+0000] {processor.py:175} INFO - Processing /usr/local/python/3.10.4/lib/python3.10/site-packages/airflow/example_dags/example_time_delta_sensor_async.py took 0.113 seconds
[2023-06-11T03:06:34.491+0000] {processor.py:153} INFO - Started process (PID=10491) to work on /usr/local/python/3.10.4/lib/python3.10/site-packages/airflow/example_dags/example_time_delta_sensor_async.py
[2023-06-11T03:06:34.492+0000] {processor.py:743} INFO - Processing file /usr/local/python/3.10.4/lib/python3.10/site-packages/airflow/example_dags/example_time_delta_sensor_async.py for tasks to queue
[2023-06-11T03:06:34.493+0000] {logging_mixin.py:137} INFO - [2023-06-11T03:06:34.493+0000] {dagbag.py:538} INFO - Filling up the DagBag from /usr/local/python/3.10.4/lib/python3.10/site-packages/airflow/example_dags/example_time_delta_sensor_async.py
[2023-06-11T03:06:34.507+0000] {processor.py:753} INFO - DAG(s) dict_keys(['example_time_delta_sensor_async']) retrieved from /usr/local/python/3.10.4/lib/python3.10/site-packages/airflow/example_dags/example_time_delta_sensor_async.py
[2023-06-11T03:06:34.527+0000] {logging_mixin.py:137} INFO - [2023-06-11T03:06:34.527+0000] {dag.py:2690} INFO - Sync 1 DAGs
[2023-06-11T03:06:34.546+0000] {logging_mixin.py:137} INFO - [2023-06-11T03:06:34.546+0000] {dag.py:3437} INFO - Setting next_dagrun for example_time_delta_sensor_async to None, run_after=None
[2023-06-11T03:06:34.591+0000] {processor.py:175} INFO - Processing /usr/local/python/3.10.4/lib/python3.10/site-packages/airflow/example_dags/example_time_delta_sensor_async.py took 0.103 seconds
[2023-06-11T03:07:13.831+0000] {processor.py:153} INFO - Started process (PID=10833) to work on /usr/local/python/3.10.4/lib/python3.10/site-packages/airflow/example_dags/example_time_delta_sensor_async.py
[2023-06-11T03:07:13.832+0000] {processor.py:743} INFO - Processing file /usr/local/python/3.10.4/lib/python3.10/site-packages/airflow/example_dags/example_time_delta_sensor_async.py for tasks to queue
[2023-06-11T03:07:13.833+0000] {logging_mixin.py:137} INFO - [2023-06-11T03:07:13.833+0000] {dagbag.py:538} INFO - Filling up the DagBag from /usr/local/python/3.10.4/lib/python3.10/site-packages/airflow/example_dags/example_time_delta_sensor_async.py
[2023-06-11T03:07:13.847+0000] {processor.py:753} INFO - DAG(s) dict_keys(['example_time_delta_sensor_async']) retrieved from /usr/local/python/3.10.4/lib/python3.10/site-packages/airflow/example_dags/example_time_delta_sensor_async.py
[2023-06-11T03:07:13.866+0000] {logging_mixin.py:137} INFO - [2023-06-11T03:07:13.866+0000] {dag.py:2690} INFO - Sync 1 DAGs
[2023-06-11T03:07:13.884+0000] {logging_mixin.py:137} INFO - [2023-06-11T03:07:13.884+0000] {dag.py:3437} INFO - Setting next_dagrun for example_time_delta_sensor_async to None, run_after=None
[2023-06-11T03:07:13.926+0000] {processor.py:175} INFO - Processing /usr/local/python/3.10.4/lib/python3.10/site-packages/airflow/example_dags/example_time_delta_sensor_async.py took 0.099 seconds
[2023-06-11T03:07:48.923+0000] {processor.py:153} INFO - Started process (PID=11143) to work on /usr/local/python/3.10.4/lib/python3.10/site-packages/airflow/example_dags/example_time_delta_sensor_async.py
[2023-06-11T03:07:48.924+0000] {processor.py:743} INFO - Processing file /usr/local/python/3.10.4/lib/python3.10/site-packages/airflow/example_dags/example_time_delta_sensor_async.py for tasks to queue
[2023-06-11T03:07:48.925+0000] {logging_mixin.py:137} INFO - [2023-06-11T03:07:48.925+0000] {dagbag.py:538} INFO - Filling up the DagBag from /usr/local/python/3.10.4/lib/python3.10/site-packages/airflow/example_dags/example_time_delta_sensor_async.py
[2023-06-11T03:07:48.942+0000] {processor.py:753} INFO - DAG(s) dict_keys(['example_time_delta_sensor_async']) retrieved from /usr/local/python/3.10.4/lib/python3.10/site-packages/airflow/example_dags/example_time_delta_sensor_async.py
[2023-06-11T03:07:48.960+0000] {logging_mixin.py:137} INFO - [2023-06-11T03:07:48.960+0000] {dag.py:2690} INFO - Sync 1 DAGs
[2023-06-11T03:07:48.978+0000] {logging_mixin.py:137} INFO - [2023-06-11T03:07:48.978+0000] {dag.py:3437} INFO - Setting next_dagrun for example_time_delta_sensor_async to None, run_after=None
[2023-06-11T03:07:49.022+0000] {processor.py:175} INFO - Processing /usr/local/python/3.10.4/lib/python3.10/site-packages/airflow/example_dags/example_time_delta_sensor_async.py took 0.104 seconds
[2023-06-11T03:08:25.261+0000] {processor.py:153} INFO - Started process (PID=11415) to work on /usr/local/python/3.10.4/lib/python3.10/site-packages/airflow/example_dags/example_time_delta_sensor_async.py
[2023-06-11T03:08:25.264+0000] {processor.py:743} INFO - Processing file /usr/local/python/3.10.4/lib/python3.10/site-packages/airflow/example_dags/example_time_delta_sensor_async.py for tasks to queue
[2023-06-11T03:08:25.265+0000] {logging_mixin.py:137} INFO - [2023-06-11T03:08:25.264+0000] {dagbag.py:538} INFO - Filling up the DagBag from /usr/local/python/3.10.4/lib/python3.10/site-packages/airflow/example_dags/example_time_delta_sensor_async.py
[2023-06-11T03:08:25.295+0000] {processor.py:753} INFO - DAG(s) dict_keys(['example_time_delta_sensor_async']) retrieved from /usr/local/python/3.10.4/lib/python3.10/site-packages/airflow/example_dags/example_time_delta_sensor_async.py
[2023-06-11T03:08:25.314+0000] {logging_mixin.py:137} INFO - [2023-06-11T03:08:25.314+0000] {dag.py:2690} INFO - Sync 1 DAGs
[2023-06-11T03:08:25.334+0000] {logging_mixin.py:137} INFO - [2023-06-11T03:08:25.334+0000] {dag.py:3437} INFO - Setting next_dagrun for example_time_delta_sensor_async to None, run_after=None
[2023-06-11T03:08:25.381+0000] {processor.py:175} INFO - Processing /usr/local/python/3.10.4/lib/python3.10/site-packages/airflow/example_dags/example_time_delta_sensor_async.py took 0.125 seconds
[2023-06-11T03:09:11.571+0000] {processor.py:153} INFO - Started process (PID=11753) to work on /usr/local/python/3.10.4/lib/python3.10/site-packages/airflow/example_dags/example_time_delta_sensor_async.py
[2023-06-11T03:09:11.572+0000] {processor.py:743} INFO - Processing file /usr/local/python/3.10.4/lib/python3.10/site-packages/airflow/example_dags/example_time_delta_sensor_async.py for tasks to queue
[2023-06-11T03:09:11.573+0000] {logging_mixin.py:137} INFO - [2023-06-11T03:09:11.573+0000] {dagbag.py:538} INFO - Filling up the DagBag from /usr/local/python/3.10.4/lib/python3.10/site-packages/airflow/example_dags/example_time_delta_sensor_async.py
[2023-06-11T03:09:11.587+0000] {processor.py:753} INFO - DAG(s) dict_keys(['example_time_delta_sensor_async']) retrieved from /usr/local/python/3.10.4/lib/python3.10/site-packages/airflow/example_dags/example_time_delta_sensor_async.py
[2023-06-11T03:09:11.607+0000] {logging_mixin.py:137} INFO - [2023-06-11T03:09:11.607+0000] {dag.py:2690} INFO - Sync 1 DAGs
[2023-06-11T03:09:11.626+0000] {logging_mixin.py:137} INFO - [2023-06-11T03:09:11.626+0000] {dag.py:3437} INFO - Setting next_dagrun for example_time_delta_sensor_async to None, run_after=None
[2023-06-11T03:09:11.877+0000] {processor.py:175} INFO - Processing /usr/local/python/3.10.4/lib/python3.10/site-packages/airflow/example_dags/example_time_delta_sensor_async.py took 0.309 seconds
[2023-06-11T03:10:00.158+0000] {processor.py:153} INFO - Started process (PID=12112) to work on /usr/local/python/3.10.4/lib/python3.10/site-packages/airflow/example_dags/example_time_delta_sensor_async.py
[2023-06-11T03:10:00.159+0000] {processor.py:743} INFO - Processing file /usr/local/python/3.10.4/lib/python3.10/site-packages/airflow/example_dags/example_time_delta_sensor_async.py for tasks to queue
[2023-06-11T03:10:00.160+0000] {logging_mixin.py:137} INFO - [2023-06-11T03:10:00.159+0000] {dagbag.py:538} INFO - Filling up the DagBag from /usr/local/python/3.10.4/lib/python3.10/site-packages/airflow/example_dags/example_time_delta_sensor_async.py
[2023-06-11T03:10:00.173+0000] {processor.py:753} INFO - DAG(s) dict_keys(['example_time_delta_sensor_async']) retrieved from /usr/local/python/3.10.4/lib/python3.10/site-packages/airflow/example_dags/example_time_delta_sensor_async.py
[2023-06-11T03:10:00.193+0000] {logging_mixin.py:137} INFO - [2023-06-11T03:10:00.193+0000] {dag.py:2690} INFO - Sync 1 DAGs
[2023-06-11T03:10:00.363+0000] {logging_mixin.py:137} INFO - [2023-06-11T03:10:00.363+0000] {dag.py:3437} INFO - Setting next_dagrun for example_time_delta_sensor_async to None, run_after=None
[2023-06-11T03:10:00.409+0000] {processor.py:175} INFO - Processing /usr/local/python/3.10.4/lib/python3.10/site-packages/airflow/example_dags/example_time_delta_sensor_async.py took 0.255 seconds
[2023-06-11T03:10:52.992+0000] {processor.py:153} INFO - Started process (PID=12530) to work on /usr/local/python/3.10.4/lib/python3.10/site-packages/airflow/example_dags/example_time_delta_sensor_async.py
[2023-06-11T03:10:52.993+0000] {processor.py:743} INFO - Processing file /usr/local/python/3.10.4/lib/python3.10/site-packages/airflow/example_dags/example_time_delta_sensor_async.py for tasks to queue
[2023-06-11T03:10:52.994+0000] {logging_mixin.py:137} INFO - [2023-06-11T03:10:52.993+0000] {dagbag.py:538} INFO - Filling up the DagBag from /usr/local/python/3.10.4/lib/python3.10/site-packages/airflow/example_dags/example_time_delta_sensor_async.py
[2023-06-11T03:10:53.010+0000] {processor.py:753} INFO - DAG(s) dict_keys(['example_time_delta_sensor_async']) retrieved from /usr/local/python/3.10.4/lib/python3.10/site-packages/airflow/example_dags/example_time_delta_sensor_async.py
[2023-06-11T03:10:53.030+0000] {logging_mixin.py:137} INFO - [2023-06-11T03:10:53.030+0000] {dag.py:2690} INFO - Sync 1 DAGs
[2023-06-11T03:10:53.197+0000] {logging_mixin.py:137} INFO - [2023-06-11T03:10:53.197+0000] {dag.py:3437} INFO - Setting next_dagrun for example_time_delta_sensor_async to None, run_after=None
[2023-06-11T03:10:53.242+0000] {processor.py:175} INFO - Processing /usr/local/python/3.10.4/lib/python3.10/site-packages/airflow/example_dags/example_time_delta_sensor_async.py took 0.254 seconds
