[2023-06-11T03:01:41.550+0000] {processor.py:153} INFO - Started process (PID=8074) to work on /usr/local/python/3.10.4/lib/python3.10/site-packages/airflow/example_dags/example_branch_python_dop_operator_3.py
[2023-06-11T03:01:41.551+0000] {processor.py:743} INFO - Processing file /usr/local/python/3.10.4/lib/python3.10/site-packages/airflow/example_dags/example_branch_python_dop_operator_3.py for tasks to queue
[2023-06-11T03:01:41.551+0000] {logging_mixin.py:137} INFO - [2023-06-11T03:01:41.551+0000] {dagbag.py:538} INFO - Filling up the DagBag from /usr/local/python/3.10.4/lib/python3.10/site-packages/airflow/example_dags/example_branch_python_dop_operator_3.py
[2023-06-11T03:01:41.583+0000] {processor.py:753} INFO - DAG(s) dict_keys(['example_branch_dop_operator_v3']) retrieved from /usr/local/python/3.10.4/lib/python3.10/site-packages/airflow/example_dags/example_branch_python_dop_operator_3.py
[2023-06-11T03:01:41.778+0000] {logging_mixin.py:137} INFO - [2023-06-11T03:01:41.778+0000] {manager.py:504} INFO - Created Permission View: can delete on DAG:example_branch_dop_operator_v3
[2023-06-11T03:01:41.813+0000] {logging_mixin.py:137} INFO - [2023-06-11T03:01:41.813+0000] {manager.py:504} INFO - Created Permission View: can edit on DAG:example_branch_dop_operator_v3
[2023-06-11T03:01:41.847+0000] {logging_mixin.py:137} INFO - [2023-06-11T03:01:41.847+0000] {manager.py:504} INFO - Created Permission View: can read on DAG:example_branch_dop_operator_v3
[2023-06-11T03:01:41.847+0000] {logging_mixin.py:137} INFO - [2023-06-11T03:01:41.847+0000] {dag.py:2690} INFO - Sync 1 DAGs
[2023-06-11T03:01:41.858+0000] {logging_mixin.py:137} INFO - [2023-06-11T03:01:41.857+0000] {dag.py:2711} INFO - Creating ORM DAG for example_branch_dop_operator_v3
[2023-06-11T03:01:41.871+0000] {logging_mixin.py:137} INFO - [2023-06-11T03:01:41.871+0000] {dag.py:3437} INFO - Setting next_dagrun for example_branch_dop_operator_v3 to 2023-06-11T03:00:00+00:00, run_after=2023-06-11T03:01:00+00:00
[2023-06-11T03:01:41.920+0000] {processor.py:175} INFO - Processing /usr/local/python/3.10.4/lib/python3.10/site-packages/airflow/example_dags/example_branch_python_dop_operator_3.py took 0.374 seconds
[2023-06-11T03:02:26.257+0000] {processor.py:153} INFO - Started process (PID=8391) to work on /usr/local/python/3.10.4/lib/python3.10/site-packages/airflow/example_dags/example_branch_python_dop_operator_3.py
[2023-06-11T03:02:26.258+0000] {processor.py:743} INFO - Processing file /usr/local/python/3.10.4/lib/python3.10/site-packages/airflow/example_dags/example_branch_python_dop_operator_3.py for tasks to queue
[2023-06-11T03:02:26.259+0000] {logging_mixin.py:137} INFO - [2023-06-11T03:02:26.259+0000] {dagbag.py:538} INFO - Filling up the DagBag from /usr/local/python/3.10.4/lib/python3.10/site-packages/airflow/example_dags/example_branch_python_dop_operator_3.py
[2023-06-11T03:02:26.289+0000] {processor.py:753} INFO - DAG(s) dict_keys(['example_branch_dop_operator_v3']) retrieved from /usr/local/python/3.10.4/lib/python3.10/site-packages/airflow/example_dags/example_branch_python_dop_operator_3.py
[2023-06-11T03:02:26.308+0000] {logging_mixin.py:137} INFO - [2023-06-11T03:02:26.308+0000] {dag.py:2690} INFO - Sync 1 DAGs
[2023-06-11T03:02:26.332+0000] {logging_mixin.py:137} INFO - [2023-06-11T03:02:26.332+0000] {dag.py:3437} INFO - Setting next_dagrun for example_branch_dop_operator_v3 to 2023-06-11T03:01:00+00:00, run_after=2023-06-11T03:02:00+00:00
[2023-06-11T03:02:26.377+0000] {processor.py:175} INFO - Processing /usr/local/python/3.10.4/lib/python3.10/site-packages/airflow/example_dags/example_branch_python_dop_operator_3.py took 0.124 seconds
[2023-06-11T03:03:11.480+0000] {processor.py:153} INFO - Started process (PID=8719) to work on /usr/local/python/3.10.4/lib/python3.10/site-packages/airflow/example_dags/example_branch_python_dop_operator_3.py
[2023-06-11T03:03:11.481+0000] {processor.py:743} INFO - Processing file /usr/local/python/3.10.4/lib/python3.10/site-packages/airflow/example_dags/example_branch_python_dop_operator_3.py for tasks to queue
[2023-06-11T03:03:11.482+0000] {logging_mixin.py:137} INFO - [2023-06-11T03:03:11.482+0000] {dagbag.py:538} INFO - Filling up the DagBag from /usr/local/python/3.10.4/lib/python3.10/site-packages/airflow/example_dags/example_branch_python_dop_operator_3.py
[2023-06-11T03:03:11.512+0000] {processor.py:753} INFO - DAG(s) dict_keys(['example_branch_dop_operator_v3']) retrieved from /usr/local/python/3.10.4/lib/python3.10/site-packages/airflow/example_dags/example_branch_python_dop_operator_3.py
[2023-06-11T03:03:11.536+0000] {logging_mixin.py:137} INFO - [2023-06-11T03:03:11.536+0000] {dag.py:2690} INFO - Sync 1 DAGs
[2023-06-11T03:03:11.565+0000] {logging_mixin.py:137} INFO - [2023-06-11T03:03:11.564+0000] {dag.py:3437} INFO - Setting next_dagrun for example_branch_dop_operator_v3 to 2023-06-11T03:02:00+00:00, run_after=2023-06-11T03:03:00+00:00
[2023-06-11T03:03:11.616+0000] {processor.py:175} INFO - Processing /usr/local/python/3.10.4/lib/python3.10/site-packages/airflow/example_dags/example_branch_python_dop_operator_3.py took 0.140 seconds
[2023-06-11T03:03:53.119+0000] {processor.py:153} INFO - Started process (PID=9020) to work on /usr/local/python/3.10.4/lib/python3.10/site-packages/airflow/example_dags/example_branch_python_dop_operator_3.py
[2023-06-11T03:03:53.120+0000] {processor.py:743} INFO - Processing file /usr/local/python/3.10.4/lib/python3.10/site-packages/airflow/example_dags/example_branch_python_dop_operator_3.py for tasks to queue
[2023-06-11T03:03:53.121+0000] {logging_mixin.py:137} INFO - [2023-06-11T03:03:53.121+0000] {dagbag.py:538} INFO - Filling up the DagBag from /usr/local/python/3.10.4/lib/python3.10/site-packages/airflow/example_dags/example_branch_python_dop_operator_3.py
[2023-06-11T03:03:53.164+0000] {processor.py:753} INFO - DAG(s) dict_keys(['example_branch_dop_operator_v3']) retrieved from /usr/local/python/3.10.4/lib/python3.10/site-packages/airflow/example_dags/example_branch_python_dop_operator_3.py
[2023-06-11T03:03:53.192+0000] {logging_mixin.py:137} INFO - [2023-06-11T03:03:53.192+0000] {dag.py:2690} INFO - Sync 1 DAGs
[2023-06-11T03:03:53.230+0000] {logging_mixin.py:137} INFO - [2023-06-11T03:03:53.230+0000] {dag.py:3437} INFO - Setting next_dagrun for example_branch_dop_operator_v3 to 2023-06-11T03:02:00+00:00, run_after=2023-06-11T03:03:00+00:00
[2023-06-11T03:03:53.275+0000] {processor.py:175} INFO - Processing /usr/local/python/3.10.4/lib/python3.10/site-packages/airflow/example_dags/example_branch_python_dop_operator_3.py took 0.161 seconds
[2023-06-11T03:04:38.888+0000] {processor.py:153} INFO - Started process (PID=9367) to work on /usr/local/python/3.10.4/lib/python3.10/site-packages/airflow/example_dags/example_branch_python_dop_operator_3.py
[2023-06-11T03:04:38.889+0000] {processor.py:743} INFO - Processing file /usr/local/python/3.10.4/lib/python3.10/site-packages/airflow/example_dags/example_branch_python_dop_operator_3.py for tasks to queue
[2023-06-11T03:04:38.889+0000] {logging_mixin.py:137} INFO - [2023-06-11T03:04:38.889+0000] {dagbag.py:538} INFO - Filling up the DagBag from /usr/local/python/3.10.4/lib/python3.10/site-packages/airflow/example_dags/example_branch_python_dop_operator_3.py
[2023-06-11T03:04:38.915+0000] {processor.py:753} INFO - DAG(s) dict_keys(['example_branch_dop_operator_v3']) retrieved from /usr/local/python/3.10.4/lib/python3.10/site-packages/airflow/example_dags/example_branch_python_dop_operator_3.py
[2023-06-11T03:04:38.937+0000] {logging_mixin.py:137} INFO - [2023-06-11T03:04:38.937+0000] {dag.py:2690} INFO - Sync 1 DAGs
[2023-06-11T03:04:38.962+0000] {logging_mixin.py:137} INFO - [2023-06-11T03:04:38.961+0000] {dag.py:3437} INFO - Setting next_dagrun for example_branch_dop_operator_v3 to 2023-06-11T03:03:00+00:00, run_after=2023-06-11T03:04:00+00:00
[2023-06-11T03:04:39.007+0000] {processor.py:175} INFO - Processing /usr/local/python/3.10.4/lib/python3.10/site-packages/airflow/example_dags/example_branch_python_dop_operator_3.py took 0.123 seconds
[2023-06-11T03:05:26.131+0000] {processor.py:153} INFO - Started process (PID=9811) to work on /usr/local/python/3.10.4/lib/python3.10/site-packages/airflow/example_dags/example_branch_python_dop_operator_3.py
[2023-06-11T03:05:26.132+0000] {processor.py:743} INFO - Processing file /usr/local/python/3.10.4/lib/python3.10/site-packages/airflow/example_dags/example_branch_python_dop_operator_3.py for tasks to queue
[2023-06-11T03:05:26.133+0000] {logging_mixin.py:137} INFO - [2023-06-11T03:05:26.133+0000] {dagbag.py:538} INFO - Filling up the DagBag from /usr/local/python/3.10.4/lib/python3.10/site-packages/airflow/example_dags/example_branch_python_dop_operator_3.py
[2023-06-11T03:05:26.163+0000] {processor.py:753} INFO - DAG(s) dict_keys(['example_branch_dop_operator_v3']) retrieved from /usr/local/python/3.10.4/lib/python3.10/site-packages/airflow/example_dags/example_branch_python_dop_operator_3.py
[2023-06-11T03:05:26.181+0000] {logging_mixin.py:137} INFO - [2023-06-11T03:05:26.181+0000] {dag.py:2690} INFO - Sync 1 DAGs
[2023-06-11T03:05:26.205+0000] {logging_mixin.py:137} INFO - [2023-06-11T03:05:26.205+0000] {dag.py:3437} INFO - Setting next_dagrun for example_branch_dop_operator_v3 to 2023-06-11T03:04:00+00:00, run_after=2023-06-11T03:05:00+00:00
[2023-06-11T03:05:26.253+0000] {processor.py:175} INFO - Processing /usr/local/python/3.10.4/lib/python3.10/site-packages/airflow/example_dags/example_branch_python_dop_operator_3.py took 0.125 seconds
[2023-06-11T03:06:12.241+0000] {processor.py:153} INFO - Started process (PID=10207) to work on /usr/local/python/3.10.4/lib/python3.10/site-packages/airflow/example_dags/example_branch_python_dop_operator_3.py
[2023-06-11T03:06:12.241+0000] {processor.py:743} INFO - Processing file /usr/local/python/3.10.4/lib/python3.10/site-packages/airflow/example_dags/example_branch_python_dop_operator_3.py for tasks to queue
[2023-06-11T03:06:12.242+0000] {logging_mixin.py:137} INFO - [2023-06-11T03:06:12.242+0000] {dagbag.py:538} INFO - Filling up the DagBag from /usr/local/python/3.10.4/lib/python3.10/site-packages/airflow/example_dags/example_branch_python_dop_operator_3.py
[2023-06-11T03:06:12.270+0000] {processor.py:753} INFO - DAG(s) dict_keys(['example_branch_dop_operator_v3']) retrieved from /usr/local/python/3.10.4/lib/python3.10/site-packages/airflow/example_dags/example_branch_python_dop_operator_3.py
[2023-06-11T03:06:12.294+0000] {logging_mixin.py:137} INFO - [2023-06-11T03:06:12.293+0000] {dag.py:2690} INFO - Sync 1 DAGs
[2023-06-11T03:06:12.318+0000] {logging_mixin.py:137} INFO - [2023-06-11T03:06:12.318+0000] {dag.py:3437} INFO - Setting next_dagrun for example_branch_dop_operator_v3 to 2023-06-11T03:05:00+00:00, run_after=2023-06-11T03:06:00+00:00
[2023-06-11T03:06:12.370+0000] {processor.py:175} INFO - Processing /usr/local/python/3.10.4/lib/python3.10/site-packages/airflow/example_dags/example_branch_python_dop_operator_3.py took 0.133 seconds
[2023-06-11T03:06:54.332+0000] {processor.py:153} INFO - Started process (PID=10687) to work on /usr/local/python/3.10.4/lib/python3.10/site-packages/airflow/example_dags/example_branch_python_dop_operator_3.py
[2023-06-11T03:06:54.333+0000] {processor.py:743} INFO - Processing file /usr/local/python/3.10.4/lib/python3.10/site-packages/airflow/example_dags/example_branch_python_dop_operator_3.py for tasks to queue
[2023-06-11T03:06:54.334+0000] {logging_mixin.py:137} INFO - [2023-06-11T03:06:54.334+0000] {dagbag.py:538} INFO - Filling up the DagBag from /usr/local/python/3.10.4/lib/python3.10/site-packages/airflow/example_dags/example_branch_python_dop_operator_3.py
[2023-06-11T03:06:54.362+0000] {processor.py:753} INFO - DAG(s) dict_keys(['example_branch_dop_operator_v3']) retrieved from /usr/local/python/3.10.4/lib/python3.10/site-packages/airflow/example_dags/example_branch_python_dop_operator_3.py
[2023-06-11T03:06:54.380+0000] {logging_mixin.py:137} INFO - [2023-06-11T03:06:54.380+0000] {dag.py:2690} INFO - Sync 1 DAGs
[2023-06-11T03:06:54.404+0000] {logging_mixin.py:137} INFO - [2023-06-11T03:06:54.403+0000] {dag.py:3437} INFO - Setting next_dagrun for example_branch_dop_operator_v3 to 2023-06-11T03:05:00+00:00, run_after=2023-06-11T03:06:00+00:00
[2023-06-11T03:06:54.450+0000] {processor.py:175} INFO - Processing /usr/local/python/3.10.4/lib/python3.10/site-packages/airflow/example_dags/example_branch_python_dop_operator_3.py took 0.122 seconds
[2023-06-11T03:07:42.997+0000] {processor.py:153} INFO - Started process (PID=11098) to work on /usr/local/python/3.10.4/lib/python3.10/site-packages/airflow/example_dags/example_branch_python_dop_operator_3.py
[2023-06-11T03:07:42.998+0000] {processor.py:743} INFO - Processing file /usr/local/python/3.10.4/lib/python3.10/site-packages/airflow/example_dags/example_branch_python_dop_operator_3.py for tasks to queue
[2023-06-11T03:07:42.998+0000] {logging_mixin.py:137} INFO - [2023-06-11T03:07:42.998+0000] {dagbag.py:538} INFO - Filling up the DagBag from /usr/local/python/3.10.4/lib/python3.10/site-packages/airflow/example_dags/example_branch_python_dop_operator_3.py
[2023-06-11T03:07:43.029+0000] {processor.py:753} INFO - DAG(s) dict_keys(['example_branch_dop_operator_v3']) retrieved from /usr/local/python/3.10.4/lib/python3.10/site-packages/airflow/example_dags/example_branch_python_dop_operator_3.py
[2023-06-11T03:07:43.050+0000] {logging_mixin.py:137} INFO - [2023-06-11T03:07:43.049+0000] {dag.py:2690} INFO - Sync 1 DAGs
[2023-06-11T03:07:43.074+0000] {logging_mixin.py:137} INFO - [2023-06-11T03:07:43.074+0000] {dag.py:3437} INFO - Setting next_dagrun for example_branch_dop_operator_v3 to 2023-06-11T03:06:00+00:00, run_after=2023-06-11T03:07:00+00:00
[2023-06-11T03:07:43.119+0000] {processor.py:175} INFO - Processing /usr/local/python/3.10.4/lib/python3.10/site-packages/airflow/example_dags/example_branch_python_dop_operator_3.py took 0.126 seconds
[2023-06-11T03:08:31.869+0000] {processor.py:153} INFO - Started process (PID=11473) to work on /usr/local/python/3.10.4/lib/python3.10/site-packages/airflow/example_dags/example_branch_python_dop_operator_3.py
[2023-06-11T03:08:31.870+0000] {processor.py:743} INFO - Processing file /usr/local/python/3.10.4/lib/python3.10/site-packages/airflow/example_dags/example_branch_python_dop_operator_3.py for tasks to queue
[2023-06-11T03:08:31.871+0000] {logging_mixin.py:137} INFO - [2023-06-11T03:08:31.871+0000] {dagbag.py:538} INFO - Filling up the DagBag from /usr/local/python/3.10.4/lib/python3.10/site-packages/airflow/example_dags/example_branch_python_dop_operator_3.py
[2023-06-11T03:08:31.899+0000] {processor.py:753} INFO - DAG(s) dict_keys(['example_branch_dop_operator_v3']) retrieved from /usr/local/python/3.10.4/lib/python3.10/site-packages/airflow/example_dags/example_branch_python_dop_operator_3.py
[2023-06-11T03:08:31.918+0000] {logging_mixin.py:137} INFO - [2023-06-11T03:08:31.918+0000] {dag.py:2690} INFO - Sync 1 DAGs
[2023-06-11T03:08:31.954+0000] {logging_mixin.py:137} INFO - [2023-06-11T03:08:31.953+0000] {dag.py:3437} INFO - Setting next_dagrun for example_branch_dop_operator_v3 to 2023-06-11T03:07:00+00:00, run_after=2023-06-11T03:08:00+00:00
[2023-06-11T03:08:32.325+0000] {processor.py:175} INFO - Processing /usr/local/python/3.10.4/lib/python3.10/site-packages/airflow/example_dags/example_branch_python_dop_operator_3.py took 0.459 seconds
[2023-06-11T03:09:18.756+0000] {processor.py:153} INFO - Started process (PID=11816) to work on /usr/local/python/3.10.4/lib/python3.10/site-packages/airflow/example_dags/example_branch_python_dop_operator_3.py
[2023-06-11T03:09:18.757+0000] {processor.py:743} INFO - Processing file /usr/local/python/3.10.4/lib/python3.10/site-packages/airflow/example_dags/example_branch_python_dop_operator_3.py for tasks to queue
[2023-06-11T03:09:18.758+0000] {logging_mixin.py:137} INFO - [2023-06-11T03:09:18.758+0000] {dagbag.py:538} INFO - Filling up the DagBag from /usr/local/python/3.10.4/lib/python3.10/site-packages/airflow/example_dags/example_branch_python_dop_operator_3.py
[2023-06-11T03:09:18.790+0000] {processor.py:753} INFO - DAG(s) dict_keys(['example_branch_dop_operator_v3']) retrieved from /usr/local/python/3.10.4/lib/python3.10/site-packages/airflow/example_dags/example_branch_python_dop_operator_3.py
[2023-06-11T03:09:18.815+0000] {logging_mixin.py:137} INFO - [2023-06-11T03:09:18.815+0000] {dag.py:2690} INFO - Sync 1 DAGs
[2023-06-11T03:09:18.980+0000] {logging_mixin.py:137} INFO - [2023-06-11T03:09:18.979+0000] {dag.py:3437} INFO - Setting next_dagrun for example_branch_dop_operator_v3 to 2023-06-11T03:08:00+00:00, run_after=2023-06-11T03:09:00+00:00
[2023-06-11T03:09:19.028+0000] {processor.py:175} INFO - Processing /usr/local/python/3.10.4/lib/python3.10/site-packages/airflow/example_dags/example_branch_python_dop_operator_3.py took 0.277 seconds
[2023-06-11T03:10:06.926+0000] {processor.py:153} INFO - Started process (PID=12166) to work on /usr/local/python/3.10.4/lib/python3.10/site-packages/airflow/example_dags/example_branch_python_dop_operator_3.py
[2023-06-11T03:10:06.927+0000] {processor.py:743} INFO - Processing file /usr/local/python/3.10.4/lib/python3.10/site-packages/airflow/example_dags/example_branch_python_dop_operator_3.py for tasks to queue
[2023-06-11T03:10:06.928+0000] {logging_mixin.py:137} INFO - [2023-06-11T03:10:06.928+0000] {dagbag.py:538} INFO - Filling up the DagBag from /usr/local/python/3.10.4/lib/python3.10/site-packages/airflow/example_dags/example_branch_python_dop_operator_3.py
[2023-06-11T03:10:06.955+0000] {processor.py:753} INFO - DAG(s) dict_keys(['example_branch_dop_operator_v3']) retrieved from /usr/local/python/3.10.4/lib/python3.10/site-packages/airflow/example_dags/example_branch_python_dop_operator_3.py
[2023-06-11T03:10:06.974+0000] {logging_mixin.py:137} INFO - [2023-06-11T03:10:06.974+0000] {dag.py:2690} INFO - Sync 1 DAGs
[2023-06-11T03:10:07.135+0000] {logging_mixin.py:137} INFO - [2023-06-11T03:10:07.135+0000] {dag.py:3437} INFO - Setting next_dagrun for example_branch_dop_operator_v3 to 2023-06-11T03:09:00+00:00, run_after=2023-06-11T03:10:00+00:00
[2023-06-11T03:10:07.177+0000] {processor.py:175} INFO - Processing /usr/local/python/3.10.4/lib/python3.10/site-packages/airflow/example_dags/example_branch_python_dop_operator_3.py took 0.255 seconds
[2023-06-11T03:11:01.181+0000] {processor.py:153} INFO - Started process (PID=12588) to work on /usr/local/python/3.10.4/lib/python3.10/site-packages/airflow/example_dags/example_branch_python_dop_operator_3.py
[2023-06-11T03:11:01.182+0000] {processor.py:743} INFO - Processing file /usr/local/python/3.10.4/lib/python3.10/site-packages/airflow/example_dags/example_branch_python_dop_operator_3.py for tasks to queue
[2023-06-11T03:11:01.182+0000] {logging_mixin.py:137} INFO - [2023-06-11T03:11:01.182+0000] {dagbag.py:538} INFO - Filling up the DagBag from /usr/local/python/3.10.4/lib/python3.10/site-packages/airflow/example_dags/example_branch_python_dop_operator_3.py
[2023-06-11T03:11:01.211+0000] {processor.py:753} INFO - DAG(s) dict_keys(['example_branch_dop_operator_v3']) retrieved from /usr/local/python/3.10.4/lib/python3.10/site-packages/airflow/example_dags/example_branch_python_dop_operator_3.py
[2023-06-11T03:11:01.377+0000] {logging_mixin.py:137} INFO - [2023-06-11T03:11:01.377+0000] {dag.py:2690} INFO - Sync 1 DAGs
[2023-06-11T03:11:01.418+0000] {logging_mixin.py:137} INFO - [2023-06-11T03:11:01.417+0000] {dag.py:3437} INFO - Setting next_dagrun for example_branch_dop_operator_v3 to 2023-06-11T03:10:00+00:00, run_after=2023-06-11T03:11:00+00:00
[2023-06-11T03:11:01.464+0000] {processor.py:175} INFO - Processing /usr/local/python/3.10.4/lib/python3.10/site-packages/airflow/example_dags/example_branch_python_dop_operator_3.py took 0.287 seconds
