[2023-06-11T03:01:38.636+0000] {processor.py:153} INFO - Started process (PID=8048) to work on /usr/local/python/3.10.4/lib/python3.10/site-packages/airflow/example_dags/example_branch_operator_decorator.py
[2023-06-11T03:01:38.637+0000] {processor.py:743} INFO - Processing file /usr/local/python/3.10.4/lib/python3.10/site-packages/airflow/example_dags/example_branch_operator_decorator.py for tasks to queue
[2023-06-11T03:01:38.638+0000] {logging_mixin.py:137} INFO - [2023-06-11T03:01:38.638+0000] {dagbag.py:538} INFO - Filling up the DagBag from /usr/local/python/3.10.4/lib/python3.10/site-packages/airflow/example_dags/example_branch_operator_decorator.py
[2023-06-11T03:01:38.666+0000] {processor.py:753} INFO - DAG(s) dict_keys(['example_branch_python_operator_decorator']) retrieved from /usr/local/python/3.10.4/lib/python3.10/site-packages/airflow/example_dags/example_branch_operator_decorator.py
[2023-06-11T03:01:38.831+0000] {logging_mixin.py:137} INFO - [2023-06-11T03:01:38.831+0000] {manager.py:504} INFO - Created Permission View: can delete on DAG:example_branch_python_operator_decorator
[2023-06-11T03:01:38.867+0000] {logging_mixin.py:137} INFO - [2023-06-11T03:01:38.866+0000] {manager.py:504} INFO - Created Permission View: can edit on DAG:example_branch_python_operator_decorator
[2023-06-11T03:01:38.901+0000] {logging_mixin.py:137} INFO - [2023-06-11T03:01:38.901+0000] {manager.py:504} INFO - Created Permission View: can read on DAG:example_branch_python_operator_decorator
[2023-06-11T03:01:38.901+0000] {logging_mixin.py:137} INFO - [2023-06-11T03:01:38.901+0000] {dag.py:2690} INFO - Sync 1 DAGs
[2023-06-11T03:01:38.914+0000] {logging_mixin.py:137} INFO - [2023-06-11T03:01:38.914+0000] {dag.py:2711} INFO - Creating ORM DAG for example_branch_python_operator_decorator
[2023-06-11T03:01:38.926+0000] {logging_mixin.py:137} INFO - [2023-06-11T03:01:38.926+0000] {dag.py:3437} INFO - Setting next_dagrun for example_branch_python_operator_decorator to 2023-06-10T00:00:00+00:00, run_after=2023-06-11T00:00:00+00:00
[2023-06-11T03:01:38.971+0000] {processor.py:175} INFO - Processing /usr/local/python/3.10.4/lib/python3.10/site-packages/airflow/example_dags/example_branch_operator_decorator.py took 0.339 seconds
[2023-06-11T03:02:23.761+0000] {processor.py:153} INFO - Started process (PID=8374) to work on /usr/local/python/3.10.4/lib/python3.10/site-packages/airflow/example_dags/example_branch_operator_decorator.py
[2023-06-11T03:02:23.761+0000] {processor.py:743} INFO - Processing file /usr/local/python/3.10.4/lib/python3.10/site-packages/airflow/example_dags/example_branch_operator_decorator.py for tasks to queue
[2023-06-11T03:02:23.762+0000] {logging_mixin.py:137} INFO - [2023-06-11T03:02:23.762+0000] {dagbag.py:538} INFO - Filling up the DagBag from /usr/local/python/3.10.4/lib/python3.10/site-packages/airflow/example_dags/example_branch_operator_decorator.py
[2023-06-11T03:02:23.792+0000] {processor.py:753} INFO - DAG(s) dict_keys(['example_branch_python_operator_decorator']) retrieved from /usr/local/python/3.10.4/lib/python3.10/site-packages/airflow/example_dags/example_branch_operator_decorator.py
[2023-06-11T03:02:23.814+0000] {logging_mixin.py:137} INFO - [2023-06-11T03:02:23.814+0000] {dag.py:2690} INFO - Sync 1 DAGs
[2023-06-11T03:02:23.836+0000] {logging_mixin.py:137} INFO - [2023-06-11T03:02:23.836+0000] {dag.py:3437} INFO - Setting next_dagrun for example_branch_python_operator_decorator to 2023-06-10T00:00:00+00:00, run_after=2023-06-11T00:00:00+00:00
[2023-06-11T03:02:23.880+0000] {processor.py:175} INFO - Processing /usr/local/python/3.10.4/lib/python3.10/site-packages/airflow/example_dags/example_branch_operator_decorator.py took 0.123 seconds
[2023-06-11T03:03:04.498+0000] {processor.py:153} INFO - Started process (PID=8673) to work on /usr/local/python/3.10.4/lib/python3.10/site-packages/airflow/example_dags/example_branch_operator_decorator.py
[2023-06-11T03:03:04.499+0000] {processor.py:743} INFO - Processing file /usr/local/python/3.10.4/lib/python3.10/site-packages/airflow/example_dags/example_branch_operator_decorator.py for tasks to queue
[2023-06-11T03:03:04.500+0000] {logging_mixin.py:137} INFO - [2023-06-11T03:03:04.500+0000] {dagbag.py:538} INFO - Filling up the DagBag from /usr/local/python/3.10.4/lib/python3.10/site-packages/airflow/example_dags/example_branch_operator_decorator.py
[2023-06-11T03:03:04.536+0000] {processor.py:753} INFO - DAG(s) dict_keys(['example_branch_python_operator_decorator']) retrieved from /usr/local/python/3.10.4/lib/python3.10/site-packages/airflow/example_dags/example_branch_operator_decorator.py
[2023-06-11T03:03:04.556+0000] {logging_mixin.py:137} INFO - [2023-06-11T03:03:04.556+0000] {dag.py:2690} INFO - Sync 1 DAGs
[2023-06-11T03:03:04.577+0000] {logging_mixin.py:137} INFO - [2023-06-11T03:03:04.577+0000] {dag.py:3437} INFO - Setting next_dagrun for example_branch_python_operator_decorator to 2023-06-10T00:00:00+00:00, run_after=2023-06-11T00:00:00+00:00
[2023-06-11T03:03:04.629+0000] {processor.py:175} INFO - Processing /usr/local/python/3.10.4/lib/python3.10/site-packages/airflow/example_dags/example_branch_operator_decorator.py took 0.135 seconds
[2023-06-11T03:03:45.320+0000] {processor.py:153} INFO - Started process (PID=8977) to work on /usr/local/python/3.10.4/lib/python3.10/site-packages/airflow/example_dags/example_branch_operator_decorator.py
[2023-06-11T03:03:45.321+0000] {processor.py:743} INFO - Processing file /usr/local/python/3.10.4/lib/python3.10/site-packages/airflow/example_dags/example_branch_operator_decorator.py for tasks to queue
[2023-06-11T03:03:45.321+0000] {logging_mixin.py:137} INFO - [2023-06-11T03:03:45.321+0000] {dagbag.py:538} INFO - Filling up the DagBag from /usr/local/python/3.10.4/lib/python3.10/site-packages/airflow/example_dags/example_branch_operator_decorator.py
[2023-06-11T03:03:45.350+0000] {processor.py:753} INFO - DAG(s) dict_keys(['example_branch_python_operator_decorator']) retrieved from /usr/local/python/3.10.4/lib/python3.10/site-packages/airflow/example_dags/example_branch_operator_decorator.py
[2023-06-11T03:03:45.369+0000] {logging_mixin.py:137} INFO - [2023-06-11T03:03:45.369+0000] {dag.py:2690} INFO - Sync 1 DAGs
[2023-06-11T03:03:45.388+0000] {logging_mixin.py:137} INFO - [2023-06-11T03:03:45.388+0000] {dag.py:3437} INFO - Setting next_dagrun for example_branch_python_operator_decorator to 2023-06-10T00:00:00+00:00, run_after=2023-06-11T00:00:00+00:00
[2023-06-11T03:03:45.434+0000] {processor.py:175} INFO - Processing /usr/local/python/3.10.4/lib/python3.10/site-packages/airflow/example_dags/example_branch_operator_decorator.py took 0.118 seconds
[2023-06-11T03:04:29.719+0000] {processor.py:153} INFO - Started process (PID=9299) to work on /usr/local/python/3.10.4/lib/python3.10/site-packages/airflow/example_dags/example_branch_operator_decorator.py
[2023-06-11T03:04:29.720+0000] {processor.py:743} INFO - Processing file /usr/local/python/3.10.4/lib/python3.10/site-packages/airflow/example_dags/example_branch_operator_decorator.py for tasks to queue
[2023-06-11T03:04:29.720+0000] {logging_mixin.py:137} INFO - [2023-06-11T03:04:29.720+0000] {dagbag.py:538} INFO - Filling up the DagBag from /usr/local/python/3.10.4/lib/python3.10/site-packages/airflow/example_dags/example_branch_operator_decorator.py
[2023-06-11T03:04:29.754+0000] {processor.py:753} INFO - DAG(s) dict_keys(['example_branch_python_operator_decorator']) retrieved from /usr/local/python/3.10.4/lib/python3.10/site-packages/airflow/example_dags/example_branch_operator_decorator.py
[2023-06-11T03:04:29.782+0000] {logging_mixin.py:137} INFO - [2023-06-11T03:04:29.782+0000] {dag.py:2690} INFO - Sync 1 DAGs
[2023-06-11T03:04:29.815+0000] {logging_mixin.py:137} INFO - [2023-06-11T03:04:29.815+0000] {dag.py:3437} INFO - Setting next_dagrun for example_branch_python_operator_decorator to 2023-06-10T00:00:00+00:00, run_after=2023-06-11T00:00:00+00:00
[2023-06-11T03:04:29.871+0000] {processor.py:175} INFO - Processing /usr/local/python/3.10.4/lib/python3.10/site-packages/airflow/example_dags/example_branch_operator_decorator.py took 0.156 seconds
[2023-06-11T03:05:17.933+0000] {processor.py:153} INFO - Started process (PID=9768) to work on /usr/local/python/3.10.4/lib/python3.10/site-packages/airflow/example_dags/example_branch_operator_decorator.py
[2023-06-11T03:05:17.934+0000] {processor.py:743} INFO - Processing file /usr/local/python/3.10.4/lib/python3.10/site-packages/airflow/example_dags/example_branch_operator_decorator.py for tasks to queue
[2023-06-11T03:05:17.935+0000] {logging_mixin.py:137} INFO - [2023-06-11T03:05:17.935+0000] {dagbag.py:538} INFO - Filling up the DagBag from /usr/local/python/3.10.4/lib/python3.10/site-packages/airflow/example_dags/example_branch_operator_decorator.py
[2023-06-11T03:05:17.967+0000] {processor.py:753} INFO - DAG(s) dict_keys(['example_branch_python_operator_decorator']) retrieved from /usr/local/python/3.10.4/lib/python3.10/site-packages/airflow/example_dags/example_branch_operator_decorator.py
[2023-06-11T03:05:17.996+0000] {logging_mixin.py:137} INFO - [2023-06-11T03:05:17.995+0000] {dag.py:2690} INFO - Sync 1 DAGs
[2023-06-11T03:05:18.031+0000] {logging_mixin.py:137} INFO - [2023-06-11T03:05:18.030+0000] {dag.py:3437} INFO - Setting next_dagrun for example_branch_python_operator_decorator to 2023-06-10T00:00:00+00:00, run_after=2023-06-11T00:00:00+00:00
[2023-06-11T03:05:18.078+0000] {processor.py:175} INFO - Processing /usr/local/python/3.10.4/lib/python3.10/site-packages/airflow/example_dags/example_branch_operator_decorator.py took 0.148 seconds
[2023-06-11T03:06:03.698+0000] {processor.py:153} INFO - Started process (PID=10119) to work on /usr/local/python/3.10.4/lib/python3.10/site-packages/airflow/example_dags/example_branch_operator_decorator.py
[2023-06-11T03:06:03.699+0000] {processor.py:743} INFO - Processing file /usr/local/python/3.10.4/lib/python3.10/site-packages/airflow/example_dags/example_branch_operator_decorator.py for tasks to queue
[2023-06-11T03:06:03.700+0000] {logging_mixin.py:137} INFO - [2023-06-11T03:06:03.699+0000] {dagbag.py:538} INFO - Filling up the DagBag from /usr/local/python/3.10.4/lib/python3.10/site-packages/airflow/example_dags/example_branch_operator_decorator.py
[2023-06-11T03:06:03.729+0000] {processor.py:753} INFO - DAG(s) dict_keys(['example_branch_python_operator_decorator']) retrieved from /usr/local/python/3.10.4/lib/python3.10/site-packages/airflow/example_dags/example_branch_operator_decorator.py
[2023-06-11T03:06:03.752+0000] {logging_mixin.py:137} INFO - [2023-06-11T03:06:03.751+0000] {dag.py:2690} INFO - Sync 1 DAGs
[2023-06-11T03:06:03.772+0000] {logging_mixin.py:137} INFO - [2023-06-11T03:06:03.772+0000] {dag.py:3437} INFO - Setting next_dagrun for example_branch_python_operator_decorator to 2023-06-10T00:00:00+00:00, run_after=2023-06-11T00:00:00+00:00
[2023-06-11T03:06:03.817+0000] {processor.py:175} INFO - Processing /usr/local/python/3.10.4/lib/python3.10/site-packages/airflow/example_dags/example_branch_operator_decorator.py took 0.123 seconds
[2023-06-11T03:06:52.811+0000] {processor.py:153} INFO - Started process (PID=10682) to work on /usr/local/python/3.10.4/lib/python3.10/site-packages/airflow/example_dags/example_branch_operator_decorator.py
[2023-06-11T03:06:52.812+0000] {processor.py:743} INFO - Processing file /usr/local/python/3.10.4/lib/python3.10/site-packages/airflow/example_dags/example_branch_operator_decorator.py for tasks to queue
[2023-06-11T03:06:52.813+0000] {logging_mixin.py:137} INFO - [2023-06-11T03:06:52.813+0000] {dagbag.py:538} INFO - Filling up the DagBag from /usr/local/python/3.10.4/lib/python3.10/site-packages/airflow/example_dags/example_branch_operator_decorator.py
[2023-06-11T03:06:52.842+0000] {processor.py:753} INFO - DAG(s) dict_keys(['example_branch_python_operator_decorator']) retrieved from /usr/local/python/3.10.4/lib/python3.10/site-packages/airflow/example_dags/example_branch_operator_decorator.py
[2023-06-11T03:06:52.862+0000] {logging_mixin.py:137} INFO - [2023-06-11T03:06:52.862+0000] {dag.py:2690} INFO - Sync 1 DAGs
[2023-06-11T03:06:52.882+0000] {logging_mixin.py:137} INFO - [2023-06-11T03:06:52.882+0000] {dag.py:3437} INFO - Setting next_dagrun for example_branch_python_operator_decorator to 2023-06-10T00:00:00+00:00, run_after=2023-06-11T00:00:00+00:00
[2023-06-11T03:06:52.926+0000] {processor.py:175} INFO - Processing /usr/local/python/3.10.4/lib/python3.10/site-packages/airflow/example_dags/example_branch_operator_decorator.py took 0.118 seconds
[2023-06-11T03:07:41.343+0000] {processor.py:153} INFO - Started process (PID=11090) to work on /usr/local/python/3.10.4/lib/python3.10/site-packages/airflow/example_dags/example_branch_operator_decorator.py
[2023-06-11T03:07:41.344+0000] {processor.py:743} INFO - Processing file /usr/local/python/3.10.4/lib/python3.10/site-packages/airflow/example_dags/example_branch_operator_decorator.py for tasks to queue
[2023-06-11T03:07:41.344+0000] {logging_mixin.py:137} INFO - [2023-06-11T03:07:41.344+0000] {dagbag.py:538} INFO - Filling up the DagBag from /usr/local/python/3.10.4/lib/python3.10/site-packages/airflow/example_dags/example_branch_operator_decorator.py
[2023-06-11T03:07:41.372+0000] {processor.py:753} INFO - DAG(s) dict_keys(['example_branch_python_operator_decorator']) retrieved from /usr/local/python/3.10.4/lib/python3.10/site-packages/airflow/example_dags/example_branch_operator_decorator.py
[2023-06-11T03:07:41.391+0000] {logging_mixin.py:137} INFO - [2023-06-11T03:07:41.391+0000] {dag.py:2690} INFO - Sync 1 DAGs
[2023-06-11T03:07:41.412+0000] {logging_mixin.py:137} INFO - [2023-06-11T03:07:41.411+0000] {dag.py:3437} INFO - Setting next_dagrun for example_branch_python_operator_decorator to 2023-06-10T00:00:00+00:00, run_after=2023-06-11T00:00:00+00:00
[2023-06-11T03:07:41.461+0000] {processor.py:175} INFO - Processing /usr/local/python/3.10.4/lib/python3.10/site-packages/airflow/example_dags/example_branch_operator_decorator.py took 0.122 seconds
[2023-06-11T03:08:29.252+0000] {processor.py:153} INFO - Started process (PID=11438) to work on /usr/local/python/3.10.4/lib/python3.10/site-packages/airflow/example_dags/example_branch_operator_decorator.py
[2023-06-11T03:08:29.253+0000] {processor.py:743} INFO - Processing file /usr/local/python/3.10.4/lib/python3.10/site-packages/airflow/example_dags/example_branch_operator_decorator.py for tasks to queue
[2023-06-11T03:08:29.253+0000] {logging_mixin.py:137} INFO - [2023-06-11T03:08:29.253+0000] {dagbag.py:538} INFO - Filling up the DagBag from /usr/local/python/3.10.4/lib/python3.10/site-packages/airflow/example_dags/example_branch_operator_decorator.py
[2023-06-11T03:08:29.282+0000] {processor.py:753} INFO - DAG(s) dict_keys(['example_branch_python_operator_decorator']) retrieved from /usr/local/python/3.10.4/lib/python3.10/site-packages/airflow/example_dags/example_branch_operator_decorator.py
[2023-06-11T03:08:29.302+0000] {logging_mixin.py:137} INFO - [2023-06-11T03:08:29.302+0000] {dag.py:2690} INFO - Sync 1 DAGs
[2023-06-11T03:08:29.325+0000] {logging_mixin.py:137} INFO - [2023-06-11T03:08:29.325+0000] {dag.py:3437} INFO - Setting next_dagrun for example_branch_python_operator_decorator to 2023-06-10T00:00:00+00:00, run_after=2023-06-11T00:00:00+00:00
[2023-06-11T03:08:29.509+0000] {processor.py:175} INFO - Processing /usr/local/python/3.10.4/lib/python3.10/site-packages/airflow/example_dags/example_branch_operator_decorator.py took 0.261 seconds
[2023-06-11T03:09:16.891+0000] {processor.py:153} INFO - Started process (PID=11801) to work on /usr/local/python/3.10.4/lib/python3.10/site-packages/airflow/example_dags/example_branch_operator_decorator.py
[2023-06-11T03:09:16.892+0000] {processor.py:743} INFO - Processing file /usr/local/python/3.10.4/lib/python3.10/site-packages/airflow/example_dags/example_branch_operator_decorator.py for tasks to queue
[2023-06-11T03:09:16.893+0000] {logging_mixin.py:137} INFO - [2023-06-11T03:09:16.893+0000] {dagbag.py:538} INFO - Filling up the DagBag from /usr/local/python/3.10.4/lib/python3.10/site-packages/airflow/example_dags/example_branch_operator_decorator.py
[2023-06-11T03:09:16.922+0000] {processor.py:753} INFO - DAG(s) dict_keys(['example_branch_python_operator_decorator']) retrieved from /usr/local/python/3.10.4/lib/python3.10/site-packages/airflow/example_dags/example_branch_operator_decorator.py
[2023-06-11T03:09:16.941+0000] {logging_mixin.py:137} INFO - [2023-06-11T03:09:16.941+0000] {dag.py:2690} INFO - Sync 1 DAGs
[2023-06-11T03:09:17.104+0000] {logging_mixin.py:137} INFO - [2023-06-11T03:09:17.104+0000] {dag.py:3437} INFO - Setting next_dagrun for example_branch_python_operator_decorator to 2023-06-10T00:00:00+00:00, run_after=2023-06-11T00:00:00+00:00
[2023-06-11T03:09:17.151+0000] {processor.py:175} INFO - Processing /usr/local/python/3.10.4/lib/python3.10/site-packages/airflow/example_dags/example_branch_operator_decorator.py took 0.265 seconds
[2023-06-11T03:10:05.189+0000] {processor.py:153} INFO - Started process (PID=12149) to work on /usr/local/python/3.10.4/lib/python3.10/site-packages/airflow/example_dags/example_branch_operator_decorator.py
[2023-06-11T03:10:05.190+0000] {processor.py:743} INFO - Processing file /usr/local/python/3.10.4/lib/python3.10/site-packages/airflow/example_dags/example_branch_operator_decorator.py for tasks to queue
[2023-06-11T03:10:05.191+0000] {logging_mixin.py:137} INFO - [2023-06-11T03:10:05.191+0000] {dagbag.py:538} INFO - Filling up the DagBag from /usr/local/python/3.10.4/lib/python3.10/site-packages/airflow/example_dags/example_branch_operator_decorator.py
[2023-06-11T03:10:05.218+0000] {processor.py:753} INFO - DAG(s) dict_keys(['example_branch_python_operator_decorator']) retrieved from /usr/local/python/3.10.4/lib/python3.10/site-packages/airflow/example_dags/example_branch_operator_decorator.py
[2023-06-11T03:10:05.238+0000] {logging_mixin.py:137} INFO - [2023-06-11T03:10:05.237+0000] {dag.py:2690} INFO - Sync 1 DAGs
[2023-06-11T03:10:05.420+0000] {logging_mixin.py:137} INFO - [2023-06-11T03:10:05.420+0000] {dag.py:3437} INFO - Setting next_dagrun for example_branch_python_operator_decorator to 2023-06-10T00:00:00+00:00, run_after=2023-06-11T00:00:00+00:00
[2023-06-11T03:10:05.463+0000] {processor.py:175} INFO - Processing /usr/local/python/3.10.4/lib/python3.10/site-packages/airflow/example_dags/example_branch_operator_decorator.py took 0.278 seconds
[2023-06-11T03:10:59.452+0000] {processor.py:153} INFO - Started process (PID=12580) to work on /usr/local/python/3.10.4/lib/python3.10/site-packages/airflow/example_dags/example_branch_operator_decorator.py
[2023-06-11T03:10:59.453+0000] {processor.py:743} INFO - Processing file /usr/local/python/3.10.4/lib/python3.10/site-packages/airflow/example_dags/example_branch_operator_decorator.py for tasks to queue
[2023-06-11T03:10:59.454+0000] {logging_mixin.py:137} INFO - [2023-06-11T03:10:59.454+0000] {dagbag.py:538} INFO - Filling up the DagBag from /usr/local/python/3.10.4/lib/python3.10/site-packages/airflow/example_dags/example_branch_operator_decorator.py
[2023-06-11T03:10:59.481+0000] {processor.py:753} INFO - DAG(s) dict_keys(['example_branch_python_operator_decorator']) retrieved from /usr/local/python/3.10.4/lib/python3.10/site-packages/airflow/example_dags/example_branch_operator_decorator.py
[2023-06-11T03:10:59.641+0000] {logging_mixin.py:137} INFO - [2023-06-11T03:10:59.641+0000] {dag.py:2690} INFO - Sync 1 DAGs
[2023-06-11T03:10:59.661+0000] {logging_mixin.py:137} INFO - [2023-06-11T03:10:59.661+0000] {dag.py:3437} INFO - Setting next_dagrun for example_branch_python_operator_decorator to 2023-06-10T00:00:00+00:00, run_after=2023-06-11T00:00:00+00:00
[2023-06-11T03:10:59.704+0000] {processor.py:175} INFO - Processing /usr/local/python/3.10.4/lib/python3.10/site-packages/airflow/example_dags/example_branch_operator_decorator.py took 0.255 seconds
