[2023-06-11T03:01:42.196+0000] {processor.py:153} INFO - Started process (PID=8081) to work on /usr/local/python/3.10.4/lib/python3.10/site-packages/airflow/example_dags/example_bash_operator.py
[2023-06-11T03:01:42.197+0000] {processor.py:743} INFO - Processing file /usr/local/python/3.10.4/lib/python3.10/site-packages/airflow/example_dags/example_bash_operator.py for tasks to queue
[2023-06-11T03:01:42.198+0000] {logging_mixin.py:137} INFO - [2023-06-11T03:01:42.197+0000] {dagbag.py:538} INFO - Filling up the DagBag from /usr/local/python/3.10.4/lib/python3.10/site-packages/airflow/example_dags/example_bash_operator.py
[2023-06-11T03:01:42.228+0000] {processor.py:753} INFO - DAG(s) dict_keys(['example_bash_operator']) retrieved from /usr/local/python/3.10.4/lib/python3.10/site-packages/airflow/example_dags/example_bash_operator.py
[2023-06-11T03:01:42.399+0000] {logging_mixin.py:137} INFO - [2023-06-11T03:01:42.399+0000] {manager.py:504} INFO - Created Permission View: can delete on DAG:example_bash_operator
[2023-06-11T03:01:42.433+0000] {logging_mixin.py:137} INFO - [2023-06-11T03:01:42.433+0000] {manager.py:504} INFO - Created Permission View: can edit on DAG:example_bash_operator
[2023-06-11T03:01:42.474+0000] {logging_mixin.py:137} INFO - [2023-06-11T03:01:42.474+0000] {manager.py:504} INFO - Created Permission View: can read on DAG:example_bash_operator
[2023-06-11T03:01:42.475+0000] {logging_mixin.py:137} INFO - [2023-06-11T03:01:42.475+0000] {dag.py:2690} INFO - Sync 1 DAGs
[2023-06-11T03:01:42.485+0000] {logging_mixin.py:137} INFO - [2023-06-11T03:01:42.485+0000] {dag.py:2711} INFO - Creating ORM DAG for example_bash_operator
[2023-06-11T03:01:42.495+0000] {logging_mixin.py:137} INFO - [2023-06-11T03:01:42.495+0000] {dag.py:3437} INFO - Setting next_dagrun for example_bash_operator to 2023-06-10T00:00:00+00:00, run_after=2023-06-11T00:00:00+00:00
[2023-06-11T03:01:42.547+0000] {processor.py:175} INFO - Processing /usr/local/python/3.10.4/lib/python3.10/site-packages/airflow/example_dags/example_bash_operator.py took 0.354 seconds
[2023-06-11T03:02:26.518+0000] {processor.py:153} INFO - Started process (PID=8392) to work on /usr/local/python/3.10.4/lib/python3.10/site-packages/airflow/example_dags/example_bash_operator.py
[2023-06-11T03:02:26.519+0000] {processor.py:743} INFO - Processing file /usr/local/python/3.10.4/lib/python3.10/site-packages/airflow/example_dags/example_bash_operator.py for tasks to queue
[2023-06-11T03:02:26.519+0000] {logging_mixin.py:137} INFO - [2023-06-11T03:02:26.519+0000] {dagbag.py:538} INFO - Filling up the DagBag from /usr/local/python/3.10.4/lib/python3.10/site-packages/airflow/example_dags/example_bash_operator.py
[2023-06-11T03:02:26.545+0000] {processor.py:753} INFO - DAG(s) dict_keys(['example_bash_operator']) retrieved from /usr/local/python/3.10.4/lib/python3.10/site-packages/airflow/example_dags/example_bash_operator.py
[2023-06-11T03:02:26.578+0000] {logging_mixin.py:137} INFO - [2023-06-11T03:02:26.578+0000] {dag.py:2690} INFO - Sync 1 DAGs
[2023-06-11T03:02:26.600+0000] {logging_mixin.py:137} INFO - [2023-06-11T03:02:26.599+0000] {dag.py:3437} INFO - Setting next_dagrun for example_bash_operator to 2023-06-10T00:00:00+00:00, run_after=2023-06-11T00:00:00+00:00
[2023-06-11T03:02:26.645+0000] {processor.py:175} INFO - Processing /usr/local/python/3.10.4/lib/python3.10/site-packages/airflow/example_dags/example_bash_operator.py took 0.130 seconds
[2023-06-11T03:03:12.738+0000] {processor.py:153} INFO - Started process (PID=8721) to work on /usr/local/python/3.10.4/lib/python3.10/site-packages/airflow/example_dags/example_bash_operator.py
[2023-06-11T03:03:12.739+0000] {processor.py:743} INFO - Processing file /usr/local/python/3.10.4/lib/python3.10/site-packages/airflow/example_dags/example_bash_operator.py for tasks to queue
[2023-06-11T03:03:12.740+0000] {logging_mixin.py:137} INFO - [2023-06-11T03:03:12.740+0000] {dagbag.py:538} INFO - Filling up the DagBag from /usr/local/python/3.10.4/lib/python3.10/site-packages/airflow/example_dags/example_bash_operator.py
[2023-06-11T03:03:12.779+0000] {processor.py:753} INFO - DAG(s) dict_keys(['example_bash_operator']) retrieved from /usr/local/python/3.10.4/lib/python3.10/site-packages/airflow/example_dags/example_bash_operator.py
[2023-06-11T03:03:12.818+0000] {logging_mixin.py:137} INFO - [2023-06-11T03:03:12.817+0000] {dag.py:2690} INFO - Sync 1 DAGs
[2023-06-11T03:03:12.838+0000] {logging_mixin.py:137} INFO - [2023-06-11T03:03:12.838+0000] {dag.py:3437} INFO - Setting next_dagrun for example_bash_operator to 2023-06-10T00:00:00+00:00, run_after=2023-06-11T00:00:00+00:00
[2023-06-11T03:03:12.886+0000] {processor.py:175} INFO - Processing /usr/local/python/3.10.4/lib/python3.10/site-packages/airflow/example_dags/example_bash_operator.py took 0.153 seconds
[2023-06-11T03:03:54.394+0000] {processor.py:153} INFO - Started process (PID=9052) to work on /usr/local/python/3.10.4/lib/python3.10/site-packages/airflow/example_dags/example_bash_operator.py
[2023-06-11T03:03:54.404+0000] {processor.py:743} INFO - Processing file /usr/local/python/3.10.4/lib/python3.10/site-packages/airflow/example_dags/example_bash_operator.py for tasks to queue
[2023-06-11T03:03:54.405+0000] {logging_mixin.py:137} INFO - [2023-06-11T03:03:54.405+0000] {dagbag.py:538} INFO - Filling up the DagBag from /usr/local/python/3.10.4/lib/python3.10/site-packages/airflow/example_dags/example_bash_operator.py
[2023-06-11T03:03:54.501+0000] {processor.py:753} INFO - DAG(s) dict_keys(['example_bash_operator']) retrieved from /usr/local/python/3.10.4/lib/python3.10/site-packages/airflow/example_dags/example_bash_operator.py
[2023-06-11T03:03:54.531+0000] {logging_mixin.py:137} INFO - [2023-06-11T03:03:54.530+0000] {dag.py:2690} INFO - Sync 1 DAGs
[2023-06-11T03:03:54.553+0000] {logging_mixin.py:137} INFO - [2023-06-11T03:03:54.553+0000] {dag.py:3437} INFO - Setting next_dagrun for example_bash_operator to 2023-06-10T00:00:00+00:00, run_after=2023-06-11T00:00:00+00:00
[2023-06-11T03:03:54.599+0000] {processor.py:175} INFO - Processing /usr/local/python/3.10.4/lib/python3.10/site-packages/airflow/example_dags/example_bash_operator.py took 0.210 seconds
[2023-06-11T03:04:40.126+0000] {processor.py:153} INFO - Started process (PID=9374) to work on /usr/local/python/3.10.4/lib/python3.10/site-packages/airflow/example_dags/example_bash_operator.py
[2023-06-11T03:04:40.127+0000] {processor.py:743} INFO - Processing file /usr/local/python/3.10.4/lib/python3.10/site-packages/airflow/example_dags/example_bash_operator.py for tasks to queue
[2023-06-11T03:04:40.128+0000] {logging_mixin.py:137} INFO - [2023-06-11T03:04:40.128+0000] {dagbag.py:538} INFO - Filling up the DagBag from /usr/local/python/3.10.4/lib/python3.10/site-packages/airflow/example_dags/example_bash_operator.py
[2023-06-11T03:04:40.151+0000] {processor.py:753} INFO - DAG(s) dict_keys(['example_bash_operator']) retrieved from /usr/local/python/3.10.4/lib/python3.10/site-packages/airflow/example_dags/example_bash_operator.py
[2023-06-11T03:04:40.182+0000] {logging_mixin.py:137} INFO - [2023-06-11T03:04:40.182+0000] {dag.py:2690} INFO - Sync 1 DAGs
[2023-06-11T03:04:40.203+0000] {logging_mixin.py:137} INFO - [2023-06-11T03:04:40.203+0000] {dag.py:3437} INFO - Setting next_dagrun for example_bash_operator to 2023-06-10T00:00:00+00:00, run_after=2023-06-11T00:00:00+00:00
[2023-06-11T03:04:40.247+0000] {processor.py:175} INFO - Processing /usr/local/python/3.10.4/lib/python3.10/site-packages/airflow/example_dags/example_bash_operator.py took 0.124 seconds
[2023-06-11T03:05:27.391+0000] {processor.py:153} INFO - Started process (PID=9832) to work on /usr/local/python/3.10.4/lib/python3.10/site-packages/airflow/example_dags/example_bash_operator.py
[2023-06-11T03:05:27.392+0000] {processor.py:743} INFO - Processing file /usr/local/python/3.10.4/lib/python3.10/site-packages/airflow/example_dags/example_bash_operator.py for tasks to queue
[2023-06-11T03:05:27.393+0000] {logging_mixin.py:137} INFO - [2023-06-11T03:05:27.393+0000] {dagbag.py:538} INFO - Filling up the DagBag from /usr/local/python/3.10.4/lib/python3.10/site-packages/airflow/example_dags/example_bash_operator.py
[2023-06-11T03:05:27.417+0000] {processor.py:753} INFO - DAG(s) dict_keys(['example_bash_operator']) retrieved from /usr/local/python/3.10.4/lib/python3.10/site-packages/airflow/example_dags/example_bash_operator.py
[2023-06-11T03:05:27.450+0000] {logging_mixin.py:137} INFO - [2023-06-11T03:05:27.450+0000] {dag.py:2690} INFO - Sync 1 DAGs
[2023-06-11T03:05:27.524+0000] {logging_mixin.py:137} INFO - [2023-06-11T03:05:27.524+0000] {dag.py:3437} INFO - Setting next_dagrun for example_bash_operator to 2023-06-10T00:00:00+00:00, run_after=2023-06-11T00:00:00+00:00
[2023-06-11T03:05:27.573+0000] {processor.py:175} INFO - Processing /usr/local/python/3.10.4/lib/python3.10/site-packages/airflow/example_dags/example_bash_operator.py took 0.185 seconds
[2023-06-11T03:06:12.697+0000] {processor.py:153} INFO - Started process (PID=10208) to work on /usr/local/python/3.10.4/lib/python3.10/site-packages/airflow/example_dags/example_bash_operator.py
[2023-06-11T03:06:12.698+0000] {processor.py:743} INFO - Processing file /usr/local/python/3.10.4/lib/python3.10/site-packages/airflow/example_dags/example_bash_operator.py for tasks to queue
[2023-06-11T03:06:12.699+0000] {logging_mixin.py:137} INFO - [2023-06-11T03:06:12.699+0000] {dagbag.py:538} INFO - Filling up the DagBag from /usr/local/python/3.10.4/lib/python3.10/site-packages/airflow/example_dags/example_bash_operator.py
[2023-06-11T03:06:12.724+0000] {processor.py:753} INFO - DAG(s) dict_keys(['example_bash_operator']) retrieved from /usr/local/python/3.10.4/lib/python3.10/site-packages/airflow/example_dags/example_bash_operator.py
[2023-06-11T03:06:12.755+0000] {logging_mixin.py:137} INFO - [2023-06-11T03:06:12.755+0000] {dag.py:2690} INFO - Sync 1 DAGs
[2023-06-11T03:06:12.778+0000] {logging_mixin.py:137} INFO - [2023-06-11T03:06:12.778+0000] {dag.py:3437} INFO - Setting next_dagrun for example_bash_operator to 2023-06-10T00:00:00+00:00, run_after=2023-06-11T00:00:00+00:00
[2023-06-11T03:06:12.824+0000] {processor.py:175} INFO - Processing /usr/local/python/3.10.4/lib/python3.10/site-packages/airflow/example_dags/example_bash_operator.py took 0.130 seconds
[2023-06-11T03:06:55.609+0000] {processor.py:153} INFO - Started process (PID=10694) to work on /usr/local/python/3.10.4/lib/python3.10/site-packages/airflow/example_dags/example_bash_operator.py
[2023-06-11T03:06:55.611+0000] {processor.py:743} INFO - Processing file /usr/local/python/3.10.4/lib/python3.10/site-packages/airflow/example_dags/example_bash_operator.py for tasks to queue
[2023-06-11T03:06:55.611+0000] {logging_mixin.py:137} INFO - [2023-06-11T03:06:55.611+0000] {dagbag.py:538} INFO - Filling up the DagBag from /usr/local/python/3.10.4/lib/python3.10/site-packages/airflow/example_dags/example_bash_operator.py
[2023-06-11T03:06:55.635+0000] {processor.py:753} INFO - DAG(s) dict_keys(['example_bash_operator']) retrieved from /usr/local/python/3.10.4/lib/python3.10/site-packages/airflow/example_dags/example_bash_operator.py
[2023-06-11T03:06:55.670+0000] {logging_mixin.py:137} INFO - [2023-06-11T03:06:55.669+0000] {dag.py:2690} INFO - Sync 1 DAGs
[2023-06-11T03:06:55.689+0000] {logging_mixin.py:137} INFO - [2023-06-11T03:06:55.689+0000] {dag.py:3437} INFO - Setting next_dagrun for example_bash_operator to 2023-06-10T00:00:00+00:00, run_after=2023-06-11T00:00:00+00:00
[2023-06-11T03:06:55.739+0000] {processor.py:175} INFO - Processing /usr/local/python/3.10.4/lib/python3.10/site-packages/airflow/example_dags/example_bash_operator.py took 0.134 seconds
[2023-06-11T03:07:44.237+0000] {processor.py:153} INFO - Started process (PID=11114) to work on /usr/local/python/3.10.4/lib/python3.10/site-packages/airflow/example_dags/example_bash_operator.py
[2023-06-11T03:07:44.238+0000] {processor.py:743} INFO - Processing file /usr/local/python/3.10.4/lib/python3.10/site-packages/airflow/example_dags/example_bash_operator.py for tasks to queue
[2023-06-11T03:07:44.239+0000] {logging_mixin.py:137} INFO - [2023-06-11T03:07:44.239+0000] {dagbag.py:538} INFO - Filling up the DagBag from /usr/local/python/3.10.4/lib/python3.10/site-packages/airflow/example_dags/example_bash_operator.py
[2023-06-11T03:07:44.263+0000] {processor.py:753} INFO - DAG(s) dict_keys(['example_bash_operator']) retrieved from /usr/local/python/3.10.4/lib/python3.10/site-packages/airflow/example_dags/example_bash_operator.py
[2023-06-11T03:07:44.293+0000] {logging_mixin.py:137} INFO - [2023-06-11T03:07:44.293+0000] {dag.py:2690} INFO - Sync 1 DAGs
[2023-06-11T03:07:44.313+0000] {logging_mixin.py:137} INFO - [2023-06-11T03:07:44.313+0000] {dag.py:3437} INFO - Setting next_dagrun for example_bash_operator to 2023-06-10T00:00:00+00:00, run_after=2023-06-11T00:00:00+00:00
[2023-06-11T03:07:44.365+0000] {processor.py:175} INFO - Processing /usr/local/python/3.10.4/lib/python3.10/site-packages/airflow/example_dags/example_bash_operator.py took 0.131 seconds
[2023-06-11T03:08:33.417+0000] {processor.py:153} INFO - Started process (PID=11480) to work on /usr/local/python/3.10.4/lib/python3.10/site-packages/airflow/example_dags/example_bash_operator.py
[2023-06-11T03:08:33.418+0000] {processor.py:743} INFO - Processing file /usr/local/python/3.10.4/lib/python3.10/site-packages/airflow/example_dags/example_bash_operator.py for tasks to queue
[2023-06-11T03:08:33.418+0000] {logging_mixin.py:137} INFO - [2023-06-11T03:08:33.418+0000] {dagbag.py:538} INFO - Filling up the DagBag from /usr/local/python/3.10.4/lib/python3.10/site-packages/airflow/example_dags/example_bash_operator.py
[2023-06-11T03:08:33.442+0000] {processor.py:753} INFO - DAG(s) dict_keys(['example_bash_operator']) retrieved from /usr/local/python/3.10.4/lib/python3.10/site-packages/airflow/example_dags/example_bash_operator.py
[2023-06-11T03:08:33.478+0000] {logging_mixin.py:137} INFO - [2023-06-11T03:08:33.477+0000] {dag.py:2690} INFO - Sync 1 DAGs
[2023-06-11T03:08:33.500+0000] {logging_mixin.py:137} INFO - [2023-06-11T03:08:33.500+0000] {dag.py:3437} INFO - Setting next_dagrun for example_bash_operator to 2023-06-10T00:00:00+00:00, run_after=2023-06-11T00:00:00+00:00
[2023-06-11T03:08:33.685+0000] {processor.py:175} INFO - Processing /usr/local/python/3.10.4/lib/python3.10/site-packages/airflow/example_dags/example_bash_operator.py took 0.273 seconds
[2023-06-11T03:09:19.443+0000] {processor.py:153} INFO - Started process (PID=11817) to work on /usr/local/python/3.10.4/lib/python3.10/site-packages/airflow/example_dags/example_bash_operator.py
[2023-06-11T03:09:19.444+0000] {processor.py:743} INFO - Processing file /usr/local/python/3.10.4/lib/python3.10/site-packages/airflow/example_dags/example_bash_operator.py for tasks to queue
[2023-06-11T03:09:19.444+0000] {logging_mixin.py:137} INFO - [2023-06-11T03:09:19.444+0000] {dagbag.py:538} INFO - Filling up the DagBag from /usr/local/python/3.10.4/lib/python3.10/site-packages/airflow/example_dags/example_bash_operator.py
[2023-06-11T03:09:19.468+0000] {processor.py:753} INFO - DAG(s) dict_keys(['example_bash_operator']) retrieved from /usr/local/python/3.10.4/lib/python3.10/site-packages/airflow/example_dags/example_bash_operator.py
[2023-06-11T03:09:19.498+0000] {logging_mixin.py:137} INFO - [2023-06-11T03:09:19.498+0000] {dag.py:2690} INFO - Sync 1 DAGs
[2023-06-11T03:09:19.660+0000] {logging_mixin.py:137} INFO - [2023-06-11T03:09:19.660+0000] {dag.py:3437} INFO - Setting next_dagrun for example_bash_operator to 2023-06-10T00:00:00+00:00, run_after=2023-06-11T00:00:00+00:00
[2023-06-11T03:09:19.706+0000] {processor.py:175} INFO - Processing /usr/local/python/3.10.4/lib/python3.10/site-packages/airflow/example_dags/example_bash_operator.py took 0.267 seconds
[2023-06-11T03:10:08.263+0000] {processor.py:153} INFO - Started process (PID=12173) to work on /usr/local/python/3.10.4/lib/python3.10/site-packages/airflow/example_dags/example_bash_operator.py
[2023-06-11T03:10:08.264+0000] {processor.py:743} INFO - Processing file /usr/local/python/3.10.4/lib/python3.10/site-packages/airflow/example_dags/example_bash_operator.py for tasks to queue
[2023-06-11T03:10:08.265+0000] {logging_mixin.py:137} INFO - [2023-06-11T03:10:08.265+0000] {dagbag.py:538} INFO - Filling up the DagBag from /usr/local/python/3.10.4/lib/python3.10/site-packages/airflow/example_dags/example_bash_operator.py
[2023-06-11T03:10:08.288+0000] {processor.py:753} INFO - DAG(s) dict_keys(['example_bash_operator']) retrieved from /usr/local/python/3.10.4/lib/python3.10/site-packages/airflow/example_dags/example_bash_operator.py
[2023-06-11T03:10:08.318+0000] {logging_mixin.py:137} INFO - [2023-06-11T03:10:08.318+0000] {dag.py:2690} INFO - Sync 1 DAGs
[2023-06-11T03:10:08.477+0000] {logging_mixin.py:137} INFO - [2023-06-11T03:10:08.477+0000] {dag.py:3437} INFO - Setting next_dagrun for example_bash_operator to 2023-06-10T00:00:00+00:00, run_after=2023-06-11T00:00:00+00:00
[2023-06-11T03:10:08.530+0000] {processor.py:175} INFO - Processing /usr/local/python/3.10.4/lib/python3.10/site-packages/airflow/example_dags/example_bash_operator.py took 0.271 seconds
