[2023-06-11T03:01:25.527+0000] {processor.py:153} INFO - Started process (PID=7966) to work on /usr/local/python/3.10.4/lib/python3.10/site-packages/airflow/example_dags/example_external_task_marker_dag.py
[2023-06-11T03:01:25.528+0000] {processor.py:743} INFO - Processing file /usr/local/python/3.10.4/lib/python3.10/site-packages/airflow/example_dags/example_external_task_marker_dag.py for tasks to queue
[2023-06-11T03:01:25.529+0000] {logging_mixin.py:137} INFO - [2023-06-11T03:01:25.529+0000] {dagbag.py:538} INFO - Filling up the DagBag from /usr/local/python/3.10.4/lib/python3.10/site-packages/airflow/example_dags/example_external_task_marker_dag.py
[2023-06-11T03:01:25.556+0000] {processor.py:753} INFO - DAG(s) dict_keys(['example_external_task_marker_child', 'example_external_task_marker_parent']) retrieved from /usr/local/python/3.10.4/lib/python3.10/site-packages/airflow/example_dags/example_external_task_marker_dag.py
[2023-06-11T03:01:25.845+0000] {logging_mixin.py:137} INFO - [2023-06-11T03:01:25.844+0000] {manager.py:504} INFO - Created Permission View: can delete on DAG:example_external_task_marker_child
[2023-06-11T03:01:26.248+0000] {logging_mixin.py:137} INFO - [2023-06-11T03:01:26.247+0000] {manager.py:504} INFO - Created Permission View: can edit on DAG:example_external_task_marker_child
[2023-06-11T03:01:26.283+0000] {logging_mixin.py:137} INFO - [2023-06-11T03:01:26.282+0000] {manager.py:504} INFO - Created Permission View: can read on DAG:example_external_task_marker_child
[2023-06-11T03:01:26.430+0000] {logging_mixin.py:137} INFO - [2023-06-11T03:01:26.430+0000] {manager.py:504} INFO - Created Permission View: can delete on DAG:example_external_task_marker_parent
[2023-06-11T03:01:26.521+0000] {logging_mixin.py:137} INFO - [2023-06-11T03:01:26.521+0000] {manager.py:504} INFO - Created Permission View: can edit on DAG:example_external_task_marker_parent
[2023-06-11T03:01:26.555+0000] {logging_mixin.py:137} INFO - [2023-06-11T03:01:26.555+0000] {manager.py:504} INFO - Created Permission View: can read on DAG:example_external_task_marker_parent
[2023-06-11T03:01:26.556+0000] {logging_mixin.py:137} INFO - [2023-06-11T03:01:26.556+0000] {dag.py:2690} INFO - Sync 2 DAGs
[2023-06-11T03:01:26.649+0000] {logging_mixin.py:137} INFO - [2023-06-11T03:01:26.648+0000] {dag.py:2711} INFO - Creating ORM DAG for example_external_task_marker_parent
[2023-06-11T03:01:26.649+0000] {logging_mixin.py:137} INFO - [2023-06-11T03:01:26.649+0000] {dag.py:2711} INFO - Creating ORM DAG for example_external_task_marker_child
[2023-06-11T03:01:26.982+0000] {logging_mixin.py:137} INFO - [2023-06-11T03:01:26.982+0000] {dag.py:3437} INFO - Setting next_dagrun for example_external_task_marker_child to None, run_after=None
[2023-06-11T03:01:26.983+0000] {logging_mixin.py:137} INFO - [2023-06-11T03:01:26.983+0000] {dag.py:3437} INFO - Setting next_dagrun for example_external_task_marker_parent to None, run_after=None
[2023-06-11T03:01:27.034+0000] {processor.py:175} INFO - Processing /usr/local/python/3.10.4/lib/python3.10/site-packages/airflow/example_dags/example_external_task_marker_dag.py took 1.511 seconds
[2023-06-11T03:02:11.976+0000] {processor.py:153} INFO - Started process (PID=8288) to work on /usr/local/python/3.10.4/lib/python3.10/site-packages/airflow/example_dags/example_external_task_marker_dag.py
[2023-06-11T03:02:11.977+0000] {processor.py:743} INFO - Processing file /usr/local/python/3.10.4/lib/python3.10/site-packages/airflow/example_dags/example_external_task_marker_dag.py for tasks to queue
[2023-06-11T03:02:11.978+0000] {logging_mixin.py:137} INFO - [2023-06-11T03:02:11.978+0000] {dagbag.py:538} INFO - Filling up the DagBag from /usr/local/python/3.10.4/lib/python3.10/site-packages/airflow/example_dags/example_external_task_marker_dag.py
[2023-06-11T03:02:11.996+0000] {processor.py:753} INFO - DAG(s) dict_keys(['example_external_task_marker_child', 'example_external_task_marker_parent']) retrieved from /usr/local/python/3.10.4/lib/python3.10/site-packages/airflow/example_dags/example_external_task_marker_dag.py
[2023-06-11T03:02:12.020+0000] {logging_mixin.py:137} INFO - [2023-06-11T03:02:12.020+0000] {dag.py:2690} INFO - Sync 2 DAGs
[2023-06-11T03:02:12.040+0000] {logging_mixin.py:137} INFO - [2023-06-11T03:02:12.040+0000] {dag.py:3437} INFO - Setting next_dagrun for example_external_task_marker_child to None, run_after=None
[2023-06-11T03:02:12.043+0000] {logging_mixin.py:137} INFO - [2023-06-11T03:02:12.043+0000] {dag.py:3437} INFO - Setting next_dagrun for example_external_task_marker_parent to None, run_after=None
[2023-06-11T03:02:12.087+0000] {processor.py:175} INFO - Processing /usr/local/python/3.10.4/lib/python3.10/site-packages/airflow/example_dags/example_external_task_marker_dag.py took 0.118 seconds
[2023-06-11T03:02:53.932+0000] {processor.py:153} INFO - Started process (PID=8593) to work on /usr/local/python/3.10.4/lib/python3.10/site-packages/airflow/example_dags/example_external_task_marker_dag.py
[2023-06-11T03:02:53.933+0000] {processor.py:743} INFO - Processing file /usr/local/python/3.10.4/lib/python3.10/site-packages/airflow/example_dags/example_external_task_marker_dag.py for tasks to queue
[2023-06-11T03:02:53.934+0000] {logging_mixin.py:137} INFO - [2023-06-11T03:02:53.934+0000] {dagbag.py:538} INFO - Filling up the DagBag from /usr/local/python/3.10.4/lib/python3.10/site-packages/airflow/example_dags/example_external_task_marker_dag.py
[2023-06-11T03:02:53.951+0000] {processor.py:753} INFO - DAG(s) dict_keys(['example_external_task_marker_child', 'example_external_task_marker_parent']) retrieved from /usr/local/python/3.10.4/lib/python3.10/site-packages/airflow/example_dags/example_external_task_marker_dag.py
[2023-06-11T03:02:53.971+0000] {logging_mixin.py:137} INFO - [2023-06-11T03:02:53.971+0000] {dag.py:2690} INFO - Sync 2 DAGs
[2023-06-11T03:02:53.989+0000] {logging_mixin.py:137} INFO - [2023-06-11T03:02:53.989+0000] {dag.py:3437} INFO - Setting next_dagrun for example_external_task_marker_child to None, run_after=None
[2023-06-11T03:02:53.992+0000] {logging_mixin.py:137} INFO - [2023-06-11T03:02:53.992+0000] {dag.py:3437} INFO - Setting next_dagrun for example_external_task_marker_parent to None, run_after=None
[2023-06-11T03:02:54.035+0000] {processor.py:175} INFO - Processing /usr/local/python/3.10.4/lib/python3.10/site-packages/airflow/example_dags/example_external_task_marker_dag.py took 0.106 seconds
[2023-06-11T03:03:34.768+0000] {processor.py:153} INFO - Started process (PID=8900) to work on /usr/local/python/3.10.4/lib/python3.10/site-packages/airflow/example_dags/example_external_task_marker_dag.py
[2023-06-11T03:03:34.769+0000] {processor.py:743} INFO - Processing file /usr/local/python/3.10.4/lib/python3.10/site-packages/airflow/example_dags/example_external_task_marker_dag.py for tasks to queue
[2023-06-11T03:03:34.770+0000] {logging_mixin.py:137} INFO - [2023-06-11T03:03:34.770+0000] {dagbag.py:538} INFO - Filling up the DagBag from /usr/local/python/3.10.4/lib/python3.10/site-packages/airflow/example_dags/example_external_task_marker_dag.py
[2023-06-11T03:03:34.786+0000] {processor.py:753} INFO - DAG(s) dict_keys(['example_external_task_marker_parent', 'example_external_task_marker_child']) retrieved from /usr/local/python/3.10.4/lib/python3.10/site-packages/airflow/example_dags/example_external_task_marker_dag.py
[2023-06-11T03:03:34.806+0000] {logging_mixin.py:137} INFO - [2023-06-11T03:03:34.806+0000] {dag.py:2690} INFO - Sync 2 DAGs
[2023-06-11T03:03:34.824+0000] {logging_mixin.py:137} INFO - [2023-06-11T03:03:34.824+0000] {dag.py:3437} INFO - Setting next_dagrun for example_external_task_marker_child to None, run_after=None
[2023-06-11T03:03:34.827+0000] {logging_mixin.py:137} INFO - [2023-06-11T03:03:34.827+0000] {dag.py:3437} INFO - Setting next_dagrun for example_external_task_marker_parent to None, run_after=None
[2023-06-11T03:03:34.869+0000] {processor.py:175} INFO - Processing /usr/local/python/3.10.4/lib/python3.10/site-packages/airflow/example_dags/example_external_task_marker_dag.py took 0.104 seconds
[2023-06-11T03:04:16.608+0000] {processor.py:153} INFO - Started process (PID=9206) to work on /usr/local/python/3.10.4/lib/python3.10/site-packages/airflow/example_dags/example_external_task_marker_dag.py
[2023-06-11T03:04:16.609+0000] {processor.py:743} INFO - Processing file /usr/local/python/3.10.4/lib/python3.10/site-packages/airflow/example_dags/example_external_task_marker_dag.py for tasks to queue
[2023-06-11T03:04:16.610+0000] {logging_mixin.py:137} INFO - [2023-06-11T03:04:16.610+0000] {dagbag.py:538} INFO - Filling up the DagBag from /usr/local/python/3.10.4/lib/python3.10/site-packages/airflow/example_dags/example_external_task_marker_dag.py
[2023-06-11T03:04:16.626+0000] {processor.py:753} INFO - DAG(s) dict_keys(['example_external_task_marker_parent', 'example_external_task_marker_child']) retrieved from /usr/local/python/3.10.4/lib/python3.10/site-packages/airflow/example_dags/example_external_task_marker_dag.py
[2023-06-11T03:04:16.655+0000] {logging_mixin.py:137} INFO - [2023-06-11T03:04:16.655+0000] {dag.py:2690} INFO - Sync 2 DAGs
[2023-06-11T03:04:16.676+0000] {logging_mixin.py:137} INFO - [2023-06-11T03:04:16.675+0000] {dag.py:3437} INFO - Setting next_dagrun for example_external_task_marker_child to None, run_after=None
[2023-06-11T03:04:16.680+0000] {logging_mixin.py:137} INFO - [2023-06-11T03:04:16.680+0000] {dag.py:3437} INFO - Setting next_dagrun for example_external_task_marker_parent to None, run_after=None
[2023-06-11T03:04:16.731+0000] {processor.py:175} INFO - Processing /usr/local/python/3.10.4/lib/python3.10/site-packages/airflow/example_dags/example_external_task_marker_dag.py took 0.129 seconds
[2023-06-11T03:05:01.358+0000] {processor.py:153} INFO - Started process (PID=9618) to work on /usr/local/python/3.10.4/lib/python3.10/site-packages/airflow/example_dags/example_external_task_marker_dag.py
[2023-06-11T03:05:01.359+0000] {processor.py:743} INFO - Processing file /usr/local/python/3.10.4/lib/python3.10/site-packages/airflow/example_dags/example_external_task_marker_dag.py for tasks to queue
[2023-06-11T03:05:01.361+0000] {logging_mixin.py:137} INFO - [2023-06-11T03:05:01.360+0000] {dagbag.py:538} INFO - Filling up the DagBag from /usr/local/python/3.10.4/lib/python3.10/site-packages/airflow/example_dags/example_external_task_marker_dag.py
[2023-06-11T03:05:01.381+0000] {processor.py:753} INFO - DAG(s) dict_keys(['example_external_task_marker_child', 'example_external_task_marker_parent']) retrieved from /usr/local/python/3.10.4/lib/python3.10/site-packages/airflow/example_dags/example_external_task_marker_dag.py
[2023-06-11T03:05:01.407+0000] {logging_mixin.py:137} INFO - [2023-06-11T03:05:01.407+0000] {dag.py:2690} INFO - Sync 2 DAGs
[2023-06-11T03:05:01.429+0000] {logging_mixin.py:137} INFO - [2023-06-11T03:05:01.429+0000] {dag.py:3437} INFO - Setting next_dagrun for example_external_task_marker_child to None, run_after=None
[2023-06-11T03:05:01.432+0000] {logging_mixin.py:137} INFO - [2023-06-11T03:05:01.432+0000] {dag.py:3437} INFO - Setting next_dagrun for example_external_task_marker_parent to None, run_after=None
[2023-06-11T03:05:01.474+0000] {processor.py:175} INFO - Processing /usr/local/python/3.10.4/lib/python3.10/site-packages/airflow/example_dags/example_external_task_marker_dag.py took 0.121 seconds
[2023-06-11T03:05:48.465+0000] {processor.py:153} INFO - Started process (PID=9994) to work on /usr/local/python/3.10.4/lib/python3.10/site-packages/airflow/example_dags/example_external_task_marker_dag.py
[2023-06-11T03:05:48.466+0000] {processor.py:743} INFO - Processing file /usr/local/python/3.10.4/lib/python3.10/site-packages/airflow/example_dags/example_external_task_marker_dag.py for tasks to queue
[2023-06-11T03:05:48.467+0000] {logging_mixin.py:137} INFO - [2023-06-11T03:05:48.467+0000] {dagbag.py:538} INFO - Filling up the DagBag from /usr/local/python/3.10.4/lib/python3.10/site-packages/airflow/example_dags/example_external_task_marker_dag.py
[2023-06-11T03:05:48.490+0000] {processor.py:753} INFO - DAG(s) dict_keys(['example_external_task_marker_child', 'example_external_task_marker_parent']) retrieved from /usr/local/python/3.10.4/lib/python3.10/site-packages/airflow/example_dags/example_external_task_marker_dag.py
[2023-06-11T03:05:48.556+0000] {logging_mixin.py:137} INFO - [2023-06-11T03:05:48.556+0000] {dag.py:2690} INFO - Sync 2 DAGs
[2023-06-11T03:05:48.578+0000] {logging_mixin.py:137} INFO - [2023-06-11T03:05:48.578+0000] {dag.py:3437} INFO - Setting next_dagrun for example_external_task_marker_child to None, run_after=None
[2023-06-11T03:05:48.580+0000] {logging_mixin.py:137} INFO - [2023-06-11T03:05:48.580+0000] {dag.py:3437} INFO - Setting next_dagrun for example_external_task_marker_parent to None, run_after=None
[2023-06-11T03:05:48.622+0000] {processor.py:175} INFO - Processing /usr/local/python/3.10.4/lib/python3.10/site-packages/airflow/example_dags/example_external_task_marker_dag.py took 0.162 seconds
[2023-06-11T03:06:36.971+0000] {processor.py:153} INFO - Started process (PID=10508) to work on /usr/local/python/3.10.4/lib/python3.10/site-packages/airflow/example_dags/example_external_task_marker_dag.py
[2023-06-11T03:06:36.972+0000] {processor.py:743} INFO - Processing file /usr/local/python/3.10.4/lib/python3.10/site-packages/airflow/example_dags/example_external_task_marker_dag.py for tasks to queue
[2023-06-11T03:06:36.972+0000] {logging_mixin.py:137} INFO - [2023-06-11T03:06:36.972+0000] {dagbag.py:538} INFO - Filling up the DagBag from /usr/local/python/3.10.4/lib/python3.10/site-packages/airflow/example_dags/example_external_task_marker_dag.py
[2023-06-11T03:06:36.988+0000] {processor.py:753} INFO - DAG(s) dict_keys(['example_external_task_marker_child', 'example_external_task_marker_parent']) retrieved from /usr/local/python/3.10.4/lib/python3.10/site-packages/airflow/example_dags/example_external_task_marker_dag.py
[2023-06-11T03:06:37.012+0000] {logging_mixin.py:137} INFO - [2023-06-11T03:06:37.011+0000] {dag.py:2690} INFO - Sync 2 DAGs
[2023-06-11T03:06:37.032+0000] {logging_mixin.py:137} INFO - [2023-06-11T03:06:37.032+0000] {dag.py:3437} INFO - Setting next_dagrun for example_external_task_marker_child to None, run_after=None
[2023-06-11T03:06:37.034+0000] {logging_mixin.py:137} INFO - [2023-06-11T03:06:37.034+0000] {dag.py:3437} INFO - Setting next_dagrun for example_external_task_marker_parent to None, run_after=None
[2023-06-11T03:06:37.077+0000] {processor.py:175} INFO - Processing /usr/local/python/3.10.4/lib/python3.10/site-packages/airflow/example_dags/example_external_task_marker_dag.py took 0.110 seconds
[2023-06-11T03:07:17.362+0000] {processor.py:153} INFO - Started process (PID=10846) to work on /usr/local/python/3.10.4/lib/python3.10/site-packages/airflow/example_dags/example_external_task_marker_dag.py
[2023-06-11T03:07:17.363+0000] {processor.py:743} INFO - Processing file /usr/local/python/3.10.4/lib/python3.10/site-packages/airflow/example_dags/example_external_task_marker_dag.py for tasks to queue
[2023-06-11T03:07:17.363+0000] {logging_mixin.py:137} INFO - [2023-06-11T03:07:17.363+0000] {dagbag.py:538} INFO - Filling up the DagBag from /usr/local/python/3.10.4/lib/python3.10/site-packages/airflow/example_dags/example_external_task_marker_dag.py
[2023-06-11T03:07:17.379+0000] {processor.py:753} INFO - DAG(s) dict_keys(['example_external_task_marker_parent', 'example_external_task_marker_child']) retrieved from /usr/local/python/3.10.4/lib/python3.10/site-packages/airflow/example_dags/example_external_task_marker_dag.py
[2023-06-11T03:07:17.398+0000] {logging_mixin.py:137} INFO - [2023-06-11T03:07:17.398+0000] {dag.py:2690} INFO - Sync 2 DAGs
[2023-06-11T03:07:17.417+0000] {logging_mixin.py:137} INFO - [2023-06-11T03:07:17.417+0000] {dag.py:3437} INFO - Setting next_dagrun for example_external_task_marker_child to None, run_after=None
[2023-06-11T03:07:17.420+0000] {logging_mixin.py:137} INFO - [2023-06-11T03:07:17.420+0000] {dag.py:3437} INFO - Setting next_dagrun for example_external_task_marker_parent to None, run_after=None
[2023-06-11T03:07:17.462+0000] {processor.py:175} INFO - Processing /usr/local/python/3.10.4/lib/python3.10/site-packages/airflow/example_dags/example_external_task_marker_dag.py took 0.104 seconds
[2023-06-11T03:08:04.141+0000] {processor.py:153} INFO - Started process (PID=11262) to work on /usr/local/python/3.10.4/lib/python3.10/site-packages/airflow/example_dags/example_external_task_marker_dag.py
[2023-06-11T03:08:04.142+0000] {processor.py:743} INFO - Processing file /usr/local/python/3.10.4/lib/python3.10/site-packages/airflow/example_dags/example_external_task_marker_dag.py for tasks to queue
[2023-06-11T03:08:04.143+0000] {logging_mixin.py:137} INFO - [2023-06-11T03:08:04.142+0000] {dagbag.py:538} INFO - Filling up the DagBag from /usr/local/python/3.10.4/lib/python3.10/site-packages/airflow/example_dags/example_external_task_marker_dag.py
[2023-06-11T03:08:04.158+0000] {processor.py:753} INFO - DAG(s) dict_keys(['example_external_task_marker_parent', 'example_external_task_marker_child']) retrieved from /usr/local/python/3.10.4/lib/python3.10/site-packages/airflow/example_dags/example_external_task_marker_dag.py
[2023-06-11T03:08:04.178+0000] {logging_mixin.py:137} INFO - [2023-06-11T03:08:04.178+0000] {dag.py:2690} INFO - Sync 2 DAGs
[2023-06-11T03:08:04.196+0000] {logging_mixin.py:137} INFO - [2023-06-11T03:08:04.196+0000] {dag.py:3437} INFO - Setting next_dagrun for example_external_task_marker_child to None, run_after=None
[2023-06-11T03:08:04.198+0000] {logging_mixin.py:137} INFO - [2023-06-11T03:08:04.198+0000] {dag.py:3437} INFO - Setting next_dagrun for example_external_task_marker_parent to None, run_after=None
[2023-06-11T03:08:04.245+0000] {processor.py:175} INFO - Processing /usr/local/python/3.10.4/lib/python3.10/site-packages/airflow/example_dags/example_external_task_marker_dag.py took 0.107 seconds
[2023-06-11T03:08:46.478+0000] {processor.py:153} INFO - Started process (PID=11566) to work on /usr/local/python/3.10.4/lib/python3.10/site-packages/airflow/example_dags/example_external_task_marker_dag.py
[2023-06-11T03:08:46.479+0000] {processor.py:743} INFO - Processing file /usr/local/python/3.10.4/lib/python3.10/site-packages/airflow/example_dags/example_external_task_marker_dag.py for tasks to queue
[2023-06-11T03:08:46.479+0000] {logging_mixin.py:137} INFO - [2023-06-11T03:08:46.479+0000] {dagbag.py:538} INFO - Filling up the DagBag from /usr/local/python/3.10.4/lib/python3.10/site-packages/airflow/example_dags/example_external_task_marker_dag.py
[2023-06-11T03:08:46.495+0000] {processor.py:753} INFO - DAG(s) dict_keys(['example_external_task_marker_child', 'example_external_task_marker_parent']) retrieved from /usr/local/python/3.10.4/lib/python3.10/site-packages/airflow/example_dags/example_external_task_marker_dag.py
[2023-06-11T03:08:46.518+0000] {logging_mixin.py:137} INFO - [2023-06-11T03:08:46.518+0000] {dag.py:2690} INFO - Sync 2 DAGs
[2023-06-11T03:08:46.537+0000] {logging_mixin.py:137} INFO - [2023-06-11T03:08:46.537+0000] {dag.py:3437} INFO - Setting next_dagrun for example_external_task_marker_child to None, run_after=None
[2023-06-11T03:08:46.541+0000] {logging_mixin.py:137} INFO - [2023-06-11T03:08:46.540+0000] {dag.py:3437} INFO - Setting next_dagrun for example_external_task_marker_parent to None, run_after=None
[2023-06-11T03:08:46.588+0000] {processor.py:175} INFO - Processing /usr/local/python/3.10.4/lib/python3.10/site-packages/airflow/example_dags/example_external_task_marker_dag.py took 0.114 seconds
[2023-06-11T03:09:31.809+0000] {processor.py:153} INFO - Started process (PID=11900) to work on /usr/local/python/3.10.4/lib/python3.10/site-packages/airflow/example_dags/example_external_task_marker_dag.py
[2023-06-11T03:09:31.810+0000] {processor.py:743} INFO - Processing file /usr/local/python/3.10.4/lib/python3.10/site-packages/airflow/example_dags/example_external_task_marker_dag.py for tasks to queue
[2023-06-11T03:09:31.811+0000] {logging_mixin.py:137} INFO - [2023-06-11T03:09:31.811+0000] {dagbag.py:538} INFO - Filling up the DagBag from /usr/local/python/3.10.4/lib/python3.10/site-packages/airflow/example_dags/example_external_task_marker_dag.py
[2023-06-11T03:09:31.827+0000] {processor.py:753} INFO - DAG(s) dict_keys(['example_external_task_marker_child', 'example_external_task_marker_parent']) retrieved from /usr/local/python/3.10.4/lib/python3.10/site-packages/airflow/example_dags/example_external_task_marker_dag.py
[2023-06-11T03:09:31.849+0000] {logging_mixin.py:137} INFO - [2023-06-11T03:09:31.849+0000] {dag.py:2690} INFO - Sync 2 DAGs
[2023-06-11T03:09:31.870+0000] {logging_mixin.py:137} INFO - [2023-06-11T03:09:31.870+0000] {dag.py:3437} INFO - Setting next_dagrun for example_external_task_marker_child to None, run_after=None
[2023-06-11T03:09:32.018+0000] {logging_mixin.py:137} INFO - [2023-06-11T03:09:32.018+0000] {dag.py:3437} INFO - Setting next_dagrun for example_external_task_marker_parent to None, run_after=None
[2023-06-11T03:09:32.062+0000] {processor.py:175} INFO - Processing /usr/local/python/3.10.4/lib/python3.10/site-packages/airflow/example_dags/example_external_task_marker_dag.py took 0.257 seconds
[2023-06-11T03:10:21.690+0000] {processor.py:153} INFO - Started process (PID=12264) to work on /usr/local/python/3.10.4/lib/python3.10/site-packages/airflow/example_dags/example_external_task_marker_dag.py
[2023-06-11T03:10:21.690+0000] {processor.py:743} INFO - Processing file /usr/local/python/3.10.4/lib/python3.10/site-packages/airflow/example_dags/example_external_task_marker_dag.py for tasks to queue
[2023-06-11T03:10:21.692+0000] {logging_mixin.py:137} INFO - [2023-06-11T03:10:21.692+0000] {dagbag.py:538} INFO - Filling up the DagBag from /usr/local/python/3.10.4/lib/python3.10/site-packages/airflow/example_dags/example_external_task_marker_dag.py
[2023-06-11T03:10:21.708+0000] {processor.py:753} INFO - DAG(s) dict_keys(['example_external_task_marker_child', 'example_external_task_marker_parent']) retrieved from /usr/local/python/3.10.4/lib/python3.10/site-packages/airflow/example_dags/example_external_task_marker_dag.py
[2023-06-11T03:10:21.737+0000] {logging_mixin.py:137} INFO - [2023-06-11T03:10:21.736+0000] {dag.py:2690} INFO - Sync 2 DAGs
[2023-06-11T03:10:21.914+0000] {logging_mixin.py:137} INFO - [2023-06-11T03:10:21.914+0000] {dag.py:3437} INFO - Setting next_dagrun for example_external_task_marker_child to None, run_after=None
[2023-06-11T03:10:21.918+0000] {logging_mixin.py:137} INFO - [2023-06-11T03:10:21.918+0000] {dag.py:3437} INFO - Setting next_dagrun for example_external_task_marker_parent to None, run_after=None
[2023-06-11T03:10:21.960+0000] {processor.py:175} INFO - Processing /usr/local/python/3.10.4/lib/python3.10/site-packages/airflow/example_dags/example_external_task_marker_dag.py took 0.274 seconds
