[2023-06-11T03:01:18.597+0000] {processor.py:153} INFO - Started process (PID=7909) to work on /usr/local/python/3.10.4/lib/python3.10/site-packages/airflow/example_dags/example_kubernetes_executor.py
[2023-06-11T03:01:18.598+0000] {processor.py:743} INFO - Processing file /usr/local/python/3.10.4/lib/python3.10/site-packages/airflow/example_dags/example_kubernetes_executor.py for tasks to queue
[2023-06-11T03:01:18.598+0000] {logging_mixin.py:137} INFO - [2023-06-11T03:01:18.598+0000] {dagbag.py:538} INFO - Filling up the DagBag from /usr/local/python/3.10.4/lib/python3.10/site-packages/airflow/example_dags/example_kubernetes_executor.py
[2023-06-11T03:01:18.616+0000] {logging_mixin.py:137} INFO - [2023-06-11T03:01:18.616+0000] {example_kubernetes_executor.py:41} WARNING - The example_kubernetes_executor example DAG requires the kubernetes provider. Please install it with: pip install apache-airflow[cncf.kubernetes]
[2023-06-11T03:01:18.617+0000] {processor.py:755} WARNING - No viable dags retrieved from /usr/local/python/3.10.4/lib/python3.10/site-packages/airflow/example_dags/example_kubernetes_executor.py
[2023-06-11T03:01:18.626+0000] {processor.py:175} INFO - Processing /usr/local/python/3.10.4/lib/python3.10/site-packages/airflow/example_dags/example_kubernetes_executor.py took 0.033 seconds
[2023-06-11T03:02:06.550+0000] {processor.py:153} INFO - Started process (PID=8244) to work on /usr/local/python/3.10.4/lib/python3.10/site-packages/airflow/example_dags/example_kubernetes_executor.py
[2023-06-11T03:02:06.551+0000] {processor.py:743} INFO - Processing file /usr/local/python/3.10.4/lib/python3.10/site-packages/airflow/example_dags/example_kubernetes_executor.py for tasks to queue
[2023-06-11T03:02:06.552+0000] {logging_mixin.py:137} INFO - [2023-06-11T03:02:06.552+0000] {dagbag.py:538} INFO - Filling up the DagBag from /usr/local/python/3.10.4/lib/python3.10/site-packages/airflow/example_dags/example_kubernetes_executor.py
[2023-06-11T03:02:06.570+0000] {logging_mixin.py:137} INFO - [2023-06-11T03:02:06.570+0000] {example_kubernetes_executor.py:41} WARNING - The example_kubernetes_executor example DAG requires the kubernetes provider. Please install it with: pip install apache-airflow[cncf.kubernetes]
[2023-06-11T03:02:06.570+0000] {processor.py:755} WARNING - No viable dags retrieved from /usr/local/python/3.10.4/lib/python3.10/site-packages/airflow/example_dags/example_kubernetes_executor.py
[2023-06-11T03:02:06.581+0000] {processor.py:175} INFO - Processing /usr/local/python/3.10.4/lib/python3.10/site-packages/airflow/example_dags/example_kubernetes_executor.py took 0.035 seconds
[2023-06-11T03:02:48.619+0000] {processor.py:153} INFO - Started process (PID=8549) to work on /usr/local/python/3.10.4/lib/python3.10/site-packages/airflow/example_dags/example_kubernetes_executor.py
[2023-06-11T03:02:48.620+0000] {processor.py:743} INFO - Processing file /usr/local/python/3.10.4/lib/python3.10/site-packages/airflow/example_dags/example_kubernetes_executor.py for tasks to queue
[2023-06-11T03:02:48.621+0000] {logging_mixin.py:137} INFO - [2023-06-11T03:02:48.621+0000] {dagbag.py:538} INFO - Filling up the DagBag from /usr/local/python/3.10.4/lib/python3.10/site-packages/airflow/example_dags/example_kubernetes_executor.py
[2023-06-11T03:02:48.639+0000] {logging_mixin.py:137} INFO - [2023-06-11T03:02:48.639+0000] {example_kubernetes_executor.py:41} WARNING - The example_kubernetes_executor example DAG requires the kubernetes provider. Please install it with: pip install apache-airflow[cncf.kubernetes]
[2023-06-11T03:02:48.639+0000] {processor.py:755} WARNING - No viable dags retrieved from /usr/local/python/3.10.4/lib/python3.10/site-packages/airflow/example_dags/example_kubernetes_executor.py
[2023-06-11T03:02:48.650+0000] {processor.py:175} INFO - Processing /usr/local/python/3.10.4/lib/python3.10/site-packages/airflow/example_dags/example_kubernetes_executor.py took 0.035 seconds
[2023-06-11T03:03:29.596+0000] {processor.py:153} INFO - Started process (PID=8855) to work on /usr/local/python/3.10.4/lib/python3.10/site-packages/airflow/example_dags/example_kubernetes_executor.py
[2023-06-11T03:03:29.597+0000] {processor.py:743} INFO - Processing file /usr/local/python/3.10.4/lib/python3.10/site-packages/airflow/example_dags/example_kubernetes_executor.py for tasks to queue
[2023-06-11T03:03:29.597+0000] {logging_mixin.py:137} INFO - [2023-06-11T03:03:29.597+0000] {dagbag.py:538} INFO - Filling up the DagBag from /usr/local/python/3.10.4/lib/python3.10/site-packages/airflow/example_dags/example_kubernetes_executor.py
[2023-06-11T03:03:29.618+0000] {logging_mixin.py:137} INFO - [2023-06-11T03:03:29.618+0000] {example_kubernetes_executor.py:41} WARNING - The example_kubernetes_executor example DAG requires the kubernetes provider. Please install it with: pip install apache-airflow[cncf.kubernetes]
[2023-06-11T03:03:29.618+0000] {processor.py:755} WARNING - No viable dags retrieved from /usr/local/python/3.10.4/lib/python3.10/site-packages/airflow/example_dags/example_kubernetes_executor.py
[2023-06-11T03:03:29.628+0000] {processor.py:175} INFO - Processing /usr/local/python/3.10.4/lib/python3.10/site-packages/airflow/example_dags/example_kubernetes_executor.py took 0.036 seconds
[2023-06-11T03:04:11.425+0000] {processor.py:153} INFO - Started process (PID=9161) to work on /usr/local/python/3.10.4/lib/python3.10/site-packages/airflow/example_dags/example_kubernetes_executor.py
[2023-06-11T03:04:11.426+0000] {processor.py:743} INFO - Processing file /usr/local/python/3.10.4/lib/python3.10/site-packages/airflow/example_dags/example_kubernetes_executor.py for tasks to queue
[2023-06-11T03:04:11.426+0000] {logging_mixin.py:137} INFO - [2023-06-11T03:04:11.426+0000] {dagbag.py:538} INFO - Filling up the DagBag from /usr/local/python/3.10.4/lib/python3.10/site-packages/airflow/example_dags/example_kubernetes_executor.py
[2023-06-11T03:04:11.443+0000] {logging_mixin.py:137} INFO - [2023-06-11T03:04:11.443+0000] {example_kubernetes_executor.py:41} WARNING - The example_kubernetes_executor example DAG requires the kubernetes provider. Please install it with: pip install apache-airflow[cncf.kubernetes]
[2023-06-11T03:04:11.443+0000] {processor.py:755} WARNING - No viable dags retrieved from /usr/local/python/3.10.4/lib/python3.10/site-packages/airflow/example_dags/example_kubernetes_executor.py
[2023-06-11T03:04:11.452+0000] {processor.py:175} INFO - Processing /usr/local/python/3.10.4/lib/python3.10/site-packages/airflow/example_dags/example_kubernetes_executor.py took 0.032 seconds
[2023-06-11T03:04:53.444+0000] {processor.py:153} INFO - Started process (PID=9525) to work on /usr/local/python/3.10.4/lib/python3.10/site-packages/airflow/example_dags/example_kubernetes_executor.py
[2023-06-11T03:04:53.445+0000] {processor.py:743} INFO - Processing file /usr/local/python/3.10.4/lib/python3.10/site-packages/airflow/example_dags/example_kubernetes_executor.py for tasks to queue
[2023-06-11T03:04:53.446+0000] {logging_mixin.py:137} INFO - [2023-06-11T03:04:53.446+0000] {dagbag.py:538} INFO - Filling up the DagBag from /usr/local/python/3.10.4/lib/python3.10/site-packages/airflow/example_dags/example_kubernetes_executor.py
[2023-06-11T03:04:53.464+0000] {logging_mixin.py:137} INFO - [2023-06-11T03:04:53.463+0000] {example_kubernetes_executor.py:41} WARNING - The example_kubernetes_executor example DAG requires the kubernetes provider. Please install it with: pip install apache-airflow[cncf.kubernetes]
[2023-06-11T03:04:53.464+0000] {processor.py:755} WARNING - No viable dags retrieved from /usr/local/python/3.10.4/lib/python3.10/site-packages/airflow/example_dags/example_kubernetes_executor.py
[2023-06-11T03:04:53.473+0000] {processor.py:175} INFO - Processing /usr/local/python/3.10.4/lib/python3.10/site-packages/airflow/example_dags/example_kubernetes_executor.py took 0.033 seconds
[2023-06-11T03:05:37.929+0000] {processor.py:153} INFO - Started process (PID=9914) to work on /usr/local/python/3.10.4/lib/python3.10/site-packages/airflow/example_dags/example_kubernetes_executor.py
[2023-06-11T03:05:37.929+0000] {processor.py:743} INFO - Processing file /usr/local/python/3.10.4/lib/python3.10/site-packages/airflow/example_dags/example_kubernetes_executor.py for tasks to queue
[2023-06-11T03:05:37.930+0000] {logging_mixin.py:137} INFO - [2023-06-11T03:05:37.930+0000] {dagbag.py:538} INFO - Filling up the DagBag from /usr/local/python/3.10.4/lib/python3.10/site-packages/airflow/example_dags/example_kubernetes_executor.py
[2023-06-11T03:05:37.955+0000] {logging_mixin.py:137} INFO - [2023-06-11T03:05:37.954+0000] {example_kubernetes_executor.py:41} WARNING - The example_kubernetes_executor example DAG requires the kubernetes provider. Please install it with: pip install apache-airflow[cncf.kubernetes]
[2023-06-11T03:05:37.955+0000] {processor.py:755} WARNING - No viable dags retrieved from /usr/local/python/3.10.4/lib/python3.10/site-packages/airflow/example_dags/example_kubernetes_executor.py
[2023-06-11T03:05:37.970+0000] {processor.py:175} INFO - Processing /usr/local/python/3.10.4/lib/python3.10/site-packages/airflow/example_dags/example_kubernetes_executor.py took 0.044 seconds
[2023-06-11T03:06:24.007+0000] {processor.py:153} INFO - Started process (PID=10343) to work on /usr/local/python/3.10.4/lib/python3.10/site-packages/airflow/example_dags/example_kubernetes_executor.py
[2023-06-11T03:06:24.008+0000] {processor.py:743} INFO - Processing file /usr/local/python/3.10.4/lib/python3.10/site-packages/airflow/example_dags/example_kubernetes_executor.py for tasks to queue
[2023-06-11T03:06:24.009+0000] {logging_mixin.py:137} INFO - [2023-06-11T03:06:24.009+0000] {dagbag.py:538} INFO - Filling up the DagBag from /usr/local/python/3.10.4/lib/python3.10/site-packages/airflow/example_dags/example_kubernetes_executor.py
[2023-06-11T03:06:24.027+0000] {logging_mixin.py:137} INFO - [2023-06-11T03:06:24.027+0000] {example_kubernetes_executor.py:41} WARNING - The example_kubernetes_executor example DAG requires the kubernetes provider. Please install it with: pip install apache-airflow[cncf.kubernetes]
[2023-06-11T03:06:24.028+0000] {processor.py:755} WARNING - No viable dags retrieved from /usr/local/python/3.10.4/lib/python3.10/site-packages/airflow/example_dags/example_kubernetes_executor.py
[2023-06-11T03:06:24.037+0000] {processor.py:175} INFO - Processing /usr/local/python/3.10.4/lib/python3.10/site-packages/airflow/example_dags/example_kubernetes_executor.py took 0.033 seconds
[2023-06-11T03:07:03.364+0000] {processor.py:153} INFO - Started process (PID=10757) to work on /usr/local/python/3.10.4/lib/python3.10/site-packages/airflow/example_dags/example_kubernetes_executor.py
[2023-06-11T03:07:03.365+0000] {processor.py:743} INFO - Processing file /usr/local/python/3.10.4/lib/python3.10/site-packages/airflow/example_dags/example_kubernetes_executor.py for tasks to queue
[2023-06-11T03:07:03.366+0000] {logging_mixin.py:137} INFO - [2023-06-11T03:07:03.366+0000] {dagbag.py:538} INFO - Filling up the DagBag from /usr/local/python/3.10.4/lib/python3.10/site-packages/airflow/example_dags/example_kubernetes_executor.py
[2023-06-11T03:07:03.383+0000] {logging_mixin.py:137} INFO - [2023-06-11T03:07:03.382+0000] {example_kubernetes_executor.py:41} WARNING - The example_kubernetes_executor example DAG requires the kubernetes provider. Please install it with: pip install apache-airflow[cncf.kubernetes]
[2023-06-11T03:07:03.383+0000] {processor.py:755} WARNING - No viable dags retrieved from /usr/local/python/3.10.4/lib/python3.10/site-packages/airflow/example_dags/example_kubernetes_executor.py
[2023-06-11T03:07:03.392+0000] {processor.py:175} INFO - Processing /usr/local/python/3.10.4/lib/python3.10/site-packages/airflow/example_dags/example_kubernetes_executor.py took 0.032 seconds
[2023-06-11T03:07:40.204+0000] {processor.py:153} INFO - Started process (PID=11080) to work on /usr/local/python/3.10.4/lib/python3.10/site-packages/airflow/example_dags/example_kubernetes_executor.py
[2023-06-11T03:07:40.205+0000] {processor.py:743} INFO - Processing file /usr/local/python/3.10.4/lib/python3.10/site-packages/airflow/example_dags/example_kubernetes_executor.py for tasks to queue
[2023-06-11T03:07:40.206+0000] {logging_mixin.py:137} INFO - [2023-06-11T03:07:40.206+0000] {dagbag.py:538} INFO - Filling up the DagBag from /usr/local/python/3.10.4/lib/python3.10/site-packages/airflow/example_dags/example_kubernetes_executor.py
[2023-06-11T03:07:40.233+0000] {logging_mixin.py:137} INFO - [2023-06-11T03:07:40.233+0000] {example_kubernetes_executor.py:41} WARNING - The example_kubernetes_executor example DAG requires the kubernetes provider. Please install it with: pip install apache-airflow[cncf.kubernetes]
[2023-06-11T03:07:40.234+0000] {processor.py:755} WARNING - No viable dags retrieved from /usr/local/python/3.10.4/lib/python3.10/site-packages/airflow/example_dags/example_kubernetes_executor.py
[2023-06-11T03:07:40.247+0000] {processor.py:175} INFO - Processing /usr/local/python/3.10.4/lib/python3.10/site-packages/airflow/example_dags/example_kubernetes_executor.py took 0.048 seconds
[2023-06-11T03:08:27.277+0000] {processor.py:153} INFO - Started process (PID=11430) to work on /usr/local/python/3.10.4/lib/python3.10/site-packages/airflow/example_dags/example_kubernetes_executor.py
[2023-06-11T03:08:27.279+0000] {processor.py:743} INFO - Processing file /usr/local/python/3.10.4/lib/python3.10/site-packages/airflow/example_dags/example_kubernetes_executor.py for tasks to queue
[2023-06-11T03:08:27.280+0000] {logging_mixin.py:137} INFO - [2023-06-11T03:08:27.280+0000] {dagbag.py:538} INFO - Filling up the DagBag from /usr/local/python/3.10.4/lib/python3.10/site-packages/airflow/example_dags/example_kubernetes_executor.py
[2023-06-11T03:08:27.299+0000] {logging_mixin.py:137} INFO - [2023-06-11T03:08:27.298+0000] {example_kubernetes_executor.py:41} WARNING - The example_kubernetes_executor example DAG requires the kubernetes provider. Please install it with: pip install apache-airflow[cncf.kubernetes]
[2023-06-11T03:08:27.299+0000] {processor.py:755} WARNING - No viable dags retrieved from /usr/local/python/3.10.4/lib/python3.10/site-packages/airflow/example_dags/example_kubernetes_executor.py
[2023-06-11T03:08:27.308+0000] {processor.py:175} INFO - Processing /usr/local/python/3.10.4/lib/python3.10/site-packages/airflow/example_dags/example_kubernetes_executor.py took 0.035 seconds
[2023-06-11T03:09:14.408+0000] {processor.py:153} INFO - Started process (PID=11790) to work on /usr/local/python/3.10.4/lib/python3.10/site-packages/airflow/example_dags/example_kubernetes_executor.py
[2023-06-11T03:09:14.409+0000] {processor.py:743} INFO - Processing file /usr/local/python/3.10.4/lib/python3.10/site-packages/airflow/example_dags/example_kubernetes_executor.py for tasks to queue
[2023-06-11T03:09:14.410+0000] {logging_mixin.py:137} INFO - [2023-06-11T03:09:14.410+0000] {dagbag.py:538} INFO - Filling up the DagBag from /usr/local/python/3.10.4/lib/python3.10/site-packages/airflow/example_dags/example_kubernetes_executor.py
[2023-06-11T03:09:14.428+0000] {logging_mixin.py:137} INFO - [2023-06-11T03:09:14.428+0000] {example_kubernetes_executor.py:41} WARNING - The example_kubernetes_executor example DAG requires the kubernetes provider. Please install it with: pip install apache-airflow[cncf.kubernetes]
[2023-06-11T03:09:14.428+0000] {processor.py:755} WARNING - No viable dags retrieved from /usr/local/python/3.10.4/lib/python3.10/site-packages/airflow/example_dags/example_kubernetes_executor.py
[2023-06-11T03:09:14.437+0000] {processor.py:175} INFO - Processing /usr/local/python/3.10.4/lib/python3.10/site-packages/airflow/example_dags/example_kubernetes_executor.py took 0.032 seconds
[2023-06-11T03:10:02.888+0000] {processor.py:153} INFO - Started process (PID=12123) to work on /usr/local/python/3.10.4/lib/python3.10/site-packages/airflow/example_dags/example_kubernetes_executor.py
[2023-06-11T03:10:02.889+0000] {processor.py:743} INFO - Processing file /usr/local/python/3.10.4/lib/python3.10/site-packages/airflow/example_dags/example_kubernetes_executor.py for tasks to queue
[2023-06-11T03:10:02.890+0000] {logging_mixin.py:137} INFO - [2023-06-11T03:10:02.889+0000] {dagbag.py:538} INFO - Filling up the DagBag from /usr/local/python/3.10.4/lib/python3.10/site-packages/airflow/example_dags/example_kubernetes_executor.py
[2023-06-11T03:10:02.908+0000] {logging_mixin.py:137} INFO - [2023-06-11T03:10:02.907+0000] {example_kubernetes_executor.py:41} WARNING - The example_kubernetes_executor example DAG requires the kubernetes provider. Please install it with: pip install apache-airflow[cncf.kubernetes]
[2023-06-11T03:10:02.908+0000] {processor.py:755} WARNING - No viable dags retrieved from /usr/local/python/3.10.4/lib/python3.10/site-packages/airflow/example_dags/example_kubernetes_executor.py
[2023-06-11T03:10:02.919+0000] {processor.py:175} INFO - Processing /usr/local/python/3.10.4/lib/python3.10/site-packages/airflow/example_dags/example_kubernetes_executor.py took 0.034 seconds
[2023-06-11T03:10:57.089+0000] {processor.py:153} INFO - Started process (PID=12563) to work on /usr/local/python/3.10.4/lib/python3.10/site-packages/airflow/example_dags/example_kubernetes_executor.py
[2023-06-11T03:10:57.090+0000] {processor.py:743} INFO - Processing file /usr/local/python/3.10.4/lib/python3.10/site-packages/airflow/example_dags/example_kubernetes_executor.py for tasks to queue
[2023-06-11T03:10:57.091+0000] {logging_mixin.py:137} INFO - [2023-06-11T03:10:57.091+0000] {dagbag.py:538} INFO - Filling up the DagBag from /usr/local/python/3.10.4/lib/python3.10/site-packages/airflow/example_dags/example_kubernetes_executor.py
[2023-06-11T03:10:57.109+0000] {logging_mixin.py:137} INFO - [2023-06-11T03:10:57.108+0000] {example_kubernetes_executor.py:41} WARNING - The example_kubernetes_executor example DAG requires the kubernetes provider. Please install it with: pip install apache-airflow[cncf.kubernetes]
[2023-06-11T03:10:57.109+0000] {processor.py:755} WARNING - No viable dags retrieved from /usr/local/python/3.10.4/lib/python3.10/site-packages/airflow/example_dags/example_kubernetes_executor.py
[2023-06-11T03:10:57.118+0000] {processor.py:175} INFO - Processing /usr/local/python/3.10.4/lib/python3.10/site-packages/airflow/example_dags/example_kubernetes_executor.py took 0.032 seconds
