[2023-06-11T03:01:22.595+0000] {processor.py:153} INFO - Started process (PID=7949) to work on /usr/local/python/3.10.4/lib/python3.10/site-packages/airflow/example_dags/example_latest_only_with_trigger.py
[2023-06-11T03:01:22.596+0000] {processor.py:743} INFO - Processing file /usr/local/python/3.10.4/lib/python3.10/site-packages/airflow/example_dags/example_latest_only_with_trigger.py for tasks to queue
[2023-06-11T03:01:22.597+0000] {logging_mixin.py:137} INFO - [2023-06-11T03:01:22.597+0000] {dagbag.py:538} INFO - Filling up the DagBag from /usr/local/python/3.10.4/lib/python3.10/site-packages/airflow/example_dags/example_latest_only_with_trigger.py
[2023-06-11T03:01:22.620+0000] {processor.py:753} INFO - DAG(s) dict_keys(['latest_only_with_trigger']) retrieved from /usr/local/python/3.10.4/lib/python3.10/site-packages/airflow/example_dags/example_latest_only_with_trigger.py
[2023-06-11T03:01:22.811+0000] {logging_mixin.py:137} INFO - [2023-06-11T03:01:22.811+0000] {manager.py:504} INFO - Created Permission View: can delete on DAG:latest_only_with_trigger
[2023-06-11T03:01:22.851+0000] {logging_mixin.py:137} INFO - [2023-06-11T03:01:22.850+0000] {manager.py:504} INFO - Created Permission View: can edit on DAG:latest_only_with_trigger
[2023-06-11T03:01:22.885+0000] {logging_mixin.py:137} INFO - [2023-06-11T03:01:22.884+0000] {manager.py:504} INFO - Created Permission View: can read on DAG:latest_only_with_trigger
[2023-06-11T03:01:22.885+0000] {logging_mixin.py:137} INFO - [2023-06-11T03:01:22.885+0000] {dag.py:2690} INFO - Sync 1 DAGs
[2023-06-11T03:01:22.895+0000] {logging_mixin.py:137} INFO - [2023-06-11T03:01:22.895+0000] {dag.py:2711} INFO - Creating ORM DAG for latest_only_with_trigger
[2023-06-11T03:01:22.904+0000] {logging_mixin.py:137} INFO - [2023-06-11T03:01:22.904+0000] {dag.py:3437} INFO - Setting next_dagrun for latest_only_with_trigger to 2023-06-10T23:01:22.904334+00:00, run_after=2023-06-11T03:01:22.904334+00:00
[2023-06-11T03:01:22.949+0000] {processor.py:175} INFO - Processing /usr/local/python/3.10.4/lib/python3.10/site-packages/airflow/example_dags/example_latest_only_with_trigger.py took 0.358 seconds
[2023-06-11T03:02:10.170+0000] {processor.py:153} INFO - Started process (PID=8259) to work on /usr/local/python/3.10.4/lib/python3.10/site-packages/airflow/example_dags/example_latest_only_with_trigger.py
[2023-06-11T03:02:10.171+0000] {processor.py:743} INFO - Processing file /usr/local/python/3.10.4/lib/python3.10/site-packages/airflow/example_dags/example_latest_only_with_trigger.py for tasks to queue
[2023-06-11T03:02:10.172+0000] {logging_mixin.py:137} INFO - [2023-06-11T03:02:10.172+0000] {dagbag.py:538} INFO - Filling up the DagBag from /usr/local/python/3.10.4/lib/python3.10/site-packages/airflow/example_dags/example_latest_only_with_trigger.py
[2023-06-11T03:02:10.190+0000] {processor.py:753} INFO - DAG(s) dict_keys(['latest_only_with_trigger']) retrieved from /usr/local/python/3.10.4/lib/python3.10/site-packages/airflow/example_dags/example_latest_only_with_trigger.py
[2023-06-11T03:02:10.210+0000] {logging_mixin.py:137} INFO - [2023-06-11T03:02:10.210+0000] {dag.py:2690} INFO - Sync 1 DAGs
[2023-06-11T03:02:10.230+0000] {logging_mixin.py:137} INFO - [2023-06-11T03:02:10.229+0000] {dag.py:3437} INFO - Setting next_dagrun for latest_only_with_trigger to 2023-06-10T23:02:10.229716+00:00, run_after=2023-06-11T03:02:10.229716+00:00
[2023-06-11T03:02:10.274+0000] {processor.py:175} INFO - Processing /usr/local/python/3.10.4/lib/python3.10/site-packages/airflow/example_dags/example_latest_only_with_trigger.py took 0.107 seconds
[2023-06-11T03:02:52.243+0000] {processor.py:153} INFO - Started process (PID=8573) to work on /usr/local/python/3.10.4/lib/python3.10/site-packages/airflow/example_dags/example_latest_only_with_trigger.py
[2023-06-11T03:02:52.244+0000] {processor.py:743} INFO - Processing file /usr/local/python/3.10.4/lib/python3.10/site-packages/airflow/example_dags/example_latest_only_with_trigger.py for tasks to queue
[2023-06-11T03:02:52.245+0000] {logging_mixin.py:137} INFO - [2023-06-11T03:02:52.244+0000] {dagbag.py:538} INFO - Filling up the DagBag from /usr/local/python/3.10.4/lib/python3.10/site-packages/airflow/example_dags/example_latest_only_with_trigger.py
[2023-06-11T03:02:52.262+0000] {processor.py:753} INFO - DAG(s) dict_keys(['latest_only_with_trigger']) retrieved from /usr/local/python/3.10.4/lib/python3.10/site-packages/airflow/example_dags/example_latest_only_with_trigger.py
[2023-06-11T03:02:52.284+0000] {logging_mixin.py:137} INFO - [2023-06-11T03:02:52.283+0000] {dag.py:2690} INFO - Sync 1 DAGs
[2023-06-11T03:02:52.303+0000] {logging_mixin.py:137} INFO - [2023-06-11T03:02:52.302+0000] {dag.py:3437} INFO - Setting next_dagrun for latest_only_with_trigger to 2023-06-10T23:02:52.302723+00:00, run_after=2023-06-11T03:02:52.302723+00:00
[2023-06-11T03:02:52.355+0000] {processor.py:175} INFO - Processing /usr/local/python/3.10.4/lib/python3.10/site-packages/airflow/example_dags/example_latest_only_with_trigger.py took 0.116 seconds
[2023-06-11T03:03:33.247+0000] {processor.py:153} INFO - Started process (PID=8873) to work on /usr/local/python/3.10.4/lib/python3.10/site-packages/airflow/example_dags/example_latest_only_with_trigger.py
[2023-06-11T03:03:33.248+0000] {processor.py:743} INFO - Processing file /usr/local/python/3.10.4/lib/python3.10/site-packages/airflow/example_dags/example_latest_only_with_trigger.py for tasks to queue
[2023-06-11T03:03:33.249+0000] {logging_mixin.py:137} INFO - [2023-06-11T03:03:33.249+0000] {dagbag.py:538} INFO - Filling up the DagBag from /usr/local/python/3.10.4/lib/python3.10/site-packages/airflow/example_dags/example_latest_only_with_trigger.py
[2023-06-11T03:03:33.265+0000] {processor.py:753} INFO - DAG(s) dict_keys(['latest_only_with_trigger']) retrieved from /usr/local/python/3.10.4/lib/python3.10/site-packages/airflow/example_dags/example_latest_only_with_trigger.py
[2023-06-11T03:03:33.283+0000] {logging_mixin.py:137} INFO - [2023-06-11T03:03:33.283+0000] {dag.py:2690} INFO - Sync 1 DAGs
[2023-06-11T03:03:33.301+0000] {logging_mixin.py:137} INFO - [2023-06-11T03:03:33.301+0000] {dag.py:3437} INFO - Setting next_dagrun for latest_only_with_trigger to 2023-06-10T23:03:33.301525+00:00, run_after=2023-06-11T03:03:33.301525+00:00
[2023-06-11T03:03:33.352+0000] {processor.py:175} INFO - Processing /usr/local/python/3.10.4/lib/python3.10/site-packages/airflow/example_dags/example_latest_only_with_trigger.py took 0.108 seconds
[2023-06-11T03:04:14.670+0000] {processor.py:153} INFO - Started process (PID=9192) to work on /usr/local/python/3.10.4/lib/python3.10/site-packages/airflow/example_dags/example_latest_only_with_trigger.py
[2023-06-11T03:04:14.671+0000] {processor.py:743} INFO - Processing file /usr/local/python/3.10.4/lib/python3.10/site-packages/airflow/example_dags/example_latest_only_with_trigger.py for tasks to queue
[2023-06-11T03:04:14.672+0000] {logging_mixin.py:137} INFO - [2023-06-11T03:04:14.672+0000] {dagbag.py:538} INFO - Filling up the DagBag from /usr/local/python/3.10.4/lib/python3.10/site-packages/airflow/example_dags/example_latest_only_with_trigger.py
[2023-06-11T03:04:14.690+0000] {processor.py:753} INFO - DAG(s) dict_keys(['latest_only_with_trigger']) retrieved from /usr/local/python/3.10.4/lib/python3.10/site-packages/airflow/example_dags/example_latest_only_with_trigger.py
[2023-06-11T03:04:14.710+0000] {logging_mixin.py:137} INFO - [2023-06-11T03:04:14.710+0000] {dag.py:2690} INFO - Sync 1 DAGs
[2023-06-11T03:04:14.744+0000] {logging_mixin.py:137} INFO - [2023-06-11T03:04:14.744+0000] {dag.py:3437} INFO - Setting next_dagrun for latest_only_with_trigger to 2023-06-10T23:04:14.744124+00:00, run_after=2023-06-11T03:04:14.744124+00:00
[2023-06-11T03:04:14.792+0000] {processor.py:175} INFO - Processing /usr/local/python/3.10.4/lib/python3.10/site-packages/airflow/example_dags/example_latest_only_with_trigger.py took 0.127 seconds
[2023-06-11T03:04:59.909+0000] {processor.py:153} INFO - Started process (PID=9601) to work on /usr/local/python/3.10.4/lib/python3.10/site-packages/airflow/example_dags/example_latest_only_with_trigger.py
[2023-06-11T03:04:59.910+0000] {processor.py:743} INFO - Processing file /usr/local/python/3.10.4/lib/python3.10/site-packages/airflow/example_dags/example_latest_only_with_trigger.py for tasks to queue
[2023-06-11T03:04:59.911+0000] {logging_mixin.py:137} INFO - [2023-06-11T03:04:59.911+0000] {dagbag.py:538} INFO - Filling up the DagBag from /usr/local/python/3.10.4/lib/python3.10/site-packages/airflow/example_dags/example_latest_only_with_trigger.py
[2023-06-11T03:04:59.926+0000] {processor.py:753} INFO - DAG(s) dict_keys(['latest_only_with_trigger']) retrieved from /usr/local/python/3.10.4/lib/python3.10/site-packages/airflow/example_dags/example_latest_only_with_trigger.py
[2023-06-11T03:04:59.946+0000] {logging_mixin.py:137} INFO - [2023-06-11T03:04:59.945+0000] {dag.py:2690} INFO - Sync 1 DAGs
[2023-06-11T03:04:59.970+0000] {logging_mixin.py:137} INFO - [2023-06-11T03:04:59.970+0000] {dag.py:3437} INFO - Setting next_dagrun for latest_only_with_trigger to 2023-06-10T23:04:59.970112+00:00, run_after=2023-06-11T03:04:59.970112+00:00
[2023-06-11T03:05:00.019+0000] {processor.py:175} INFO - Processing /usr/local/python/3.10.4/lib/python3.10/site-packages/airflow/example_dags/example_latest_only_with_trigger.py took 0.114 seconds
[2023-06-11T03:05:40.686+0000] {processor.py:153} INFO - Started process (PID=9932) to work on /usr/local/python/3.10.4/lib/python3.10/site-packages/airflow/example_dags/example_latest_only_with_trigger.py
[2023-06-11T03:05:40.687+0000] {processor.py:743} INFO - Processing file /usr/local/python/3.10.4/lib/python3.10/site-packages/airflow/example_dags/example_latest_only_with_trigger.py for tasks to queue
[2023-06-11T03:05:40.688+0000] {logging_mixin.py:137} INFO - [2023-06-11T03:05:40.688+0000] {dagbag.py:538} INFO - Filling up the DagBag from /usr/local/python/3.10.4/lib/python3.10/site-packages/airflow/example_dags/example_latest_only_with_trigger.py
[2023-06-11T03:05:40.703+0000] {processor.py:753} INFO - DAG(s) dict_keys(['latest_only_with_trigger']) retrieved from /usr/local/python/3.10.4/lib/python3.10/site-packages/airflow/example_dags/example_latest_only_with_trigger.py
[2023-06-11T03:05:40.725+0000] {logging_mixin.py:137} INFO - [2023-06-11T03:05:40.724+0000] {dag.py:2690} INFO - Sync 1 DAGs
[2023-06-11T03:05:40.745+0000] {logging_mixin.py:137} INFO - [2023-06-11T03:05:40.745+0000] {dag.py:3437} INFO - Setting next_dagrun for latest_only_with_trigger to 2023-06-10T23:05:40.745008+00:00, run_after=2023-06-11T03:05:40.745008+00:00
[2023-06-11T03:05:40.792+0000] {processor.py:175} INFO - Processing /usr/local/python/3.10.4/lib/python3.10/site-packages/airflow/example_dags/example_latest_only_with_trigger.py took 0.109 seconds
[2023-06-11T03:06:27.638+0000] {processor.py:153} INFO - Started process (PID=10371) to work on /usr/local/python/3.10.4/lib/python3.10/site-packages/airflow/example_dags/example_latest_only_with_trigger.py
[2023-06-11T03:06:27.640+0000] {processor.py:743} INFO - Processing file /usr/local/python/3.10.4/lib/python3.10/site-packages/airflow/example_dags/example_latest_only_with_trigger.py for tasks to queue
[2023-06-11T03:06:27.640+0000] {logging_mixin.py:137} INFO - [2023-06-11T03:06:27.640+0000] {dagbag.py:538} INFO - Filling up the DagBag from /usr/local/python/3.10.4/lib/python3.10/site-packages/airflow/example_dags/example_latest_only_with_trigger.py
[2023-06-11T03:06:27.666+0000] {processor.py:753} INFO - DAG(s) dict_keys(['latest_only_with_trigger']) retrieved from /usr/local/python/3.10.4/lib/python3.10/site-packages/airflow/example_dags/example_latest_only_with_trigger.py
[2023-06-11T03:06:27.758+0000] {logging_mixin.py:137} INFO - [2023-06-11T03:06:27.757+0000] {dag.py:2690} INFO - Sync 1 DAGs
[2023-06-11T03:06:27.930+0000] {logging_mixin.py:137} INFO - [2023-06-11T03:06:27.915+0000] {dag.py:3437} INFO - Setting next_dagrun for latest_only_with_trigger to 2023-06-10T23:06:27.915421+00:00, run_after=2023-06-11T03:06:27.915421+00:00
[2023-06-11T03:06:28.063+0000] {processor.py:175} INFO - Processing /usr/local/python/3.10.4/lib/python3.10/site-packages/airflow/example_dags/example_latest_only_with_trigger.py took 0.429 seconds
[2023-06-11T03:07:15.384+0000] {processor.py:153} INFO - Started process (PID=10838) to work on /usr/local/python/3.10.4/lib/python3.10/site-packages/airflow/example_dags/example_latest_only_with_trigger.py
[2023-06-11T03:07:15.385+0000] {processor.py:743} INFO - Processing file /usr/local/python/3.10.4/lib/python3.10/site-packages/airflow/example_dags/example_latest_only_with_trigger.py for tasks to queue
[2023-06-11T03:07:15.386+0000] {logging_mixin.py:137} INFO - [2023-06-11T03:07:15.385+0000] {dagbag.py:538} INFO - Filling up the DagBag from /usr/local/python/3.10.4/lib/python3.10/site-packages/airflow/example_dags/example_latest_only_with_trigger.py
[2023-06-11T03:07:15.404+0000] {processor.py:753} INFO - DAG(s) dict_keys(['latest_only_with_trigger']) retrieved from /usr/local/python/3.10.4/lib/python3.10/site-packages/airflow/example_dags/example_latest_only_with_trigger.py
[2023-06-11T03:07:15.433+0000] {logging_mixin.py:137} INFO - [2023-06-11T03:07:15.432+0000] {dag.py:2690} INFO - Sync 1 DAGs
[2023-06-11T03:07:15.465+0000] {logging_mixin.py:137} INFO - [2023-06-11T03:07:15.464+0000] {dag.py:3437} INFO - Setting next_dagrun for latest_only_with_trigger to 2023-06-10T23:07:15.464644+00:00, run_after=2023-06-11T03:07:15.464644+00:00
[2023-06-11T03:07:15.535+0000] {processor.py:175} INFO - Processing /usr/local/python/3.10.4/lib/python3.10/site-packages/airflow/example_dags/example_latest_only_with_trigger.py took 0.155 seconds
[2023-06-11T03:08:02.618+0000] {processor.py:153} INFO - Started process (PID=11254) to work on /usr/local/python/3.10.4/lib/python3.10/site-packages/airflow/example_dags/example_latest_only_with_trigger.py
[2023-06-11T03:08:02.619+0000] {processor.py:743} INFO - Processing file /usr/local/python/3.10.4/lib/python3.10/site-packages/airflow/example_dags/example_latest_only_with_trigger.py for tasks to queue
[2023-06-11T03:08:02.620+0000] {logging_mixin.py:137} INFO - [2023-06-11T03:08:02.620+0000] {dagbag.py:538} INFO - Filling up the DagBag from /usr/local/python/3.10.4/lib/python3.10/site-packages/airflow/example_dags/example_latest_only_with_trigger.py
[2023-06-11T03:08:02.636+0000] {processor.py:753} INFO - DAG(s) dict_keys(['latest_only_with_trigger']) retrieved from /usr/local/python/3.10.4/lib/python3.10/site-packages/airflow/example_dags/example_latest_only_with_trigger.py
[2023-06-11T03:08:02.655+0000] {logging_mixin.py:137} INFO - [2023-06-11T03:08:02.655+0000] {dag.py:2690} INFO - Sync 1 DAGs
[2023-06-11T03:08:02.674+0000] {logging_mixin.py:137} INFO - [2023-06-11T03:08:02.674+0000] {dag.py:3437} INFO - Setting next_dagrun for latest_only_with_trigger to 2023-06-10T23:08:02.674075+00:00, run_after=2023-06-11T03:08:02.674075+00:00
[2023-06-11T03:08:02.718+0000] {processor.py:175} INFO - Processing /usr/local/python/3.10.4/lib/python3.10/site-packages/airflow/example_dags/example_latest_only_with_trigger.py took 0.103 seconds
[2023-06-11T03:08:43.912+0000] {processor.py:153} INFO - Started process (PID=11553) to work on /usr/local/python/3.10.4/lib/python3.10/site-packages/airflow/example_dags/example_latest_only_with_trigger.py
[2023-06-11T03:08:43.913+0000] {processor.py:743} INFO - Processing file /usr/local/python/3.10.4/lib/python3.10/site-packages/airflow/example_dags/example_latest_only_with_trigger.py for tasks to queue
[2023-06-11T03:08:43.914+0000] {logging_mixin.py:137} INFO - [2023-06-11T03:08:43.914+0000] {dagbag.py:538} INFO - Filling up the DagBag from /usr/local/python/3.10.4/lib/python3.10/site-packages/airflow/example_dags/example_latest_only_with_trigger.py
[2023-06-11T03:08:43.930+0000] {processor.py:753} INFO - DAG(s) dict_keys(['latest_only_with_trigger']) retrieved from /usr/local/python/3.10.4/lib/python3.10/site-packages/airflow/example_dags/example_latest_only_with_trigger.py
[2023-06-11T03:08:43.950+0000] {logging_mixin.py:137} INFO - [2023-06-11T03:08:43.950+0000] {dag.py:2690} INFO - Sync 1 DAGs
[2023-06-11T03:08:43.970+0000] {logging_mixin.py:137} INFO - [2023-06-11T03:08:43.970+0000] {dag.py:3437} INFO - Setting next_dagrun for latest_only_with_trigger to 2023-06-10T23:08:43.970098+00:00, run_after=2023-06-11T03:08:43.970098+00:00
[2023-06-11T03:08:44.023+0000] {processor.py:175} INFO - Processing /usr/local/python/3.10.4/lib/python3.10/site-packages/airflow/example_dags/example_latest_only_with_trigger.py took 0.114 seconds
[2023-06-11T03:09:29.127+0000] {processor.py:153} INFO - Started process (PID=11889) to work on /usr/local/python/3.10.4/lib/python3.10/site-packages/airflow/example_dags/example_latest_only_with_trigger.py
[2023-06-11T03:09:29.128+0000] {processor.py:743} INFO - Processing file /usr/local/python/3.10.4/lib/python3.10/site-packages/airflow/example_dags/example_latest_only_with_trigger.py for tasks to queue
[2023-06-11T03:09:29.129+0000] {logging_mixin.py:137} INFO - [2023-06-11T03:09:29.129+0000] {dagbag.py:538} INFO - Filling up the DagBag from /usr/local/python/3.10.4/lib/python3.10/site-packages/airflow/example_dags/example_latest_only_with_trigger.py
[2023-06-11T03:09:29.144+0000] {processor.py:753} INFO - DAG(s) dict_keys(['latest_only_with_trigger']) retrieved from /usr/local/python/3.10.4/lib/python3.10/site-packages/airflow/example_dags/example_latest_only_with_trigger.py
[2023-06-11T03:09:29.164+0000] {logging_mixin.py:137} INFO - [2023-06-11T03:09:29.164+0000] {dag.py:2690} INFO - Sync 1 DAGs
[2023-06-11T03:09:29.186+0000] {logging_mixin.py:137} INFO - [2023-06-11T03:09:29.185+0000] {dag.py:3437} INFO - Setting next_dagrun for latest_only_with_trigger to 2023-06-10T23:09:29.185746+00:00, run_after=2023-06-11T03:09:29.185746+00:00
[2023-06-11T03:09:29.369+0000] {processor.py:175} INFO - Processing /usr/local/python/3.10.4/lib/python3.10/site-packages/airflow/example_dags/example_latest_only_with_trigger.py took 0.246 seconds
[2023-06-11T03:10:19.034+0000] {processor.py:153} INFO - Started process (PID=12249) to work on /usr/local/python/3.10.4/lib/python3.10/site-packages/airflow/example_dags/example_latest_only_with_trigger.py
[2023-06-11T03:10:19.034+0000] {processor.py:743} INFO - Processing file /usr/local/python/3.10.4/lib/python3.10/site-packages/airflow/example_dags/example_latest_only_with_trigger.py for tasks to queue
[2023-06-11T03:10:19.035+0000] {logging_mixin.py:137} INFO - [2023-06-11T03:10:19.035+0000] {dagbag.py:538} INFO - Filling up the DagBag from /usr/local/python/3.10.4/lib/python3.10/site-packages/airflow/example_dags/example_latest_only_with_trigger.py
[2023-06-11T03:10:19.051+0000] {processor.py:753} INFO - DAG(s) dict_keys(['latest_only_with_trigger']) retrieved from /usr/local/python/3.10.4/lib/python3.10/site-packages/airflow/example_dags/example_latest_only_with_trigger.py
[2023-06-11T03:10:19.069+0000] {logging_mixin.py:137} INFO - [2023-06-11T03:10:19.069+0000] {dag.py:2690} INFO - Sync 1 DAGs
[2023-06-11T03:10:19.221+0000] {logging_mixin.py:137} INFO - [2023-06-11T03:10:19.221+0000] {dag.py:3437} INFO - Setting next_dagrun for latest_only_with_trigger to 2023-06-10T23:10:19.221433+00:00, run_after=2023-06-11T03:10:19.221433+00:00
[2023-06-11T03:10:19.267+0000] {processor.py:175} INFO - Processing /usr/local/python/3.10.4/lib/python3.10/site-packages/airflow/example_dags/example_latest_only_with_trigger.py took 0.238 seconds
