[2023-06-11T03:01:05.241+0000] {processor.py:153} INFO - Started process (PID=7820) to work on /usr/local/python/3.10.4/lib/python3.10/site-packages/airflow/example_dags/example_task_group_decorator.py
[2023-06-11T03:01:05.242+0000] {processor.py:743} INFO - Processing file /usr/local/python/3.10.4/lib/python3.10/site-packages/airflow/example_dags/example_task_group_decorator.py for tasks to queue
[2023-06-11T03:01:05.243+0000] {logging_mixin.py:137} INFO - [2023-06-11T03:01:05.243+0000] {dagbag.py:538} INFO - Filling up the DagBag from /usr/local/python/3.10.4/lib/python3.10/site-packages/airflow/example_dags/example_task_group_decorator.py
[2023-06-11T03:01:05.275+0000] {processor.py:753} INFO - DAG(s) dict_keys(['example_task_group_decorator']) retrieved from /usr/local/python/3.10.4/lib/python3.10/site-packages/airflow/example_dags/example_task_group_decorator.py
[2023-06-11T03:01:05.455+0000] {logging_mixin.py:137} INFO - [2023-06-11T03:01:05.455+0000] {manager.py:504} INFO - Created Permission View: can delete on DAG:example_task_group_decorator
[2023-06-11T03:01:05.491+0000] {logging_mixin.py:137} INFO - [2023-06-11T03:01:05.490+0000] {manager.py:504} INFO - Created Permission View: can edit on DAG:example_task_group_decorator
[2023-06-11T03:01:05.524+0000] {logging_mixin.py:137} INFO - [2023-06-11T03:01:05.523+0000] {manager.py:504} INFO - Created Permission View: can read on DAG:example_task_group_decorator
[2023-06-11T03:01:05.524+0000] {logging_mixin.py:137} INFO - [2023-06-11T03:01:05.524+0000] {dag.py:2690} INFO - Sync 1 DAGs
[2023-06-11T03:01:05.535+0000] {logging_mixin.py:137} INFO - [2023-06-11T03:01:05.534+0000] {dag.py:2711} INFO - Creating ORM DAG for example_task_group_decorator
[2023-06-11T03:01:05.549+0000] {logging_mixin.py:137} INFO - [2023-06-11T03:01:05.549+0000] {dag.py:3437} INFO - Setting next_dagrun for example_task_group_decorator to 2023-06-10T03:01:05.548861+00:00, run_after=2023-06-11T03:01:05.548861+00:00
[2023-06-11T03:01:05.610+0000] {processor.py:175} INFO - Processing /usr/local/python/3.10.4/lib/python3.10/site-packages/airflow/example_dags/example_task_group_decorator.py took 0.372 seconds
[2023-06-11T03:01:54.685+0000] {processor.py:153} INFO - Started process (PID=8165) to work on /usr/local/python/3.10.4/lib/python3.10/site-packages/airflow/example_dags/example_task_group_decorator.py
[2023-06-11T03:01:54.686+0000] {processor.py:743} INFO - Processing file /usr/local/python/3.10.4/lib/python3.10/site-packages/airflow/example_dags/example_task_group_decorator.py for tasks to queue
[2023-06-11T03:01:54.686+0000] {logging_mixin.py:137} INFO - [2023-06-11T03:01:54.686+0000] {dagbag.py:538} INFO - Filling up the DagBag from /usr/local/python/3.10.4/lib/python3.10/site-packages/airflow/example_dags/example_task_group_decorator.py
[2023-06-11T03:01:54.720+0000] {processor.py:753} INFO - DAG(s) dict_keys(['example_task_group_decorator']) retrieved from /usr/local/python/3.10.4/lib/python3.10/site-packages/airflow/example_dags/example_task_group_decorator.py
[2023-06-11T03:01:54.740+0000] {logging_mixin.py:137} INFO - [2023-06-11T03:01:54.740+0000] {dag.py:2690} INFO - Sync 1 DAGs
[2023-06-11T03:01:54.759+0000] {logging_mixin.py:137} INFO - [2023-06-11T03:01:54.759+0000] {dag.py:3437} INFO - Setting next_dagrun for example_task_group_decorator to 2023-06-10T03:01:54.758838+00:00, run_after=2023-06-11T03:01:54.758838+00:00
[2023-06-11T03:01:54.803+0000] {processor.py:175} INFO - Processing /usr/local/python/3.10.4/lib/python3.10/site-packages/airflow/example_dags/example_task_group_decorator.py took 0.123 seconds
[2023-06-11T03:02:36.854+0000] {processor.py:153} INFO - Started process (PID=8466) to work on /usr/local/python/3.10.4/lib/python3.10/site-packages/airflow/example_dags/example_task_group_decorator.py
[2023-06-11T03:02:36.855+0000] {processor.py:743} INFO - Processing file /usr/local/python/3.10.4/lib/python3.10/site-packages/airflow/example_dags/example_task_group_decorator.py for tasks to queue
[2023-06-11T03:02:36.856+0000] {logging_mixin.py:137} INFO - [2023-06-11T03:02:36.856+0000] {dagbag.py:538} INFO - Filling up the DagBag from /usr/local/python/3.10.4/lib/python3.10/site-packages/airflow/example_dags/example_task_group_decorator.py
[2023-06-11T03:02:36.890+0000] {processor.py:753} INFO - DAG(s) dict_keys(['example_task_group_decorator']) retrieved from /usr/local/python/3.10.4/lib/python3.10/site-packages/airflow/example_dags/example_task_group_decorator.py
[2023-06-11T03:02:36.911+0000] {logging_mixin.py:137} INFO - [2023-06-11T03:02:36.911+0000] {dag.py:2690} INFO - Sync 1 DAGs
[2023-06-11T03:02:36.930+0000] {logging_mixin.py:137} INFO - [2023-06-11T03:02:36.930+0000] {dag.py:3437} INFO - Setting next_dagrun for example_task_group_decorator to 2023-06-10T03:02:36.930409+00:00, run_after=2023-06-11T03:02:36.930409+00:00
[2023-06-11T03:02:36.977+0000] {processor.py:175} INFO - Processing /usr/local/python/3.10.4/lib/python3.10/site-packages/airflow/example_dags/example_task_group_decorator.py took 0.126 seconds
[2023-06-11T03:03:17.522+0000] {processor.py:153} INFO - Started process (PID=8770) to work on /usr/local/python/3.10.4/lib/python3.10/site-packages/airflow/example_dags/example_task_group_decorator.py
[2023-06-11T03:03:17.523+0000] {processor.py:743} INFO - Processing file /usr/local/python/3.10.4/lib/python3.10/site-packages/airflow/example_dags/example_task_group_decorator.py for tasks to queue
[2023-06-11T03:03:17.524+0000] {logging_mixin.py:137} INFO - [2023-06-11T03:03:17.523+0000] {dagbag.py:538} INFO - Filling up the DagBag from /usr/local/python/3.10.4/lib/python3.10/site-packages/airflow/example_dags/example_task_group_decorator.py
[2023-06-11T03:03:17.555+0000] {processor.py:753} INFO - DAG(s) dict_keys(['example_task_group_decorator']) retrieved from /usr/local/python/3.10.4/lib/python3.10/site-packages/airflow/example_dags/example_task_group_decorator.py
[2023-06-11T03:03:17.578+0000] {logging_mixin.py:137} INFO - [2023-06-11T03:03:17.577+0000] {dag.py:2690} INFO - Sync 1 DAGs
[2023-06-11T03:03:17.596+0000] {logging_mixin.py:137} INFO - [2023-06-11T03:03:17.596+0000] {dag.py:3437} INFO - Setting next_dagrun for example_task_group_decorator to 2023-06-10T03:03:17.596129+00:00, run_after=2023-06-11T03:03:17.596129+00:00
[2023-06-11T03:03:17.644+0000] {processor.py:175} INFO - Processing /usr/local/python/3.10.4/lib/python3.10/site-packages/airflow/example_dags/example_task_group_decorator.py took 0.126 seconds
[2023-06-11T03:03:51.874+0000] {processor.py:153} INFO - Started process (PID=9010) to work on /usr/local/python/3.10.4/lib/python3.10/site-packages/airflow/example_dags/example_task_group_decorator.py
[2023-06-11T03:03:51.874+0000] {processor.py:743} INFO - Processing file /usr/local/python/3.10.4/lib/python3.10/site-packages/airflow/example_dags/example_task_group_decorator.py for tasks to queue
[2023-06-11T03:03:51.875+0000] {logging_mixin.py:137} INFO - [2023-06-11T03:03:51.875+0000] {dagbag.py:538} INFO - Filling up the DagBag from /usr/local/python/3.10.4/lib/python3.10/site-packages/airflow/example_dags/example_task_group_decorator.py
[2023-06-11T03:03:51.922+0000] {processor.py:753} INFO - DAG(s) dict_keys(['example_task_group_decorator']) retrieved from /usr/local/python/3.10.4/lib/python3.10/site-packages/airflow/example_dags/example_task_group_decorator.py
[2023-06-11T03:03:51.952+0000] {logging_mixin.py:137} INFO - [2023-06-11T03:03:51.952+0000] {dag.py:2690} INFO - Sync 1 DAGs
[2023-06-11T03:03:51.977+0000] {logging_mixin.py:137} INFO - [2023-06-11T03:03:51.977+0000] {dag.py:3437} INFO - Setting next_dagrun for example_task_group_decorator to 2023-06-10T03:03:51.977425+00:00, run_after=2023-06-11T03:03:51.977425+00:00
[2023-06-11T03:03:52.022+0000] {processor.py:175} INFO - Processing /usr/local/python/3.10.4/lib/python3.10/site-packages/airflow/example_dags/example_task_group_decorator.py took 0.152 seconds
[2023-06-11T03:04:33.756+0000] {processor.py:153} INFO - Started process (PID=9324) to work on /usr/local/python/3.10.4/lib/python3.10/site-packages/airflow/example_dags/example_task_group_decorator.py
[2023-06-11T03:04:33.757+0000] {processor.py:743} INFO - Processing file /usr/local/python/3.10.4/lib/python3.10/site-packages/airflow/example_dags/example_task_group_decorator.py for tasks to queue
[2023-06-11T03:04:33.759+0000] {logging_mixin.py:137} INFO - [2023-06-11T03:04:33.759+0000] {dagbag.py:538} INFO - Filling up the DagBag from /usr/local/python/3.10.4/lib/python3.10/site-packages/airflow/example_dags/example_task_group_decorator.py
[2023-06-11T03:04:33.793+0000] {processor.py:753} INFO - DAG(s) dict_keys(['example_task_group_decorator']) retrieved from /usr/local/python/3.10.4/lib/python3.10/site-packages/airflow/example_dags/example_task_group_decorator.py
[2023-06-11T03:04:33.814+0000] {logging_mixin.py:137} INFO - [2023-06-11T03:04:33.813+0000] {dag.py:2690} INFO - Sync 1 DAGs
[2023-06-11T03:04:33.834+0000] {logging_mixin.py:137} INFO - [2023-06-11T03:04:33.834+0000] {dag.py:3437} INFO - Setting next_dagrun for example_task_group_decorator to 2023-06-10T03:04:33.834268+00:00, run_after=2023-06-11T03:04:33.834268+00:00
[2023-06-11T03:04:33.879+0000] {processor.py:175} INFO - Processing /usr/local/python/3.10.4/lib/python3.10/site-packages/airflow/example_dags/example_task_group_decorator.py took 0.126 seconds
[2023-06-11T03:05:10.405+0000] {processor.py:153} INFO - Started process (PID=9702) to work on /usr/local/python/3.10.4/lib/python3.10/site-packages/airflow/example_dags/example_task_group_decorator.py
[2023-06-11T03:05:10.406+0000] {processor.py:743} INFO - Processing file /usr/local/python/3.10.4/lib/python3.10/site-packages/airflow/example_dags/example_task_group_decorator.py for tasks to queue
[2023-06-11T03:05:10.406+0000] {logging_mixin.py:137} INFO - [2023-06-11T03:05:10.406+0000] {dagbag.py:538} INFO - Filling up the DagBag from /usr/local/python/3.10.4/lib/python3.10/site-packages/airflow/example_dags/example_task_group_decorator.py
[2023-06-11T03:05:10.438+0000] {processor.py:753} INFO - DAG(s) dict_keys(['example_task_group_decorator']) retrieved from /usr/local/python/3.10.4/lib/python3.10/site-packages/airflow/example_dags/example_task_group_decorator.py
[2023-06-11T03:05:10.461+0000] {logging_mixin.py:137} INFO - [2023-06-11T03:05:10.460+0000] {dag.py:2690} INFO - Sync 1 DAGs
[2023-06-11T03:05:10.481+0000] {logging_mixin.py:137} INFO - [2023-06-11T03:05:10.481+0000] {dag.py:3437} INFO - Setting next_dagrun for example_task_group_decorator to 2023-06-10T03:05:10.481436+00:00, run_after=2023-06-11T03:05:10.481436+00:00
[2023-06-11T03:05:10.530+0000] {processor.py:175} INFO - Processing /usr/local/python/3.10.4/lib/python3.10/site-packages/airflow/example_dags/example_task_group_decorator.py took 0.128 seconds
[2023-06-11T03:05:45.600+0000] {processor.py:153} INFO - Started process (PID=9957) to work on /usr/local/python/3.10.4/lib/python3.10/site-packages/airflow/example_dags/example_task_group_decorator.py
[2023-06-11T03:05:45.601+0000] {processor.py:743} INFO - Processing file /usr/local/python/3.10.4/lib/python3.10/site-packages/airflow/example_dags/example_task_group_decorator.py for tasks to queue
[2023-06-11T03:05:45.602+0000] {logging_mixin.py:137} INFO - [2023-06-11T03:05:45.601+0000] {dagbag.py:538} INFO - Filling up the DagBag from /usr/local/python/3.10.4/lib/python3.10/site-packages/airflow/example_dags/example_task_group_decorator.py
[2023-06-11T03:05:45.632+0000] {processor.py:753} INFO - DAG(s) dict_keys(['example_task_group_decorator']) retrieved from /usr/local/python/3.10.4/lib/python3.10/site-packages/airflow/example_dags/example_task_group_decorator.py
[2023-06-11T03:05:45.655+0000] {logging_mixin.py:137} INFO - [2023-06-11T03:05:45.654+0000] {dag.py:2690} INFO - Sync 1 DAGs
[2023-06-11T03:05:45.674+0000] {logging_mixin.py:137} INFO - [2023-06-11T03:05:45.674+0000] {dag.py:3437} INFO - Setting next_dagrun for example_task_group_decorator to 2023-06-10T03:05:45.674031+00:00, run_after=2023-06-11T03:05:45.674031+00:00
[2023-06-11T03:05:45.722+0000] {processor.py:175} INFO - Processing /usr/local/python/3.10.4/lib/python3.10/site-packages/airflow/example_dags/example_task_group_decorator.py took 0.127 seconds
[2023-06-11T03:06:19.976+0000] {processor.py:153} INFO - Started process (PID=10297) to work on /usr/local/python/3.10.4/lib/python3.10/site-packages/airflow/example_dags/example_task_group_decorator.py
[2023-06-11T03:06:19.977+0000] {processor.py:743} INFO - Processing file /usr/local/python/3.10.4/lib/python3.10/site-packages/airflow/example_dags/example_task_group_decorator.py for tasks to queue
[2023-06-11T03:06:19.978+0000] {logging_mixin.py:137} INFO - [2023-06-11T03:06:19.978+0000] {dagbag.py:538} INFO - Filling up the DagBag from /usr/local/python/3.10.4/lib/python3.10/site-packages/airflow/example_dags/example_task_group_decorator.py
[2023-06-11T03:06:20.022+0000] {processor.py:753} INFO - DAG(s) dict_keys(['example_task_group_decorator']) retrieved from /usr/local/python/3.10.4/lib/python3.10/site-packages/airflow/example_dags/example_task_group_decorator.py
[2023-06-11T03:06:20.060+0000] {logging_mixin.py:137} INFO - [2023-06-11T03:06:20.060+0000] {dag.py:2690} INFO - Sync 1 DAGs
[2023-06-11T03:06:20.084+0000] {logging_mixin.py:137} INFO - [2023-06-11T03:06:20.084+0000] {dag.py:3437} INFO - Setting next_dagrun for example_task_group_decorator to 2023-06-10T03:06:20.084335+00:00, run_after=2023-06-11T03:06:20.084335+00:00
[2023-06-11T03:06:20.131+0000] {processor.py:175} INFO - Processing /usr/local/python/3.10.4/lib/python3.10/site-packages/airflow/example_dags/example_task_group_decorator.py took 0.159 seconds
[2023-06-11T03:06:59.078+0000] {processor.py:153} INFO - Started process (PID=10732) to work on /usr/local/python/3.10.4/lib/python3.10/site-packages/airflow/example_dags/example_task_group_decorator.py
[2023-06-11T03:06:59.079+0000] {processor.py:743} INFO - Processing file /usr/local/python/3.10.4/lib/python3.10/site-packages/airflow/example_dags/example_task_group_decorator.py for tasks to queue
[2023-06-11T03:06:59.080+0000] {logging_mixin.py:137} INFO - [2023-06-11T03:06:59.080+0000] {dagbag.py:538} INFO - Filling up the DagBag from /usr/local/python/3.10.4/lib/python3.10/site-packages/airflow/example_dags/example_task_group_decorator.py
[2023-06-11T03:06:59.110+0000] {processor.py:753} INFO - DAG(s) dict_keys(['example_task_group_decorator']) retrieved from /usr/local/python/3.10.4/lib/python3.10/site-packages/airflow/example_dags/example_task_group_decorator.py
[2023-06-11T03:06:59.130+0000] {logging_mixin.py:137} INFO - [2023-06-11T03:06:59.130+0000] {dag.py:2690} INFO - Sync 1 DAGs
[2023-06-11T03:06:59.149+0000] {logging_mixin.py:137} INFO - [2023-06-11T03:06:59.149+0000] {dag.py:3437} INFO - Setting next_dagrun for example_task_group_decorator to 2023-06-10T03:06:59.149550+00:00, run_after=2023-06-11T03:06:59.149550+00:00
[2023-06-11T03:06:59.196+0000] {processor.py:175} INFO - Processing /usr/local/python/3.10.4/lib/python3.10/site-packages/airflow/example_dags/example_task_group_decorator.py took 0.121 seconds
[2023-06-11T03:07:35.553+0000] {processor.py:153} INFO - Started process (PID=11013) to work on /usr/local/python/3.10.4/lib/python3.10/site-packages/airflow/example_dags/example_task_group_decorator.py
[2023-06-11T03:07:35.554+0000] {processor.py:743} INFO - Processing file /usr/local/python/3.10.4/lib/python3.10/site-packages/airflow/example_dags/example_task_group_decorator.py for tasks to queue
[2023-06-11T03:07:35.555+0000] {logging_mixin.py:137} INFO - [2023-06-11T03:07:35.555+0000] {dagbag.py:538} INFO - Filling up the DagBag from /usr/local/python/3.10.4/lib/python3.10/site-packages/airflow/example_dags/example_task_group_decorator.py
[2023-06-11T03:07:35.585+0000] {processor.py:753} INFO - DAG(s) dict_keys(['example_task_group_decorator']) retrieved from /usr/local/python/3.10.4/lib/python3.10/site-packages/airflow/example_dags/example_task_group_decorator.py
[2023-06-11T03:07:35.605+0000] {logging_mixin.py:137} INFO - [2023-06-11T03:07:35.605+0000] {dag.py:2690} INFO - Sync 1 DAGs
[2023-06-11T03:07:35.623+0000] {logging_mixin.py:137} INFO - [2023-06-11T03:07:35.623+0000] {dag.py:3437} INFO - Setting next_dagrun for example_task_group_decorator to 2023-06-10T03:07:35.623387+00:00, run_after=2023-06-11T03:07:35.623387+00:00
[2023-06-11T03:07:35.669+0000] {processor.py:175} INFO - Processing /usr/local/python/3.10.4/lib/python3.10/site-packages/airflow/example_dags/example_task_group_decorator.py took 0.119 seconds
[2023-06-11T03:08:10.593+0000] {processor.py:153} INFO - Started process (PID=11306) to work on /usr/local/python/3.10.4/lib/python3.10/site-packages/airflow/example_dags/example_task_group_decorator.py
[2023-06-11T03:08:10.599+0000] {processor.py:743} INFO - Processing file /usr/local/python/3.10.4/lib/python3.10/site-packages/airflow/example_dags/example_task_group_decorator.py for tasks to queue
[2023-06-11T03:08:10.601+0000] {logging_mixin.py:137} INFO - [2023-06-11T03:08:10.600+0000] {dagbag.py:538} INFO - Filling up the DagBag from /usr/local/python/3.10.4/lib/python3.10/site-packages/airflow/example_dags/example_task_group_decorator.py
[2023-06-11T03:08:10.648+0000] {processor.py:753} INFO - DAG(s) dict_keys(['example_task_group_decorator']) retrieved from /usr/local/python/3.10.4/lib/python3.10/site-packages/airflow/example_dags/example_task_group_decorator.py
[2023-06-11T03:08:10.689+0000] {logging_mixin.py:137} INFO - [2023-06-11T03:08:10.689+0000] {dag.py:2690} INFO - Sync 1 DAGs
[2023-06-11T03:08:10.728+0000] {logging_mixin.py:137} INFO - [2023-06-11T03:08:10.728+0000] {dag.py:3437} INFO - Setting next_dagrun for example_task_group_decorator to 2023-06-10T03:08:10.727729+00:00, run_after=2023-06-11T03:08:10.727729+00:00
[2023-06-11T03:08:10.943+0000] {processor.py:175} INFO - Processing /usr/local/python/3.10.4/lib/python3.10/site-packages/airflow/example_dags/example_task_group_decorator.py took 0.355 seconds
[2023-06-11T03:08:52.965+0000] {processor.py:153} INFO - Started process (PID=11636) to work on /usr/local/python/3.10.4/lib/python3.10/site-packages/airflow/example_dags/example_task_group_decorator.py
[2023-06-11T03:08:52.965+0000] {processor.py:743} INFO - Processing file /usr/local/python/3.10.4/lib/python3.10/site-packages/airflow/example_dags/example_task_group_decorator.py for tasks to queue
[2023-06-11T03:08:52.966+0000] {logging_mixin.py:137} INFO - [2023-06-11T03:08:52.966+0000] {dagbag.py:538} INFO - Filling up the DagBag from /usr/local/python/3.10.4/lib/python3.10/site-packages/airflow/example_dags/example_task_group_decorator.py
[2023-06-11T03:08:52.999+0000] {processor.py:753} INFO - DAG(s) dict_keys(['example_task_group_decorator']) retrieved from /usr/local/python/3.10.4/lib/python3.10/site-packages/airflow/example_dags/example_task_group_decorator.py
[2023-06-11T03:08:53.034+0000] {logging_mixin.py:137} INFO - [2023-06-11T03:08:53.033+0000] {dag.py:2690} INFO - Sync 1 DAGs
[2023-06-11T03:08:53.203+0000] {logging_mixin.py:137} INFO - [2023-06-11T03:08:53.203+0000] {dag.py:3437} INFO - Setting next_dagrun for example_task_group_decorator to 2023-06-10T03:08:53.203150+00:00, run_after=2023-06-11T03:08:53.203150+00:00
[2023-06-11T03:08:53.250+0000] {processor.py:175} INFO - Processing /usr/local/python/3.10.4/lib/python3.10/site-packages/airflow/example_dags/example_task_group_decorator.py took 0.289 seconds
[2023-06-11T03:09:38.504+0000] {processor.py:153} INFO - Started process (PID=11952) to work on /usr/local/python/3.10.4/lib/python3.10/site-packages/airflow/example_dags/example_task_group_decorator.py
[2023-06-11T03:09:38.505+0000] {processor.py:743} INFO - Processing file /usr/local/python/3.10.4/lib/python3.10/site-packages/airflow/example_dags/example_task_group_decorator.py for tasks to queue
[2023-06-11T03:09:38.506+0000] {logging_mixin.py:137} INFO - [2023-06-11T03:09:38.506+0000] {dagbag.py:538} INFO - Filling up the DagBag from /usr/local/python/3.10.4/lib/python3.10/site-packages/airflow/example_dags/example_task_group_decorator.py
[2023-06-11T03:09:38.537+0000] {processor.py:753} INFO - DAG(s) dict_keys(['example_task_group_decorator']) retrieved from /usr/local/python/3.10.4/lib/python3.10/site-packages/airflow/example_dags/example_task_group_decorator.py
[2023-06-11T03:09:38.567+0000] {logging_mixin.py:137} INFO - [2023-06-11T03:09:38.567+0000] {dag.py:2690} INFO - Sync 1 DAGs
[2023-06-11T03:09:38.766+0000] {logging_mixin.py:137} INFO - [2023-06-11T03:09:38.766+0000] {dag.py:3437} INFO - Setting next_dagrun for example_task_group_decorator to 2023-06-10T03:09:38.766020+00:00, run_after=2023-06-11T03:09:38.766020+00:00
[2023-06-11T03:09:38.810+0000] {processor.py:175} INFO - Processing /usr/local/python/3.10.4/lib/python3.10/site-packages/airflow/example_dags/example_task_group_decorator.py took 0.310 seconds
[2023-06-11T03:10:12.310+0000] {processor.py:153} INFO - Started process (PID=12198) to work on /usr/local/python/3.10.4/lib/python3.10/site-packages/airflow/example_dags/example_task_group_decorator.py
[2023-06-11T03:10:12.311+0000] {processor.py:743} INFO - Processing file /usr/local/python/3.10.4/lib/python3.10/site-packages/airflow/example_dags/example_task_group_decorator.py for tasks to queue
[2023-06-11T03:10:12.311+0000] {logging_mixin.py:137} INFO - [2023-06-11T03:10:12.311+0000] {dagbag.py:538} INFO - Filling up the DagBag from /usr/local/python/3.10.4/lib/python3.10/site-packages/airflow/example_dags/example_task_group_decorator.py
[2023-06-11T03:10:12.341+0000] {processor.py:753} INFO - DAG(s) dict_keys(['example_task_group_decorator']) retrieved from /usr/local/python/3.10.4/lib/python3.10/site-packages/airflow/example_dags/example_task_group_decorator.py
[2023-06-11T03:10:12.363+0000] {logging_mixin.py:137} INFO - [2023-06-11T03:10:12.363+0000] {dag.py:2690} INFO - Sync 1 DAGs
[2023-06-11T03:10:12.517+0000] {logging_mixin.py:137} INFO - [2023-06-11T03:10:12.517+0000] {dag.py:3437} INFO - Setting next_dagrun for example_task_group_decorator to 2023-06-10T03:10:12.517371+00:00, run_after=2023-06-11T03:10:12.517371+00:00
[2023-06-11T03:10:12.562+0000] {processor.py:175} INFO - Processing /usr/local/python/3.10.4/lib/python3.10/site-packages/airflow/example_dags/example_task_group_decorator.py took 0.256 seconds
[2023-06-11T03:10:48.996+0000] {processor.py:153} INFO - Started process (PID=12475) to work on /usr/local/python/3.10.4/lib/python3.10/site-packages/airflow/example_dags/example_task_group_decorator.py
[2023-06-11T03:10:48.997+0000] {processor.py:743} INFO - Processing file /usr/local/python/3.10.4/lib/python3.10/site-packages/airflow/example_dags/example_task_group_decorator.py for tasks to queue
[2023-06-11T03:10:48.998+0000] {logging_mixin.py:137} INFO - [2023-06-11T03:10:48.998+0000] {dagbag.py:538} INFO - Filling up the DagBag from /usr/local/python/3.10.4/lib/python3.10/site-packages/airflow/example_dags/example_task_group_decorator.py
[2023-06-11T03:10:49.028+0000] {processor.py:753} INFO - DAG(s) dict_keys(['example_task_group_decorator']) retrieved from /usr/local/python/3.10.4/lib/python3.10/site-packages/airflow/example_dags/example_task_group_decorator.py
[2023-06-11T03:10:49.184+0000] {logging_mixin.py:137} INFO - [2023-06-11T03:10:49.184+0000] {dag.py:2690} INFO - Sync 1 DAGs
[2023-06-11T03:10:49.200+0000] {logging_mixin.py:137} INFO - [2023-06-11T03:10:49.200+0000] {dag.py:3437} INFO - Setting next_dagrun for example_task_group_decorator to 2023-06-10T03:10:49.200478+00:00, run_after=2023-06-11T03:10:49.200478+00:00
[2023-06-11T03:10:49.258+0000] {processor.py:175} INFO - Processing /usr/local/python/3.10.4/lib/python3.10/site-packages/airflow/example_dags/example_task_group_decorator.py took 0.266 seconds
