[2023-06-11T03:01:05.707+0000] {processor.py:153} INFO - Started process (PID=7827) to work on /usr/local/python/3.10.4/lib/python3.10/site-packages/airflow/example_dags/example_sla_dag.py
[2023-06-11T03:01:05.708+0000] {processor.py:743} INFO - Processing file /usr/local/python/3.10.4/lib/python3.10/site-packages/airflow/example_dags/example_sla_dag.py for tasks to queue
[2023-06-11T03:01:05.708+0000] {logging_mixin.py:137} INFO - [2023-06-11T03:01:05.708+0000] {dagbag.py:538} INFO - Filling up the DagBag from /usr/local/python/3.10.4/lib/python3.10/site-packages/airflow/example_dags/example_sla_dag.py
[2023-06-11T03:01:05.737+0000] {processor.py:753} INFO - DAG(s) dict_keys(['example_sla_dag']) retrieved from /usr/local/python/3.10.4/lib/python3.10/site-packages/airflow/example_dags/example_sla_dag.py
[2023-06-11T03:01:05.902+0000] {logging_mixin.py:137} INFO - [2023-06-11T03:01:05.902+0000] {manager.py:504} INFO - Created Permission View: can delete on DAG:example_sla_dag
[2023-06-11T03:01:05.943+0000] {logging_mixin.py:137} INFO - [2023-06-11T03:01:05.943+0000] {manager.py:504} INFO - Created Permission View: can edit on DAG:example_sla_dag
[2023-06-11T03:01:05.978+0000] {logging_mixin.py:137} INFO - [2023-06-11T03:01:05.977+0000] {manager.py:504} INFO - Created Permission View: can read on DAG:example_sla_dag
[2023-06-11T03:01:05.978+0000] {logging_mixin.py:137} INFO - [2023-06-11T03:01:05.978+0000] {dag.py:2690} INFO - Sync 1 DAGs
[2023-06-11T03:01:05.990+0000] {logging_mixin.py:137} INFO - [2023-06-11T03:01:05.990+0000] {dag.py:2711} INFO - Creating ORM DAG for example_sla_dag
[2023-06-11T03:01:06.006+0000] {logging_mixin.py:137} INFO - [2023-06-11T03:01:06.006+0000] {dag.py:3437} INFO - Setting next_dagrun for example_sla_dag to 2023-06-11T02:58:00+00:00, run_after=2023-06-11T03:00:00+00:00
[2023-06-11T03:01:06.069+0000] {processor.py:175} INFO - Processing /usr/local/python/3.10.4/lib/python3.10/site-packages/airflow/example_dags/example_sla_dag.py took 0.366 seconds
[2023-06-11T03:01:55.711+0000] {processor.py:153} INFO - Started process (PID=8166) to work on /usr/local/python/3.10.4/lib/python3.10/site-packages/airflow/example_dags/example_sla_dag.py
[2023-06-11T03:01:55.712+0000] {processor.py:743} INFO - Processing file /usr/local/python/3.10.4/lib/python3.10/site-packages/airflow/example_dags/example_sla_dag.py for tasks to queue
[2023-06-11T03:01:55.713+0000] {logging_mixin.py:137} INFO - [2023-06-11T03:01:55.712+0000] {dagbag.py:538} INFO - Filling up the DagBag from /usr/local/python/3.10.4/lib/python3.10/site-packages/airflow/example_dags/example_sla_dag.py
[2023-06-11T03:01:55.739+0000] {processor.py:753} INFO - DAG(s) dict_keys(['example_sla_dag']) retrieved from /usr/local/python/3.10.4/lib/python3.10/site-packages/airflow/example_dags/example_sla_dag.py
[2023-06-11T03:01:55.761+0000] {logging_mixin.py:137} INFO - [2023-06-11T03:01:55.760+0000] {dag.py:2690} INFO - Sync 1 DAGs
[2023-06-11T03:01:55.783+0000] {logging_mixin.py:137} INFO - [2023-06-11T03:01:55.783+0000] {dag.py:3437} INFO - Setting next_dagrun for example_sla_dag to 2023-06-11T02:58:00+00:00, run_after=2023-06-11T03:00:00+00:00
[2023-06-11T03:01:55.828+0000] {processor.py:175} INFO - Processing /usr/local/python/3.10.4/lib/python3.10/site-packages/airflow/example_dags/example_sla_dag.py took 0.120 seconds
[2023-06-11T03:02:38.131+0000] {processor.py:153} INFO - Started process (PID=8473) to work on /usr/local/python/3.10.4/lib/python3.10/site-packages/airflow/example_dags/example_sla_dag.py
[2023-06-11T03:02:38.132+0000] {processor.py:743} INFO - Processing file /usr/local/python/3.10.4/lib/python3.10/site-packages/airflow/example_dags/example_sla_dag.py for tasks to queue
[2023-06-11T03:02:38.133+0000] {logging_mixin.py:137} INFO - [2023-06-11T03:02:38.133+0000] {dagbag.py:538} INFO - Filling up the DagBag from /usr/local/python/3.10.4/lib/python3.10/site-packages/airflow/example_dags/example_sla_dag.py
[2023-06-11T03:02:38.161+0000] {processor.py:753} INFO - DAG(s) dict_keys(['example_sla_dag']) retrieved from /usr/local/python/3.10.4/lib/python3.10/site-packages/airflow/example_dags/example_sla_dag.py
[2023-06-11T03:02:38.181+0000] {logging_mixin.py:137} INFO - [2023-06-11T03:02:38.181+0000] {dag.py:2690} INFO - Sync 1 DAGs
[2023-06-11T03:02:38.203+0000] {logging_mixin.py:137} INFO - [2023-06-11T03:02:38.203+0000] {dag.py:3437} INFO - Setting next_dagrun for example_sla_dag to 2023-06-11T03:00:00+00:00, run_after=2023-06-11T03:02:00+00:00
[2023-06-11T03:02:38.247+0000] {processor.py:175} INFO - Processing /usr/local/python/3.10.4/lib/python3.10/site-packages/airflow/example_dags/example_sla_dag.py took 0.119 seconds
[2023-06-11T03:03:18.763+0000] {processor.py:153} INFO - Started process (PID=8771) to work on /usr/local/python/3.10.4/lib/python3.10/site-packages/airflow/example_dags/example_sla_dag.py
[2023-06-11T03:03:18.764+0000] {processor.py:743} INFO - Processing file /usr/local/python/3.10.4/lib/python3.10/site-packages/airflow/example_dags/example_sla_dag.py for tasks to queue
[2023-06-11T03:03:18.765+0000] {logging_mixin.py:137} INFO - [2023-06-11T03:03:18.765+0000] {dagbag.py:538} INFO - Filling up the DagBag from /usr/local/python/3.10.4/lib/python3.10/site-packages/airflow/example_dags/example_sla_dag.py
[2023-06-11T03:03:18.793+0000] {processor.py:753} INFO - DAG(s) dict_keys(['example_sla_dag']) retrieved from /usr/local/python/3.10.4/lib/python3.10/site-packages/airflow/example_dags/example_sla_dag.py
[2023-06-11T03:03:18.812+0000] {logging_mixin.py:137} INFO - [2023-06-11T03:03:18.812+0000] {dag.py:2690} INFO - Sync 1 DAGs
[2023-06-11T03:03:18.834+0000] {logging_mixin.py:137} INFO - [2023-06-11T03:03:18.834+0000] {dag.py:3437} INFO - Setting next_dagrun for example_sla_dag to 2023-06-11T03:00:00+00:00, run_after=2023-06-11T03:02:00+00:00
[2023-06-11T03:03:18.884+0000] {processor.py:175} INFO - Processing /usr/local/python/3.10.4/lib/python3.10/site-packages/airflow/example_dags/example_sla_dag.py took 0.124 seconds
[2023-06-11T03:03:59.422+0000] {processor.py:153} INFO - Started process (PID=9077) to work on /usr/local/python/3.10.4/lib/python3.10/site-packages/airflow/example_dags/example_sla_dag.py
[2023-06-11T03:03:59.423+0000] {processor.py:743} INFO - Processing file /usr/local/python/3.10.4/lib/python3.10/site-packages/airflow/example_dags/example_sla_dag.py for tasks to queue
[2023-06-11T03:03:59.423+0000] {logging_mixin.py:137} INFO - [2023-06-11T03:03:59.423+0000] {dagbag.py:538} INFO - Filling up the DagBag from /usr/local/python/3.10.4/lib/python3.10/site-packages/airflow/example_dags/example_sla_dag.py
[2023-06-11T03:03:59.450+0000] {processor.py:753} INFO - DAG(s) dict_keys(['example_sla_dag']) retrieved from /usr/local/python/3.10.4/lib/python3.10/site-packages/airflow/example_dags/example_sla_dag.py
[2023-06-11T03:03:59.470+0000] {logging_mixin.py:137} INFO - [2023-06-11T03:03:59.469+0000] {dag.py:2690} INFO - Sync 1 DAGs
[2023-06-11T03:03:59.493+0000] {logging_mixin.py:137} INFO - [2023-06-11T03:03:59.493+0000] {dag.py:3437} INFO - Setting next_dagrun for example_sla_dag to 2023-06-11T03:00:00+00:00, run_after=2023-06-11T03:02:00+00:00
[2023-06-11T03:03:59.538+0000] {processor.py:175} INFO - Processing /usr/local/python/3.10.4/lib/python3.10/site-packages/airflow/example_dags/example_sla_dag.py took 0.120 seconds
[2023-06-11T03:04:35.006+0000] {processor.py:153} INFO - Started process (PID=9325) to work on /usr/local/python/3.10.4/lib/python3.10/site-packages/airflow/example_dags/example_sla_dag.py
[2023-06-11T03:04:35.007+0000] {processor.py:743} INFO - Processing file /usr/local/python/3.10.4/lib/python3.10/site-packages/airflow/example_dags/example_sla_dag.py for tasks to queue
[2023-06-11T03:04:35.008+0000] {logging_mixin.py:137} INFO - [2023-06-11T03:04:35.008+0000] {dagbag.py:538} INFO - Filling up the DagBag from /usr/local/python/3.10.4/lib/python3.10/site-packages/airflow/example_dags/example_sla_dag.py
[2023-06-11T03:04:35.054+0000] {processor.py:753} INFO - DAG(s) dict_keys(['example_sla_dag']) retrieved from /usr/local/python/3.10.4/lib/python3.10/site-packages/airflow/example_dags/example_sla_dag.py
[2023-06-11T03:04:35.110+0000] {logging_mixin.py:137} INFO - [2023-06-11T03:04:35.109+0000] {dag.py:2690} INFO - Sync 1 DAGs
[2023-06-11T03:04:35.163+0000] {logging_mixin.py:137} INFO - [2023-06-11T03:04:35.163+0000] {dag.py:3437} INFO - Setting next_dagrun for example_sla_dag to 2023-06-11T03:02:00+00:00, run_after=2023-06-11T03:04:00+00:00
[2023-06-11T03:04:35.226+0000] {processor.py:175} INFO - Processing /usr/local/python/3.10.4/lib/python3.10/site-packages/airflow/example_dags/example_sla_dag.py took 0.226 seconds
[2023-06-11T03:05:11.602+0000] {processor.py:153} INFO - Started process (PID=9709) to work on /usr/local/python/3.10.4/lib/python3.10/site-packages/airflow/example_dags/example_sla_dag.py
[2023-06-11T03:05:11.603+0000] {processor.py:743} INFO - Processing file /usr/local/python/3.10.4/lib/python3.10/site-packages/airflow/example_dags/example_sla_dag.py for tasks to queue
[2023-06-11T03:05:11.604+0000] {logging_mixin.py:137} INFO - [2023-06-11T03:05:11.604+0000] {dagbag.py:538} INFO - Filling up the DagBag from /usr/local/python/3.10.4/lib/python3.10/site-packages/airflow/example_dags/example_sla_dag.py
[2023-06-11T03:05:11.631+0000] {processor.py:753} INFO - DAG(s) dict_keys(['example_sla_dag']) retrieved from /usr/local/python/3.10.4/lib/python3.10/site-packages/airflow/example_dags/example_sla_dag.py
[2023-06-11T03:05:11.651+0000] {logging_mixin.py:137} INFO - [2023-06-11T03:05:11.651+0000] {dag.py:2690} INFO - Sync 1 DAGs
[2023-06-11T03:05:11.692+0000] {logging_mixin.py:137} INFO - [2023-06-11T03:05:11.692+0000] {dag.py:3437} INFO - Setting next_dagrun for example_sla_dag to 2023-06-11T03:02:00+00:00, run_after=2023-06-11T03:04:00+00:00
[2023-06-11T03:05:11.756+0000] {processor.py:175} INFO - Processing /usr/local/python/3.10.4/lib/python3.10/site-packages/airflow/example_dags/example_sla_dag.py took 0.157 seconds
[2023-06-11T03:05:45.931+0000] {processor.py:153} INFO - Started process (PID=9958) to work on /usr/local/python/3.10.4/lib/python3.10/site-packages/airflow/example_dags/example_sla_dag.py
[2023-06-11T03:05:45.932+0000] {processor.py:743} INFO - Processing file /usr/local/python/3.10.4/lib/python3.10/site-packages/airflow/example_dags/example_sla_dag.py for tasks to queue
[2023-06-11T03:05:45.933+0000] {logging_mixin.py:137} INFO - [2023-06-11T03:05:45.932+0000] {dagbag.py:538} INFO - Filling up the DagBag from /usr/local/python/3.10.4/lib/python3.10/site-packages/airflow/example_dags/example_sla_dag.py
[2023-06-11T03:05:45.958+0000] {processor.py:753} INFO - DAG(s) dict_keys(['example_sla_dag']) retrieved from /usr/local/python/3.10.4/lib/python3.10/site-packages/airflow/example_dags/example_sla_dag.py
[2023-06-11T03:05:45.980+0000] {logging_mixin.py:137} INFO - [2023-06-11T03:05:45.980+0000] {dag.py:2690} INFO - Sync 1 DAGs
[2023-06-11T03:05:46.003+0000] {logging_mixin.py:137} INFO - [2023-06-11T03:05:46.003+0000] {dag.py:3437} INFO - Setting next_dagrun for example_sla_dag to 2023-06-11T03:02:00+00:00, run_after=2023-06-11T03:04:00+00:00
[2023-06-11T03:05:46.049+0000] {processor.py:175} INFO - Processing /usr/local/python/3.10.4/lib/python3.10/site-packages/airflow/example_dags/example_sla_dag.py took 0.121 seconds
[2023-06-11T03:06:21.217+0000] {processor.py:153} INFO - Started process (PID=10313) to work on /usr/local/python/3.10.4/lib/python3.10/site-packages/airflow/example_dags/example_sla_dag.py
[2023-06-11T03:06:21.218+0000] {processor.py:743} INFO - Processing file /usr/local/python/3.10.4/lib/python3.10/site-packages/airflow/example_dags/example_sla_dag.py for tasks to queue
[2023-06-11T03:06:21.219+0000] {logging_mixin.py:137} INFO - [2023-06-11T03:06:21.219+0000] {dagbag.py:538} INFO - Filling up the DagBag from /usr/local/python/3.10.4/lib/python3.10/site-packages/airflow/example_dags/example_sla_dag.py
[2023-06-11T03:06:21.245+0000] {processor.py:753} INFO - DAG(s) dict_keys(['example_sla_dag']) retrieved from /usr/local/python/3.10.4/lib/python3.10/site-packages/airflow/example_dags/example_sla_dag.py
[2023-06-11T03:06:21.265+0000] {logging_mixin.py:137} INFO - [2023-06-11T03:06:21.264+0000] {dag.py:2690} INFO - Sync 1 DAGs
[2023-06-11T03:06:21.287+0000] {logging_mixin.py:137} INFO - [2023-06-11T03:06:21.287+0000] {dag.py:3437} INFO - Setting next_dagrun for example_sla_dag to 2023-06-11T03:04:00+00:00, run_after=2023-06-11T03:06:00+00:00
[2023-06-11T03:06:21.331+0000] {processor.py:175} INFO - Processing /usr/local/python/3.10.4/lib/python3.10/site-packages/airflow/example_dags/example_sla_dag.py took 0.117 seconds
[2023-06-11T03:06:59.608+0000] {processor.py:153} INFO - Started process (PID=10736) to work on /usr/local/python/3.10.4/lib/python3.10/site-packages/airflow/example_dags/example_sla_dag.py
[2023-06-11T03:06:59.609+0000] {processor.py:743} INFO - Processing file /usr/local/python/3.10.4/lib/python3.10/site-packages/airflow/example_dags/example_sla_dag.py for tasks to queue
[2023-06-11T03:06:59.610+0000] {logging_mixin.py:137} INFO - [2023-06-11T03:06:59.610+0000] {dagbag.py:538} INFO - Filling up the DagBag from /usr/local/python/3.10.4/lib/python3.10/site-packages/airflow/example_dags/example_sla_dag.py
[2023-06-11T03:06:59.637+0000] {processor.py:753} INFO - DAG(s) dict_keys(['example_sla_dag']) retrieved from /usr/local/python/3.10.4/lib/python3.10/site-packages/airflow/example_dags/example_sla_dag.py
[2023-06-11T03:06:59.662+0000] {logging_mixin.py:137} INFO - [2023-06-11T03:06:59.661+0000] {dag.py:2690} INFO - Sync 1 DAGs
[2023-06-11T03:06:59.684+0000] {logging_mixin.py:137} INFO - [2023-06-11T03:06:59.683+0000] {dag.py:3437} INFO - Setting next_dagrun for example_sla_dag to 2023-06-11T03:04:00+00:00, run_after=2023-06-11T03:06:00+00:00
[2023-06-11T03:06:59.727+0000] {processor.py:175} INFO - Processing /usr/local/python/3.10.4/lib/python3.10/site-packages/airflow/example_dags/example_sla_dag.py took 0.122 seconds
[2023-06-11T03:07:36.440+0000] {processor.py:153} INFO - Started process (PID=11020) to work on /usr/local/python/3.10.4/lib/python3.10/site-packages/airflow/example_dags/example_sla_dag.py
[2023-06-11T03:07:36.441+0000] {processor.py:743} INFO - Processing file /usr/local/python/3.10.4/lib/python3.10/site-packages/airflow/example_dags/example_sla_dag.py for tasks to queue
[2023-06-11T03:07:36.441+0000] {logging_mixin.py:137} INFO - [2023-06-11T03:07:36.441+0000] {dagbag.py:538} INFO - Filling up the DagBag from /usr/local/python/3.10.4/lib/python3.10/site-packages/airflow/example_dags/example_sla_dag.py
[2023-06-11T03:07:36.468+0000] {processor.py:753} INFO - DAG(s) dict_keys(['example_sla_dag']) retrieved from /usr/local/python/3.10.4/lib/python3.10/site-packages/airflow/example_dags/example_sla_dag.py
[2023-06-11T03:07:36.486+0000] {logging_mixin.py:137} INFO - [2023-06-11T03:07:36.486+0000] {dag.py:2690} INFO - Sync 1 DAGs
[2023-06-11T03:07:36.507+0000] {logging_mixin.py:137} INFO - [2023-06-11T03:07:36.507+0000] {dag.py:3437} INFO - Setting next_dagrun for example_sla_dag to 2023-06-11T03:04:00+00:00, run_after=2023-06-11T03:06:00+00:00
[2023-06-11T03:07:36.554+0000] {processor.py:175} INFO - Processing /usr/local/python/3.10.4/lib/python3.10/site-packages/airflow/example_dags/example_sla_dag.py took 0.117 seconds
[2023-06-11T03:08:12.026+0000] {processor.py:153} INFO - Started process (PID=11328) to work on /usr/local/python/3.10.4/lib/python3.10/site-packages/airflow/example_dags/example_sla_dag.py
[2023-06-11T03:08:12.027+0000] {processor.py:743} INFO - Processing file /usr/local/python/3.10.4/lib/python3.10/site-packages/airflow/example_dags/example_sla_dag.py for tasks to queue
[2023-06-11T03:08:12.030+0000] {logging_mixin.py:137} INFO - [2023-06-11T03:08:12.030+0000] {dagbag.py:538} INFO - Filling up the DagBag from /usr/local/python/3.10.4/lib/python3.10/site-packages/airflow/example_dags/example_sla_dag.py
[2023-06-11T03:08:12.059+0000] {processor.py:753} INFO - DAG(s) dict_keys(['example_sla_dag']) retrieved from /usr/local/python/3.10.4/lib/python3.10/site-packages/airflow/example_dags/example_sla_dag.py
[2023-06-11T03:08:12.079+0000] {logging_mixin.py:137} INFO - [2023-06-11T03:08:12.079+0000] {dag.py:2690} INFO - Sync 1 DAGs
[2023-06-11T03:08:12.101+0000] {logging_mixin.py:137} INFO - [2023-06-11T03:08:12.101+0000] {dag.py:3437} INFO - Setting next_dagrun for example_sla_dag to 2023-06-11T03:06:00+00:00, run_after=2023-06-11T03:08:00+00:00
[2023-06-11T03:08:12.292+0000] {processor.py:175} INFO - Processing /usr/local/python/3.10.4/lib/python3.10/site-packages/airflow/example_dags/example_sla_dag.py took 0.270 seconds
[2023-06-11T03:08:54.306+0000] {processor.py:153} INFO - Started process (PID=11643) to work on /usr/local/python/3.10.4/lib/python3.10/site-packages/airflow/example_dags/example_sla_dag.py
[2023-06-11T03:08:54.306+0000] {processor.py:743} INFO - Processing file /usr/local/python/3.10.4/lib/python3.10/site-packages/airflow/example_dags/example_sla_dag.py for tasks to queue
[2023-06-11T03:08:54.307+0000] {logging_mixin.py:137} INFO - [2023-06-11T03:08:54.307+0000] {dagbag.py:538} INFO - Filling up the DagBag from /usr/local/python/3.10.4/lib/python3.10/site-packages/airflow/example_dags/example_sla_dag.py
[2023-06-11T03:08:54.334+0000] {processor.py:753} INFO - DAG(s) dict_keys(['example_sla_dag']) retrieved from /usr/local/python/3.10.4/lib/python3.10/site-packages/airflow/example_dags/example_sla_dag.py
[2023-06-11T03:08:54.352+0000] {logging_mixin.py:137} INFO - [2023-06-11T03:08:54.352+0000] {dag.py:2690} INFO - Sync 1 DAGs
[2023-06-11T03:08:54.514+0000] {logging_mixin.py:137} INFO - [2023-06-11T03:08:54.514+0000] {dag.py:3437} INFO - Setting next_dagrun for example_sla_dag to 2023-06-11T03:06:00+00:00, run_after=2023-06-11T03:08:00+00:00
[2023-06-11T03:08:54.560+0000] {processor.py:175} INFO - Processing /usr/local/python/3.10.4/lib/python3.10/site-packages/airflow/example_dags/example_sla_dag.py took 0.258 seconds
[2023-06-11T03:09:39.993+0000] {processor.py:153} INFO - Started process (PID=11965) to work on /usr/local/python/3.10.4/lib/python3.10/site-packages/airflow/example_dags/example_sla_dag.py
[2023-06-11T03:09:39.994+0000] {processor.py:743} INFO - Processing file /usr/local/python/3.10.4/lib/python3.10/site-packages/airflow/example_dags/example_sla_dag.py for tasks to queue
[2023-06-11T03:09:39.994+0000] {logging_mixin.py:137} INFO - [2023-06-11T03:09:39.994+0000] {dagbag.py:538} INFO - Filling up the DagBag from /usr/local/python/3.10.4/lib/python3.10/site-packages/airflow/example_dags/example_sla_dag.py
[2023-06-11T03:09:40.022+0000] {processor.py:753} INFO - DAG(s) dict_keys(['example_sla_dag']) retrieved from /usr/local/python/3.10.4/lib/python3.10/site-packages/airflow/example_dags/example_sla_dag.py
[2023-06-11T03:09:40.041+0000] {logging_mixin.py:137} INFO - [2023-06-11T03:09:40.041+0000] {dag.py:2690} INFO - Sync 1 DAGs
[2023-06-11T03:09:40.206+0000] {logging_mixin.py:137} INFO - [2023-06-11T03:09:40.206+0000] {dag.py:3437} INFO - Setting next_dagrun for example_sla_dag to 2023-06-11T03:06:00+00:00, run_after=2023-06-11T03:08:00+00:00
[2023-06-11T03:09:40.250+0000] {processor.py:175} INFO - Processing /usr/local/python/3.10.4/lib/python3.10/site-packages/airflow/example_dags/example_sla_dag.py took 0.261 seconds
[2023-06-11T03:10:32.055+0000] {processor.py:153} INFO - Started process (PID=12341) to work on /usr/local/python/3.10.4/lib/python3.10/site-packages/airflow/example_dags/example_sla_dag.py
[2023-06-11T03:10:32.056+0000] {processor.py:743} INFO - Processing file /usr/local/python/3.10.4/lib/python3.10/site-packages/airflow/example_dags/example_sla_dag.py for tasks to queue
[2023-06-11T03:10:32.056+0000] {logging_mixin.py:137} INFO - [2023-06-11T03:10:32.056+0000] {dagbag.py:538} INFO - Filling up the DagBag from /usr/local/python/3.10.4/lib/python3.10/site-packages/airflow/example_dags/example_sla_dag.py
[2023-06-11T03:10:32.081+0000] {processor.py:753} INFO - DAG(s) dict_keys(['example_sla_dag']) retrieved from /usr/local/python/3.10.4/lib/python3.10/site-packages/airflow/example_dags/example_sla_dag.py
[2023-06-11T03:10:32.103+0000] {logging_mixin.py:137} INFO - [2023-06-11T03:10:32.102+0000] {dag.py:2690} INFO - Sync 1 DAGs
[2023-06-11T03:10:32.261+0000] {logging_mixin.py:137} INFO - [2023-06-11T03:10:32.261+0000] {dag.py:3437} INFO - Setting next_dagrun for example_sla_dag to 2023-06-11T03:08:00+00:00, run_after=2023-06-11T03:10:00+00:00
[2023-06-11T03:10:32.310+0000] {processor.py:175} INFO - Processing /usr/local/python/3.10.4/lib/python3.10/site-packages/airflow/example_dags/example_sla_dag.py took 0.259 seconds
