[2023-06-11T03:01:03.802+0000] {processor.py:153} INFO - Started process (PID=7813) to work on /usr/local/python/3.10.4/lib/python3.10/site-packages/airflow/example_dags/example_trigger_controller_dag.py
[2023-06-11T03:01:03.803+0000] {processor.py:743} INFO - Processing file /usr/local/python/3.10.4/lib/python3.10/site-packages/airflow/example_dags/example_trigger_controller_dag.py for tasks to queue
[2023-06-11T03:01:03.804+0000] {logging_mixin.py:137} INFO - [2023-06-11T03:01:03.804+0000] {dagbag.py:538} INFO - Filling up the DagBag from /usr/local/python/3.10.4/lib/python3.10/site-packages/airflow/example_dags/example_trigger_controller_dag.py
[2023-06-11T03:01:03.817+0000] {processor.py:753} INFO - DAG(s) dict_keys(['example_trigger_controller_dag']) retrieved from /usr/local/python/3.10.4/lib/python3.10/site-packages/airflow/example_dags/example_trigger_controller_dag.py
[2023-06-11T03:01:03.979+0000] {logging_mixin.py:137} INFO - [2023-06-11T03:01:03.978+0000] {manager.py:504} INFO - Created Permission View: can delete on DAG:example_trigger_controller_dag
[2023-06-11T03:01:04.016+0000] {logging_mixin.py:137} INFO - [2023-06-11T03:01:04.016+0000] {manager.py:504} INFO - Created Permission View: can edit on DAG:example_trigger_controller_dag
[2023-06-11T03:01:04.052+0000] {logging_mixin.py:137} INFO - [2023-06-11T03:01:04.052+0000] {manager.py:504} INFO - Created Permission View: can read on DAG:example_trigger_controller_dag
[2023-06-11T03:01:04.052+0000] {logging_mixin.py:137} INFO - [2023-06-11T03:01:04.052+0000] {dag.py:2690} INFO - Sync 1 DAGs
[2023-06-11T03:01:04.064+0000] {logging_mixin.py:137} INFO - [2023-06-11T03:01:04.064+0000] {dag.py:2711} INFO - Creating ORM DAG for example_trigger_controller_dag
[2023-06-11T03:01:04.073+0000] {logging_mixin.py:137} INFO - [2023-06-11T03:01:04.073+0000] {dag.py:3437} INFO - Setting next_dagrun for example_trigger_controller_dag to 2021-01-01T00:00:00+00:00, run_after=2021-01-01T00:00:00+00:00
[2023-06-11T03:01:04.117+0000] {processor.py:175} INFO - Processing /usr/local/python/3.10.4/lib/python3.10/site-packages/airflow/example_dags/example_trigger_controller_dag.py took 0.318 seconds
[2023-06-11T03:01:54.406+0000] {processor.py:153} INFO - Started process (PID=8164) to work on /usr/local/python/3.10.4/lib/python3.10/site-packages/airflow/example_dags/example_trigger_controller_dag.py
[2023-06-11T03:01:54.407+0000] {processor.py:743} INFO - Processing file /usr/local/python/3.10.4/lib/python3.10/site-packages/airflow/example_dags/example_trigger_controller_dag.py for tasks to queue
[2023-06-11T03:01:54.409+0000] {logging_mixin.py:137} INFO - [2023-06-11T03:01:54.409+0000] {dagbag.py:538} INFO - Filling up the DagBag from /usr/local/python/3.10.4/lib/python3.10/site-packages/airflow/example_dags/example_trigger_controller_dag.py
[2023-06-11T03:01:54.422+0000] {processor.py:753} INFO - DAG(s) dict_keys(['example_trigger_controller_dag']) retrieved from /usr/local/python/3.10.4/lib/python3.10/site-packages/airflow/example_dags/example_trigger_controller_dag.py
[2023-06-11T03:01:54.441+0000] {logging_mixin.py:137} INFO - [2023-06-11T03:01:54.441+0000] {dag.py:2690} INFO - Sync 1 DAGs
[2023-06-11T03:01:54.462+0000] {logging_mixin.py:137} INFO - [2023-06-11T03:01:54.462+0000] {dag.py:3437} INFO - Setting next_dagrun for example_trigger_controller_dag to 2021-01-01T00:00:00+00:00, run_after=2021-01-01T00:00:00+00:00
[2023-06-11T03:01:54.506+0000] {processor.py:175} INFO - Processing /usr/local/python/3.10.4/lib/python3.10/site-packages/airflow/example_dags/example_trigger_controller_dag.py took 0.103 seconds
[2023-06-11T03:02:35.568+0000] {processor.py:153} INFO - Started process (PID=8462) to work on /usr/local/python/3.10.4/lib/python3.10/site-packages/airflow/example_dags/example_trigger_controller_dag.py
[2023-06-11T03:02:35.569+0000] {processor.py:743} INFO - Processing file /usr/local/python/3.10.4/lib/python3.10/site-packages/airflow/example_dags/example_trigger_controller_dag.py for tasks to queue
[2023-06-11T03:02:35.569+0000] {logging_mixin.py:137} INFO - [2023-06-11T03:02:35.569+0000] {dagbag.py:538} INFO - Filling up the DagBag from /usr/local/python/3.10.4/lib/python3.10/site-packages/airflow/example_dags/example_trigger_controller_dag.py
[2023-06-11T03:02:35.585+0000] {processor.py:753} INFO - DAG(s) dict_keys(['example_trigger_controller_dag']) retrieved from /usr/local/python/3.10.4/lib/python3.10/site-packages/airflow/example_dags/example_trigger_controller_dag.py
[2023-06-11T03:02:35.606+0000] {logging_mixin.py:137} INFO - [2023-06-11T03:02:35.606+0000] {dag.py:2690} INFO - Sync 1 DAGs
[2023-06-11T03:02:35.625+0000] {logging_mixin.py:137} INFO - [2023-06-11T03:02:35.625+0000] {dag.py:3437} INFO - Setting next_dagrun for example_trigger_controller_dag to 2021-01-01T00:00:00+00:00, run_after=2021-01-01T00:00:00+00:00
[2023-06-11T03:02:35.668+0000] {processor.py:175} INFO - Processing /usr/local/python/3.10.4/lib/python3.10/site-packages/airflow/example_dags/example_trigger_controller_dag.py took 0.104 seconds
[2023-06-11T03:03:10.243+0000] {processor.py:153} INFO - Started process (PID=8703) to work on /usr/local/python/3.10.4/lib/python3.10/site-packages/airflow/example_dags/example_trigger_controller_dag.py
[2023-06-11T03:03:10.244+0000] {processor.py:743} INFO - Processing file /usr/local/python/3.10.4/lib/python3.10/site-packages/airflow/example_dags/example_trigger_controller_dag.py for tasks to queue
[2023-06-11T03:03:10.245+0000] {logging_mixin.py:137} INFO - [2023-06-11T03:03:10.245+0000] {dagbag.py:538} INFO - Filling up the DagBag from /usr/local/python/3.10.4/lib/python3.10/site-packages/airflow/example_dags/example_trigger_controller_dag.py
[2023-06-11T03:03:10.261+0000] {processor.py:753} INFO - DAG(s) dict_keys(['example_trigger_controller_dag']) retrieved from /usr/local/python/3.10.4/lib/python3.10/site-packages/airflow/example_dags/example_trigger_controller_dag.py
[2023-06-11T03:03:10.282+0000] {logging_mixin.py:137} INFO - [2023-06-11T03:03:10.281+0000] {dag.py:2690} INFO - Sync 1 DAGs
[2023-06-11T03:03:10.301+0000] {logging_mixin.py:137} INFO - [2023-06-11T03:03:10.301+0000] {dag.py:3437} INFO - Setting next_dagrun for example_trigger_controller_dag to 2021-01-01T00:00:00+00:00, run_after=2021-01-01T00:00:00+00:00
[2023-06-11T03:03:10.344+0000] {processor.py:175} INFO - Processing /usr/local/python/3.10.4/lib/python3.10/site-packages/airflow/example_dags/example_trigger_controller_dag.py took 0.105 seconds
[2023-06-11T03:03:50.594+0000] {processor.py:153} INFO - Started process (PID=9009) to work on /usr/local/python/3.10.4/lib/python3.10/site-packages/airflow/example_dags/example_trigger_controller_dag.py
[2023-06-11T03:03:50.595+0000] {processor.py:743} INFO - Processing file /usr/local/python/3.10.4/lib/python3.10/site-packages/airflow/example_dags/example_trigger_controller_dag.py for tasks to queue
[2023-06-11T03:03:50.596+0000] {logging_mixin.py:137} INFO - [2023-06-11T03:03:50.596+0000] {dagbag.py:538} INFO - Filling up the DagBag from /usr/local/python/3.10.4/lib/python3.10/site-packages/airflow/example_dags/example_trigger_controller_dag.py
[2023-06-11T03:03:50.609+0000] {processor.py:753} INFO - DAG(s) dict_keys(['example_trigger_controller_dag']) retrieved from /usr/local/python/3.10.4/lib/python3.10/site-packages/airflow/example_dags/example_trigger_controller_dag.py
[2023-06-11T03:03:50.628+0000] {logging_mixin.py:137} INFO - [2023-06-11T03:03:50.628+0000] {dag.py:2690} INFO - Sync 1 DAGs
[2023-06-11T03:03:50.648+0000] {logging_mixin.py:137} INFO - [2023-06-11T03:03:50.648+0000] {dag.py:3437} INFO - Setting next_dagrun for example_trigger_controller_dag to 2021-01-01T00:00:00+00:00, run_after=2021-01-01T00:00:00+00:00
[2023-06-11T03:03:50.692+0000] {processor.py:175} INFO - Processing /usr/local/python/3.10.4/lib/python3.10/site-packages/airflow/example_dags/example_trigger_controller_dag.py took 0.101 seconds
[2023-06-11T03:04:32.481+0000] {processor.py:153} INFO - Started process (PID=9317) to work on /usr/local/python/3.10.4/lib/python3.10/site-packages/airflow/example_dags/example_trigger_controller_dag.py
[2023-06-11T03:04:32.482+0000] {processor.py:743} INFO - Processing file /usr/local/python/3.10.4/lib/python3.10/site-packages/airflow/example_dags/example_trigger_controller_dag.py for tasks to queue
[2023-06-11T03:04:32.483+0000] {logging_mixin.py:137} INFO - [2023-06-11T03:04:32.483+0000] {dagbag.py:538} INFO - Filling up the DagBag from /usr/local/python/3.10.4/lib/python3.10/site-packages/airflow/example_dags/example_trigger_controller_dag.py
[2023-06-11T03:04:32.496+0000] {processor.py:753} INFO - DAG(s) dict_keys(['example_trigger_controller_dag']) retrieved from /usr/local/python/3.10.4/lib/python3.10/site-packages/airflow/example_dags/example_trigger_controller_dag.py
[2023-06-11T03:04:32.515+0000] {logging_mixin.py:137} INFO - [2023-06-11T03:04:32.515+0000] {dag.py:2690} INFO - Sync 1 DAGs
[2023-06-11T03:04:32.548+0000] {logging_mixin.py:137} INFO - [2023-06-11T03:04:32.548+0000] {dag.py:3437} INFO - Setting next_dagrun for example_trigger_controller_dag to 2021-01-01T00:00:00+00:00, run_after=2021-01-01T00:00:00+00:00
[2023-06-11T03:04:32.599+0000] {processor.py:175} INFO - Processing /usr/local/python/3.10.4/lib/python3.10/site-packages/airflow/example_dags/example_trigger_controller_dag.py took 0.121 seconds
[2023-06-11T03:05:09.129+0000] {processor.py:153} INFO - Started process (PID=9701) to work on /usr/local/python/3.10.4/lib/python3.10/site-packages/airflow/example_dags/example_trigger_controller_dag.py
[2023-06-11T03:05:09.130+0000] {processor.py:743} INFO - Processing file /usr/local/python/3.10.4/lib/python3.10/site-packages/airflow/example_dags/example_trigger_controller_dag.py for tasks to queue
[2023-06-11T03:05:09.130+0000] {logging_mixin.py:137} INFO - [2023-06-11T03:05:09.130+0000] {dagbag.py:538} INFO - Filling up the DagBag from /usr/local/python/3.10.4/lib/python3.10/site-packages/airflow/example_dags/example_trigger_controller_dag.py
[2023-06-11T03:05:09.143+0000] {processor.py:753} INFO - DAG(s) dict_keys(['example_trigger_controller_dag']) retrieved from /usr/local/python/3.10.4/lib/python3.10/site-packages/airflow/example_dags/example_trigger_controller_dag.py
[2023-06-11T03:05:09.162+0000] {logging_mixin.py:137} INFO - [2023-06-11T03:05:09.162+0000] {dag.py:2690} INFO - Sync 1 DAGs
[2023-06-11T03:05:09.182+0000] {logging_mixin.py:137} INFO - [2023-06-11T03:05:09.182+0000] {dag.py:3437} INFO - Setting next_dagrun for example_trigger_controller_dag to 2021-01-01T00:00:00+00:00, run_after=2021-01-01T00:00:00+00:00
[2023-06-11T03:05:09.228+0000] {processor.py:175} INFO - Processing /usr/local/python/3.10.4/lib/python3.10/site-packages/airflow/example_dags/example_trigger_controller_dag.py took 0.102 seconds
[2023-06-11T03:05:44.360+0000] {processor.py:153} INFO - Started process (PID=9956) to work on /usr/local/python/3.10.4/lib/python3.10/site-packages/airflow/example_dags/example_trigger_controller_dag.py
[2023-06-11T03:05:44.361+0000] {processor.py:743} INFO - Processing file /usr/local/python/3.10.4/lib/python3.10/site-packages/airflow/example_dags/example_trigger_controller_dag.py for tasks to queue
[2023-06-11T03:05:44.362+0000] {logging_mixin.py:137} INFO - [2023-06-11T03:05:44.362+0000] {dagbag.py:538} INFO - Filling up the DagBag from /usr/local/python/3.10.4/lib/python3.10/site-packages/airflow/example_dags/example_trigger_controller_dag.py
[2023-06-11T03:05:44.375+0000] {processor.py:753} INFO - DAG(s) dict_keys(['example_trigger_controller_dag']) retrieved from /usr/local/python/3.10.4/lib/python3.10/site-packages/airflow/example_dags/example_trigger_controller_dag.py
[2023-06-11T03:05:44.395+0000] {logging_mixin.py:137} INFO - [2023-06-11T03:05:44.395+0000] {dag.py:2690} INFO - Sync 1 DAGs
[2023-06-11T03:05:44.416+0000] {logging_mixin.py:137} INFO - [2023-06-11T03:05:44.416+0000] {dag.py:3437} INFO - Setting next_dagrun for example_trigger_controller_dag to 2021-01-01T00:00:00+00:00, run_after=2021-01-01T00:00:00+00:00
[2023-06-11T03:05:44.462+0000] {processor.py:175} INFO - Processing /usr/local/python/3.10.4/lib/python3.10/site-packages/airflow/example_dags/example_trigger_controller_dag.py took 0.106 seconds
[2023-06-11T03:06:18.739+0000] {processor.py:153} INFO - Started process (PID=10288) to work on /usr/local/python/3.10.4/lib/python3.10/site-packages/airflow/example_dags/example_trigger_controller_dag.py
[2023-06-11T03:06:18.740+0000] {processor.py:743} INFO - Processing file /usr/local/python/3.10.4/lib/python3.10/site-packages/airflow/example_dags/example_trigger_controller_dag.py for tasks to queue
[2023-06-11T03:06:18.741+0000] {logging_mixin.py:137} INFO - [2023-06-11T03:06:18.741+0000] {dagbag.py:538} INFO - Filling up the DagBag from /usr/local/python/3.10.4/lib/python3.10/site-packages/airflow/example_dags/example_trigger_controller_dag.py
[2023-06-11T03:06:18.760+0000] {processor.py:753} INFO - DAG(s) dict_keys(['example_trigger_controller_dag']) retrieved from /usr/local/python/3.10.4/lib/python3.10/site-packages/airflow/example_dags/example_trigger_controller_dag.py
[2023-06-11T03:06:18.789+0000] {logging_mixin.py:137} INFO - [2023-06-11T03:06:18.789+0000] {dag.py:2690} INFO - Sync 1 DAGs
[2023-06-11T03:06:18.808+0000] {logging_mixin.py:137} INFO - [2023-06-11T03:06:18.808+0000] {dag.py:3437} INFO - Setting next_dagrun for example_trigger_controller_dag to 2021-01-01T00:00:00+00:00, run_after=2021-01-01T00:00:00+00:00
[2023-06-11T03:06:18.854+0000] {processor.py:175} INFO - Processing /usr/local/python/3.10.4/lib/python3.10/site-packages/airflow/example_dags/example_trigger_controller_dag.py took 0.120 seconds
[2023-06-11T03:06:57.839+0000] {processor.py:153} INFO - Started process (PID=10708) to work on /usr/local/python/3.10.4/lib/python3.10/site-packages/airflow/example_dags/example_trigger_controller_dag.py
[2023-06-11T03:06:57.840+0000] {processor.py:743} INFO - Processing file /usr/local/python/3.10.4/lib/python3.10/site-packages/airflow/example_dags/example_trigger_controller_dag.py for tasks to queue
[2023-06-11T03:06:57.840+0000] {logging_mixin.py:137} INFO - [2023-06-11T03:06:57.840+0000] {dagbag.py:538} INFO - Filling up the DagBag from /usr/local/python/3.10.4/lib/python3.10/site-packages/airflow/example_dags/example_trigger_controller_dag.py
[2023-06-11T03:06:57.853+0000] {processor.py:753} INFO - DAG(s) dict_keys(['example_trigger_controller_dag']) retrieved from /usr/local/python/3.10.4/lib/python3.10/site-packages/airflow/example_dags/example_trigger_controller_dag.py
[2023-06-11T03:06:57.873+0000] {logging_mixin.py:137} INFO - [2023-06-11T03:06:57.873+0000] {dag.py:2690} INFO - Sync 1 DAGs
[2023-06-11T03:06:57.891+0000] {logging_mixin.py:137} INFO - [2023-06-11T03:06:57.891+0000] {dag.py:3437} INFO - Setting next_dagrun for example_trigger_controller_dag to 2021-01-01T00:00:00+00:00, run_after=2021-01-01T00:00:00+00:00
[2023-06-11T03:06:57.934+0000] {processor.py:175} INFO - Processing /usr/local/python/3.10.4/lib/python3.10/site-packages/airflow/example_dags/example_trigger_controller_dag.py took 0.099 seconds
[2023-06-11T03:07:34.312+0000] {processor.py:153} INFO - Started process (PID=11009) to work on /usr/local/python/3.10.4/lib/python3.10/site-packages/airflow/example_dags/example_trigger_controller_dag.py
[2023-06-11T03:07:34.313+0000] {processor.py:743} INFO - Processing file /usr/local/python/3.10.4/lib/python3.10/site-packages/airflow/example_dags/example_trigger_controller_dag.py for tasks to queue
[2023-06-11T03:07:34.314+0000] {logging_mixin.py:137} INFO - [2023-06-11T03:07:34.314+0000] {dagbag.py:538} INFO - Filling up the DagBag from /usr/local/python/3.10.4/lib/python3.10/site-packages/airflow/example_dags/example_trigger_controller_dag.py
[2023-06-11T03:07:34.327+0000] {processor.py:753} INFO - DAG(s) dict_keys(['example_trigger_controller_dag']) retrieved from /usr/local/python/3.10.4/lib/python3.10/site-packages/airflow/example_dags/example_trigger_controller_dag.py
[2023-06-11T03:07:34.347+0000] {logging_mixin.py:137} INFO - [2023-06-11T03:07:34.347+0000] {dag.py:2690} INFO - Sync 1 DAGs
[2023-06-11T03:07:34.366+0000] {logging_mixin.py:137} INFO - [2023-06-11T03:07:34.366+0000] {dag.py:3437} INFO - Setting next_dagrun for example_trigger_controller_dag to 2021-01-01T00:00:00+00:00, run_after=2021-01-01T00:00:00+00:00
[2023-06-11T03:07:34.413+0000] {processor.py:175} INFO - Processing /usr/local/python/3.10.4/lib/python3.10/site-packages/airflow/example_dags/example_trigger_controller_dag.py took 0.105 seconds
[2023-06-11T03:08:09.317+0000] {processor.py:153} INFO - Started process (PID=11294) to work on /usr/local/python/3.10.4/lib/python3.10/site-packages/airflow/example_dags/example_trigger_controller_dag.py
[2023-06-11T03:08:09.318+0000] {processor.py:743} INFO - Processing file /usr/local/python/3.10.4/lib/python3.10/site-packages/airflow/example_dags/example_trigger_controller_dag.py for tasks to queue
[2023-06-11T03:08:09.319+0000] {logging_mixin.py:137} INFO - [2023-06-11T03:08:09.319+0000] {dagbag.py:538} INFO - Filling up the DagBag from /usr/local/python/3.10.4/lib/python3.10/site-packages/airflow/example_dags/example_trigger_controller_dag.py
[2023-06-11T03:08:09.333+0000] {processor.py:753} INFO - DAG(s) dict_keys(['example_trigger_controller_dag']) retrieved from /usr/local/python/3.10.4/lib/python3.10/site-packages/airflow/example_dags/example_trigger_controller_dag.py
[2023-06-11T03:08:09.352+0000] {logging_mixin.py:137} INFO - [2023-06-11T03:08:09.352+0000] {dag.py:2690} INFO - Sync 1 DAGs
[2023-06-11T03:08:09.372+0000] {logging_mixin.py:137} INFO - [2023-06-11T03:08:09.372+0000] {dag.py:3437} INFO - Setting next_dagrun for example_trigger_controller_dag to 2021-01-01T00:00:00+00:00, run_after=2021-01-01T00:00:00+00:00
[2023-06-11T03:08:09.416+0000] {processor.py:175} INFO - Processing /usr/local/python/3.10.4/lib/python3.10/site-packages/airflow/example_dags/example_trigger_controller_dag.py took 0.102 seconds
[2023-06-11T03:08:51.722+0000] {processor.py:153} INFO - Started process (PID=11617) to work on /usr/local/python/3.10.4/lib/python3.10/site-packages/airflow/example_dags/example_trigger_controller_dag.py
[2023-06-11T03:08:51.723+0000] {processor.py:743} INFO - Processing file /usr/local/python/3.10.4/lib/python3.10/site-packages/airflow/example_dags/example_trigger_controller_dag.py for tasks to queue
[2023-06-11T03:08:51.724+0000] {logging_mixin.py:137} INFO - [2023-06-11T03:08:51.723+0000] {dagbag.py:538} INFO - Filling up the DagBag from /usr/local/python/3.10.4/lib/python3.10/site-packages/airflow/example_dags/example_trigger_controller_dag.py
[2023-06-11T03:08:51.746+0000] {processor.py:753} INFO - DAG(s) dict_keys(['example_trigger_controller_dag']) retrieved from /usr/local/python/3.10.4/lib/python3.10/site-packages/airflow/example_dags/example_trigger_controller_dag.py
[2023-06-11T03:08:51.774+0000] {logging_mixin.py:137} INFO - [2023-06-11T03:08:51.774+0000] {dag.py:2690} INFO - Sync 1 DAGs
[2023-06-11T03:08:51.809+0000] {logging_mixin.py:137} INFO - [2023-06-11T03:08:51.805+0000] {dag.py:3437} INFO - Setting next_dagrun for example_trigger_controller_dag to 2021-01-01T00:00:00+00:00, run_after=2021-01-01T00:00:00+00:00
[2023-06-11T03:08:51.862+0000] {processor.py:175} INFO - Processing /usr/local/python/3.10.4/lib/python3.10/site-packages/airflow/example_dags/example_trigger_controller_dag.py took 0.145 seconds
[2023-06-11T03:09:38.127+0000] {processor.py:153} INFO - Started process (PID=11951) to work on /usr/local/python/3.10.4/lib/python3.10/site-packages/airflow/example_dags/example_trigger_controller_dag.py
[2023-06-11T03:09:38.128+0000] {processor.py:743} INFO - Processing file /usr/local/python/3.10.4/lib/python3.10/site-packages/airflow/example_dags/example_trigger_controller_dag.py for tasks to queue
[2023-06-11T03:09:38.129+0000] {logging_mixin.py:137} INFO - [2023-06-11T03:09:38.128+0000] {dagbag.py:538} INFO - Filling up the DagBag from /usr/local/python/3.10.4/lib/python3.10/site-packages/airflow/example_dags/example_trigger_controller_dag.py
[2023-06-11T03:09:38.142+0000] {processor.py:753} INFO - DAG(s) dict_keys(['example_trigger_controller_dag']) retrieved from /usr/local/python/3.10.4/lib/python3.10/site-packages/airflow/example_dags/example_trigger_controller_dag.py
[2023-06-11T03:09:38.161+0000] {logging_mixin.py:137} INFO - [2023-06-11T03:09:38.161+0000] {dag.py:2690} INFO - Sync 1 DAGs
[2023-06-11T03:09:38.182+0000] {logging_mixin.py:137} INFO - [2023-06-11T03:09:38.182+0000] {dag.py:3437} INFO - Setting next_dagrun for example_trigger_controller_dag to 2021-01-01T00:00:00+00:00, run_after=2021-01-01T00:00:00+00:00
[2023-06-11T03:09:38.379+0000] {processor.py:175} INFO - Processing /usr/local/python/3.10.4/lib/python3.10/site-packages/airflow/example_dags/example_trigger_controller_dag.py took 0.255 seconds
[2023-06-11T03:10:10.924+0000] {processor.py:153} INFO - Started process (PID=12188) to work on /usr/local/python/3.10.4/lib/python3.10/site-packages/airflow/example_dags/example_trigger_controller_dag.py
[2023-06-11T03:10:10.925+0000] {processor.py:743} INFO - Processing file /usr/local/python/3.10.4/lib/python3.10/site-packages/airflow/example_dags/example_trigger_controller_dag.py for tasks to queue
[2023-06-11T03:10:10.925+0000] {logging_mixin.py:137} INFO - [2023-06-11T03:10:10.925+0000] {dagbag.py:538} INFO - Filling up the DagBag from /usr/local/python/3.10.4/lib/python3.10/site-packages/airflow/example_dags/example_trigger_controller_dag.py
[2023-06-11T03:10:10.941+0000] {processor.py:753} INFO - DAG(s) dict_keys(['example_trigger_controller_dag']) retrieved from /usr/local/python/3.10.4/lib/python3.10/site-packages/airflow/example_dags/example_trigger_controller_dag.py
[2023-06-11T03:10:10.960+0000] {logging_mixin.py:137} INFO - [2023-06-11T03:10:10.960+0000] {dag.py:2690} INFO - Sync 1 DAGs
[2023-06-11T03:10:11.122+0000] {logging_mixin.py:137} INFO - [2023-06-11T03:10:11.122+0000] {dag.py:3437} INFO - Setting next_dagrun for example_trigger_controller_dag to 2021-01-01T00:00:00+00:00, run_after=2021-01-01T00:00:00+00:00
[2023-06-11T03:10:11.171+0000] {processor.py:175} INFO - Processing /usr/local/python/3.10.4/lib/python3.10/site-packages/airflow/example_dags/example_trigger_controller_dag.py took 0.251 seconds
[2023-06-11T03:10:47.618+0000] {processor.py:153} INFO - Started process (PID=12465) to work on /usr/local/python/3.10.4/lib/python3.10/site-packages/airflow/example_dags/example_trigger_controller_dag.py
[2023-06-11T03:10:47.619+0000] {processor.py:743} INFO - Processing file /usr/local/python/3.10.4/lib/python3.10/site-packages/airflow/example_dags/example_trigger_controller_dag.py for tasks to queue
[2023-06-11T03:10:47.619+0000] {logging_mixin.py:137} INFO - [2023-06-11T03:10:47.619+0000] {dagbag.py:538} INFO - Filling up the DagBag from /usr/local/python/3.10.4/lib/python3.10/site-packages/airflow/example_dags/example_trigger_controller_dag.py
[2023-06-11T03:10:47.633+0000] {processor.py:753} INFO - DAG(s) dict_keys(['example_trigger_controller_dag']) retrieved from /usr/local/python/3.10.4/lib/python3.10/site-packages/airflow/example_dags/example_trigger_controller_dag.py
[2023-06-11T03:10:47.652+0000] {logging_mixin.py:137} INFO - [2023-06-11T03:10:47.651+0000] {dag.py:2690} INFO - Sync 1 DAGs
[2023-06-11T03:10:47.805+0000] {logging_mixin.py:137} INFO - [2023-06-11T03:10:47.804+0000] {dag.py:3437} INFO - Setting next_dagrun for example_trigger_controller_dag to 2021-01-01T00:00:00+00:00, run_after=2021-01-01T00:00:00+00:00
[2023-06-11T03:10:47.848+0000] {processor.py:175} INFO - Processing /usr/local/python/3.10.4/lib/python3.10/site-packages/airflow/example_dags/example_trigger_controller_dag.py took 0.234 seconds
