[2023-06-11T03:01:17.119+0000] {processor.py:153} INFO - Started process (PID=7901) to work on /usr/local/python/3.10.4/lib/python3.10/site-packages/airflow/example_dags/example_short_circuit_operator.py
[2023-06-11T03:01:17.120+0000] {processor.py:743} INFO - Processing file /usr/local/python/3.10.4/lib/python3.10/site-packages/airflow/example_dags/example_short_circuit_operator.py for tasks to queue
[2023-06-11T03:01:17.121+0000] {logging_mixin.py:137} INFO - [2023-06-11T03:01:17.121+0000] {dagbag.py:538} INFO - Filling up the DagBag from /usr/local/python/3.10.4/lib/python3.10/site-packages/airflow/example_dags/example_short_circuit_operator.py
[2023-06-11T03:01:17.138+0000] {processor.py:753} INFO - DAG(s) dict_keys(['example_short_circuit_operator']) retrieved from /usr/local/python/3.10.4/lib/python3.10/site-packages/airflow/example_dags/example_short_circuit_operator.py
[2023-06-11T03:01:17.297+0000] {logging_mixin.py:137} INFO - [2023-06-11T03:01:17.297+0000] {manager.py:504} INFO - Created Permission View: can delete on DAG:example_short_circuit_operator
[2023-06-11T03:01:17.334+0000] {logging_mixin.py:137} INFO - [2023-06-11T03:01:17.334+0000] {manager.py:504} INFO - Created Permission View: can edit on DAG:example_short_circuit_operator
[2023-06-11T03:01:17.369+0000] {logging_mixin.py:137} INFO - [2023-06-11T03:01:17.369+0000] {manager.py:504} INFO - Created Permission View: can read on DAG:example_short_circuit_operator
[2023-06-11T03:01:17.369+0000] {logging_mixin.py:137} INFO - [2023-06-11T03:01:17.369+0000] {dag.py:2690} INFO - Sync 1 DAGs
[2023-06-11T03:01:17.379+0000] {logging_mixin.py:137} INFO - [2023-06-11T03:01:17.379+0000] {dag.py:2711} INFO - Creating ORM DAG for example_short_circuit_operator
[2023-06-11T03:01:17.390+0000] {logging_mixin.py:137} INFO - [2023-06-11T03:01:17.390+0000] {dag.py:3437} INFO - Setting next_dagrun for example_short_circuit_operator to 2023-06-10T03:01:17.390288+00:00, run_after=2023-06-11T03:01:17.390288+00:00
[2023-06-11T03:01:17.461+0000] {processor.py:175} INFO - Processing /usr/local/python/3.10.4/lib/python3.10/site-packages/airflow/example_dags/example_short_circuit_operator.py took 0.347 seconds
[2023-06-11T03:02:05.236+0000] {processor.py:153} INFO - Started process (PID=8234) to work on /usr/local/python/3.10.4/lib/python3.10/site-packages/airflow/example_dags/example_short_circuit_operator.py
[2023-06-11T03:02:05.237+0000] {processor.py:743} INFO - Processing file /usr/local/python/3.10.4/lib/python3.10/site-packages/airflow/example_dags/example_short_circuit_operator.py for tasks to queue
[2023-06-11T03:02:05.238+0000] {logging_mixin.py:137} INFO - [2023-06-11T03:02:05.237+0000] {dagbag.py:538} INFO - Filling up the DagBag from /usr/local/python/3.10.4/lib/python3.10/site-packages/airflow/example_dags/example_short_circuit_operator.py
[2023-06-11T03:02:05.256+0000] {processor.py:753} INFO - DAG(s) dict_keys(['example_short_circuit_operator']) retrieved from /usr/local/python/3.10.4/lib/python3.10/site-packages/airflow/example_dags/example_short_circuit_operator.py
[2023-06-11T03:02:05.278+0000] {logging_mixin.py:137} INFO - [2023-06-11T03:02:05.278+0000] {dag.py:2690} INFO - Sync 1 DAGs
[2023-06-11T03:02:05.297+0000] {logging_mixin.py:137} INFO - [2023-06-11T03:02:05.297+0000] {dag.py:3437} INFO - Setting next_dagrun for example_short_circuit_operator to 2023-06-10T03:02:05.297058+00:00, run_after=2023-06-11T03:02:05.297058+00:00
[2023-06-11T03:02:05.341+0000] {processor.py:175} INFO - Processing /usr/local/python/3.10.4/lib/python3.10/site-packages/airflow/example_dags/example_short_circuit_operator.py took 0.109 seconds
[2023-06-11T03:02:47.382+0000] {processor.py:153} INFO - Started process (PID=8542) to work on /usr/local/python/3.10.4/lib/python3.10/site-packages/airflow/example_dags/example_short_circuit_operator.py
[2023-06-11T03:02:47.383+0000] {processor.py:743} INFO - Processing file /usr/local/python/3.10.4/lib/python3.10/site-packages/airflow/example_dags/example_short_circuit_operator.py for tasks to queue
[2023-06-11T03:02:47.383+0000] {logging_mixin.py:137} INFO - [2023-06-11T03:02:47.383+0000] {dagbag.py:538} INFO - Filling up the DagBag from /usr/local/python/3.10.4/lib/python3.10/site-packages/airflow/example_dags/example_short_circuit_operator.py
[2023-06-11T03:02:47.402+0000] {processor.py:753} INFO - DAG(s) dict_keys(['example_short_circuit_operator']) retrieved from /usr/local/python/3.10.4/lib/python3.10/site-packages/airflow/example_dags/example_short_circuit_operator.py
[2023-06-11T03:02:47.423+0000] {logging_mixin.py:137} INFO - [2023-06-11T03:02:47.422+0000] {dag.py:2690} INFO - Sync 1 DAGs
[2023-06-11T03:02:47.441+0000] {logging_mixin.py:137} INFO - [2023-06-11T03:02:47.441+0000] {dag.py:3437} INFO - Setting next_dagrun for example_short_circuit_operator to 2023-06-10T03:02:47.441495+00:00, run_after=2023-06-11T03:02:47.441495+00:00
[2023-06-11T03:02:47.485+0000] {processor.py:175} INFO - Processing /usr/local/python/3.10.4/lib/python3.10/site-packages/airflow/example_dags/example_short_circuit_operator.py took 0.107 seconds
[2023-06-11T03:03:29.316+0000] {processor.py:153} INFO - Started process (PID=8854) to work on /usr/local/python/3.10.4/lib/python3.10/site-packages/airflow/example_dags/example_short_circuit_operator.py
[2023-06-11T03:03:29.317+0000] {processor.py:743} INFO - Processing file /usr/local/python/3.10.4/lib/python3.10/site-packages/airflow/example_dags/example_short_circuit_operator.py for tasks to queue
[2023-06-11T03:03:29.318+0000] {logging_mixin.py:137} INFO - [2023-06-11T03:03:29.317+0000] {dagbag.py:538} INFO - Filling up the DagBag from /usr/local/python/3.10.4/lib/python3.10/site-packages/airflow/example_dags/example_short_circuit_operator.py
[2023-06-11T03:03:29.336+0000] {processor.py:753} INFO - DAG(s) dict_keys(['example_short_circuit_operator']) retrieved from /usr/local/python/3.10.4/lib/python3.10/site-packages/airflow/example_dags/example_short_circuit_operator.py
[2023-06-11T03:03:29.355+0000] {logging_mixin.py:137} INFO - [2023-06-11T03:03:29.355+0000] {dag.py:2690} INFO - Sync 1 DAGs
[2023-06-11T03:03:29.374+0000] {logging_mixin.py:137} INFO - [2023-06-11T03:03:29.374+0000] {dag.py:3437} INFO - Setting next_dagrun for example_short_circuit_operator to 2023-06-10T03:03:29.373814+00:00, run_after=2023-06-11T03:03:29.373814+00:00
[2023-06-11T03:03:29.417+0000] {processor.py:175} INFO - Processing /usr/local/python/3.10.4/lib/python3.10/site-packages/airflow/example_dags/example_short_circuit_operator.py took 0.105 seconds
[2023-06-11T03:04:10.183+0000] {processor.py:153} INFO - Started process (PID=9154) to work on /usr/local/python/3.10.4/lib/python3.10/site-packages/airflow/example_dags/example_short_circuit_operator.py
[2023-06-11T03:04:10.184+0000] {processor.py:743} INFO - Processing file /usr/local/python/3.10.4/lib/python3.10/site-packages/airflow/example_dags/example_short_circuit_operator.py for tasks to queue
[2023-06-11T03:04:10.185+0000] {logging_mixin.py:137} INFO - [2023-06-11T03:04:10.185+0000] {dagbag.py:538} INFO - Filling up the DagBag from /usr/local/python/3.10.4/lib/python3.10/site-packages/airflow/example_dags/example_short_circuit_operator.py
[2023-06-11T03:04:10.203+0000] {processor.py:753} INFO - DAG(s) dict_keys(['example_short_circuit_operator']) retrieved from /usr/local/python/3.10.4/lib/python3.10/site-packages/airflow/example_dags/example_short_circuit_operator.py
[2023-06-11T03:04:10.223+0000] {logging_mixin.py:137} INFO - [2023-06-11T03:04:10.223+0000] {dag.py:2690} INFO - Sync 1 DAGs
[2023-06-11T03:04:10.242+0000] {logging_mixin.py:137} INFO - [2023-06-11T03:04:10.241+0000] {dag.py:3437} INFO - Setting next_dagrun for example_short_circuit_operator to 2023-06-10T03:04:10.241592+00:00, run_after=2023-06-11T03:04:10.241592+00:00
[2023-06-11T03:04:10.287+0000] {processor.py:175} INFO - Processing /usr/local/python/3.10.4/lib/python3.10/site-packages/airflow/example_dags/example_short_circuit_operator.py took 0.108 seconds
[2023-06-11T03:04:52.351+0000] {processor.py:153} INFO - Started process (PID=9515) to work on /usr/local/python/3.10.4/lib/python3.10/site-packages/airflow/example_dags/example_short_circuit_operator.py
[2023-06-11T03:04:52.352+0000] {processor.py:743} INFO - Processing file /usr/local/python/3.10.4/lib/python3.10/site-packages/airflow/example_dags/example_short_circuit_operator.py for tasks to queue
[2023-06-11T03:04:52.353+0000] {logging_mixin.py:137} INFO - [2023-06-11T03:04:52.353+0000] {dagbag.py:538} INFO - Filling up the DagBag from /usr/local/python/3.10.4/lib/python3.10/site-packages/airflow/example_dags/example_short_circuit_operator.py
[2023-06-11T03:04:52.380+0000] {processor.py:753} INFO - DAG(s) dict_keys(['example_short_circuit_operator']) retrieved from /usr/local/python/3.10.4/lib/python3.10/site-packages/airflow/example_dags/example_short_circuit_operator.py
[2023-06-11T03:04:52.407+0000] {logging_mixin.py:137} INFO - [2023-06-11T03:04:52.407+0000] {dag.py:2690} INFO - Sync 1 DAGs
[2023-06-11T03:04:52.433+0000] {logging_mixin.py:137} INFO - [2023-06-11T03:04:52.433+0000] {dag.py:3437} INFO - Setting next_dagrun for example_short_circuit_operator to 2023-06-10T03:04:52.433367+00:00, run_after=2023-06-11T03:04:52.433367+00:00
[2023-06-11T03:04:52.478+0000] {processor.py:175} INFO - Processing /usr/local/python/3.10.4/lib/python3.10/site-packages/airflow/example_dags/example_short_circuit_operator.py took 0.131 seconds
[2023-06-11T03:05:36.690+0000] {processor.py:153} INFO - Started process (PID=9904) to work on /usr/local/python/3.10.4/lib/python3.10/site-packages/airflow/example_dags/example_short_circuit_operator.py
[2023-06-11T03:05:36.692+0000] {processor.py:743} INFO - Processing file /usr/local/python/3.10.4/lib/python3.10/site-packages/airflow/example_dags/example_short_circuit_operator.py for tasks to queue
[2023-06-11T03:05:36.693+0000] {logging_mixin.py:137} INFO - [2023-06-11T03:05:36.693+0000] {dagbag.py:538} INFO - Filling up the DagBag from /usr/local/python/3.10.4/lib/python3.10/site-packages/airflow/example_dags/example_short_circuit_operator.py
[2023-06-11T03:05:36.719+0000] {processor.py:753} INFO - DAG(s) dict_keys(['example_short_circuit_operator']) retrieved from /usr/local/python/3.10.4/lib/python3.10/site-packages/airflow/example_dags/example_short_circuit_operator.py
[2023-06-11T03:05:36.740+0000] {logging_mixin.py:137} INFO - [2023-06-11T03:05:36.739+0000] {dag.py:2690} INFO - Sync 1 DAGs
[2023-06-11T03:05:36.759+0000] {logging_mixin.py:137} INFO - [2023-06-11T03:05:36.759+0000] {dag.py:3437} INFO - Setting next_dagrun for example_short_circuit_operator to 2023-06-10T03:05:36.759424+00:00, run_after=2023-06-11T03:05:36.759424+00:00
[2023-06-11T03:05:36.805+0000] {processor.py:175} INFO - Processing /usr/local/python/3.10.4/lib/python3.10/site-packages/airflow/example_dags/example_short_circuit_operator.py took 0.120 seconds
[2023-06-11T03:06:22.729+0000] {processor.py:153} INFO - Started process (PID=10324) to work on /usr/local/python/3.10.4/lib/python3.10/site-packages/airflow/example_dags/example_short_circuit_operator.py
[2023-06-11T03:06:22.730+0000] {processor.py:743} INFO - Processing file /usr/local/python/3.10.4/lib/python3.10/site-packages/airflow/example_dags/example_short_circuit_operator.py for tasks to queue
[2023-06-11T03:06:22.730+0000] {logging_mixin.py:137} INFO - [2023-06-11T03:06:22.730+0000] {dagbag.py:538} INFO - Filling up the DagBag from /usr/local/python/3.10.4/lib/python3.10/site-packages/airflow/example_dags/example_short_circuit_operator.py
[2023-06-11T03:06:22.747+0000] {processor.py:753} INFO - DAG(s) dict_keys(['example_short_circuit_operator']) retrieved from /usr/local/python/3.10.4/lib/python3.10/site-packages/airflow/example_dags/example_short_circuit_operator.py
[2023-06-11T03:06:22.772+0000] {logging_mixin.py:137} INFO - [2023-06-11T03:06:22.772+0000] {dag.py:2690} INFO - Sync 1 DAGs
[2023-06-11T03:06:22.791+0000] {logging_mixin.py:137} INFO - [2023-06-11T03:06:22.791+0000] {dag.py:3437} INFO - Setting next_dagrun for example_short_circuit_operator to 2023-06-10T03:06:22.791228+00:00, run_after=2023-06-11T03:06:22.791228+00:00
[2023-06-11T03:06:22.834+0000] {processor.py:175} INFO - Processing /usr/local/python/3.10.4/lib/python3.10/site-packages/airflow/example_dags/example_short_circuit_operator.py took 0.109 seconds
[2023-06-11T03:07:02.123+0000] {processor.py:153} INFO - Started process (PID=10746) to work on /usr/local/python/3.10.4/lib/python3.10/site-packages/airflow/example_dags/example_short_circuit_operator.py
[2023-06-11T03:07:02.124+0000] {processor.py:743} INFO - Processing file /usr/local/python/3.10.4/lib/python3.10/site-packages/airflow/example_dags/example_short_circuit_operator.py for tasks to queue
[2023-06-11T03:07:02.126+0000] {logging_mixin.py:137} INFO - [2023-06-11T03:07:02.126+0000] {dagbag.py:538} INFO - Filling up the DagBag from /usr/local/python/3.10.4/lib/python3.10/site-packages/airflow/example_dags/example_short_circuit_operator.py
[2023-06-11T03:07:02.143+0000] {processor.py:753} INFO - DAG(s) dict_keys(['example_short_circuit_operator']) retrieved from /usr/local/python/3.10.4/lib/python3.10/site-packages/airflow/example_dags/example_short_circuit_operator.py
[2023-06-11T03:07:02.163+0000] {logging_mixin.py:137} INFO - [2023-06-11T03:07:02.163+0000] {dag.py:2690} INFO - Sync 1 DAGs
[2023-06-11T03:07:02.182+0000] {logging_mixin.py:137} INFO - [2023-06-11T03:07:02.182+0000] {dag.py:3437} INFO - Setting next_dagrun for example_short_circuit_operator to 2023-06-10T03:07:02.182510+00:00, run_after=2023-06-11T03:07:02.182510+00:00
[2023-06-11T03:07:02.228+0000] {processor.py:175} INFO - Processing /usr/local/python/3.10.4/lib/python3.10/site-packages/airflow/example_dags/example_short_circuit_operator.py took 0.111 seconds
[2023-06-11T03:07:38.954+0000] {processor.py:153} INFO - Started process (PID=11034) to work on /usr/local/python/3.10.4/lib/python3.10/site-packages/airflow/example_dags/example_short_circuit_operator.py
[2023-06-11T03:07:38.955+0000] {processor.py:743} INFO - Processing file /usr/local/python/3.10.4/lib/python3.10/site-packages/airflow/example_dags/example_short_circuit_operator.py for tasks to queue
[2023-06-11T03:07:38.956+0000] {logging_mixin.py:137} INFO - [2023-06-11T03:07:38.956+0000] {dagbag.py:538} INFO - Filling up the DagBag from /usr/local/python/3.10.4/lib/python3.10/site-packages/airflow/example_dags/example_short_circuit_operator.py
[2023-06-11T03:07:38.973+0000] {processor.py:753} INFO - DAG(s) dict_keys(['example_short_circuit_operator']) retrieved from /usr/local/python/3.10.4/lib/python3.10/site-packages/airflow/example_dags/example_short_circuit_operator.py
[2023-06-11T03:07:38.998+0000] {logging_mixin.py:137} INFO - [2023-06-11T03:07:38.997+0000] {dag.py:2690} INFO - Sync 1 DAGs
[2023-06-11T03:07:39.022+0000] {logging_mixin.py:137} INFO - [2023-06-11T03:07:39.022+0000] {dag.py:3437} INFO - Setting next_dagrun for example_short_circuit_operator to 2023-06-10T03:07:39.022193+00:00, run_after=2023-06-11T03:07:39.022193+00:00
[2023-06-11T03:07:39.071+0000] {processor.py:175} INFO - Processing /usr/local/python/3.10.4/lib/python3.10/site-packages/airflow/example_dags/example_short_circuit_operator.py took 0.120 seconds
[2023-06-11T03:08:26.043+0000] {processor.py:153} INFO - Started process (PID=11429) to work on /usr/local/python/3.10.4/lib/python3.10/site-packages/airflow/example_dags/example_short_circuit_operator.py
[2023-06-11T03:08:26.044+0000] {processor.py:743} INFO - Processing file /usr/local/python/3.10.4/lib/python3.10/site-packages/airflow/example_dags/example_short_circuit_operator.py for tasks to queue
[2023-06-11T03:08:26.045+0000] {logging_mixin.py:137} INFO - [2023-06-11T03:08:26.045+0000] {dagbag.py:538} INFO - Filling up the DagBag from /usr/local/python/3.10.4/lib/python3.10/site-packages/airflow/example_dags/example_short_circuit_operator.py
[2023-06-11T03:08:26.067+0000] {processor.py:753} INFO - DAG(s) dict_keys(['example_short_circuit_operator']) retrieved from /usr/local/python/3.10.4/lib/python3.10/site-packages/airflow/example_dags/example_short_circuit_operator.py
[2023-06-11T03:08:26.089+0000] {logging_mixin.py:137} INFO - [2023-06-11T03:08:26.089+0000] {dag.py:2690} INFO - Sync 1 DAGs
[2023-06-11T03:08:26.109+0000] {logging_mixin.py:137} INFO - [2023-06-11T03:08:26.109+0000] {dag.py:3437} INFO - Setting next_dagrun for example_short_circuit_operator to 2023-06-10T03:08:26.109486+00:00, run_after=2023-06-11T03:08:26.109486+00:00
[2023-06-11T03:08:26.156+0000] {processor.py:175} INFO - Processing /usr/local/python/3.10.4/lib/python3.10/site-packages/airflow/example_dags/example_short_circuit_operator.py took 0.124 seconds
[2023-06-11T03:09:13.056+0000] {processor.py:153} INFO - Started process (PID=11783) to work on /usr/local/python/3.10.4/lib/python3.10/site-packages/airflow/example_dags/example_short_circuit_operator.py
[2023-06-11T03:09:13.057+0000] {processor.py:743} INFO - Processing file /usr/local/python/3.10.4/lib/python3.10/site-packages/airflow/example_dags/example_short_circuit_operator.py for tasks to queue
[2023-06-11T03:09:13.057+0000] {logging_mixin.py:137} INFO - [2023-06-11T03:09:13.057+0000] {dagbag.py:538} INFO - Filling up the DagBag from /usr/local/python/3.10.4/lib/python3.10/site-packages/airflow/example_dags/example_short_circuit_operator.py
[2023-06-11T03:09:13.077+0000] {processor.py:753} INFO - DAG(s) dict_keys(['example_short_circuit_operator']) retrieved from /usr/local/python/3.10.4/lib/python3.10/site-packages/airflow/example_dags/example_short_circuit_operator.py
[2023-06-11T03:09:13.098+0000] {logging_mixin.py:137} INFO - [2023-06-11T03:09:13.098+0000] {dag.py:2690} INFO - Sync 1 DAGs
[2023-06-11T03:09:13.120+0000] {logging_mixin.py:137} INFO - [2023-06-11T03:09:13.120+0000] {dag.py:3437} INFO - Setting next_dagrun for example_short_circuit_operator to 2023-06-10T03:09:13.119942+00:00, run_after=2023-06-11T03:09:13.119942+00:00
[2023-06-11T03:09:13.322+0000] {processor.py:175} INFO - Processing /usr/local/python/3.10.4/lib/python3.10/site-packages/airflow/example_dags/example_short_circuit_operator.py took 0.270 seconds
[2023-06-11T03:10:01.545+0000] {processor.py:153} INFO - Started process (PID=12116) to work on /usr/local/python/3.10.4/lib/python3.10/site-packages/airflow/example_dags/example_short_circuit_operator.py
[2023-06-11T03:10:01.546+0000] {processor.py:743} INFO - Processing file /usr/local/python/3.10.4/lib/python3.10/site-packages/airflow/example_dags/example_short_circuit_operator.py for tasks to queue
[2023-06-11T03:10:01.547+0000] {logging_mixin.py:137} INFO - [2023-06-11T03:10:01.547+0000] {dagbag.py:538} INFO - Filling up the DagBag from /usr/local/python/3.10.4/lib/python3.10/site-packages/airflow/example_dags/example_short_circuit_operator.py
[2023-06-11T03:10:01.567+0000] {processor.py:753} INFO - DAG(s) dict_keys(['example_short_circuit_operator']) retrieved from /usr/local/python/3.10.4/lib/python3.10/site-packages/airflow/example_dags/example_short_circuit_operator.py
[2023-06-11T03:10:01.589+0000] {logging_mixin.py:137} INFO - [2023-06-11T03:10:01.589+0000] {dag.py:2690} INFO - Sync 1 DAGs
[2023-06-11T03:10:01.788+0000] {logging_mixin.py:137} INFO - [2023-06-11T03:10:01.788+0000] {dag.py:3437} INFO - Setting next_dagrun for example_short_circuit_operator to 2023-06-10T03:10:01.787975+00:00, run_after=2023-06-11T03:10:01.787975+00:00
[2023-06-11T03:10:01.833+0000] {processor.py:175} INFO - Processing /usr/local/python/3.10.4/lib/python3.10/site-packages/airflow/example_dags/example_short_circuit_operator.py took 0.293 seconds
[2023-06-11T03:10:55.746+0000] {processor.py:153} INFO - Started process (PID=12556) to work on /usr/local/python/3.10.4/lib/python3.10/site-packages/airflow/example_dags/example_short_circuit_operator.py
[2023-06-11T03:10:55.747+0000] {processor.py:743} INFO - Processing file /usr/local/python/3.10.4/lib/python3.10/site-packages/airflow/example_dags/example_short_circuit_operator.py for tasks to queue
[2023-06-11T03:10:55.748+0000] {logging_mixin.py:137} INFO - [2023-06-11T03:10:55.748+0000] {dagbag.py:538} INFO - Filling up the DagBag from /usr/local/python/3.10.4/lib/python3.10/site-packages/airflow/example_dags/example_short_circuit_operator.py
[2023-06-11T03:10:55.766+0000] {processor.py:753} INFO - DAG(s) dict_keys(['example_short_circuit_operator']) retrieved from /usr/local/python/3.10.4/lib/python3.10/site-packages/airflow/example_dags/example_short_circuit_operator.py
[2023-06-11T03:10:55.788+0000] {logging_mixin.py:137} INFO - [2023-06-11T03:10:55.788+0000] {dag.py:2690} INFO - Sync 1 DAGs
[2023-06-11T03:10:55.971+0000] {logging_mixin.py:137} INFO - [2023-06-11T03:10:55.970+0000] {dag.py:3437} INFO - Setting next_dagrun for example_short_circuit_operator to 2023-06-10T03:10:55.970675+00:00, run_after=2023-06-11T03:10:55.970675+00:00
[2023-06-11T03:10:56.014+0000] {processor.py:175} INFO - Processing /usr/local/python/3.10.4/lib/python3.10/site-packages/airflow/example_dags/example_short_circuit_operator.py took 0.271 seconds
