[2023-06-11T03:01:36.488+0000] {processor.py:153} INFO - Started process (PID=8034) to work on /usr/local/python/3.10.4/lib/python3.10/site-packages/airflow/example_dags/example_branch_day_of_week_operator.py
[2023-06-11T03:01:36.489+0000] {processor.py:743} INFO - Processing file /usr/local/python/3.10.4/lib/python3.10/site-packages/airflow/example_dags/example_branch_day_of_week_operator.py for tasks to queue
[2023-06-11T03:01:36.490+0000] {logging_mixin.py:137} INFO - [2023-06-11T03:01:36.489+0000] {dagbag.py:538} INFO - Filling up the DagBag from /usr/local/python/3.10.4/lib/python3.10/site-packages/airflow/example_dags/example_branch_day_of_week_operator.py
[2023-06-11T03:01:36.507+0000] {processor.py:753} INFO - DAG(s) dict_keys(['example_weekday_branch_operator']) retrieved from /usr/local/python/3.10.4/lib/python3.10/site-packages/airflow/example_dags/example_branch_day_of_week_operator.py
[2023-06-11T03:01:36.669+0000] {logging_mixin.py:137} INFO - [2023-06-11T03:01:36.668+0000] {manager.py:504} INFO - Created Permission View: can delete on DAG:example_weekday_branch_operator
[2023-06-11T03:01:36.706+0000] {logging_mixin.py:137} INFO - [2023-06-11T03:01:36.706+0000] {manager.py:504} INFO - Created Permission View: can edit on DAG:example_weekday_branch_operator
[2023-06-11T03:01:36.740+0000] {logging_mixin.py:137} INFO - [2023-06-11T03:01:36.740+0000] {manager.py:504} INFO - Created Permission View: can read on DAG:example_weekday_branch_operator
[2023-06-11T03:01:36.740+0000] {logging_mixin.py:137} INFO - [2023-06-11T03:01:36.740+0000] {dag.py:2690} INFO - Sync 1 DAGs
[2023-06-11T03:01:36.751+0000] {logging_mixin.py:137} INFO - [2023-06-11T03:01:36.751+0000] {dag.py:2711} INFO - Creating ORM DAG for example_weekday_branch_operator
[2023-06-11T03:01:36.761+0000] {logging_mixin.py:137} INFO - [2023-06-11T03:01:36.761+0000] {dag.py:3437} INFO - Setting next_dagrun for example_weekday_branch_operator to 2023-06-10T00:00:00+00:00, run_after=2023-06-11T00:00:00+00:00
[2023-06-11T03:01:36.813+0000] {processor.py:175} INFO - Processing /usr/local/python/3.10.4/lib/python3.10/site-packages/airflow/example_dags/example_branch_day_of_week_operator.py took 0.329 seconds
[2023-06-11T03:02:21.244+0000] {processor.py:153} INFO - Started process (PID=8347) to work on /usr/local/python/3.10.4/lib/python3.10/site-packages/airflow/example_dags/example_branch_day_of_week_operator.py
[2023-06-11T03:02:21.245+0000] {processor.py:743} INFO - Processing file /usr/local/python/3.10.4/lib/python3.10/site-packages/airflow/example_dags/example_branch_day_of_week_operator.py for tasks to queue
[2023-06-11T03:02:21.246+0000] {logging_mixin.py:137} INFO - [2023-06-11T03:02:21.245+0000] {dagbag.py:538} INFO - Filling up the DagBag from /usr/local/python/3.10.4/lib/python3.10/site-packages/airflow/example_dags/example_branch_day_of_week_operator.py
[2023-06-11T03:02:21.264+0000] {processor.py:753} INFO - DAG(s) dict_keys(['example_weekday_branch_operator']) retrieved from /usr/local/python/3.10.4/lib/python3.10/site-packages/airflow/example_dags/example_branch_day_of_week_operator.py
[2023-06-11T03:02:21.285+0000] {logging_mixin.py:137} INFO - [2023-06-11T03:02:21.284+0000] {dag.py:2690} INFO - Sync 1 DAGs
[2023-06-11T03:02:21.313+0000] {logging_mixin.py:137} INFO - [2023-06-11T03:02:21.313+0000] {dag.py:3437} INFO - Setting next_dagrun for example_weekday_branch_operator to 2023-06-10T00:00:00+00:00, run_after=2023-06-11T00:00:00+00:00
[2023-06-11T03:02:21.374+0000] {processor.py:175} INFO - Processing /usr/local/python/3.10.4/lib/python3.10/site-packages/airflow/example_dags/example_branch_day_of_week_operator.py took 0.134 seconds
[2023-06-11T03:03:02.482+0000] {processor.py:153} INFO - Started process (PID=8651) to work on /usr/local/python/3.10.4/lib/python3.10/site-packages/airflow/example_dags/example_branch_day_of_week_operator.py
[2023-06-11T03:03:02.483+0000] {processor.py:743} INFO - Processing file /usr/local/python/3.10.4/lib/python3.10/site-packages/airflow/example_dags/example_branch_day_of_week_operator.py for tasks to queue
[2023-06-11T03:03:02.484+0000] {logging_mixin.py:137} INFO - [2023-06-11T03:03:02.484+0000] {dagbag.py:538} INFO - Filling up the DagBag from /usr/local/python/3.10.4/lib/python3.10/site-packages/airflow/example_dags/example_branch_day_of_week_operator.py
[2023-06-11T03:03:02.504+0000] {processor.py:753} INFO - DAG(s) dict_keys(['example_weekday_branch_operator']) retrieved from /usr/local/python/3.10.4/lib/python3.10/site-packages/airflow/example_dags/example_branch_day_of_week_operator.py
[2023-06-11T03:03:02.524+0000] {logging_mixin.py:137} INFO - [2023-06-11T03:03:02.523+0000] {dag.py:2690} INFO - Sync 1 DAGs
[2023-06-11T03:03:02.545+0000] {logging_mixin.py:137} INFO - [2023-06-11T03:03:02.545+0000] {dag.py:3437} INFO - Setting next_dagrun for example_weekday_branch_operator to 2023-06-10T00:00:00+00:00, run_after=2023-06-11T00:00:00+00:00
[2023-06-11T03:03:02.591+0000] {processor.py:175} INFO - Processing /usr/local/python/3.10.4/lib/python3.10/site-packages/airflow/example_dags/example_branch_day_of_week_operator.py took 0.114 seconds
[2023-06-11T03:03:43.810+0000] {processor.py:153} INFO - Started process (PID=8960) to work on /usr/local/python/3.10.4/lib/python3.10/site-packages/airflow/example_dags/example_branch_day_of_week_operator.py
[2023-06-11T03:03:43.811+0000] {processor.py:743} INFO - Processing file /usr/local/python/3.10.4/lib/python3.10/site-packages/airflow/example_dags/example_branch_day_of_week_operator.py for tasks to queue
[2023-06-11T03:03:43.812+0000] {logging_mixin.py:137} INFO - [2023-06-11T03:03:43.812+0000] {dagbag.py:538} INFO - Filling up the DagBag from /usr/local/python/3.10.4/lib/python3.10/site-packages/airflow/example_dags/example_branch_day_of_week_operator.py
[2023-06-11T03:03:43.851+0000] {processor.py:753} INFO - DAG(s) dict_keys(['example_weekday_branch_operator']) retrieved from /usr/local/python/3.10.4/lib/python3.10/site-packages/airflow/example_dags/example_branch_day_of_week_operator.py
[2023-06-11T03:03:43.884+0000] {logging_mixin.py:137} INFO - [2023-06-11T03:03:43.884+0000] {dag.py:2690} INFO - Sync 1 DAGs
[2023-06-11T03:03:43.924+0000] {logging_mixin.py:137} INFO - [2023-06-11T03:03:43.924+0000] {dag.py:3437} INFO - Setting next_dagrun for example_weekday_branch_operator to 2023-06-10T00:00:00+00:00, run_after=2023-06-11T00:00:00+00:00
[2023-06-11T03:03:43.981+0000] {processor.py:175} INFO - Processing /usr/local/python/3.10.4/lib/python3.10/site-packages/airflow/example_dags/example_branch_day_of_week_operator.py took 0.176 seconds
[2023-06-11T03:04:27.151+0000] {processor.py:153} INFO - Started process (PID=9282) to work on /usr/local/python/3.10.4/lib/python3.10/site-packages/airflow/example_dags/example_branch_day_of_week_operator.py
[2023-06-11T03:04:27.152+0000] {processor.py:743} INFO - Processing file /usr/local/python/3.10.4/lib/python3.10/site-packages/airflow/example_dags/example_branch_day_of_week_operator.py for tasks to queue
[2023-06-11T03:04:27.153+0000] {logging_mixin.py:137} INFO - [2023-06-11T03:04:27.153+0000] {dagbag.py:538} INFO - Filling up the DagBag from /usr/local/python/3.10.4/lib/python3.10/site-packages/airflow/example_dags/example_branch_day_of_week_operator.py
[2023-06-11T03:04:27.171+0000] {processor.py:753} INFO - DAG(s) dict_keys(['example_weekday_branch_operator']) retrieved from /usr/local/python/3.10.4/lib/python3.10/site-packages/airflow/example_dags/example_branch_day_of_week_operator.py
[2023-06-11T03:04:27.191+0000] {logging_mixin.py:137} INFO - [2023-06-11T03:04:27.191+0000] {dag.py:2690} INFO - Sync 1 DAGs
[2023-06-11T03:04:27.212+0000] {logging_mixin.py:137} INFO - [2023-06-11T03:04:27.212+0000] {dag.py:3437} INFO - Setting next_dagrun for example_weekday_branch_operator to 2023-06-10T00:00:00+00:00, run_after=2023-06-11T00:00:00+00:00
[2023-06-11T03:04:27.257+0000] {processor.py:175} INFO - Processing /usr/local/python/3.10.4/lib/python3.10/site-packages/airflow/example_dags/example_branch_day_of_week_operator.py took 0.110 seconds
[2023-06-11T03:05:15.448+0000] {processor.py:153} INFO - Started process (PID=9735) to work on /usr/local/python/3.10.4/lib/python3.10/site-packages/airflow/example_dags/example_branch_day_of_week_operator.py
[2023-06-11T03:05:15.449+0000] {processor.py:743} INFO - Processing file /usr/local/python/3.10.4/lib/python3.10/site-packages/airflow/example_dags/example_branch_day_of_week_operator.py for tasks to queue
[2023-06-11T03:05:15.450+0000] {logging_mixin.py:137} INFO - [2023-06-11T03:05:15.450+0000] {dagbag.py:538} INFO - Filling up the DagBag from /usr/local/python/3.10.4/lib/python3.10/site-packages/airflow/example_dags/example_branch_day_of_week_operator.py
[2023-06-11T03:05:15.468+0000] {processor.py:753} INFO - DAG(s) dict_keys(['example_weekday_branch_operator']) retrieved from /usr/local/python/3.10.4/lib/python3.10/site-packages/airflow/example_dags/example_branch_day_of_week_operator.py
[2023-06-11T03:05:15.487+0000] {logging_mixin.py:137} INFO - [2023-06-11T03:05:15.487+0000] {dag.py:2690} INFO - Sync 1 DAGs
[2023-06-11T03:05:15.509+0000] {logging_mixin.py:137} INFO - [2023-06-11T03:05:15.509+0000] {dag.py:3437} INFO - Setting next_dagrun for example_weekday_branch_operator to 2023-06-10T00:00:00+00:00, run_after=2023-06-11T00:00:00+00:00
[2023-06-11T03:05:15.553+0000] {processor.py:175} INFO - Processing /usr/local/python/3.10.4/lib/python3.10/site-packages/airflow/example_dags/example_branch_day_of_week_operator.py took 0.108 seconds
[2023-06-11T03:06:01.674+0000] {processor.py:153} INFO - Started process (PID=10108) to work on /usr/local/python/3.10.4/lib/python3.10/site-packages/airflow/example_dags/example_branch_day_of_week_operator.py
[2023-06-11T03:06:01.675+0000] {processor.py:743} INFO - Processing file /usr/local/python/3.10.4/lib/python3.10/site-packages/airflow/example_dags/example_branch_day_of_week_operator.py for tasks to queue
[2023-06-11T03:06:01.675+0000] {logging_mixin.py:137} INFO - [2023-06-11T03:06:01.675+0000] {dagbag.py:538} INFO - Filling up the DagBag from /usr/local/python/3.10.4/lib/python3.10/site-packages/airflow/example_dags/example_branch_day_of_week_operator.py
[2023-06-11T03:06:01.693+0000] {processor.py:753} INFO - DAG(s) dict_keys(['example_weekday_branch_operator']) retrieved from /usr/local/python/3.10.4/lib/python3.10/site-packages/airflow/example_dags/example_branch_day_of_week_operator.py
[2023-06-11T03:06:01.713+0000] {logging_mixin.py:137} INFO - [2023-06-11T03:06:01.712+0000] {dag.py:2690} INFO - Sync 1 DAGs
[2023-06-11T03:06:01.735+0000] {logging_mixin.py:137} INFO - [2023-06-11T03:06:01.734+0000] {dag.py:3437} INFO - Setting next_dagrun for example_weekday_branch_operator to 2023-06-10T00:00:00+00:00, run_after=2023-06-11T00:00:00+00:00
[2023-06-11T03:06:01.784+0000] {processor.py:175} INFO - Processing /usr/local/python/3.10.4/lib/python3.10/site-packages/airflow/example_dags/example_branch_day_of_week_operator.py took 0.114 seconds
[2023-06-11T03:06:50.333+0000] {processor.py:153} INFO - Started process (PID=10663) to work on /usr/local/python/3.10.4/lib/python3.10/site-packages/airflow/example_dags/example_branch_day_of_week_operator.py
[2023-06-11T03:06:50.334+0000] {processor.py:743} INFO - Processing file /usr/local/python/3.10.4/lib/python3.10/site-packages/airflow/example_dags/example_branch_day_of_week_operator.py for tasks to queue
[2023-06-11T03:06:50.334+0000] {logging_mixin.py:137} INFO - [2023-06-11T03:06:50.334+0000] {dagbag.py:538} INFO - Filling up the DagBag from /usr/local/python/3.10.4/lib/python3.10/site-packages/airflow/example_dags/example_branch_day_of_week_operator.py
[2023-06-11T03:06:50.352+0000] {processor.py:753} INFO - DAG(s) dict_keys(['example_weekday_branch_operator']) retrieved from /usr/local/python/3.10.4/lib/python3.10/site-packages/airflow/example_dags/example_branch_day_of_week_operator.py
[2023-06-11T03:06:50.372+0000] {logging_mixin.py:137} INFO - [2023-06-11T03:06:50.372+0000] {dag.py:2690} INFO - Sync 1 DAGs
[2023-06-11T03:06:50.393+0000] {logging_mixin.py:137} INFO - [2023-06-11T03:06:50.392+0000] {dag.py:3437} INFO - Setting next_dagrun for example_weekday_branch_operator to 2023-06-10T00:00:00+00:00, run_after=2023-06-11T00:00:00+00:00
[2023-06-11T03:06:50.438+0000] {processor.py:175} INFO - Processing /usr/local/python/3.10.4/lib/python3.10/site-packages/airflow/example_dags/example_branch_day_of_week_operator.py took 0.109 seconds
[2023-06-11T03:07:31.166+0000] {processor.py:153} INFO - Started process (PID=10988) to work on /usr/local/python/3.10.4/lib/python3.10/site-packages/airflow/example_dags/example_branch_day_of_week_operator.py
[2023-06-11T03:07:31.167+0000] {processor.py:743} INFO - Processing file /usr/local/python/3.10.4/lib/python3.10/site-packages/airflow/example_dags/example_branch_day_of_week_operator.py for tasks to queue
[2023-06-11T03:07:31.167+0000] {logging_mixin.py:137} INFO - [2023-06-11T03:07:31.167+0000] {dagbag.py:538} INFO - Filling up the DagBag from /usr/local/python/3.10.4/lib/python3.10/site-packages/airflow/example_dags/example_branch_day_of_week_operator.py
[2023-06-11T03:07:31.185+0000] {processor.py:753} INFO - DAG(s) dict_keys(['example_weekday_branch_operator']) retrieved from /usr/local/python/3.10.4/lib/python3.10/site-packages/airflow/example_dags/example_branch_day_of_week_operator.py
[2023-06-11T03:07:31.204+0000] {logging_mixin.py:137} INFO - [2023-06-11T03:07:31.204+0000] {dag.py:2690} INFO - Sync 1 DAGs
[2023-06-11T03:07:31.224+0000] {logging_mixin.py:137} INFO - [2023-06-11T03:07:31.224+0000] {dag.py:3437} INFO - Setting next_dagrun for example_weekday_branch_operator to 2023-06-10T00:00:00+00:00, run_after=2023-06-11T00:00:00+00:00
[2023-06-11T03:07:31.268+0000] {processor.py:175} INFO - Processing /usr/local/python/3.10.4/lib/python3.10/site-packages/airflow/example_dags/example_branch_day_of_week_operator.py took 0.105 seconds
[2023-06-11T03:08:18.601+0000] {processor.py:153} INFO - Started process (PID=11361) to work on /usr/local/python/3.10.4/lib/python3.10/site-packages/airflow/example_dags/example_branch_day_of_week_operator.py
[2023-06-11T03:08:18.602+0000] {processor.py:743} INFO - Processing file /usr/local/python/3.10.4/lib/python3.10/site-packages/airflow/example_dags/example_branch_day_of_week_operator.py for tasks to queue
[2023-06-11T03:08:18.602+0000] {logging_mixin.py:137} INFO - [2023-06-11T03:08:18.602+0000] {dagbag.py:538} INFO - Filling up the DagBag from /usr/local/python/3.10.4/lib/python3.10/site-packages/airflow/example_dags/example_branch_day_of_week_operator.py
[2023-06-11T03:08:18.620+0000] {processor.py:753} INFO - DAG(s) dict_keys(['example_weekday_branch_operator']) retrieved from /usr/local/python/3.10.4/lib/python3.10/site-packages/airflow/example_dags/example_branch_day_of_week_operator.py
[2023-06-11T03:08:18.640+0000] {logging_mixin.py:137} INFO - [2023-06-11T03:08:18.640+0000] {dag.py:2690} INFO - Sync 1 DAGs
[2023-06-11T03:08:18.662+0000] {logging_mixin.py:137} INFO - [2023-06-11T03:08:18.661+0000] {dag.py:3437} INFO - Setting next_dagrun for example_weekday_branch_operator to 2023-06-10T00:00:00+00:00, run_after=2023-06-11T00:00:00+00:00
[2023-06-11T03:08:18.711+0000] {processor.py:175} INFO - Processing /usr/local/python/3.10.4/lib/python3.10/site-packages/airflow/example_dags/example_branch_day_of_week_operator.py took 0.114 seconds
[2023-06-11T03:09:04.103+0000] {processor.py:153} INFO - Started process (PID=11716) to work on /usr/local/python/3.10.4/lib/python3.10/site-packages/airflow/example_dags/example_branch_day_of_week_operator.py
[2023-06-11T03:09:04.104+0000] {processor.py:743} INFO - Processing file /usr/local/python/3.10.4/lib/python3.10/site-packages/airflow/example_dags/example_branch_day_of_week_operator.py for tasks to queue
[2023-06-11T03:09:04.105+0000] {logging_mixin.py:137} INFO - [2023-06-11T03:09:04.105+0000] {dagbag.py:538} INFO - Filling up the DagBag from /usr/local/python/3.10.4/lib/python3.10/site-packages/airflow/example_dags/example_branch_day_of_week_operator.py
[2023-06-11T03:09:04.123+0000] {processor.py:753} INFO - DAG(s) dict_keys(['example_weekday_branch_operator']) retrieved from /usr/local/python/3.10.4/lib/python3.10/site-packages/airflow/example_dags/example_branch_day_of_week_operator.py
[2023-06-11T03:09:04.143+0000] {logging_mixin.py:137} INFO - [2023-06-11T03:09:04.143+0000] {dag.py:2690} INFO - Sync 1 DAGs
[2023-06-11T03:09:04.165+0000] {logging_mixin.py:137} INFO - [2023-06-11T03:09:04.165+0000] {dag.py:3437} INFO - Setting next_dagrun for example_weekday_branch_operator to 2023-06-10T00:00:00+00:00, run_after=2023-06-11T00:00:00+00:00
[2023-06-11T03:09:04.369+0000] {processor.py:175} INFO - Processing /usr/local/python/3.10.4/lib/python3.10/site-packages/airflow/example_dags/example_branch_day_of_week_operator.py took 0.270 seconds
[2023-06-11T03:09:49.844+0000] {processor.py:153} INFO - Started process (PID=12038) to work on /usr/local/python/3.10.4/lib/python3.10/site-packages/airflow/example_dags/example_branch_day_of_week_operator.py
[2023-06-11T03:09:49.845+0000] {processor.py:743} INFO - Processing file /usr/local/python/3.10.4/lib/python3.10/site-packages/airflow/example_dags/example_branch_day_of_week_operator.py for tasks to queue
[2023-06-11T03:09:49.846+0000] {logging_mixin.py:137} INFO - [2023-06-11T03:09:49.846+0000] {dagbag.py:538} INFO - Filling up the DagBag from /usr/local/python/3.10.4/lib/python3.10/site-packages/airflow/example_dags/example_branch_day_of_week_operator.py
[2023-06-11T03:09:49.864+0000] {processor.py:753} INFO - DAG(s) dict_keys(['example_weekday_branch_operator']) retrieved from /usr/local/python/3.10.4/lib/python3.10/site-packages/airflow/example_dags/example_branch_day_of_week_operator.py
[2023-06-11T03:09:49.884+0000] {logging_mixin.py:137} INFO - [2023-06-11T03:09:49.884+0000] {dag.py:2690} INFO - Sync 1 DAGs
[2023-06-11T03:09:50.045+0000] {logging_mixin.py:137} INFO - [2023-06-11T03:09:50.045+0000] {dag.py:3437} INFO - Setting next_dagrun for example_weekday_branch_operator to 2023-06-10T00:00:00+00:00, run_after=2023-06-11T00:00:00+00:00
[2023-06-11T03:09:50.096+0000] {processor.py:175} INFO - Processing /usr/local/python/3.10.4/lib/python3.10/site-packages/airflow/example_dags/example_branch_day_of_week_operator.py took 0.256 seconds
[2023-06-11T03:10:42.398+0000] {processor.py:153} INFO - Started process (PID=12415) to work on /usr/local/python/3.10.4/lib/python3.10/site-packages/airflow/example_dags/example_branch_day_of_week_operator.py
[2023-06-11T03:10:42.399+0000] {processor.py:743} INFO - Processing file /usr/local/python/3.10.4/lib/python3.10/site-packages/airflow/example_dags/example_branch_day_of_week_operator.py for tasks to queue
[2023-06-11T03:10:42.399+0000] {logging_mixin.py:137} INFO - [2023-06-11T03:10:42.399+0000] {dagbag.py:538} INFO - Filling up the DagBag from /usr/local/python/3.10.4/lib/python3.10/site-packages/airflow/example_dags/example_branch_day_of_week_operator.py
[2023-06-11T03:10:42.416+0000] {processor.py:753} INFO - DAG(s) dict_keys(['example_weekday_branch_operator']) retrieved from /usr/local/python/3.10.4/lib/python3.10/site-packages/airflow/example_dags/example_branch_day_of_week_operator.py
[2023-06-11T03:10:42.435+0000] {logging_mixin.py:137} INFO - [2023-06-11T03:10:42.435+0000] {dag.py:2690} INFO - Sync 1 DAGs
[2023-06-11T03:10:42.590+0000] {logging_mixin.py:137} INFO - [2023-06-11T03:10:42.590+0000] {dag.py:3437} INFO - Setting next_dagrun for example_weekday_branch_operator to 2023-06-10T00:00:00+00:00, run_after=2023-06-11T00:00:00+00:00
[2023-06-11T03:10:42.637+0000] {processor.py:175} INFO - Processing /usr/local/python/3.10.4/lib/python3.10/site-packages/airflow/example_dags/example_branch_day_of_week_operator.py took 0.243 seconds
