[2023-06-11T03:01:21.991+0000] {processor.py:153} INFO - Started process (PID=7948) to work on /usr/local/python/3.10.4/lib/python3.10/site-packages/airflow/example_dags/example_dynamic_task_mapping.py
[2023-06-11T03:01:21.992+0000] {processor.py:743} INFO - Processing file /usr/local/python/3.10.4/lib/python3.10/site-packages/airflow/example_dags/example_dynamic_task_mapping.py for tasks to queue
[2023-06-11T03:01:21.993+0000] {logging_mixin.py:137} INFO - [2023-06-11T03:01:21.993+0000] {dagbag.py:538} INFO - Filling up the DagBag from /usr/local/python/3.10.4/lib/python3.10/site-packages/airflow/example_dags/example_dynamic_task_mapping.py
[2023-06-11T03:01:22.018+0000] {processor.py:753} INFO - DAG(s) dict_keys(['example_dynamic_task_mapping']) retrieved from /usr/local/python/3.10.4/lib/python3.10/site-packages/airflow/example_dags/example_dynamic_task_mapping.py
[2023-06-11T03:01:22.187+0000] {logging_mixin.py:137} INFO - [2023-06-11T03:01:22.187+0000] {manager.py:504} INFO - Created Permission View: can delete on DAG:example_dynamic_task_mapping
[2023-06-11T03:01:22.224+0000] {logging_mixin.py:137} INFO - [2023-06-11T03:01:22.224+0000] {manager.py:504} INFO - Created Permission View: can edit on DAG:example_dynamic_task_mapping
[2023-06-11T03:01:22.259+0000] {logging_mixin.py:137} INFO - [2023-06-11T03:01:22.259+0000] {manager.py:504} INFO - Created Permission View: can read on DAG:example_dynamic_task_mapping
[2023-06-11T03:01:22.259+0000] {logging_mixin.py:137} INFO - [2023-06-11T03:01:22.259+0000] {dag.py:2690} INFO - Sync 1 DAGs
[2023-06-11T03:01:22.272+0000] {logging_mixin.py:137} INFO - [2023-06-11T03:01:22.272+0000] {dag.py:2711} INFO - Creating ORM DAG for example_dynamic_task_mapping
[2023-06-11T03:01:22.281+0000] {logging_mixin.py:137} INFO - [2023-06-11T03:01:22.281+0000] {dag.py:3437} INFO - Setting next_dagrun for example_dynamic_task_mapping to 2022-03-04T00:00:00+00:00, run_after=2022-03-05T00:00:00+00:00
[2023-06-11T03:01:22.332+0000] {processor.py:175} INFO - Processing /usr/local/python/3.10.4/lib/python3.10/site-packages/airflow/example_dags/example_dynamic_task_mapping.py took 0.345 seconds
[2023-06-11T03:02:08.932+0000] {processor.py:153} INFO - Started process (PID=8258) to work on /usr/local/python/3.10.4/lib/python3.10/site-packages/airflow/example_dags/example_dynamic_task_mapping.py
[2023-06-11T03:02:08.933+0000] {processor.py:743} INFO - Processing file /usr/local/python/3.10.4/lib/python3.10/site-packages/airflow/example_dags/example_dynamic_task_mapping.py for tasks to queue
[2023-06-11T03:02:08.933+0000] {logging_mixin.py:137} INFO - [2023-06-11T03:02:08.933+0000] {dagbag.py:538} INFO - Filling up the DagBag from /usr/local/python/3.10.4/lib/python3.10/site-packages/airflow/example_dags/example_dynamic_task_mapping.py
[2023-06-11T03:02:08.959+0000] {processor.py:753} INFO - DAG(s) dict_keys(['example_dynamic_task_mapping']) retrieved from /usr/local/python/3.10.4/lib/python3.10/site-packages/airflow/example_dags/example_dynamic_task_mapping.py
[2023-06-11T03:02:08.977+0000] {logging_mixin.py:137} INFO - [2023-06-11T03:02:08.977+0000] {dag.py:2690} INFO - Sync 1 DAGs
[2023-06-11T03:02:08.996+0000] {logging_mixin.py:137} INFO - [2023-06-11T03:02:08.995+0000] {dag.py:3437} INFO - Setting next_dagrun for example_dynamic_task_mapping to 2022-03-04T00:00:00+00:00, run_after=2022-03-05T00:00:00+00:00
[2023-06-11T03:02:09.039+0000] {processor.py:175} INFO - Processing /usr/local/python/3.10.4/lib/python3.10/site-packages/airflow/example_dags/example_dynamic_task_mapping.py took 0.111 seconds
[2023-06-11T03:02:51.005+0000] {processor.py:153} INFO - Started process (PID=8563) to work on /usr/local/python/3.10.4/lib/python3.10/site-packages/airflow/example_dags/example_dynamic_task_mapping.py
[2023-06-11T03:02:51.006+0000] {processor.py:743} INFO - Processing file /usr/local/python/3.10.4/lib/python3.10/site-packages/airflow/example_dags/example_dynamic_task_mapping.py for tasks to queue
[2023-06-11T03:02:51.006+0000] {logging_mixin.py:137} INFO - [2023-06-11T03:02:51.006+0000] {dagbag.py:538} INFO - Filling up the DagBag from /usr/local/python/3.10.4/lib/python3.10/site-packages/airflow/example_dags/example_dynamic_task_mapping.py
[2023-06-11T03:02:51.033+0000] {processor.py:753} INFO - DAG(s) dict_keys(['example_dynamic_task_mapping']) retrieved from /usr/local/python/3.10.4/lib/python3.10/site-packages/airflow/example_dags/example_dynamic_task_mapping.py
[2023-06-11T03:02:51.055+0000] {logging_mixin.py:137} INFO - [2023-06-11T03:02:51.055+0000] {dag.py:2690} INFO - Sync 1 DAGs
[2023-06-11T03:02:51.078+0000] {logging_mixin.py:137} INFO - [2023-06-11T03:02:51.078+0000] {dag.py:3437} INFO - Setting next_dagrun for example_dynamic_task_mapping to 2022-03-04T00:00:00+00:00, run_after=2022-03-05T00:00:00+00:00
[2023-06-11T03:02:51.122+0000] {processor.py:175} INFO - Processing /usr/local/python/3.10.4/lib/python3.10/site-packages/airflow/example_dags/example_dynamic_task_mapping.py took 0.121 seconds
[2023-06-11T03:03:32.008+0000] {processor.py:153} INFO - Started process (PID=8866) to work on /usr/local/python/3.10.4/lib/python3.10/site-packages/airflow/example_dags/example_dynamic_task_mapping.py
[2023-06-11T03:03:32.009+0000] {processor.py:743} INFO - Processing file /usr/local/python/3.10.4/lib/python3.10/site-packages/airflow/example_dags/example_dynamic_task_mapping.py for tasks to queue
[2023-06-11T03:03:32.009+0000] {logging_mixin.py:137} INFO - [2023-06-11T03:03:32.009+0000] {dagbag.py:538} INFO - Filling up the DagBag from /usr/local/python/3.10.4/lib/python3.10/site-packages/airflow/example_dags/example_dynamic_task_mapping.py
[2023-06-11T03:03:32.036+0000] {processor.py:753} INFO - DAG(s) dict_keys(['example_dynamic_task_mapping']) retrieved from /usr/local/python/3.10.4/lib/python3.10/site-packages/airflow/example_dags/example_dynamic_task_mapping.py
[2023-06-11T03:03:32.055+0000] {logging_mixin.py:137} INFO - [2023-06-11T03:03:32.055+0000] {dag.py:2690} INFO - Sync 1 DAGs
[2023-06-11T03:03:32.073+0000] {logging_mixin.py:137} INFO - [2023-06-11T03:03:32.073+0000] {dag.py:3437} INFO - Setting next_dagrun for example_dynamic_task_mapping to 2022-03-04T00:00:00+00:00, run_after=2022-03-05T00:00:00+00:00
[2023-06-11T03:03:32.115+0000] {processor.py:175} INFO - Processing /usr/local/python/3.10.4/lib/python3.10/site-packages/airflow/example_dags/example_dynamic_task_mapping.py took 0.111 seconds
[2023-06-11T03:04:13.844+0000] {processor.py:153} INFO - Started process (PID=9172) to work on /usr/local/python/3.10.4/lib/python3.10/site-packages/airflow/example_dags/example_dynamic_task_mapping.py
[2023-06-11T03:04:13.846+0000] {processor.py:743} INFO - Processing file /usr/local/python/3.10.4/lib/python3.10/site-packages/airflow/example_dags/example_dynamic_task_mapping.py for tasks to queue
[2023-06-11T03:04:13.846+0000] {logging_mixin.py:137} INFO - [2023-06-11T03:04:13.846+0000] {dagbag.py:538} INFO - Filling up the DagBag from /usr/local/python/3.10.4/lib/python3.10/site-packages/airflow/example_dags/example_dynamic_task_mapping.py
[2023-06-11T03:04:13.871+0000] {processor.py:753} INFO - DAG(s) dict_keys(['example_dynamic_task_mapping']) retrieved from /usr/local/python/3.10.4/lib/python3.10/site-packages/airflow/example_dags/example_dynamic_task_mapping.py
[2023-06-11T03:04:13.889+0000] {logging_mixin.py:137} INFO - [2023-06-11T03:04:13.889+0000] {dag.py:2690} INFO - Sync 1 DAGs
[2023-06-11T03:04:13.910+0000] {logging_mixin.py:137} INFO - [2023-06-11T03:04:13.909+0000] {dag.py:3437} INFO - Setting next_dagrun for example_dynamic_task_mapping to 2022-03-04T00:00:00+00:00, run_after=2022-03-05T00:00:00+00:00
[2023-06-11T03:04:13.955+0000] {processor.py:175} INFO - Processing /usr/local/python/3.10.4/lib/python3.10/site-packages/airflow/example_dags/example_dynamic_task_mapping.py took 0.114 seconds
[2023-06-11T03:04:55.864+0000] {processor.py:153} INFO - Started process (PID=9551) to work on /usr/local/python/3.10.4/lib/python3.10/site-packages/airflow/example_dags/example_dynamic_task_mapping.py
[2023-06-11T03:04:55.864+0000] {processor.py:743} INFO - Processing file /usr/local/python/3.10.4/lib/python3.10/site-packages/airflow/example_dags/example_dynamic_task_mapping.py for tasks to queue
[2023-06-11T03:04:55.865+0000] {logging_mixin.py:137} INFO - [2023-06-11T03:04:55.865+0000] {dagbag.py:538} INFO - Filling up the DagBag from /usr/local/python/3.10.4/lib/python3.10/site-packages/airflow/example_dags/example_dynamic_task_mapping.py
[2023-06-11T03:04:55.890+0000] {processor.py:753} INFO - DAG(s) dict_keys(['example_dynamic_task_mapping']) retrieved from /usr/local/python/3.10.4/lib/python3.10/site-packages/airflow/example_dags/example_dynamic_task_mapping.py
[2023-06-11T03:04:55.909+0000] {logging_mixin.py:137} INFO - [2023-06-11T03:04:55.909+0000] {dag.py:2690} INFO - Sync 1 DAGs
[2023-06-11T03:04:55.934+0000] {logging_mixin.py:137} INFO - [2023-06-11T03:04:55.934+0000] {dag.py:3437} INFO - Setting next_dagrun for example_dynamic_task_mapping to 2022-03-04T00:00:00+00:00, run_after=2022-03-05T00:00:00+00:00
[2023-06-11T03:04:55.980+0000] {processor.py:175} INFO - Processing /usr/local/python/3.10.4/lib/python3.10/site-packages/airflow/example_dags/example_dynamic_task_mapping.py took 0.120 seconds
[2023-06-11T03:05:40.312+0000] {processor.py:153} INFO - Started process (PID=9931) to work on /usr/local/python/3.10.4/lib/python3.10/site-packages/airflow/example_dags/example_dynamic_task_mapping.py
[2023-06-11T03:05:40.313+0000] {processor.py:743} INFO - Processing file /usr/local/python/3.10.4/lib/python3.10/site-packages/airflow/example_dags/example_dynamic_task_mapping.py for tasks to queue
[2023-06-11T03:05:40.314+0000] {logging_mixin.py:137} INFO - [2023-06-11T03:05:40.314+0000] {dagbag.py:538} INFO - Filling up the DagBag from /usr/local/python/3.10.4/lib/python3.10/site-packages/airflow/example_dags/example_dynamic_task_mapping.py
[2023-06-11T03:05:40.338+0000] {processor.py:753} INFO - DAG(s) dict_keys(['example_dynamic_task_mapping']) retrieved from /usr/local/python/3.10.4/lib/python3.10/site-packages/airflow/example_dags/example_dynamic_task_mapping.py
[2023-06-11T03:05:40.360+0000] {logging_mixin.py:137} INFO - [2023-06-11T03:05:40.360+0000] {dag.py:2690} INFO - Sync 1 DAGs
[2023-06-11T03:05:40.379+0000] {logging_mixin.py:137} INFO - [2023-06-11T03:05:40.379+0000] {dag.py:3437} INFO - Setting next_dagrun for example_dynamic_task_mapping to 2022-03-04T00:00:00+00:00, run_after=2022-03-05T00:00:00+00:00
[2023-06-11T03:05:40.425+0000] {processor.py:175} INFO - Processing /usr/local/python/3.10.4/lib/python3.10/site-packages/airflow/example_dags/example_dynamic_task_mapping.py took 0.116 seconds
[2023-06-11T03:06:26.392+0000] {processor.py:153} INFO - Started process (PID=10360) to work on /usr/local/python/3.10.4/lib/python3.10/site-packages/airflow/example_dags/example_dynamic_task_mapping.py
[2023-06-11T03:06:26.393+0000] {processor.py:743} INFO - Processing file /usr/local/python/3.10.4/lib/python3.10/site-packages/airflow/example_dags/example_dynamic_task_mapping.py for tasks to queue
[2023-06-11T03:06:26.394+0000] {logging_mixin.py:137} INFO - [2023-06-11T03:06:26.394+0000] {dagbag.py:538} INFO - Filling up the DagBag from /usr/local/python/3.10.4/lib/python3.10/site-packages/airflow/example_dags/example_dynamic_task_mapping.py
[2023-06-11T03:06:26.420+0000] {processor.py:753} INFO - DAG(s) dict_keys(['example_dynamic_task_mapping']) retrieved from /usr/local/python/3.10.4/lib/python3.10/site-packages/airflow/example_dags/example_dynamic_task_mapping.py
[2023-06-11T03:06:26.438+0000] {logging_mixin.py:137} INFO - [2023-06-11T03:06:26.438+0000] {dag.py:2690} INFO - Sync 1 DAGs
[2023-06-11T03:06:26.457+0000] {logging_mixin.py:137} INFO - [2023-06-11T03:06:26.457+0000] {dag.py:3437} INFO - Setting next_dagrun for example_dynamic_task_mapping to 2022-03-04T00:00:00+00:00, run_after=2022-03-05T00:00:00+00:00
[2023-06-11T03:06:26.505+0000] {processor.py:175} INFO - Processing /usr/local/python/3.10.4/lib/python3.10/site-packages/airflow/example_dags/example_dynamic_task_mapping.py took 0.116 seconds
[2023-06-11T03:07:04.833+0000] {processor.py:153} INFO - Started process (PID=10762) to work on /usr/local/python/3.10.4/lib/python3.10/site-packages/airflow/example_dags/example_dynamic_task_mapping.py
[2023-06-11T03:07:04.834+0000] {processor.py:743} INFO - Processing file /usr/local/python/3.10.4/lib/python3.10/site-packages/airflow/example_dags/example_dynamic_task_mapping.py for tasks to queue
[2023-06-11T03:07:04.834+0000] {logging_mixin.py:137} INFO - [2023-06-11T03:07:04.834+0000] {dagbag.py:538} INFO - Filling up the DagBag from /usr/local/python/3.10.4/lib/python3.10/site-packages/airflow/example_dags/example_dynamic_task_mapping.py
[2023-06-11T03:07:04.864+0000] {processor.py:753} INFO - DAG(s) dict_keys(['example_dynamic_task_mapping']) retrieved from /usr/local/python/3.10.4/lib/python3.10/site-packages/airflow/example_dags/example_dynamic_task_mapping.py
[2023-06-11T03:07:04.883+0000] {logging_mixin.py:137} INFO - [2023-06-11T03:07:04.883+0000] {dag.py:2690} INFO - Sync 1 DAGs
[2023-06-11T03:07:04.902+0000] {logging_mixin.py:137} INFO - [2023-06-11T03:07:04.902+0000] {dag.py:3437} INFO - Setting next_dagrun for example_dynamic_task_mapping to 2022-03-04T00:00:00+00:00, run_after=2022-03-05T00:00:00+00:00
[2023-06-11T03:07:04.948+0000] {processor.py:175} INFO - Processing /usr/local/python/3.10.4/lib/python3.10/site-packages/airflow/example_dags/example_dynamic_task_mapping.py took 0.120 seconds
[2023-06-11T03:07:51.416+0000] {processor.py:153} INFO - Started process (PID=11178) to work on /usr/local/python/3.10.4/lib/python3.10/site-packages/airflow/example_dags/example_dynamic_task_mapping.py
[2023-06-11T03:07:51.417+0000] {processor.py:743} INFO - Processing file /usr/local/python/3.10.4/lib/python3.10/site-packages/airflow/example_dags/example_dynamic_task_mapping.py for tasks to queue
[2023-06-11T03:07:51.417+0000] {logging_mixin.py:137} INFO - [2023-06-11T03:07:51.417+0000] {dagbag.py:538} INFO - Filling up the DagBag from /usr/local/python/3.10.4/lib/python3.10/site-packages/airflow/example_dags/example_dynamic_task_mapping.py
[2023-06-11T03:07:51.442+0000] {processor.py:753} INFO - DAG(s) dict_keys(['example_dynamic_task_mapping']) retrieved from /usr/local/python/3.10.4/lib/python3.10/site-packages/airflow/example_dags/example_dynamic_task_mapping.py
[2023-06-11T03:07:51.461+0000] {logging_mixin.py:137} INFO - [2023-06-11T03:07:51.460+0000] {dag.py:2690} INFO - Sync 1 DAGs
[2023-06-11T03:07:51.479+0000] {logging_mixin.py:137} INFO - [2023-06-11T03:07:51.479+0000] {dag.py:3437} INFO - Setting next_dagrun for example_dynamic_task_mapping to 2022-03-04T00:00:00+00:00, run_after=2022-03-05T00:00:00+00:00
[2023-06-11T03:07:51.523+0000] {processor.py:175} INFO - Processing /usr/local/python/3.10.4/lib/python3.10/site-packages/airflow/example_dags/example_dynamic_task_mapping.py took 0.110 seconds
[2023-06-11T03:08:42.567+0000] {processor.py:153} INFO - Started process (PID=11546) to work on /usr/local/python/3.10.4/lib/python3.10/site-packages/airflow/example_dags/example_dynamic_task_mapping.py
[2023-06-11T03:08:42.568+0000] {processor.py:743} INFO - Processing file /usr/local/python/3.10.4/lib/python3.10/site-packages/airflow/example_dags/example_dynamic_task_mapping.py for tasks to queue
[2023-06-11T03:08:42.569+0000] {logging_mixin.py:137} INFO - [2023-06-11T03:08:42.569+0000] {dagbag.py:538} INFO - Filling up the DagBag from /usr/local/python/3.10.4/lib/python3.10/site-packages/airflow/example_dags/example_dynamic_task_mapping.py
[2023-06-11T03:08:42.594+0000] {processor.py:753} INFO - DAG(s) dict_keys(['example_dynamic_task_mapping']) retrieved from /usr/local/python/3.10.4/lib/python3.10/site-packages/airflow/example_dags/example_dynamic_task_mapping.py
[2023-06-11T03:08:42.620+0000] {logging_mixin.py:137} INFO - [2023-06-11T03:08:42.620+0000] {dag.py:2690} INFO - Sync 1 DAGs
[2023-06-11T03:08:42.654+0000] {logging_mixin.py:137} INFO - [2023-06-11T03:08:42.654+0000] {dag.py:3437} INFO - Setting next_dagrun for example_dynamic_task_mapping to 2022-03-04T00:00:00+00:00, run_after=2022-03-05T00:00:00+00:00
[2023-06-11T03:08:42.857+0000] {processor.py:175} INFO - Processing /usr/local/python/3.10.4/lib/python3.10/site-packages/airflow/example_dags/example_dynamic_task_mapping.py took 0.293 seconds
[2023-06-11T03:09:27.742+0000] {processor.py:153} INFO - Started process (PID=11876) to work on /usr/local/python/3.10.4/lib/python3.10/site-packages/airflow/example_dags/example_dynamic_task_mapping.py
[2023-06-11T03:09:27.743+0000] {processor.py:743} INFO - Processing file /usr/local/python/3.10.4/lib/python3.10/site-packages/airflow/example_dags/example_dynamic_task_mapping.py for tasks to queue
[2023-06-11T03:09:27.744+0000] {logging_mixin.py:137} INFO - [2023-06-11T03:09:27.743+0000] {dagbag.py:538} INFO - Filling up the DagBag from /usr/local/python/3.10.4/lib/python3.10/site-packages/airflow/example_dags/example_dynamic_task_mapping.py
[2023-06-11T03:09:27.768+0000] {processor.py:753} INFO - DAG(s) dict_keys(['example_dynamic_task_mapping']) retrieved from /usr/local/python/3.10.4/lib/python3.10/site-packages/airflow/example_dags/example_dynamic_task_mapping.py
[2023-06-11T03:09:27.786+0000] {logging_mixin.py:137} INFO - [2023-06-11T03:09:27.786+0000] {dag.py:2690} INFO - Sync 1 DAGs
[2023-06-11T03:09:27.947+0000] {logging_mixin.py:137} INFO - [2023-06-11T03:09:27.947+0000] {dag.py:3437} INFO - Setting next_dagrun for example_dynamic_task_mapping to 2022-03-04T00:00:00+00:00, run_after=2022-03-05T00:00:00+00:00
[2023-06-11T03:09:27.998+0000] {processor.py:175} INFO - Processing /usr/local/python/3.10.4/lib/python3.10/site-packages/airflow/example_dags/example_dynamic_task_mapping.py took 0.259 seconds
[2023-06-11T03:10:17.689+0000] {processor.py:153} INFO - Started process (PID=12242) to work on /usr/local/python/3.10.4/lib/python3.10/site-packages/airflow/example_dags/example_dynamic_task_mapping.py
[2023-06-11T03:10:17.690+0000] {processor.py:743} INFO - Processing file /usr/local/python/3.10.4/lib/python3.10/site-packages/airflow/example_dags/example_dynamic_task_mapping.py for tasks to queue
[2023-06-11T03:10:17.691+0000] {logging_mixin.py:137} INFO - [2023-06-11T03:10:17.691+0000] {dagbag.py:538} INFO - Filling up the DagBag from /usr/local/python/3.10.4/lib/python3.10/site-packages/airflow/example_dags/example_dynamic_task_mapping.py
[2023-06-11T03:10:17.716+0000] {processor.py:753} INFO - DAG(s) dict_keys(['example_dynamic_task_mapping']) retrieved from /usr/local/python/3.10.4/lib/python3.10/site-packages/airflow/example_dags/example_dynamic_task_mapping.py
[2023-06-11T03:10:17.734+0000] {logging_mixin.py:137} INFO - [2023-06-11T03:10:17.734+0000] {dag.py:2690} INFO - Sync 1 DAGs
[2023-06-11T03:10:17.888+0000] {logging_mixin.py:137} INFO - [2023-06-11T03:10:17.887+0000] {dag.py:3437} INFO - Setting next_dagrun for example_dynamic_task_mapping to 2022-03-04T00:00:00+00:00, run_after=2022-03-05T00:00:00+00:00
[2023-06-11T03:10:17.930+0000] {processor.py:175} INFO - Processing /usr/local/python/3.10.4/lib/python3.10/site-packages/airflow/example_dags/example_dynamic_task_mapping.py took 0.244 seconds
