[2023-06-11T03:01:09.081+0000] {processor.py:153} INFO - Started process (PID=7842) to work on /usr/local/python/3.10.4/lib/python3.10/site-packages/airflow/example_dags/tutorial_taskflow_api_virtualenv.py
[2023-06-11T03:01:09.082+0000] {processor.py:743} INFO - Processing file /usr/local/python/3.10.4/lib/python3.10/site-packages/airflow/example_dags/tutorial_taskflow_api_virtualenv.py for tasks to queue
[2023-06-11T03:01:09.082+0000] {logging_mixin.py:137} INFO - [2023-06-11T03:01:09.082+0000] {dagbag.py:538} INFO - Filling up the DagBag from /usr/local/python/3.10.4/lib/python3.10/site-packages/airflow/example_dags/tutorial_taskflow_api_virtualenv.py
[2023-06-11T03:01:09.109+0000] {processor.py:753} INFO - DAG(s) dict_keys(['tutorial_taskflow_api_virtualenv']) retrieved from /usr/local/python/3.10.4/lib/python3.10/site-packages/airflow/example_dags/tutorial_taskflow_api_virtualenv.py
[2023-06-11T03:01:09.272+0000] {logging_mixin.py:137} INFO - [2023-06-11T03:01:09.271+0000] {manager.py:504} INFO - Created Permission View: can delete on DAG:tutorial_taskflow_api_virtualenv
[2023-06-11T03:01:09.307+0000] {logging_mixin.py:137} INFO - [2023-06-11T03:01:09.307+0000] {manager.py:504} INFO - Created Permission View: can edit on DAG:tutorial_taskflow_api_virtualenv
[2023-06-11T03:01:09.341+0000] {logging_mixin.py:137} INFO - [2023-06-11T03:01:09.340+0000] {manager.py:504} INFO - Created Permission View: can read on DAG:tutorial_taskflow_api_virtualenv
[2023-06-11T03:01:09.341+0000] {logging_mixin.py:137} INFO - [2023-06-11T03:01:09.341+0000] {dag.py:2690} INFO - Sync 1 DAGs
[2023-06-11T03:01:09.352+0000] {logging_mixin.py:137} INFO - [2023-06-11T03:01:09.352+0000] {dag.py:2711} INFO - Creating ORM DAG for tutorial_taskflow_api_virtualenv
[2023-06-11T03:01:09.361+0000] {logging_mixin.py:137} INFO - [2023-06-11T03:01:09.361+0000] {dag.py:3437} INFO - Setting next_dagrun for tutorial_taskflow_api_virtualenv to None, run_after=None
[2023-06-11T03:01:09.411+0000] {processor.py:175} INFO - Processing /usr/local/python/3.10.4/lib/python3.10/site-packages/airflow/example_dags/tutorial_taskflow_api_virtualenv.py took 0.334 seconds
[2023-06-11T03:01:58.894+0000] {processor.py:153} INFO - Started process (PID=8187) to work on /usr/local/python/3.10.4/lib/python3.10/site-packages/airflow/example_dags/tutorial_taskflow_api_virtualenv.py
[2023-06-11T03:01:58.895+0000] {processor.py:743} INFO - Processing file /usr/local/python/3.10.4/lib/python3.10/site-packages/airflow/example_dags/tutorial_taskflow_api_virtualenv.py for tasks to queue
[2023-06-11T03:01:58.896+0000] {logging_mixin.py:137} INFO - [2023-06-11T03:01:58.896+0000] {dagbag.py:538} INFO - Filling up the DagBag from /usr/local/python/3.10.4/lib/python3.10/site-packages/airflow/example_dags/tutorial_taskflow_api_virtualenv.py
[2023-06-11T03:01:58.921+0000] {processor.py:753} INFO - DAG(s) dict_keys(['tutorial_taskflow_api_virtualenv']) retrieved from /usr/local/python/3.10.4/lib/python3.10/site-packages/airflow/example_dags/tutorial_taskflow_api_virtualenv.py
[2023-06-11T03:01:58.946+0000] {logging_mixin.py:137} INFO - [2023-06-11T03:01:58.945+0000] {dag.py:2690} INFO - Sync 1 DAGs
[2023-06-11T03:01:58.965+0000] {logging_mixin.py:137} INFO - [2023-06-11T03:01:58.964+0000] {dag.py:3437} INFO - Setting next_dagrun for tutorial_taskflow_api_virtualenv to None, run_after=None
[2023-06-11T03:01:59.010+0000] {processor.py:175} INFO - Processing /usr/local/python/3.10.4/lib/python3.10/site-packages/airflow/example_dags/tutorial_taskflow_api_virtualenv.py took 0.119 seconds
[2023-06-11T03:02:40.863+0000] {processor.py:153} INFO - Started process (PID=8488) to work on /usr/local/python/3.10.4/lib/python3.10/site-packages/airflow/example_dags/tutorial_taskflow_api_virtualenv.py
[2023-06-11T03:02:40.864+0000] {processor.py:743} INFO - Processing file /usr/local/python/3.10.4/lib/python3.10/site-packages/airflow/example_dags/tutorial_taskflow_api_virtualenv.py for tasks to queue
[2023-06-11T03:02:40.865+0000] {logging_mixin.py:137} INFO - [2023-06-11T03:02:40.865+0000] {dagbag.py:538} INFO - Filling up the DagBag from /usr/local/python/3.10.4/lib/python3.10/site-packages/airflow/example_dags/tutorial_taskflow_api_virtualenv.py
[2023-06-11T03:02:40.893+0000] {processor.py:753} INFO - DAG(s) dict_keys(['tutorial_taskflow_api_virtualenv']) retrieved from /usr/local/python/3.10.4/lib/python3.10/site-packages/airflow/example_dags/tutorial_taskflow_api_virtualenv.py
[2023-06-11T03:02:40.912+0000] {logging_mixin.py:137} INFO - [2023-06-11T03:02:40.911+0000] {dag.py:2690} INFO - Sync 1 DAGs
[2023-06-11T03:02:40.930+0000] {logging_mixin.py:137} INFO - [2023-06-11T03:02:40.930+0000] {dag.py:3437} INFO - Setting next_dagrun for tutorial_taskflow_api_virtualenv to None, run_after=None
[2023-06-11T03:02:40.977+0000] {processor.py:175} INFO - Processing /usr/local/python/3.10.4/lib/python3.10/site-packages/airflow/example_dags/tutorial_taskflow_api_virtualenv.py took 0.119 seconds
[2023-06-11T03:03:21.564+0000] {processor.py:153} INFO - Started process (PID=8789) to work on /usr/local/python/3.10.4/lib/python3.10/site-packages/airflow/example_dags/tutorial_taskflow_api_virtualenv.py
[2023-06-11T03:03:21.565+0000] {processor.py:743} INFO - Processing file /usr/local/python/3.10.4/lib/python3.10/site-packages/airflow/example_dags/tutorial_taskflow_api_virtualenv.py for tasks to queue
[2023-06-11T03:03:21.566+0000] {logging_mixin.py:137} INFO - [2023-06-11T03:03:21.566+0000] {dagbag.py:538} INFO - Filling up the DagBag from /usr/local/python/3.10.4/lib/python3.10/site-packages/airflow/example_dags/tutorial_taskflow_api_virtualenv.py
[2023-06-11T03:03:21.597+0000] {processor.py:753} INFO - DAG(s) dict_keys(['tutorial_taskflow_api_virtualenv']) retrieved from /usr/local/python/3.10.4/lib/python3.10/site-packages/airflow/example_dags/tutorial_taskflow_api_virtualenv.py
[2023-06-11T03:03:21.626+0000] {logging_mixin.py:137} INFO - [2023-06-11T03:03:21.626+0000] {dag.py:2690} INFO - Sync 1 DAGs
[2023-06-11T03:03:21.663+0000] {logging_mixin.py:137} INFO - [2023-06-11T03:03:21.662+0000] {dag.py:3437} INFO - Setting next_dagrun for tutorial_taskflow_api_virtualenv to None, run_after=None
[2023-06-11T03:03:21.722+0000] {processor.py:175} INFO - Processing /usr/local/python/3.10.4/lib/python3.10/site-packages/airflow/example_dags/tutorial_taskflow_api_virtualenv.py took 0.163 seconds
[2023-06-11T03:04:02.271+0000] {processor.py:153} INFO - Started process (PID=9089) to work on /usr/local/python/3.10.4/lib/python3.10/site-packages/airflow/example_dags/tutorial_taskflow_api_virtualenv.py
[2023-06-11T03:04:02.272+0000] {processor.py:743} INFO - Processing file /usr/local/python/3.10.4/lib/python3.10/site-packages/airflow/example_dags/tutorial_taskflow_api_virtualenv.py for tasks to queue
[2023-06-11T03:04:02.273+0000] {logging_mixin.py:137} INFO - [2023-06-11T03:04:02.273+0000] {dagbag.py:538} INFO - Filling up the DagBag from /usr/local/python/3.10.4/lib/python3.10/site-packages/airflow/example_dags/tutorial_taskflow_api_virtualenv.py
[2023-06-11T03:04:02.299+0000] {processor.py:753} INFO - DAG(s) dict_keys(['tutorial_taskflow_api_virtualenv']) retrieved from /usr/local/python/3.10.4/lib/python3.10/site-packages/airflow/example_dags/tutorial_taskflow_api_virtualenv.py
[2023-06-11T03:04:02.319+0000] {logging_mixin.py:137} INFO - [2023-06-11T03:04:02.319+0000] {dag.py:2690} INFO - Sync 1 DAGs
[2023-06-11T03:04:02.339+0000] {logging_mixin.py:137} INFO - [2023-06-11T03:04:02.339+0000] {dag.py:3437} INFO - Setting next_dagrun for tutorial_taskflow_api_virtualenv to None, run_after=None
[2023-06-11T03:04:02.383+0000] {processor.py:175} INFO - Processing /usr/local/python/3.10.4/lib/python3.10/site-packages/airflow/example_dags/tutorial_taskflow_api_virtualenv.py took 0.115 seconds
[2023-06-11T03:04:46.207+0000] {processor.py:153} INFO - Started process (PID=9442) to work on /usr/local/python/3.10.4/lib/python3.10/site-packages/airflow/example_dags/tutorial_taskflow_api_virtualenv.py
[2023-06-11T03:04:46.208+0000] {processor.py:743} INFO - Processing file /usr/local/python/3.10.4/lib/python3.10/site-packages/airflow/example_dags/tutorial_taskflow_api_virtualenv.py for tasks to queue
[2023-06-11T03:04:46.208+0000] {logging_mixin.py:137} INFO - [2023-06-11T03:04:46.208+0000] {dagbag.py:538} INFO - Filling up the DagBag from /usr/local/python/3.10.4/lib/python3.10/site-packages/airflow/example_dags/tutorial_taskflow_api_virtualenv.py
[2023-06-11T03:04:46.233+0000] {processor.py:753} INFO - DAG(s) dict_keys(['tutorial_taskflow_api_virtualenv']) retrieved from /usr/local/python/3.10.4/lib/python3.10/site-packages/airflow/example_dags/tutorial_taskflow_api_virtualenv.py
[2023-06-11T03:04:46.253+0000] {logging_mixin.py:137} INFO - [2023-06-11T03:04:46.253+0000] {dag.py:2690} INFO - Sync 1 DAGs
[2023-06-11T03:04:46.273+0000] {logging_mixin.py:137} INFO - [2023-06-11T03:04:46.273+0000] {dag.py:3437} INFO - Setting next_dagrun for tutorial_taskflow_api_virtualenv to None, run_after=None
[2023-06-11T03:04:46.317+0000] {processor.py:175} INFO - Processing /usr/local/python/3.10.4/lib/python3.10/site-packages/airflow/example_dags/tutorial_taskflow_api_virtualenv.py took 0.114 seconds
[2023-06-11T03:05:21.862+0000] {processor.py:153} INFO - Started process (PID=9787) to work on /usr/local/python/3.10.4/lib/python3.10/site-packages/airflow/example_dags/tutorial_taskflow_api_virtualenv.py
[2023-06-11T03:05:21.863+0000] {processor.py:743} INFO - Processing file /usr/local/python/3.10.4/lib/python3.10/site-packages/airflow/example_dags/tutorial_taskflow_api_virtualenv.py for tasks to queue
[2023-06-11T03:05:21.864+0000] {logging_mixin.py:137} INFO - [2023-06-11T03:05:21.863+0000] {dagbag.py:538} INFO - Filling up the DagBag from /usr/local/python/3.10.4/lib/python3.10/site-packages/airflow/example_dags/tutorial_taskflow_api_virtualenv.py
[2023-06-11T03:05:21.887+0000] {processor.py:753} INFO - DAG(s) dict_keys(['tutorial_taskflow_api_virtualenv']) retrieved from /usr/local/python/3.10.4/lib/python3.10/site-packages/airflow/example_dags/tutorial_taskflow_api_virtualenv.py
[2023-06-11T03:05:21.906+0000] {logging_mixin.py:137} INFO - [2023-06-11T03:05:21.906+0000] {dag.py:2690} INFO - Sync 1 DAGs
[2023-06-11T03:05:21.926+0000] {logging_mixin.py:137} INFO - [2023-06-11T03:05:21.926+0000] {dag.py:3437} INFO - Setting next_dagrun for tutorial_taskflow_api_virtualenv to None, run_after=None
[2023-06-11T03:05:21.969+0000] {processor.py:175} INFO - Processing /usr/local/python/3.10.4/lib/python3.10/site-packages/airflow/example_dags/tutorial_taskflow_api_virtualenv.py took 0.111 seconds
[2023-06-11T03:05:57.680+0000] {processor.py:153} INFO - Started process (PID=10083) to work on /usr/local/python/3.10.4/lib/python3.10/site-packages/airflow/example_dags/tutorial_taskflow_api_virtualenv.py
[2023-06-11T03:05:57.681+0000] {processor.py:743} INFO - Processing file /usr/local/python/3.10.4/lib/python3.10/site-packages/airflow/example_dags/tutorial_taskflow_api_virtualenv.py for tasks to queue
[2023-06-11T03:05:57.681+0000] {logging_mixin.py:137} INFO - [2023-06-11T03:05:57.681+0000] {dagbag.py:538} INFO - Filling up the DagBag from /usr/local/python/3.10.4/lib/python3.10/site-packages/airflow/example_dags/tutorial_taskflow_api_virtualenv.py
[2023-06-11T03:05:57.709+0000] {processor.py:753} INFO - DAG(s) dict_keys(['tutorial_taskflow_api_virtualenv']) retrieved from /usr/local/python/3.10.4/lib/python3.10/site-packages/airflow/example_dags/tutorial_taskflow_api_virtualenv.py
[2023-06-11T03:05:57.729+0000] {logging_mixin.py:137} INFO - [2023-06-11T03:05:57.729+0000] {dag.py:2690} INFO - Sync 1 DAGs
[2023-06-11T03:05:57.750+0000] {logging_mixin.py:137} INFO - [2023-06-11T03:05:57.750+0000] {dag.py:3437} INFO - Setting next_dagrun for tutorial_taskflow_api_virtualenv to None, run_after=None
[2023-06-11T03:05:57.794+0000] {processor.py:175} INFO - Processing /usr/local/python/3.10.4/lib/python3.10/site-packages/airflow/example_dags/tutorial_taskflow_api_virtualenv.py took 0.117 seconds
[2023-06-11T03:06:33.208+0000] {processor.py:153} INFO - Started process (PID=10472) to work on /usr/local/python/3.10.4/lib/python3.10/site-packages/airflow/example_dags/tutorial_taskflow_api_virtualenv.py
[2023-06-11T03:06:33.209+0000] {processor.py:743} INFO - Processing file /usr/local/python/3.10.4/lib/python3.10/site-packages/airflow/example_dags/tutorial_taskflow_api_virtualenv.py for tasks to queue
[2023-06-11T03:06:33.210+0000] {logging_mixin.py:137} INFO - [2023-06-11T03:06:33.209+0000] {dagbag.py:538} INFO - Filling up the DagBag from /usr/local/python/3.10.4/lib/python3.10/site-packages/airflow/example_dags/tutorial_taskflow_api_virtualenv.py
[2023-06-11T03:06:33.236+0000] {processor.py:753} INFO - DAG(s) dict_keys(['tutorial_taskflow_api_virtualenv']) retrieved from /usr/local/python/3.10.4/lib/python3.10/site-packages/airflow/example_dags/tutorial_taskflow_api_virtualenv.py
[2023-06-11T03:06:33.257+0000] {logging_mixin.py:137} INFO - [2023-06-11T03:06:33.257+0000] {dag.py:2690} INFO - Sync 1 DAGs
[2023-06-11T03:06:33.276+0000] {logging_mixin.py:137} INFO - [2023-06-11T03:06:33.276+0000] {dag.py:3437} INFO - Setting next_dagrun for tutorial_taskflow_api_virtualenv to None, run_after=None
[2023-06-11T03:06:33.320+0000] {processor.py:175} INFO - Processing /usr/local/python/3.10.4/lib/python3.10/site-packages/airflow/example_dags/tutorial_taskflow_api_virtualenv.py took 0.115 seconds
[2023-06-11T03:07:12.622+0000] {processor.py:153} INFO - Started process (PID=10826) to work on /usr/local/python/3.10.4/lib/python3.10/site-packages/airflow/example_dags/tutorial_taskflow_api_virtualenv.py
[2023-06-11T03:07:12.623+0000] {processor.py:743} INFO - Processing file /usr/local/python/3.10.4/lib/python3.10/site-packages/airflow/example_dags/tutorial_taskflow_api_virtualenv.py for tasks to queue
[2023-06-11T03:07:12.623+0000] {logging_mixin.py:137} INFO - [2023-06-11T03:07:12.623+0000] {dagbag.py:538} INFO - Filling up the DagBag from /usr/local/python/3.10.4/lib/python3.10/site-packages/airflow/example_dags/tutorial_taskflow_api_virtualenv.py
[2023-06-11T03:07:12.649+0000] {processor.py:753} INFO - DAG(s) dict_keys(['tutorial_taskflow_api_virtualenv']) retrieved from /usr/local/python/3.10.4/lib/python3.10/site-packages/airflow/example_dags/tutorial_taskflow_api_virtualenv.py
[2023-06-11T03:07:12.669+0000] {logging_mixin.py:137} INFO - [2023-06-11T03:07:12.669+0000] {dag.py:2690} INFO - Sync 1 DAGs
[2023-06-11T03:07:12.688+0000] {logging_mixin.py:137} INFO - [2023-06-11T03:07:12.687+0000] {dag.py:3437} INFO - Setting next_dagrun for tutorial_taskflow_api_virtualenv to None, run_after=None
[2023-06-11T03:07:12.734+0000] {processor.py:175} INFO - Processing /usr/local/python/3.10.4/lib/python3.10/site-packages/airflow/example_dags/tutorial_taskflow_api_virtualenv.py took 0.116 seconds
[2023-06-11T03:07:47.682+0000] {processor.py:153} INFO - Started process (PID=11136) to work on /usr/local/python/3.10.4/lib/python3.10/site-packages/airflow/example_dags/tutorial_taskflow_api_virtualenv.py
[2023-06-11T03:07:47.683+0000] {processor.py:743} INFO - Processing file /usr/local/python/3.10.4/lib/python3.10/site-packages/airflow/example_dags/tutorial_taskflow_api_virtualenv.py for tasks to queue
[2023-06-11T03:07:47.685+0000] {logging_mixin.py:137} INFO - [2023-06-11T03:07:47.685+0000] {dagbag.py:538} INFO - Filling up the DagBag from /usr/local/python/3.10.4/lib/python3.10/site-packages/airflow/example_dags/tutorial_taskflow_api_virtualenv.py
[2023-06-11T03:07:47.725+0000] {processor.py:753} INFO - DAG(s) dict_keys(['tutorial_taskflow_api_virtualenv']) retrieved from /usr/local/python/3.10.4/lib/python3.10/site-packages/airflow/example_dags/tutorial_taskflow_api_virtualenv.py
[2023-06-11T03:07:47.755+0000] {logging_mixin.py:137} INFO - [2023-06-11T03:07:47.754+0000] {dag.py:2690} INFO - Sync 1 DAGs
[2023-06-11T03:07:47.781+0000] {logging_mixin.py:137} INFO - [2023-06-11T03:07:47.781+0000] {dag.py:3437} INFO - Setting next_dagrun for tutorial_taskflow_api_virtualenv to None, run_after=None
[2023-06-11T03:07:47.826+0000] {processor.py:175} INFO - Processing /usr/local/python/3.10.4/lib/python3.10/site-packages/airflow/example_dags/tutorial_taskflow_api_virtualenv.py took 0.148 seconds
[2023-06-11T03:08:23.879+0000] {processor.py:153} INFO - Started process (PID=11412) to work on /usr/local/python/3.10.4/lib/python3.10/site-packages/airflow/example_dags/tutorial_taskflow_api_virtualenv.py
[2023-06-11T03:08:23.880+0000] {processor.py:743} INFO - Processing file /usr/local/python/3.10.4/lib/python3.10/site-packages/airflow/example_dags/tutorial_taskflow_api_virtualenv.py for tasks to queue
[2023-06-11T03:08:23.880+0000] {logging_mixin.py:137} INFO - [2023-06-11T03:08:23.880+0000] {dagbag.py:538} INFO - Filling up the DagBag from /usr/local/python/3.10.4/lib/python3.10/site-packages/airflow/example_dags/tutorial_taskflow_api_virtualenv.py
[2023-06-11T03:08:23.906+0000] {processor.py:753} INFO - DAG(s) dict_keys(['tutorial_taskflow_api_virtualenv']) retrieved from /usr/local/python/3.10.4/lib/python3.10/site-packages/airflow/example_dags/tutorial_taskflow_api_virtualenv.py
[2023-06-11T03:08:23.925+0000] {logging_mixin.py:137} INFO - [2023-06-11T03:08:23.925+0000] {dag.py:2690} INFO - Sync 1 DAGs
[2023-06-11T03:08:23.944+0000] {logging_mixin.py:137} INFO - [2023-06-11T03:08:23.943+0000] {dag.py:3437} INFO - Setting next_dagrun for tutorial_taskflow_api_virtualenv to None, run_after=None
[2023-06-11T03:08:24.132+0000] {processor.py:175} INFO - Processing /usr/local/python/3.10.4/lib/python3.10/site-packages/airflow/example_dags/tutorial_taskflow_api_virtualenv.py took 0.257 seconds
[2023-06-11T03:09:11.091+0000] {processor.py:153} INFO - Started process (PID=11752) to work on /usr/local/python/3.10.4/lib/python3.10/site-packages/airflow/example_dags/tutorial_taskflow_api_virtualenv.py
[2023-06-11T03:09:11.092+0000] {processor.py:743} INFO - Processing file /usr/local/python/3.10.4/lib/python3.10/site-packages/airflow/example_dags/tutorial_taskflow_api_virtualenv.py for tasks to queue
[2023-06-11T03:09:11.093+0000] {logging_mixin.py:137} INFO - [2023-06-11T03:09:11.093+0000] {dagbag.py:538} INFO - Filling up the DagBag from /usr/local/python/3.10.4/lib/python3.10/site-packages/airflow/example_dags/tutorial_taskflow_api_virtualenv.py
[2023-06-11T03:09:11.120+0000] {processor.py:753} INFO - DAG(s) dict_keys(['tutorial_taskflow_api_virtualenv']) retrieved from /usr/local/python/3.10.4/lib/python3.10/site-packages/airflow/example_dags/tutorial_taskflow_api_virtualenv.py
[2023-06-11T03:09:11.140+0000] {logging_mixin.py:137} INFO - [2023-06-11T03:09:11.140+0000] {dag.py:2690} INFO - Sync 1 DAGs
[2023-06-11T03:09:11.300+0000] {logging_mixin.py:137} INFO - [2023-06-11T03:09:11.300+0000] {dag.py:3437} INFO - Setting next_dagrun for tutorial_taskflow_api_virtualenv to None, run_after=None
[2023-06-11T03:09:11.345+0000] {processor.py:175} INFO - Processing /usr/local/python/3.10.4/lib/python3.10/site-packages/airflow/example_dags/tutorial_taskflow_api_virtualenv.py took 0.259 seconds
[2023-06-11T03:09:58.815+0000] {processor.py:153} INFO - Started process (PID=12099) to work on /usr/local/python/3.10.4/lib/python3.10/site-packages/airflow/example_dags/tutorial_taskflow_api_virtualenv.py
[2023-06-11T03:09:58.816+0000] {processor.py:743} INFO - Processing file /usr/local/python/3.10.4/lib/python3.10/site-packages/airflow/example_dags/tutorial_taskflow_api_virtualenv.py for tasks to queue
[2023-06-11T03:09:58.817+0000] {logging_mixin.py:137} INFO - [2023-06-11T03:09:58.817+0000] {dagbag.py:538} INFO - Filling up the DagBag from /usr/local/python/3.10.4/lib/python3.10/site-packages/airflow/example_dags/tutorial_taskflow_api_virtualenv.py
[2023-06-11T03:09:58.842+0000] {processor.py:753} INFO - DAG(s) dict_keys(['tutorial_taskflow_api_virtualenv']) retrieved from /usr/local/python/3.10.4/lib/python3.10/site-packages/airflow/example_dags/tutorial_taskflow_api_virtualenv.py
[2023-06-11T03:09:58.862+0000] {logging_mixin.py:137} INFO - [2023-06-11T03:09:58.862+0000] {dag.py:2690} INFO - Sync 1 DAGs
[2023-06-11T03:09:59.019+0000] {logging_mixin.py:137} INFO - [2023-06-11T03:09:59.018+0000] {dag.py:3437} INFO - Setting next_dagrun for tutorial_taskflow_api_virtualenv to None, run_after=None
[2023-06-11T03:09:59.069+0000] {processor.py:175} INFO - Processing /usr/local/python/3.10.4/lib/python3.10/site-packages/airflow/example_dags/tutorial_taskflow_api_virtualenv.py took 0.259 seconds
[2023-06-11T03:10:52.182+0000] {processor.py:153} INFO - Started process (PID=12522) to work on /usr/local/python/3.10.4/lib/python3.10/site-packages/airflow/example_dags/tutorial_taskflow_api_virtualenv.py
[2023-06-11T03:10:52.183+0000] {processor.py:743} INFO - Processing file /usr/local/python/3.10.4/lib/python3.10/site-packages/airflow/example_dags/tutorial_taskflow_api_virtualenv.py for tasks to queue
[2023-06-11T03:10:52.184+0000] {logging_mixin.py:137} INFO - [2023-06-11T03:10:52.184+0000] {dagbag.py:538} INFO - Filling up the DagBag from /usr/local/python/3.10.4/lib/python3.10/site-packages/airflow/example_dags/tutorial_taskflow_api_virtualenv.py
[2023-06-11T03:10:52.209+0000] {processor.py:753} INFO - DAG(s) dict_keys(['tutorial_taskflow_api_virtualenv']) retrieved from /usr/local/python/3.10.4/lib/python3.10/site-packages/airflow/example_dags/tutorial_taskflow_api_virtualenv.py
[2023-06-11T03:10:52.373+0000] {logging_mixin.py:137} INFO - [2023-06-11T03:10:52.373+0000] {dag.py:2690} INFO - Sync 1 DAGs
[2023-06-11T03:10:52.390+0000] {logging_mixin.py:137} INFO - [2023-06-11T03:10:52.390+0000] {dag.py:3437} INFO - Setting next_dagrun for tutorial_taskflow_api_virtualenv to None, run_after=None
[2023-06-11T03:10:52.437+0000] {processor.py:175} INFO - Processing /usr/local/python/3.10.4/lib/python3.10/site-packages/airflow/example_dags/tutorial_taskflow_api_virtualenv.py took 0.258 seconds
