[[34m2023-06-11 03:11:46,603[0m] {[34mscheduler_job.py:[0m714} INFO[0m - Starting the scheduler[0m
[[34m2023-06-11 03:11:46,604[0m] {[34mscheduler_job.py:[0m719} INFO[0m - Processing each file at most -1 times[0m
[[34m2023-06-11 03:11:46,606[0m] {[34mexecutor_loader.py:[0m107} INFO[0m - Loaded executor: SequentialExecutor[0m
[[34m2023-06-11 03:11:46,611[0m] {[34mmanager.py:[0m163} INFO[0m - Launched DagFileProcessorManager with pid: 13056[0m
[[34m2023-06-11 03:11:46,613[0m] {[34mscheduler_job.py:[0m1408} INFO[0m - Resetting orphaned tasks for active dag runs[0m
[[34m2023-06-11 03:11:46,618[0m] {[34msettings.py:[0m58} INFO[0m - Configured default timezone Timezone('UTC')[0m
[2023-06-11T03:11:46.636+0000] {manager.py:409} WARNING - Because we cannot use more than 1 thread (parsing_processes = 2) when using sqlite. So we set parallelism to 1.
[[34m2023-06-11 03:16:46,740[0m] {[34mscheduler_job.py:[0m1408} INFO[0m - Resetting orphaned tasks for active dag runs[0m
[[34m2023-06-11 03:21:47,180[0m] {[34mscheduler_job.py:[0m1408} INFO[0m - Resetting orphaned tasks for active dag runs[0m
[[34m2023-06-11 03:26:47,286[0m] {[34mscheduler_job.py:[0m1408} INFO[0m - Resetting orphaned tasks for active dag runs[0m
[[34m2023-06-11 03:31:47,375[0m] {[34mscheduler_job.py:[0m1408} INFO[0m - Resetting orphaned tasks for active dag runs[0m
[[34m2023-06-11 03:36:47,414[0m] {[34mscheduler_job.py:[0m1408} INFO[0m - Resetting orphaned tasks for active dag runs[0m
[[34m2023-06-11 03:39:43,537[0m] {[34mscheduler_job.py:[0m360} INFO[0m - 1 tasks up for execution:
	<TaskInstance: one_task_dag.one_task manual__2023-06-11T03:39:41.496947+00:00 [scheduled]>[0m
[[34m2023-06-11 03:39:43,537[0m] {[34mscheduler_job.py:[0m425} INFO[0m - DAG one_task_dag has 0/16 running and queued tasks[0m
[[34m2023-06-11 03:39:43,537[0m] {[34mscheduler_job.py:[0m511} INFO[0m - Setting the following tasks to queued state:
	<TaskInstance: one_task_dag.one_task manual__2023-06-11T03:39:41.496947+00:00 [scheduled]>[0m
[[34m2023-06-11 03:39:43,540[0m] {[34mscheduler_job.py:[0m550} INFO[0m - Sending TaskInstanceKey(dag_id='one_task_dag', task_id='one_task', run_id='manual__2023-06-11T03:39:41.496947+00:00', try_number=1, map_index=-1) to executor with priority 1 and queue default[0m
[[34m2023-06-11 03:39:43,540[0m] {[34mbase_executor.py:[0m93} INFO[0m - Adding to queue: ['airflow', 'tasks', 'run', 'one_task_dag', 'one_task', 'manual__2023-06-11T03:39:41.496947+00:00', '--local', '--subdir', 'DAGS_FOLDER/one_task_dag.py'][0m
[[34m2023-06-11 03:39:43,573[0m] {[34msequential_executor.py:[0m61} INFO[0m - Executing command: ['airflow', 'tasks', 'run', 'one_task_dag', 'one_task', 'manual__2023-06-11T03:39:41.496947+00:00', '--local', '--subdir', 'DAGS_FOLDER/one_task_dag.py'][0m
[[34m2023-06-11 03:39:46,671[0m] {[34mdagbag.py:[0m538} INFO[0m - Filling up the DagBag from /workspaces/hands-on-introduction-data-engineering-4395021/airflow/dags/one_task_dag.py[0m
[[34m2023-06-11 03:39:48,669[0m] {[34mtask_command.py:[0m388} INFO[0m - Running <TaskInstance: one_task_dag.one_task manual__2023-06-11T03:39:41.496947+00:00 [queued]> on host codespaces-71f885[0m
[[34m2023-06-11 03:39:49,600[0m] {[34mscheduler_job.py:[0m602} INFO[0m - Executor reports execution of one_task_dag.one_task run_id=manual__2023-06-11T03:39:41.496947+00:00 exited with status success for try_number 1[0m
[[34m2023-06-11 03:39:49,607[0m] {[34mscheduler_job.py:[0m645} INFO[0m - TaskInstance Finished: dag_id=one_task_dag, task_id=one_task, run_id=manual__2023-06-11T03:39:41.496947+00:00, map_index=-1, run_start_date=2023-06-11 03:39:48.838143+00:00, run_end_date=2023-06-11 03:39:49.121081+00:00, run_duration=0.282938, state=success, executor_state=success, try_number=1, max_tries=0, job_id=3, pool=default_pool, queue=default, priority_weight=1, operator=BashOperator, queued_dttm=2023-06-11 03:39:43.538296+00:00, queued_by_job_id=2, pid=24566[0m
[[34m2023-06-11 03:39:49,739[0m] {[34mdagrun.py:[0m607} INFO[0m - Marking run <DagRun one_task_dag @ 2023-06-11 03:39:41.496947+00:00: manual__2023-06-11T03:39:41.496947+00:00, state:running, queued_at: 2023-06-11 03:39:41.565811+00:00. externally triggered: True> successful[0m
[[34m2023-06-11 03:39:49,740[0m] {[34mdagrun.py:[0m658} INFO[0m - DagRun Finished: dag_id=one_task_dag, execution_date=2023-06-11 03:39:41.496947+00:00, run_id=manual__2023-06-11T03:39:41.496947+00:00, run_start_date=2023-06-11 03:39:43.070262+00:00, run_end_date=2023-06-11 03:39:49.740236+00:00, run_duration=6.669974, state=success, external_trigger=True, run_type=manual, data_interval_start=2023-06-11 03:39:41.496947+00:00, data_interval_end=2023-06-11 03:39:41.496947+00:00, dag_hash=23b901f7b6b8f0c69f07fe41c9cdc94d[0m
[[34m2023-06-11 03:39:49,783[0m] {[34mdag.py:[0m3437} INFO[0m - Setting next_dagrun for one_task_dag to None, run_after=None[0m
[[34m2023-06-11 03:41:47,470[0m] {[34mscheduler_job.py:[0m1408} INFO[0m - Resetting orphaned tasks for active dag runs[0m
