2023-06-11 03:00:55,577 INFO - Starting the scheduler
2023-06-11 03:00:55,577 INFO - Processing each file at most -1 times
2023-06-11 03:00:55,580 INFO - Loaded executor: SequentialExecutor
2023-06-11 03:00:55,586 INFO - Launched DagFileProcessorManager with pid: 7738
2023-06-11 03:00:55,588 INFO - Resetting orphaned tasks for active dag runs
2023-06-11 03:00:55,602 INFO - Configured default timezone Timezone('UTC')
2023-06-11 03:05:55,953 INFO - Resetting orphaned tasks for active dag runs
2023-06-11 03:10:56,066 INFO - Resetting orphaned tasks for active dag runs
2023-06-11 03:11:01,396 INFO - Exiting gracefully upon receiving signal 15
2023-06-11 03:11:02,401 INFO - Sending Signals.SIGTERM to group 7738. PIDs of all processes in the group: [7738]
2023-06-11 03:11:02,401 INFO - Sending the signal Signals.SIGTERM to group 7738
2023-06-11 03:11:02,664 INFO - Process psutil.Process(pid=7738, status='terminated', exitcode=0, started='03:00:55') (7738) terminated with exit code 0
2023-06-11 03:11:02,666 INFO - Sending Signals.SIGTERM to group 7738. PIDs of all processes in the group: []
2023-06-11 03:11:02,667 INFO - Sending the signal Signals.SIGTERM to group 7738
2023-06-11 03:11:02,667 INFO - Sending the signal Signals.SIGTERM to process 7738 as process group is missing.
2023-06-11 03:11:02,667 INFO - Exited execute loop
2023-06-11 03:11:46,603 INFO - Starting the scheduler
2023-06-11 03:11:46,604 INFO - Processing each file at most -1 times
2023-06-11 03:11:46,606 INFO - Loaded executor: SequentialExecutor
2023-06-11 03:11:46,611 INFO - Launched DagFileProcessorManager with pid: 13056
2023-06-11 03:11:46,613 INFO - Resetting orphaned tasks for active dag runs
2023-06-11 03:11:46,618 INFO - Configured default timezone Timezone('UTC')
2023-06-11 03:16:46,740 INFO - Resetting orphaned tasks for active dag runs
2023-06-11 03:21:47,180 INFO - Resetting orphaned tasks for active dag runs
2023-06-11 03:26:47,286 INFO - Resetting orphaned tasks for active dag runs
2023-06-11 03:31:47,375 INFO - Resetting orphaned tasks for active dag runs
2023-06-11 03:36:47,414 INFO - Resetting orphaned tasks for active dag runs
2023-06-11 03:39:43,537 INFO - 1 tasks up for execution:
	<TaskInstance: one_task_dag.one_task manual__2023-06-11T03:39:41.496947+00:00 [scheduled]>
2023-06-11 03:39:43,537 INFO - DAG one_task_dag has 0/16 running and queued tasks
2023-06-11 03:39:43,537 INFO - Setting the following tasks to queued state:
	<TaskInstance: one_task_dag.one_task manual__2023-06-11T03:39:41.496947+00:00 [scheduled]>
2023-06-11 03:39:43,540 INFO - Sending TaskInstanceKey(dag_id='one_task_dag', task_id='one_task', run_id='manual__2023-06-11T03:39:41.496947+00:00', try_number=1, map_index=-1) to executor with priority 1 and queue default
2023-06-11 03:39:43,540 INFO - Adding to queue: ['airflow', 'tasks', 'run', 'one_task_dag', 'one_task', 'manual__2023-06-11T03:39:41.496947+00:00', '--local', '--subdir', 'DAGS_FOLDER/one_task_dag.py']
2023-06-11 03:39:43,573 INFO - Executing command: ['airflow', 'tasks', 'run', 'one_task_dag', 'one_task', 'manual__2023-06-11T03:39:41.496947+00:00', '--local', '--subdir', 'DAGS_FOLDER/one_task_dag.py']
2023-06-11 03:39:49,600 INFO - Executor reports execution of one_task_dag.one_task run_id=manual__2023-06-11T03:39:41.496947+00:00 exited with status success for try_number 1
2023-06-11 03:39:49,607 INFO - TaskInstance Finished: dag_id=one_task_dag, task_id=one_task, run_id=manual__2023-06-11T03:39:41.496947+00:00, map_index=-1, run_start_date=2023-06-11 03:39:48.838143+00:00, run_end_date=2023-06-11 03:39:49.121081+00:00, run_duration=0.282938, state=success, executor_state=success, try_number=1, max_tries=0, job_id=3, pool=default_pool, queue=default, priority_weight=1, operator=BashOperator, queued_dttm=2023-06-11 03:39:43.538296+00:00, queued_by_job_id=2, pid=24566
2023-06-11 03:39:49,739 INFO - Marking run <DagRun one_task_dag @ 2023-06-11 03:39:41.496947+00:00: manual__2023-06-11T03:39:41.496947+00:00, state:running, queued_at: 2023-06-11 03:39:41.565811+00:00. externally triggered: True> successful
2023-06-11 03:39:49,740 INFO - DagRun Finished: dag_id=one_task_dag, execution_date=2023-06-11 03:39:41.496947+00:00, run_id=manual__2023-06-11T03:39:41.496947+00:00, run_start_date=2023-06-11 03:39:43.070262+00:00, run_end_date=2023-06-11 03:39:49.740236+00:00, run_duration=6.669974, state=success, external_trigger=True, run_type=manual, data_interval_start=2023-06-11 03:39:41.496947+00:00, data_interval_end=2023-06-11 03:39:41.496947+00:00, dag_hash=23b901f7b6b8f0c69f07fe41c9cdc94d
2023-06-11 03:39:49,783 INFO - Setting next_dagrun for one_task_dag to None, run_after=None
2023-06-11 03:41:47,470 INFO - Resetting orphaned tasks for active dag runs
