[2023-06-11T03:00:55.757+0000] {processor.py:153} INFO - Started process (PID=7741) to work on /usr/local/python/3.10.4/lib/python3.10/site-packages/airflow/example_dags/subdags/subdag.py
[2023-06-11T03:00:55.758+0000] {processor.py:743} INFO - Processing file /usr/local/python/3.10.4/lib/python3.10/site-packages/airflow/example_dags/subdags/subdag.py for tasks to queue
[2023-06-11T03:00:55.758+0000] {logging_mixin.py:137} INFO - [2023-06-11T03:00:55.758+0000] {dagbag.py:538} INFO - Filling up the DagBag from /usr/local/python/3.10.4/lib/python3.10/site-packages/airflow/example_dags/subdags/subdag.py
[2023-06-11T03:00:55.762+0000] {processor.py:755} WARNING - No viable dags retrieved from /usr/local/python/3.10.4/lib/python3.10/site-packages/airflow/example_dags/subdags/subdag.py
[2023-06-11T03:00:55.771+0000] {processor.py:175} INFO - Processing /usr/local/python/3.10.4/lib/python3.10/site-packages/airflow/example_dags/subdags/subdag.py took 0.018 seconds
[2023-06-11T03:01:47.634+0000] {processor.py:153} INFO - Started process (PID=8109) to work on /usr/local/python/3.10.4/lib/python3.10/site-packages/airflow/example_dags/subdags/subdag.py
[2023-06-11T03:01:47.635+0000] {processor.py:743} INFO - Processing file /usr/local/python/3.10.4/lib/python3.10/site-packages/airflow/example_dags/subdags/subdag.py for tasks to queue
[2023-06-11T03:01:47.636+0000] {logging_mixin.py:137} INFO - [2023-06-11T03:01:47.636+0000] {dagbag.py:538} INFO - Filling up the DagBag from /usr/local/python/3.10.4/lib/python3.10/site-packages/airflow/example_dags/subdags/subdag.py
[2023-06-11T03:01:47.640+0000] {processor.py:755} WARNING - No viable dags retrieved from /usr/local/python/3.10.4/lib/python3.10/site-packages/airflow/example_dags/subdags/subdag.py
[2023-06-11T03:01:47.651+0000] {processor.py:175} INFO - Processing /usr/local/python/3.10.4/lib/python3.10/site-packages/airflow/example_dags/subdags/subdag.py took 0.020 seconds
[2023-06-11T03:02:19.177+0000] {processor.py:153} INFO - Started process (PID=8336) to work on /usr/local/python/3.10.4/lib/python3.10/site-packages/airflow/example_dags/subdags/subdag.py
[2023-06-11T03:02:19.178+0000] {processor.py:743} INFO - Processing file /usr/local/python/3.10.4/lib/python3.10/site-packages/airflow/example_dags/subdags/subdag.py for tasks to queue
[2023-06-11T03:02:19.179+0000] {logging_mixin.py:137} INFO - [2023-06-11T03:02:19.179+0000] {dagbag.py:538} INFO - Filling up the DagBag from /usr/local/python/3.10.4/lib/python3.10/site-packages/airflow/example_dags/subdags/subdag.py
[2023-06-11T03:02:19.184+0000] {processor.py:755} WARNING - No viable dags retrieved from /usr/local/python/3.10.4/lib/python3.10/site-packages/airflow/example_dags/subdags/subdag.py
[2023-06-11T03:02:19.197+0000] {processor.py:175} INFO - Processing /usr/local/python/3.10.4/lib/python3.10/site-packages/airflow/example_dags/subdags/subdag.py took 0.024 seconds
[2023-06-11T03:02:55.952+0000] {processor.py:153} INFO - Started process (PID=8608) to work on /usr/local/python/3.10.4/lib/python3.10/site-packages/airflow/example_dags/subdags/subdag.py
[2023-06-11T03:02:55.953+0000] {processor.py:743} INFO - Processing file /usr/local/python/3.10.4/lib/python3.10/site-packages/airflow/example_dags/subdags/subdag.py for tasks to queue
[2023-06-11T03:02:55.954+0000] {logging_mixin.py:137} INFO - [2023-06-11T03:02:55.954+0000] {dagbag.py:538} INFO - Filling up the DagBag from /usr/local/python/3.10.4/lib/python3.10/site-packages/airflow/example_dags/subdags/subdag.py
[2023-06-11T03:02:55.958+0000] {processor.py:755} WARNING - No viable dags retrieved from /usr/local/python/3.10.4/lib/python3.10/site-packages/airflow/example_dags/subdags/subdag.py
[2023-06-11T03:02:55.968+0000] {processor.py:175} INFO - Processing /usr/local/python/3.10.4/lib/python3.10/site-packages/airflow/example_dags/subdags/subdag.py took 0.020 seconds
[2023-06-11T03:03:28.068+0000] {processor.py:153} INFO - Started process (PID=8846) to work on /usr/local/python/3.10.4/lib/python3.10/site-packages/airflow/example_dags/subdags/subdag.py
[2023-06-11T03:03:28.069+0000] {processor.py:743} INFO - Processing file /usr/local/python/3.10.4/lib/python3.10/site-packages/airflow/example_dags/subdags/subdag.py for tasks to queue
[2023-06-11T03:03:28.069+0000] {logging_mixin.py:137} INFO - [2023-06-11T03:03:28.069+0000] {dagbag.py:538} INFO - Filling up the DagBag from /usr/local/python/3.10.4/lib/python3.10/site-packages/airflow/example_dags/subdags/subdag.py
[2023-06-11T03:03:28.073+0000] {processor.py:755} WARNING - No viable dags retrieved from /usr/local/python/3.10.4/lib/python3.10/site-packages/airflow/example_dags/subdags/subdag.py
[2023-06-11T03:03:28.085+0000] {processor.py:175} INFO - Processing /usr/local/python/3.10.4/lib/python3.10/site-packages/airflow/example_dags/subdags/subdag.py took 0.021 seconds
[2023-06-11T03:03:58.580+0000] {processor.py:153} INFO - Started process (PID=9076) to work on /usr/local/python/3.10.4/lib/python3.10/site-packages/airflow/example_dags/subdags/subdag.py
[2023-06-11T03:03:58.581+0000] {processor.py:743} INFO - Processing file /usr/local/python/3.10.4/lib/python3.10/site-packages/airflow/example_dags/subdags/subdag.py for tasks to queue
[2023-06-11T03:03:58.581+0000] {logging_mixin.py:137} INFO - [2023-06-11T03:03:58.581+0000] {dagbag.py:538} INFO - Filling up the DagBag from /usr/local/python/3.10.4/lib/python3.10/site-packages/airflow/example_dags/subdags/subdag.py
[2023-06-11T03:03:58.585+0000] {processor.py:755} WARNING - No viable dags retrieved from /usr/local/python/3.10.4/lib/python3.10/site-packages/airflow/example_dags/subdags/subdag.py
[2023-06-11T03:03:58.597+0000] {processor.py:175} INFO - Processing /usr/local/python/3.10.4/lib/python3.10/site-packages/airflow/example_dags/subdags/subdag.py took 0.021 seconds
[2023-06-11T03:04:31.860+0000] {processor.py:153} INFO - Started process (PID=9313) to work on /usr/local/python/3.10.4/lib/python3.10/site-packages/airflow/example_dags/subdags/subdag.py
[2023-06-11T03:04:31.861+0000] {processor.py:743} INFO - Processing file /usr/local/python/3.10.4/lib/python3.10/site-packages/airflow/example_dags/subdags/subdag.py for tasks to queue
[2023-06-11T03:04:31.861+0000] {logging_mixin.py:137} INFO - [2023-06-11T03:04:31.861+0000] {dagbag.py:538} INFO - Filling up the DagBag from /usr/local/python/3.10.4/lib/python3.10/site-packages/airflow/example_dags/subdags/subdag.py
[2023-06-11T03:04:31.866+0000] {processor.py:755} WARNING - No viable dags retrieved from /usr/local/python/3.10.4/lib/python3.10/site-packages/airflow/example_dags/subdags/subdag.py
[2023-06-11T03:04:31.877+0000] {processor.py:175} INFO - Processing /usr/local/python/3.10.4/lib/python3.10/site-packages/airflow/example_dags/subdags/subdag.py took 0.021 seconds
[2023-06-11T03:05:08.753+0000] {processor.py:153} INFO - Started process (PID=9694) to work on /usr/local/python/3.10.4/lib/python3.10/site-packages/airflow/example_dags/subdags/subdag.py
[2023-06-11T03:05:08.754+0000] {processor.py:743} INFO - Processing file /usr/local/python/3.10.4/lib/python3.10/site-packages/airflow/example_dags/subdags/subdag.py for tasks to queue
[2023-06-11T03:05:08.754+0000] {logging_mixin.py:137} INFO - [2023-06-11T03:05:08.754+0000] {dagbag.py:538} INFO - Filling up the DagBag from /usr/local/python/3.10.4/lib/python3.10/site-packages/airflow/example_dags/subdags/subdag.py
[2023-06-11T03:05:08.758+0000] {processor.py:755} WARNING - No viable dags retrieved from /usr/local/python/3.10.4/lib/python3.10/site-packages/airflow/example_dags/subdags/subdag.py
[2023-06-11T03:05:08.770+0000] {processor.py:175} INFO - Processing /usr/local/python/3.10.4/lib/python3.10/site-packages/airflow/example_dags/subdags/subdag.py took 0.021 seconds
[2023-06-11T03:05:43.212+0000] {processor.py:153} INFO - Started process (PID=9940) to work on /usr/local/python/3.10.4/lib/python3.10/site-packages/airflow/example_dags/subdags/subdag.py
[2023-06-11T03:05:43.213+0000] {processor.py:743} INFO - Processing file /usr/local/python/3.10.4/lib/python3.10/site-packages/airflow/example_dags/subdags/subdag.py for tasks to queue
[2023-06-11T03:05:43.214+0000] {logging_mixin.py:137} INFO - [2023-06-11T03:05:43.214+0000] {dagbag.py:538} INFO - Filling up the DagBag from /usr/local/python/3.10.4/lib/python3.10/site-packages/airflow/example_dags/subdags/subdag.py
[2023-06-11T03:05:43.223+0000] {processor.py:755} WARNING - No viable dags retrieved from /usr/local/python/3.10.4/lib/python3.10/site-packages/airflow/example_dags/subdags/subdag.py
[2023-06-11T03:05:43.243+0000] {processor.py:175} INFO - Processing /usr/local/python/3.10.4/lib/python3.10/site-packages/airflow/example_dags/subdags/subdag.py took 0.035 seconds
[2023-06-11T03:06:17.546+0000] {processor.py:153} INFO - Started process (PID=10267) to work on /usr/local/python/3.10.4/lib/python3.10/site-packages/airflow/example_dags/subdags/subdag.py
[2023-06-11T03:06:17.551+0000] {processor.py:743} INFO - Processing file /usr/local/python/3.10.4/lib/python3.10/site-packages/airflow/example_dags/subdags/subdag.py for tasks to queue
[2023-06-11T03:06:17.552+0000] {logging_mixin.py:137} INFO - [2023-06-11T03:06:17.552+0000] {dagbag.py:538} INFO - Filling up the DagBag from /usr/local/python/3.10.4/lib/python3.10/site-packages/airflow/example_dags/subdags/subdag.py
[2023-06-11T03:06:17.557+0000] {processor.py:755} WARNING - No viable dags retrieved from /usr/local/python/3.10.4/lib/python3.10/site-packages/airflow/example_dags/subdags/subdag.py
[2023-06-11T03:06:17.577+0000] {processor.py:175} INFO - Processing /usr/local/python/3.10.4/lib/python3.10/site-packages/airflow/example_dags/subdags/subdag.py took 0.047 seconds
[2023-06-11T03:06:56.678+0000] {processor.py:153} INFO - Started process (PID=10695) to work on /usr/local/python/3.10.4/lib/python3.10/site-packages/airflow/example_dags/subdags/subdag.py
[2023-06-11T03:06:56.679+0000] {processor.py:743} INFO - Processing file /usr/local/python/3.10.4/lib/python3.10/site-packages/airflow/example_dags/subdags/subdag.py for tasks to queue
[2023-06-11T03:06:56.680+0000] {logging_mixin.py:137} INFO - [2023-06-11T03:06:56.679+0000] {dagbag.py:538} INFO - Filling up the DagBag from /usr/local/python/3.10.4/lib/python3.10/site-packages/airflow/example_dags/subdags/subdag.py
[2023-06-11T03:06:56.684+0000] {processor.py:755} WARNING - No viable dags retrieved from /usr/local/python/3.10.4/lib/python3.10/site-packages/airflow/example_dags/subdags/subdag.py
[2023-06-11T03:06:56.694+0000] {processor.py:175} INFO - Processing /usr/local/python/3.10.4/lib/python3.10/site-packages/airflow/example_dags/subdags/subdag.py took 0.020 seconds
[2023-06-11T03:07:33.678+0000] {processor.py:153} INFO - Started process (PID=11002) to work on /usr/local/python/3.10.4/lib/python3.10/site-packages/airflow/example_dags/subdags/subdag.py
[2023-06-11T03:07:33.679+0000] {processor.py:743} INFO - Processing file /usr/local/python/3.10.4/lib/python3.10/site-packages/airflow/example_dags/subdags/subdag.py for tasks to queue
[2023-06-11T03:07:33.680+0000] {logging_mixin.py:137} INFO - [2023-06-11T03:07:33.680+0000] {dagbag.py:538} INFO - Filling up the DagBag from /usr/local/python/3.10.4/lib/python3.10/site-packages/airflow/example_dags/subdags/subdag.py
[2023-06-11T03:07:33.684+0000] {processor.py:755} WARNING - No viable dags retrieved from /usr/local/python/3.10.4/lib/python3.10/site-packages/airflow/example_dags/subdags/subdag.py
[2023-06-11T03:07:33.695+0000] {processor.py:175} INFO - Processing /usr/local/python/3.10.4/lib/python3.10/site-packages/airflow/example_dags/subdags/subdag.py took 0.020 seconds
[2023-06-11T03:08:08.138+0000] {processor.py:153} INFO - Started process (PID=11287) to work on /usr/local/python/3.10.4/lib/python3.10/site-packages/airflow/example_dags/subdags/subdag.py
[2023-06-11T03:08:08.139+0000] {processor.py:743} INFO - Processing file /usr/local/python/3.10.4/lib/python3.10/site-packages/airflow/example_dags/subdags/subdag.py for tasks to queue
[2023-06-11T03:08:08.139+0000] {logging_mixin.py:137} INFO - [2023-06-11T03:08:08.139+0000] {dagbag.py:538} INFO - Filling up the DagBag from /usr/local/python/3.10.4/lib/python3.10/site-packages/airflow/example_dags/subdags/subdag.py
[2023-06-11T03:08:08.144+0000] {processor.py:755} WARNING - No viable dags retrieved from /usr/local/python/3.10.4/lib/python3.10/site-packages/airflow/example_dags/subdags/subdag.py
[2023-06-11T03:08:08.155+0000] {processor.py:175} INFO - Processing /usr/local/python/3.10.4/lib/python3.10/site-packages/airflow/example_dags/subdags/subdag.py took 0.021 seconds
[2023-06-11T03:08:50.530+0000] {processor.py:153} INFO - Started process (PID=11601) to work on /usr/local/python/3.10.4/lib/python3.10/site-packages/airflow/example_dags/subdags/subdag.py
[2023-06-11T03:08:50.531+0000] {processor.py:743} INFO - Processing file /usr/local/python/3.10.4/lib/python3.10/site-packages/airflow/example_dags/subdags/subdag.py for tasks to queue
[2023-06-11T03:08:50.532+0000] {logging_mixin.py:137} INFO - [2023-06-11T03:08:50.532+0000] {dagbag.py:538} INFO - Filling up the DagBag from /usr/local/python/3.10.4/lib/python3.10/site-packages/airflow/example_dags/subdags/subdag.py
[2023-06-11T03:08:50.536+0000] {processor.py:755} WARNING - No viable dags retrieved from /usr/local/python/3.10.4/lib/python3.10/site-packages/airflow/example_dags/subdags/subdag.py
[2023-06-11T03:08:50.548+0000] {processor.py:175} INFO - Processing /usr/local/python/3.10.4/lib/python3.10/site-packages/airflow/example_dags/subdags/subdag.py took 0.021 seconds
[2023-06-11T03:09:20.784+0000] {processor.py:153} INFO - Started process (PID=11824) to work on /usr/local/python/3.10.4/lib/python3.10/site-packages/airflow/example_dags/subdags/subdag.py
[2023-06-11T03:09:20.785+0000] {processor.py:743} INFO - Processing file /usr/local/python/3.10.4/lib/python3.10/site-packages/airflow/example_dags/subdags/subdag.py for tasks to queue
[2023-06-11T03:09:20.785+0000] {logging_mixin.py:137} INFO - [2023-06-11T03:09:20.785+0000] {dagbag.py:538} INFO - Filling up the DagBag from /usr/local/python/3.10.4/lib/python3.10/site-packages/airflow/example_dags/subdags/subdag.py
[2023-06-11T03:09:20.790+0000] {processor.py:755} WARNING - No viable dags retrieved from /usr/local/python/3.10.4/lib/python3.10/site-packages/airflow/example_dags/subdags/subdag.py
[2023-06-11T03:09:20.801+0000] {processor.py:175} INFO - Processing /usr/local/python/3.10.4/lib/python3.10/site-packages/airflow/example_dags/subdags/subdag.py took 0.020 seconds
[2023-06-11T03:09:52.525+0000] {processor.py:153} INFO - Started process (PID=12049) to work on /usr/local/python/3.10.4/lib/python3.10/site-packages/airflow/example_dags/subdags/subdag.py
[2023-06-11T03:09:52.526+0000] {processor.py:743} INFO - Processing file /usr/local/python/3.10.4/lib/python3.10/site-packages/airflow/example_dags/subdags/subdag.py for tasks to queue
[2023-06-11T03:09:52.527+0000] {logging_mixin.py:137} INFO - [2023-06-11T03:09:52.527+0000] {dagbag.py:538} INFO - Filling up the DagBag from /usr/local/python/3.10.4/lib/python3.10/site-packages/airflow/example_dags/subdags/subdag.py
[2023-06-11T03:09:52.532+0000] {processor.py:755} WARNING - No viable dags retrieved from /usr/local/python/3.10.4/lib/python3.10/site-packages/airflow/example_dags/subdags/subdag.py
[2023-06-11T03:09:52.542+0000] {processor.py:175} INFO - Processing /usr/local/python/3.10.4/lib/python3.10/site-packages/airflow/example_dags/subdags/subdag.py took 0.020 seconds
[2023-06-11T03:10:27.065+0000] {processor.py:153} INFO - Started process (PID=12316) to work on /usr/local/python/3.10.4/lib/python3.10/site-packages/airflow/example_dags/subdags/subdag.py
[2023-06-11T03:10:27.066+0000] {processor.py:743} INFO - Processing file /usr/local/python/3.10.4/lib/python3.10/site-packages/airflow/example_dags/subdags/subdag.py for tasks to queue
[2023-06-11T03:10:27.066+0000] {logging_mixin.py:137} INFO - [2023-06-11T03:10:27.066+0000] {dagbag.py:538} INFO - Filling up the DagBag from /usr/local/python/3.10.4/lib/python3.10/site-packages/airflow/example_dags/subdags/subdag.py
[2023-06-11T03:10:27.070+0000] {processor.py:755} WARNING - No viable dags retrieved from /usr/local/python/3.10.4/lib/python3.10/site-packages/airflow/example_dags/subdags/subdag.py
[2023-06-11T03:10:27.081+0000] {processor.py:175} INFO - Processing /usr/local/python/3.10.4/lib/python3.10/site-packages/airflow/example_dags/subdags/subdag.py took 0.020 seconds
